[2024-03-19T19:20:47.968+0000] {processor.py:161} INFO - Started process (PID=184) to work on /opt/airflow/dags/insert_cassandra.py
[2024-03-19T19:20:47.970+0000] {processor.py:830} INFO - Processing file /opt/airflow/dags/insert_cassandra.py for tasks to queue
[2024-03-19T19:20:47.975+0000] {logging_mixin.py:188} INFO - [2024-03-19T19:20:47.974+0000] {dagbag.py:540} INFO - Filling up the DagBag from /opt/airflow/dags/insert_cassandra.py
[2024-03-19T19:20:48.636+0000] {processor.py:840} INFO - DAG(s) 'Airflow_and_Cassandra' retrieved from /opt/airflow/dags/insert_cassandra.py
[2024-03-19T19:20:48.820+0000] {logging_mixin.py:188} INFO - [2024-03-19T19:20:48.820+0000] {override.py:1769} INFO - Created Permission View: can delete on DAG:Airflow_and_Cassandra
[2024-03-19T19:20:48.827+0000] {logging_mixin.py:188} INFO - [2024-03-19T19:20:48.827+0000] {override.py:1769} INFO - Created Permission View: can edit on DAG:Airflow_and_Cassandra
[2024-03-19T19:20:48.830+0000] {logging_mixin.py:188} INFO - [2024-03-19T19:20:48.830+0000] {override.py:1769} INFO - Created Permission View: can read on DAG:Airflow_and_Cassandra
[2024-03-19T19:20:48.831+0000] {logging_mixin.py:188} INFO - [2024-03-19T19:20:48.831+0000] {dag.py:3047} INFO - Sync 1 DAGs
[2024-03-19T19:20:48.854+0000] {logging_mixin.py:188} INFO - [2024-03-19T19:20:48.854+0000] {dag.py:3069} INFO - Creating ORM DAG for Airflow_and_Cassandra
[2024-03-19T19:20:48.855+0000] {logging_mixin.py:188} INFO - [2024-03-19T19:20:48.855+0000] {dag.py:3834} INFO - Setting next_dagrun for Airflow_and_Cassandra to None, run_after=None
[2024-03-19T19:20:48.870+0000] {processor.py:183} INFO - Processing /opt/airflow/dags/insert_cassandra.py took 0.914 seconds
[2024-03-19T19:21:08.196+0000] {processor.py:161} INFO - Started process (PID=191) to work on /opt/airflow/dags/insert_cassandra.py
[2024-03-19T19:21:08.202+0000] {processor.py:830} INFO - Processing file /opt/airflow/dags/insert_cassandra.py for tasks to queue
[2024-03-19T19:21:08.208+0000] {logging_mixin.py:188} INFO - [2024-03-19T19:21:08.207+0000] {dagbag.py:540} INFO - Filling up the DagBag from /opt/airflow/dags/insert_cassandra.py
[2024-03-19T19:21:08.219+0000] {logging_mixin.py:188} INFO - [2024-03-19T19:21:08.218+0000] {dagbag.py:350} ERROR - Failed to import: /opt/airflow/dags/insert_cassandra.py
Traceback (most recent call last):
  File "/home/airflow/.local/lib/python3.8/site-packages/airflow/models/dagbag.py", line 346, in parse
    loader.exec_module(new_module)
  File "<frozen importlib._bootstrap_external>", line 839, in exec_module
  File "<frozen importlib._bootstrap_external>", line 976, in get_code
  File "<frozen importlib._bootstrap_external>", line 906, in source_to_code
  File "<frozen importlib._bootstrap>", line 219, in _call_with_frames_removed
  File "/opt/airflow/dags/insert_cassandra.py", line 12
    schedule_interval=timedelta(minutes=1),
    ^
SyntaxError: keyword argument repeated
[2024-03-19T19:21:08.219+0000] {processor.py:842} WARNING - No viable dags retrieved from /opt/airflow/dags/insert_cassandra.py
[2024-03-19T19:21:08.265+0000] {processor.py:183} INFO - Processing /opt/airflow/dags/insert_cassandra.py took 0.091 seconds
[2024-03-19T19:21:12.349+0000] {processor.py:161} INFO - Started process (PID=193) to work on /opt/airflow/dags/insert_cassandra.py
[2024-03-19T19:21:12.351+0000] {processor.py:830} INFO - Processing file /opt/airflow/dags/insert_cassandra.py for tasks to queue
[2024-03-19T19:21:12.353+0000] {logging_mixin.py:188} INFO - [2024-03-19T19:21:12.353+0000] {dagbag.py:540} INFO - Filling up the DagBag from /opt/airflow/dags/insert_cassandra.py
[2024-03-19T19:21:12.359+0000] {logging_mixin.py:188} INFO - [2024-03-19T19:21:12.358+0000] {dagbag.py:350} ERROR - Failed to import: /opt/airflow/dags/insert_cassandra.py
Traceback (most recent call last):
  File "/home/airflow/.local/lib/python3.8/site-packages/airflow/models/dagbag.py", line 346, in parse
    loader.exec_module(new_module)
  File "<frozen importlib._bootstrap_external>", line 839, in exec_module
  File "<frozen importlib._bootstrap_external>", line 976, in get_code
  File "<frozen importlib._bootstrap_external>", line 906, in source_to_code
  File "<frozen importlib._bootstrap>", line 219, in _call_with_frames_removed
  File "/opt/airflow/dags/insert_cassandra.py", line 12
    schedule_interval=timedelta(minutes=1),
    ^
SyntaxError: keyword argument repeated
[2024-03-19T19:21:12.360+0000] {processor.py:842} WARNING - No viable dags retrieved from /opt/airflow/dags/insert_cassandra.py
[2024-03-19T19:21:12.386+0000] {processor.py:183} INFO - Processing /opt/airflow/dags/insert_cassandra.py took 0.043 seconds
[2024-03-19T19:21:42.893+0000] {processor.py:161} INFO - Started process (PID=201) to work on /opt/airflow/dags/insert_cassandra.py
[2024-03-19T19:21:42.898+0000] {processor.py:830} INFO - Processing file /opt/airflow/dags/insert_cassandra.py for tasks to queue
[2024-03-19T19:21:42.905+0000] {logging_mixin.py:188} INFO - [2024-03-19T19:21:42.904+0000] {dagbag.py:540} INFO - Filling up the DagBag from /opt/airflow/dags/insert_cassandra.py
[2024-03-19T19:21:43.301+0000] {processor.py:840} INFO - DAG(s) 'Airflow_and_Cassandra' retrieved from /opt/airflow/dags/insert_cassandra.py
[2024-03-19T19:21:43.681+0000] {logging_mixin.py:188} INFO - [2024-03-19T19:21:43.678+0000] {dag.py:3047} INFO - Sync 1 DAGs
[2024-03-19T19:21:43.766+0000] {logging_mixin.py:188} INFO - [2024-03-19T19:21:43.765+0000] {dag.py:3834} INFO - Setting next_dagrun for Airflow_and_Cassandra to 2024-03-19 19:20:00+00:00, run_after=2024-03-19 19:21:00+00:00
[2024-03-19T19:21:43.838+0000] {processor.py:183} INFO - Processing /opt/airflow/dags/insert_cassandra.py took 0.965 seconds
[2024-03-19T19:22:14.477+0000] {processor.py:161} INFO - Started process (PID=209) to work on /opt/airflow/dags/insert_cassandra.py
[2024-03-19T19:22:14.484+0000] {processor.py:830} INFO - Processing file /opt/airflow/dags/insert_cassandra.py for tasks to queue
[2024-03-19T19:22:14.492+0000] {logging_mixin.py:188} INFO - [2024-03-19T19:22:14.491+0000] {dagbag.py:540} INFO - Filling up the DagBag from /opt/airflow/dags/insert_cassandra.py
[2024-03-19T19:22:15.049+0000] {processor.py:840} INFO - DAG(s) 'Airflow_and_Cassandra' retrieved from /opt/airflow/dags/insert_cassandra.py
[2024-03-19T19:22:15.182+0000] {logging_mixin.py:188} INFO - [2024-03-19T19:22:15.181+0000] {dag.py:3047} INFO - Sync 1 DAGs
[2024-03-19T19:22:15.270+0000] {logging_mixin.py:188} INFO - [2024-03-19T19:22:15.270+0000] {dag.py:3834} INFO - Setting next_dagrun for Airflow_and_Cassandra to 2024-03-19 19:22:00+00:00, run_after=2024-03-19 19:23:00+00:00
[2024-03-19T19:22:15.305+0000] {processor.py:183} INFO - Processing /opt/airflow/dags/insert_cassandra.py took 0.845 seconds
[2024-03-19T19:22:21.523+0000] {processor.py:161} INFO - Started process (PID=210) to work on /opt/airflow/dags/insert_cassandra.py
[2024-03-19T19:22:21.530+0000] {processor.py:830} INFO - Processing file /opt/airflow/dags/insert_cassandra.py for tasks to queue
[2024-03-19T19:22:21.537+0000] {logging_mixin.py:188} INFO - [2024-03-19T19:22:21.536+0000] {dagbag.py:540} INFO - Filling up the DagBag from /opt/airflow/dags/insert_cassandra.py
[2024-03-19T19:22:21.853+0000] {processor.py:840} INFO - DAG(s) 'Airflow_and_Cassandra' retrieved from /opt/airflow/dags/insert_cassandra.py
[2024-03-19T19:22:21.900+0000] {logging_mixin.py:188} INFO - [2024-03-19T19:22:21.899+0000] {dag.py:3047} INFO - Sync 1 DAGs
[2024-03-19T19:22:21.931+0000] {logging_mixin.py:188} INFO - [2024-03-19T19:22:21.931+0000] {dag.py:3834} INFO - Setting next_dagrun for Airflow_and_Cassandra to 2024-03-19 19:22:00+00:00, run_after=2024-03-19 19:23:00+00:00
[2024-03-19T19:22:21.947+0000] {processor.py:183} INFO - Processing /opt/airflow/dags/insert_cassandra.py took 0.462 seconds
[2024-03-19T19:22:52.316+0000] {processor.py:161} INFO - Started process (PID=218) to work on /opt/airflow/dags/insert_cassandra.py
[2024-03-19T19:22:52.320+0000] {processor.py:830} INFO - Processing file /opt/airflow/dags/insert_cassandra.py for tasks to queue
[2024-03-19T19:22:52.328+0000] {logging_mixin.py:188} INFO - [2024-03-19T19:22:52.327+0000] {dagbag.py:540} INFO - Filling up the DagBag from /opt/airflow/dags/insert_cassandra.py
[2024-03-19T19:22:52.835+0000] {processor.py:840} INFO - DAG(s) 'Airflow_and_Cassandra' retrieved from /opt/airflow/dags/insert_cassandra.py
[2024-03-19T19:22:52.902+0000] {logging_mixin.py:188} INFO - [2024-03-19T19:22:52.902+0000] {dag.py:3047} INFO - Sync 1 DAGs
[2024-03-19T19:22:52.943+0000] {logging_mixin.py:188} INFO - [2024-03-19T19:22:52.943+0000] {dag.py:3834} INFO - Setting next_dagrun for Airflow_and_Cassandra to 2024-03-19 19:22:00+00:00, run_after=2024-03-19 19:23:00+00:00
[2024-03-19T19:22:52.964+0000] {processor.py:183} INFO - Processing /opt/airflow/dags/insert_cassandra.py took 0.673 seconds
[2024-03-19T19:23:23.674+0000] {processor.py:161} INFO - Started process (PID=226) to work on /opt/airflow/dags/insert_cassandra.py
[2024-03-19T19:23:23.678+0000] {processor.py:830} INFO - Processing file /opt/airflow/dags/insert_cassandra.py for tasks to queue
[2024-03-19T19:23:23.682+0000] {logging_mixin.py:188} INFO - [2024-03-19T19:23:23.681+0000] {dagbag.py:540} INFO - Filling up the DagBag from /opt/airflow/dags/insert_cassandra.py
[2024-03-19T19:23:24.064+0000] {processor.py:840} INFO - DAG(s) 'Airflow_and_Cassandra' retrieved from /opt/airflow/dags/insert_cassandra.py
[2024-03-19T19:23:24.102+0000] {logging_mixin.py:188} INFO - [2024-03-19T19:23:24.102+0000] {dag.py:3047} INFO - Sync 1 DAGs
[2024-03-19T19:23:24.127+0000] {logging_mixin.py:188} INFO - [2024-03-19T19:23:24.127+0000] {dag.py:3834} INFO - Setting next_dagrun for Airflow_and_Cassandra to 2024-03-19 19:23:00+00:00, run_after=2024-03-19 19:24:00+00:00
[2024-03-19T19:23:24.155+0000] {processor.py:183} INFO - Processing /opt/airflow/dags/insert_cassandra.py took 0.504 seconds
[2024-03-19T19:23:54.364+0000] {processor.py:161} INFO - Started process (PID=234) to work on /opt/airflow/dags/insert_cassandra.py
[2024-03-19T19:23:54.367+0000] {processor.py:830} INFO - Processing file /opt/airflow/dags/insert_cassandra.py for tasks to queue
[2024-03-19T19:23:54.371+0000] {logging_mixin.py:188} INFO - [2024-03-19T19:23:54.370+0000] {dagbag.py:540} INFO - Filling up the DagBag from /opt/airflow/dags/insert_cassandra.py
[2024-03-19T19:23:54.650+0000] {processor.py:840} INFO - DAG(s) 'Airflow_and_Cassandra' retrieved from /opt/airflow/dags/insert_cassandra.py
[2024-03-19T19:23:54.678+0000] {logging_mixin.py:188} INFO - [2024-03-19T19:23:54.678+0000] {dag.py:3047} INFO - Sync 1 DAGs
[2024-03-19T19:23:54.700+0000] {logging_mixin.py:188} INFO - [2024-03-19T19:23:54.700+0000] {dag.py:3834} INFO - Setting next_dagrun for Airflow_and_Cassandra to 2024-03-19 19:23:00+00:00, run_after=2024-03-19 19:24:00+00:00
[2024-03-19T19:23:54.714+0000] {processor.py:183} INFO - Processing /opt/airflow/dags/insert_cassandra.py took 0.359 seconds
[2024-03-19T19:24:24.923+0000] {processor.py:161} INFO - Started process (PID=242) to work on /opt/airflow/dags/insert_cassandra.py
[2024-03-19T19:24:24.925+0000] {processor.py:830} INFO - Processing file /opt/airflow/dags/insert_cassandra.py for tasks to queue
[2024-03-19T19:24:24.928+0000] {logging_mixin.py:188} INFO - [2024-03-19T19:24:24.928+0000] {dagbag.py:540} INFO - Filling up the DagBag from /opt/airflow/dags/insert_cassandra.py
[2024-03-19T19:24:25.149+0000] {processor.py:840} INFO - DAG(s) 'Airflow_and_Cassandra' retrieved from /opt/airflow/dags/insert_cassandra.py
[2024-03-19T19:24:25.173+0000] {logging_mixin.py:188} INFO - [2024-03-19T19:24:25.173+0000] {dag.py:3047} INFO - Sync 1 DAGs
[2024-03-19T19:24:25.193+0000] {logging_mixin.py:188} INFO - [2024-03-19T19:24:25.193+0000] {dag.py:3834} INFO - Setting next_dagrun for Airflow_and_Cassandra to 2024-03-19 19:24:00+00:00, run_after=2024-03-19 19:25:00+00:00
[2024-03-19T19:24:25.207+0000] {processor.py:183} INFO - Processing /opt/airflow/dags/insert_cassandra.py took 0.291 seconds
[2024-03-19T19:24:55.589+0000] {processor.py:161} INFO - Started process (PID=250) to work on /opt/airflow/dags/insert_cassandra.py
[2024-03-19T19:24:55.592+0000] {processor.py:830} INFO - Processing file /opt/airflow/dags/insert_cassandra.py for tasks to queue
[2024-03-19T19:24:55.595+0000] {logging_mixin.py:188} INFO - [2024-03-19T19:24:55.595+0000] {dagbag.py:540} INFO - Filling up the DagBag from /opt/airflow/dags/insert_cassandra.py
[2024-03-19T19:24:55.866+0000] {processor.py:840} INFO - DAG(s) 'Airflow_and_Cassandra' retrieved from /opt/airflow/dags/insert_cassandra.py
[2024-03-19T19:24:55.916+0000] {logging_mixin.py:188} INFO - [2024-03-19T19:24:55.916+0000] {dag.py:3047} INFO - Sync 1 DAGs
[2024-03-19T19:24:55.943+0000] {logging_mixin.py:188} INFO - [2024-03-19T19:24:55.943+0000] {dag.py:3834} INFO - Setting next_dagrun for Airflow_and_Cassandra to 2024-03-19 19:24:00+00:00, run_after=2024-03-19 19:25:00+00:00
[2024-03-19T19:24:55.970+0000] {processor.py:183} INFO - Processing /opt/airflow/dags/insert_cassandra.py took 0.387 seconds
[2024-03-19T19:25:26.146+0000] {processor.py:161} INFO - Started process (PID=258) to work on /opt/airflow/dags/insert_cassandra.py
[2024-03-19T19:25:26.150+0000] {processor.py:830} INFO - Processing file /opt/airflow/dags/insert_cassandra.py for tasks to queue
[2024-03-19T19:25:26.152+0000] {logging_mixin.py:188} INFO - [2024-03-19T19:25:26.152+0000] {dagbag.py:540} INFO - Filling up the DagBag from /opt/airflow/dags/insert_cassandra.py
[2024-03-19T19:25:26.423+0000] {processor.py:840} INFO - DAG(s) 'Airflow_and_Cassandra' retrieved from /opt/airflow/dags/insert_cassandra.py
[2024-03-19T19:25:26.464+0000] {logging_mixin.py:188} INFO - [2024-03-19T19:25:26.464+0000] {dag.py:3047} INFO - Sync 1 DAGs
[2024-03-19T19:25:26.485+0000] {logging_mixin.py:188} INFO - [2024-03-19T19:25:26.485+0000] {dag.py:3834} INFO - Setting next_dagrun for Airflow_and_Cassandra to 2024-03-19 19:25:00+00:00, run_after=2024-03-19 19:26:00+00:00
[2024-03-19T19:25:26.499+0000] {processor.py:183} INFO - Processing /opt/airflow/dags/insert_cassandra.py took 0.360 seconds
[2024-03-19T19:25:56.734+0000] {processor.py:161} INFO - Started process (PID=266) to work on /opt/airflow/dags/insert_cassandra.py
[2024-03-19T19:25:56.737+0000] {processor.py:830} INFO - Processing file /opt/airflow/dags/insert_cassandra.py for tasks to queue
[2024-03-19T19:25:56.741+0000] {logging_mixin.py:188} INFO - [2024-03-19T19:25:56.740+0000] {dagbag.py:540} INFO - Filling up the DagBag from /opt/airflow/dags/insert_cassandra.py
[2024-03-19T19:25:57.005+0000] {processor.py:840} INFO - DAG(s) 'Airflow_and_Cassandra' retrieved from /opt/airflow/dags/insert_cassandra.py
[2024-03-19T19:25:57.046+0000] {logging_mixin.py:188} INFO - [2024-03-19T19:25:57.046+0000] {dag.py:3047} INFO - Sync 1 DAGs
[2024-03-19T19:25:57.072+0000] {logging_mixin.py:188} INFO - [2024-03-19T19:25:57.072+0000] {dag.py:3834} INFO - Setting next_dagrun for Airflow_and_Cassandra to 2024-03-19 19:25:00+00:00, run_after=2024-03-19 19:26:00+00:00
[2024-03-19T19:25:57.087+0000] {processor.py:183} INFO - Processing /opt/airflow/dags/insert_cassandra.py took 0.362 seconds
[2024-03-19T19:26:27.182+0000] {processor.py:161} INFO - Started process (PID=274) to work on /opt/airflow/dags/insert_cassandra.py
[2024-03-19T19:26:27.185+0000] {processor.py:830} INFO - Processing file /opt/airflow/dags/insert_cassandra.py for tasks to queue
[2024-03-19T19:26:27.189+0000] {logging_mixin.py:188} INFO - [2024-03-19T19:26:27.189+0000] {dagbag.py:540} INFO - Filling up the DagBag from /opt/airflow/dags/insert_cassandra.py
[2024-03-19T19:26:27.481+0000] {processor.py:840} INFO - DAG(s) 'Airflow_and_Cassandra' retrieved from /opt/airflow/dags/insert_cassandra.py
[2024-03-19T19:26:27.535+0000] {logging_mixin.py:188} INFO - [2024-03-19T19:26:27.535+0000] {dag.py:3047} INFO - Sync 1 DAGs
[2024-03-19T19:26:27.561+0000] {logging_mixin.py:188} INFO - [2024-03-19T19:26:27.561+0000] {dag.py:3834} INFO - Setting next_dagrun for Airflow_and_Cassandra to 2024-03-19 19:26:00+00:00, run_after=2024-03-19 19:27:00+00:00
[2024-03-19T19:26:27.576+0000] {processor.py:183} INFO - Processing /opt/airflow/dags/insert_cassandra.py took 0.403 seconds
[2024-03-19T19:26:57.993+0000] {processor.py:161} INFO - Started process (PID=282) to work on /opt/airflow/dags/insert_cassandra.py
[2024-03-19T19:26:57.997+0000] {processor.py:830} INFO - Processing file /opt/airflow/dags/insert_cassandra.py for tasks to queue
[2024-03-19T19:26:58.005+0000] {logging_mixin.py:188} INFO - [2024-03-19T19:26:58.001+0000] {dagbag.py:540} INFO - Filling up the DagBag from /opt/airflow/dags/insert_cassandra.py
[2024-03-19T19:26:58.318+0000] {processor.py:840} INFO - DAG(s) 'Airflow_and_Cassandra' retrieved from /opt/airflow/dags/insert_cassandra.py
[2024-03-19T19:26:58.366+0000] {logging_mixin.py:188} INFO - [2024-03-19T19:26:58.365+0000] {dag.py:3047} INFO - Sync 1 DAGs
[2024-03-19T19:26:58.390+0000] {logging_mixin.py:188} INFO - [2024-03-19T19:26:58.390+0000] {dag.py:3834} INFO - Setting next_dagrun for Airflow_and_Cassandra to 2024-03-19 19:26:00+00:00, run_after=2024-03-19 19:27:00+00:00
[2024-03-19T19:26:58.409+0000] {processor.py:183} INFO - Processing /opt/airflow/dags/insert_cassandra.py took 0.426 seconds
[2024-03-19T19:27:28.609+0000] {processor.py:161} INFO - Started process (PID=290) to work on /opt/airflow/dags/insert_cassandra.py
[2024-03-19T19:27:28.612+0000] {processor.py:830} INFO - Processing file /opt/airflow/dags/insert_cassandra.py for tasks to queue
[2024-03-19T19:27:28.618+0000] {logging_mixin.py:188} INFO - [2024-03-19T19:27:28.616+0000] {dagbag.py:540} INFO - Filling up the DagBag from /opt/airflow/dags/insert_cassandra.py
[2024-03-19T19:27:28.931+0000] {processor.py:840} INFO - DAG(s) 'Airflow_and_Cassandra' retrieved from /opt/airflow/dags/insert_cassandra.py
[2024-03-19T19:27:28.968+0000] {logging_mixin.py:188} INFO - [2024-03-19T19:27:28.967+0000] {dag.py:3047} INFO - Sync 1 DAGs
[2024-03-19T19:27:28.993+0000] {logging_mixin.py:188} INFO - [2024-03-19T19:27:28.993+0000] {dag.py:3834} INFO - Setting next_dagrun for Airflow_and_Cassandra to 2024-03-19 19:27:00+00:00, run_after=2024-03-19 19:28:00+00:00
[2024-03-19T19:27:29.011+0000] {processor.py:183} INFO - Processing /opt/airflow/dags/insert_cassandra.py took 0.413 seconds
[2024-03-19T19:27:29.638+0000] {processor.py:161} INFO - Started process (PID=291) to work on /opt/airflow/dags/insert_cassandra.py
[2024-03-19T19:27:29.640+0000] {processor.py:830} INFO - Processing file /opt/airflow/dags/insert_cassandra.py for tasks to queue
[2024-03-19T19:27:29.643+0000] {logging_mixin.py:188} INFO - [2024-03-19T19:27:29.642+0000] {dagbag.py:540} INFO - Filling up the DagBag from /opt/airflow/dags/insert_cassandra.py
[2024-03-19T19:27:29.815+0000] {logging_mixin.py:188} INFO - [2024-03-19T19:27:29.814+0000] {dagbag.py:350} ERROR - Failed to import: /opt/airflow/dags/insert_cassandra.py
Traceback (most recent call last):
  File "/home/airflow/.local/lib/python3.8/site-packages/airflow/models/dagbag.py", line 346, in parse
    loader.exec_module(new_module)
  File "<frozen importlib._bootstrap_external>", line 843, in exec_module
  File "<frozen importlib._bootstrap>", line 219, in _call_with_frames_removed
  File "/opt/airflow/dags/insert_cassandra.py", line 7, in <module>
    cassandra_hook = CassandraHook("cassandra_default")
NameError: name 'CassandraHook' is not defined
[2024-03-19T19:27:29.816+0000] {processor.py:842} WARNING - No viable dags retrieved from /opt/airflow/dags/insert_cassandra.py
[2024-03-19T19:27:29.832+0000] {processor.py:183} INFO - Processing /opt/airflow/dags/insert_cassandra.py took 0.200 seconds
[2024-03-19T19:27:39.027+0000] {processor.py:161} INFO - Started process (PID=298) to work on /opt/airflow/dags/insert_cassandra.py
[2024-03-19T19:27:39.029+0000] {processor.py:830} INFO - Processing file /opt/airflow/dags/insert_cassandra.py for tasks to queue
[2024-03-19T19:27:39.033+0000] {logging_mixin.py:188} INFO - [2024-03-19T19:27:39.032+0000] {dagbag.py:540} INFO - Filling up the DagBag from /opt/airflow/dags/insert_cassandra.py
[2024-03-19T19:27:39.068+0000] {logging_mixin.py:188} INFO - [2024-03-19T19:27:39.068+0000] {base.py:83} INFO - Using connection ID 'cassandra_default' for task execution.
[2024-03-19T19:27:39.079+0000] {logging_mixin.py:188} WARNING - /home/airflow/.local/lib/python3.8/site-packages/airflow/providers/apache/cassandra/hooks/cassandra.py:120 DeprecationWarning: Legacy execution parameters will be removed in 4.0. Consider using execution profiles.
[2024-03-19T19:27:39.090+0000] {processor.py:840} INFO - DAG(s) 'Airflow_and_Cassandra' retrieved from /opt/airflow/dags/insert_cassandra.py
[2024-03-19T19:27:39.107+0000] {logging_mixin.py:188} INFO - [2024-03-19T19:27:39.107+0000] {dag.py:3047} INFO - Sync 1 DAGs
[2024-03-19T19:27:39.132+0000] {logging_mixin.py:188} INFO - [2024-03-19T19:27:39.132+0000] {dag.py:3834} INFO - Setting next_dagrun for Airflow_and_Cassandra to 2024-03-19 19:27:00+00:00, run_after=2024-03-19 19:28:00+00:00
[2024-03-19T19:27:39.151+0000] {processor.py:183} INFO - Processing /opt/airflow/dags/insert_cassandra.py took 0.130 seconds
[2024-03-19T19:28:09.546+0000] {processor.py:161} INFO - Started process (PID=307) to work on /opt/airflow/dags/insert_cassandra.py
[2024-03-19T19:28:09.549+0000] {processor.py:830} INFO - Processing file /opt/airflow/dags/insert_cassandra.py for tasks to queue
[2024-03-19T19:28:09.555+0000] {logging_mixin.py:188} INFO - [2024-03-19T19:28:09.554+0000] {dagbag.py:540} INFO - Filling up the DagBag from /opt/airflow/dags/insert_cassandra.py
[2024-03-19T19:28:09.606+0000] {logging_mixin.py:188} INFO - [2024-03-19T19:28:09.605+0000] {base.py:83} INFO - Using connection ID 'cassandra_default' for task execution.
[2024-03-19T19:28:09.619+0000] {logging_mixin.py:188} WARNING - /home/airflow/.local/lib/python3.8/site-packages/airflow/providers/apache/cassandra/hooks/cassandra.py:120 DeprecationWarning: Legacy execution parameters will be removed in 4.0. Consider using execution profiles.
[2024-03-19T19:28:09.635+0000] {processor.py:840} INFO - DAG(s) 'Airflow_and_Cassandra' retrieved from /opt/airflow/dags/insert_cassandra.py
[2024-03-19T19:28:09.664+0000] {logging_mixin.py:188} INFO - [2024-03-19T19:28:09.664+0000] {dag.py:3047} INFO - Sync 1 DAGs
[2024-03-19T19:28:09.765+0000] {logging_mixin.py:188} INFO - [2024-03-19T19:28:09.765+0000] {dag.py:3834} INFO - Setting next_dagrun for Airflow_and_Cassandra to 2024-03-19 19:28:00+00:00, run_after=2024-03-19 19:29:00+00:00
[2024-03-19T19:28:09.814+0000] {processor.py:183} INFO - Processing /opt/airflow/dags/insert_cassandra.py took 0.292 seconds
[2024-03-19T19:28:40.339+0000] {processor.py:161} INFO - Started process (PID=316) to work on /opt/airflow/dags/insert_cassandra.py
[2024-03-19T19:28:40.341+0000] {processor.py:830} INFO - Processing file /opt/airflow/dags/insert_cassandra.py for tasks to queue
[2024-03-19T19:28:40.346+0000] {logging_mixin.py:188} INFO - [2024-03-19T19:28:40.346+0000] {dagbag.py:540} INFO - Filling up the DagBag from /opt/airflow/dags/insert_cassandra.py
[2024-03-19T19:28:40.401+0000] {logging_mixin.py:188} INFO - [2024-03-19T19:28:40.401+0000] {base.py:83} INFO - Using connection ID 'cassandra_default' for task execution.
[2024-03-19T19:28:40.414+0000] {logging_mixin.py:188} WARNING - /home/airflow/.local/lib/python3.8/site-packages/airflow/providers/apache/cassandra/hooks/cassandra.py:120 DeprecationWarning: Legacy execution parameters will be removed in 4.0. Consider using execution profiles.
[2024-03-19T19:28:40.435+0000] {processor.py:840} INFO - DAG(s) 'Airflow_and_Cassandra' retrieved from /opt/airflow/dags/insert_cassandra.py
[2024-03-19T19:28:40.467+0000] {logging_mixin.py:188} INFO - [2024-03-19T19:28:40.467+0000] {dag.py:3047} INFO - Sync 1 DAGs
[2024-03-19T19:28:40.521+0000] {logging_mixin.py:188} INFO - [2024-03-19T19:28:40.520+0000] {dag.py:3834} INFO - Setting next_dagrun for Airflow_and_Cassandra to 2024-03-19 19:28:00+00:00, run_after=2024-03-19 19:29:00+00:00
[2024-03-19T19:28:40.540+0000] {processor.py:183} INFO - Processing /opt/airflow/dags/insert_cassandra.py took 0.209 seconds
[2024-03-19T19:29:10.898+0000] {processor.py:161} INFO - Started process (PID=325) to work on /opt/airflow/dags/insert_cassandra.py
[2024-03-19T19:29:10.901+0000] {processor.py:830} INFO - Processing file /opt/airflow/dags/insert_cassandra.py for tasks to queue
[2024-03-19T19:29:10.906+0000] {logging_mixin.py:188} INFO - [2024-03-19T19:29:10.905+0000] {dagbag.py:540} INFO - Filling up the DagBag from /opt/airflow/dags/insert_cassandra.py
[2024-03-19T19:29:10.958+0000] {logging_mixin.py:188} INFO - [2024-03-19T19:29:10.958+0000] {base.py:83} INFO - Using connection ID 'cassandra_default' for task execution.
[2024-03-19T19:29:10.970+0000] {logging_mixin.py:188} WARNING - /home/airflow/.local/lib/python3.8/site-packages/airflow/providers/apache/cassandra/hooks/cassandra.py:120 DeprecationWarning: Legacy execution parameters will be removed in 4.0. Consider using execution profiles.
[2024-03-19T19:29:10.991+0000] {processor.py:840} INFO - DAG(s) 'Airflow_and_Cassandra' retrieved from /opt/airflow/dags/insert_cassandra.py
[2024-03-19T19:29:11.015+0000] {logging_mixin.py:188} INFO - [2024-03-19T19:29:11.015+0000] {dag.py:3047} INFO - Sync 1 DAGs
[2024-03-19T19:29:11.039+0000] {logging_mixin.py:188} INFO - [2024-03-19T19:29:11.039+0000] {dag.py:3834} INFO - Setting next_dagrun for Airflow_and_Cassandra to 2024-03-19 19:29:00+00:00, run_after=2024-03-19 19:30:00+00:00
[2024-03-19T19:29:11.053+0000] {processor.py:183} INFO - Processing /opt/airflow/dags/insert_cassandra.py took 0.164 seconds
[2024-03-19T19:29:27.307+0000] {processor.py:161} INFO - Started process (PID=328) to work on /opt/airflow/dags/insert_cassandra.py
[2024-03-19T19:29:27.309+0000] {processor.py:830} INFO - Processing file /opt/airflow/dags/insert_cassandra.py for tasks to queue
[2024-03-19T19:29:27.313+0000] {logging_mixin.py:188} INFO - [2024-03-19T19:29:27.312+0000] {dagbag.py:540} INFO - Filling up the DagBag from /opt/airflow/dags/insert_cassandra.py
[2024-03-19T19:29:27.351+0000] {logging_mixin.py:188} INFO - [2024-03-19T19:29:27.351+0000] {base.py:83} INFO - Using connection ID 'cassandra_default' for task execution.
[2024-03-19T19:29:27.361+0000] {logging_mixin.py:188} WARNING - /home/airflow/.local/lib/python3.8/site-packages/airflow/providers/apache/cassandra/hooks/cassandra.py:120 DeprecationWarning: Legacy execution parameters will be removed in 4.0. Consider using execution profiles.
[2024-03-19T19:29:27.370+0000] {processor.py:840} INFO - DAG(s) 'Airflow_and_Cassandra' retrieved from /opt/airflow/dags/insert_cassandra.py
[2024-03-19T19:29:27.386+0000] {logging_mixin.py:188} INFO - [2024-03-19T19:29:27.386+0000] {dag.py:3047} INFO - Sync 1 DAGs
[2024-03-19T19:29:27.405+0000] {logging_mixin.py:188} INFO - [2024-03-19T19:29:27.405+0000] {dag.py:3834} INFO - Setting next_dagrun for Airflow_and_Cassandra to 2024-03-19 19:29:00+00:00, run_after=2024-03-19 19:30:00+00:00
[2024-03-19T19:29:27.420+0000] {processor.py:183} INFO - Processing /opt/airflow/dags/insert_cassandra.py took 0.121 seconds
[2024-03-19T19:29:33.398+0000] {processor.py:161} INFO - Started process (PID=336) to work on /opt/airflow/dags/insert_cassandra.py
[2024-03-19T19:29:33.400+0000] {processor.py:830} INFO - Processing file /opt/airflow/dags/insert_cassandra.py for tasks to queue
[2024-03-19T19:29:33.404+0000] {logging_mixin.py:188} INFO - [2024-03-19T19:29:33.404+0000] {dagbag.py:540} INFO - Filling up the DagBag from /opt/airflow/dags/insert_cassandra.py
[2024-03-19T19:29:33.444+0000] {logging_mixin.py:188} INFO - [2024-03-19T19:29:33.443+0000] {base.py:83} INFO - Using connection ID 'cassandra_default' for task execution.
[2024-03-19T19:29:33.450+0000] {logging_mixin.py:188} WARNING - /home/airflow/.local/lib/python3.8/site-packages/airflow/providers/apache/cassandra/hooks/cassandra.py:120 DeprecationWarning: Legacy execution parameters will be removed in 4.0. Consider using execution profiles.
[2024-03-19T19:29:33.462+0000] {processor.py:840} INFO - DAG(s) 'Airflow_and_Cassandra' retrieved from /opt/airflow/dags/insert_cassandra.py
[2024-03-19T19:29:33.481+0000] {logging_mixin.py:188} INFO - [2024-03-19T19:29:33.480+0000] {dag.py:3047} INFO - Sync 1 DAGs
[2024-03-19T19:29:33.502+0000] {logging_mixin.py:188} INFO - [2024-03-19T19:29:33.502+0000] {dag.py:3834} INFO - Setting next_dagrun for Airflow_and_Cassandra to 2024-03-19 19:29:00+00:00, run_after=2024-03-19 19:30:00+00:00
[2024-03-19T19:29:33.519+0000] {processor.py:183} INFO - Processing /opt/airflow/dags/insert_cassandra.py took 0.129 seconds
[2024-03-19T19:29:49.787+0000] {processor.py:161} INFO - Started process (PID=338) to work on /opt/airflow/dags/insert_cassandra.py
[2024-03-19T19:29:49.791+0000] {processor.py:830} INFO - Processing file /opt/airflow/dags/insert_cassandra.py for tasks to queue
[2024-03-19T19:29:49.795+0000] {logging_mixin.py:188} INFO - [2024-03-19T19:29:49.794+0000] {dagbag.py:540} INFO - Filling up the DagBag from /opt/airflow/dags/insert_cassandra.py
[2024-03-19T19:29:49.823+0000] {logging_mixin.py:188} INFO - [2024-03-19T19:29:49.823+0000] {base.py:83} INFO - Using connection ID 'cassandra_default' for task execution.
[2024-03-19T19:29:49.832+0000] {logging_mixin.py:188} WARNING - /home/airflow/.local/lib/python3.8/site-packages/airflow/providers/apache/cassandra/hooks/cassandra.py:120 DeprecationWarning: Legacy execution parameters will be removed in 4.0. Consider using execution profiles.
[2024-03-19T19:29:49.861+0000] {processor.py:840} INFO - DAG(s) 'Airflow_and_Cassandra' retrieved from /opt/airflow/dags/insert_cassandra.py
[2024-03-19T19:29:49.880+0000] {logging_mixin.py:188} INFO - [2024-03-19T19:29:49.880+0000] {dag.py:3047} INFO - Sync 1 DAGs
[2024-03-19T19:29:49.903+0000] {logging_mixin.py:188} INFO - [2024-03-19T19:29:49.902+0000] {dag.py:3834} INFO - Setting next_dagrun for Airflow_and_Cassandra to 2024-03-19 19:29:00+00:00, run_after=2024-03-19 19:30:00+00:00
[2024-03-19T19:29:49.919+0000] {processor.py:183} INFO - Processing /opt/airflow/dags/insert_cassandra.py took 0.154 seconds
[2024-03-19T19:30:20.385+0000] {processor.py:161} INFO - Started process (PID=347) to work on /opt/airflow/dags/insert_cassandra.py
[2024-03-19T19:30:20.401+0000] {processor.py:830} INFO - Processing file /opt/airflow/dags/insert_cassandra.py for tasks to queue
[2024-03-19T19:30:20.412+0000] {logging_mixin.py:188} INFO - [2024-03-19T19:30:20.410+0000] {dagbag.py:540} INFO - Filling up the DagBag from /opt/airflow/dags/insert_cassandra.py
[2024-03-19T19:30:20.593+0000] {logging_mixin.py:188} INFO - [2024-03-19T19:30:20.591+0000] {base.py:83} INFO - Using connection ID 'cassandra_default' for task execution.
[2024-03-19T19:30:20.634+0000] {logging_mixin.py:188} WARNING - /home/airflow/.local/lib/python3.8/site-packages/airflow/providers/apache/cassandra/hooks/cassandra.py:120 DeprecationWarning: Legacy execution parameters will be removed in 4.0. Consider using execution profiles.
[2024-03-19T19:30:20.674+0000] {processor.py:840} INFO - DAG(s) 'Airflow_and_Cassandra' retrieved from /opt/airflow/dags/insert_cassandra.py
[2024-03-19T19:30:20.737+0000] {logging_mixin.py:188} INFO - [2024-03-19T19:30:20.737+0000] {dag.py:3047} INFO - Sync 1 DAGs
[2024-03-19T19:30:20.821+0000] {logging_mixin.py:188} INFO - [2024-03-19T19:30:20.821+0000] {dag.py:3834} INFO - Setting next_dagrun for Airflow_and_Cassandra to 2024-03-19 19:30:00+00:00, run_after=2024-03-19 19:31:00+00:00
[2024-03-19T19:30:20.867+0000] {processor.py:183} INFO - Processing /opt/airflow/dags/insert_cassandra.py took 0.518 seconds
[2024-03-19T19:30:50.972+0000] {processor.py:161} INFO - Started process (PID=356) to work on /opt/airflow/dags/insert_cassandra.py
[2024-03-19T19:30:50.975+0000] {processor.py:830} INFO - Processing file /opt/airflow/dags/insert_cassandra.py for tasks to queue
[2024-03-19T19:30:50.980+0000] {logging_mixin.py:188} INFO - [2024-03-19T19:30:50.980+0000] {dagbag.py:540} INFO - Filling up the DagBag from /opt/airflow/dags/insert_cassandra.py
[2024-03-19T19:30:51.045+0000] {logging_mixin.py:188} INFO - [2024-03-19T19:30:51.045+0000] {base.py:83} INFO - Using connection ID 'cassandra_default' for task execution.
[2024-03-19T19:30:51.059+0000] {logging_mixin.py:188} WARNING - /home/airflow/.local/lib/python3.8/site-packages/airflow/providers/apache/cassandra/hooks/cassandra.py:120 DeprecationWarning: Legacy execution parameters will be removed in 4.0. Consider using execution profiles.
[2024-03-19T19:30:51.074+0000] {processor.py:840} INFO - DAG(s) 'Airflow_and_Cassandra' retrieved from /opt/airflow/dags/insert_cassandra.py
[2024-03-19T19:30:51.102+0000] {logging_mixin.py:188} INFO - [2024-03-19T19:30:51.102+0000] {dag.py:3047} INFO - Sync 1 DAGs
[2024-03-19T19:30:51.128+0000] {logging_mixin.py:188} INFO - [2024-03-19T19:30:51.128+0000] {dag.py:3834} INFO - Setting next_dagrun for Airflow_and_Cassandra to 2024-03-19 19:30:00+00:00, run_after=2024-03-19 19:31:00+00:00
[2024-03-19T19:30:51.143+0000] {processor.py:183} INFO - Processing /opt/airflow/dags/insert_cassandra.py took 0.182 seconds
[2024-03-19T19:31:21.419+0000] {processor.py:161} INFO - Started process (PID=365) to work on /opt/airflow/dags/insert_cassandra.py
[2024-03-19T19:31:21.422+0000] {processor.py:830} INFO - Processing file /opt/airflow/dags/insert_cassandra.py for tasks to queue
[2024-03-19T19:31:21.428+0000] {logging_mixin.py:188} INFO - [2024-03-19T19:31:21.427+0000] {dagbag.py:540} INFO - Filling up the DagBag from /opt/airflow/dags/insert_cassandra.py
[2024-03-19T19:31:21.462+0000] {logging_mixin.py:188} INFO - [2024-03-19T19:31:21.461+0000] {base.py:83} INFO - Using connection ID 'cassandra_default' for task execution.
[2024-03-19T19:31:21.472+0000] {logging_mixin.py:188} WARNING - /home/airflow/.local/lib/python3.8/site-packages/airflow/providers/apache/cassandra/hooks/cassandra.py:120 DeprecationWarning: Legacy execution parameters will be removed in 4.0. Consider using execution profiles.
[2024-03-19T19:31:21.498+0000] {processor.py:840} INFO - DAG(s) 'Airflow_and_Cassandra' retrieved from /opt/airflow/dags/insert_cassandra.py
[2024-03-19T19:31:21.520+0000] {logging_mixin.py:188} INFO - [2024-03-19T19:31:21.520+0000] {dag.py:3047} INFO - Sync 1 DAGs
[2024-03-19T19:31:21.545+0000] {logging_mixin.py:188} INFO - [2024-03-19T19:31:21.545+0000] {dag.py:3834} INFO - Setting next_dagrun for Airflow_and_Cassandra to 2024-03-19 19:31:00+00:00, run_after=2024-03-19 19:32:00+00:00
[2024-03-19T19:31:21.561+0000] {processor.py:183} INFO - Processing /opt/airflow/dags/insert_cassandra.py took 0.149 seconds
[2024-03-19T19:31:51.856+0000] {processor.py:161} INFO - Started process (PID=374) to work on /opt/airflow/dags/insert_cassandra.py
[2024-03-19T19:31:51.859+0000] {processor.py:830} INFO - Processing file /opt/airflow/dags/insert_cassandra.py for tasks to queue
[2024-03-19T19:31:51.863+0000] {logging_mixin.py:188} INFO - [2024-03-19T19:31:51.862+0000] {dagbag.py:540} INFO - Filling up the DagBag from /opt/airflow/dags/insert_cassandra.py
[2024-03-19T19:31:51.899+0000] {logging_mixin.py:188} INFO - [2024-03-19T19:31:51.898+0000] {base.py:83} INFO - Using connection ID 'cassandra_default' for task execution.
[2024-03-19T19:31:51.909+0000] {logging_mixin.py:188} WARNING - /home/airflow/.local/lib/python3.8/site-packages/airflow/providers/apache/cassandra/hooks/cassandra.py:120 DeprecationWarning: Legacy execution parameters will be removed in 4.0. Consider using execution profiles.
[2024-03-19T19:31:51.924+0000] {processor.py:840} INFO - DAG(s) 'Airflow_and_Cassandra' retrieved from /opt/airflow/dags/insert_cassandra.py
[2024-03-19T19:31:51.946+0000] {logging_mixin.py:188} INFO - [2024-03-19T19:31:51.946+0000] {dag.py:3047} INFO - Sync 1 DAGs
[2024-03-19T19:31:51.973+0000] {logging_mixin.py:188} INFO - [2024-03-19T19:31:51.972+0000] {dag.py:3834} INFO - Setting next_dagrun for Airflow_and_Cassandra to 2024-03-19 19:31:00+00:00, run_after=2024-03-19 19:32:00+00:00
[2024-03-19T19:31:51.990+0000] {processor.py:183} INFO - Processing /opt/airflow/dags/insert_cassandra.py took 0.141 seconds
[2024-03-19T19:32:22.311+0000] {processor.py:161} INFO - Started process (PID=383) to work on /opt/airflow/dags/insert_cassandra.py
[2024-03-19T19:32:22.313+0000] {processor.py:830} INFO - Processing file /opt/airflow/dags/insert_cassandra.py for tasks to queue
[2024-03-19T19:32:22.318+0000] {logging_mixin.py:188} INFO - [2024-03-19T19:32:22.318+0000] {dagbag.py:540} INFO - Filling up the DagBag from /opt/airflow/dags/insert_cassandra.py
[2024-03-19T19:32:22.352+0000] {logging_mixin.py:188} INFO - [2024-03-19T19:32:22.352+0000] {base.py:83} INFO - Using connection ID 'cassandra_default' for task execution.
[2024-03-19T19:32:22.364+0000] {logging_mixin.py:188} WARNING - /home/airflow/.local/lib/python3.8/site-packages/airflow/providers/apache/cassandra/hooks/cassandra.py:120 DeprecationWarning: Legacy execution parameters will be removed in 4.0. Consider using execution profiles.
[2024-03-19T19:32:22.382+0000] {processor.py:840} INFO - DAG(s) 'Airflow_and_Cassandra' retrieved from /opt/airflow/dags/insert_cassandra.py
[2024-03-19T19:32:22.418+0000] {logging_mixin.py:188} INFO - [2024-03-19T19:32:22.417+0000] {dag.py:3047} INFO - Sync 1 DAGs
[2024-03-19T19:32:22.447+0000] {logging_mixin.py:188} INFO - [2024-03-19T19:32:22.447+0000] {dag.py:3834} INFO - Setting next_dagrun for Airflow_and_Cassandra to 2024-03-19 19:32:00+00:00, run_after=2024-03-19 19:33:00+00:00
[2024-03-19T19:32:22.465+0000] {processor.py:183} INFO - Processing /opt/airflow/dags/insert_cassandra.py took 0.162 seconds
[2024-03-19T19:32:51.769+0000] {processor.py:161} INFO - Started process (PID=392) to work on /opt/airflow/dags/insert_cassandra.py
[2024-03-19T19:32:51.773+0000] {processor.py:830} INFO - Processing file /opt/airflow/dags/insert_cassandra.py for tasks to queue
[2024-03-19T19:32:51.779+0000] {logging_mixin.py:188} INFO - [2024-03-19T19:32:51.778+0000] {dagbag.py:540} INFO - Filling up the DagBag from /opt/airflow/dags/insert_cassandra.py
[2024-03-19T19:32:51.820+0000] {logging_mixin.py:188} INFO - [2024-03-19T19:32:51.820+0000] {base.py:83} INFO - Using connection ID 'cassandra_default' for task execution.
[2024-03-19T19:32:51.829+0000] {logging_mixin.py:188} WARNING - /home/airflow/.local/lib/python3.8/site-packages/airflow/providers/apache/cassandra/hooks/cassandra.py:120 DeprecationWarning: Legacy execution parameters will be removed in 4.0. Consider using execution profiles.
[2024-03-19T19:32:51.846+0000] {processor.py:840} INFO - DAG(s) 'Airflow_and_Cassandra' retrieved from /opt/airflow/dags/insert_cassandra.py
[2024-03-19T19:32:51.883+0000] {logging_mixin.py:188} INFO - [2024-03-19T19:32:51.883+0000] {dag.py:3047} INFO - Sync 1 DAGs
[2024-03-19T19:32:51.911+0000] {logging_mixin.py:188} INFO - [2024-03-19T19:32:51.911+0000] {dag.py:3834} INFO - Setting next_dagrun for Airflow_and_Cassandra to 2024-03-19 19:32:00+00:00, run_after=2024-03-19 19:33:00+00:00
[2024-03-19T19:32:51.944+0000] {processor.py:183} INFO - Processing /opt/airflow/dags/insert_cassandra.py took 0.184 seconds
[2024-03-19T19:33:22.231+0000] {processor.py:161} INFO - Started process (PID=401) to work on /opt/airflow/dags/insert_cassandra.py
[2024-03-19T19:33:22.235+0000] {processor.py:830} INFO - Processing file /opt/airflow/dags/insert_cassandra.py for tasks to queue
[2024-03-19T19:33:22.240+0000] {logging_mixin.py:188} INFO - [2024-03-19T19:33:22.240+0000] {dagbag.py:540} INFO - Filling up the DagBag from /opt/airflow/dags/insert_cassandra.py
[2024-03-19T19:33:22.283+0000] {logging_mixin.py:188} INFO - [2024-03-19T19:33:22.283+0000] {base.py:83} INFO - Using connection ID 'cassandra_default' for task execution.
[2024-03-19T19:33:22.295+0000] {logging_mixin.py:188} WARNING - /home/airflow/.local/lib/python3.8/site-packages/airflow/providers/apache/cassandra/hooks/cassandra.py:120 DeprecationWarning: Legacy execution parameters will be removed in 4.0. Consider using execution profiles.
[2024-03-19T19:33:22.335+0000] {processor.py:840} INFO - DAG(s) 'Airflow_and_Cassandra' retrieved from /opt/airflow/dags/insert_cassandra.py
[2024-03-19T19:33:22.363+0000] {logging_mixin.py:188} INFO - [2024-03-19T19:33:22.363+0000] {dag.py:3047} INFO - Sync 1 DAGs
[2024-03-19T19:33:22.394+0000] {logging_mixin.py:188} INFO - [2024-03-19T19:33:22.394+0000] {dag.py:3834} INFO - Setting next_dagrun for Airflow_and_Cassandra to 2024-03-19 19:33:00+00:00, run_after=2024-03-19 19:34:00+00:00
[2024-03-19T19:33:22.412+0000] {processor.py:183} INFO - Processing /opt/airflow/dags/insert_cassandra.py took 0.191 seconds
[2024-03-19T19:33:52.743+0000] {processor.py:161} INFO - Started process (PID=410) to work on /opt/airflow/dags/insert_cassandra.py
[2024-03-19T19:33:52.748+0000] {processor.py:830} INFO - Processing file /opt/airflow/dags/insert_cassandra.py for tasks to queue
[2024-03-19T19:33:52.754+0000] {logging_mixin.py:188} INFO - [2024-03-19T19:33:52.753+0000] {dagbag.py:540} INFO - Filling up the DagBag from /opt/airflow/dags/insert_cassandra.py
[2024-03-19T19:33:52.803+0000] {logging_mixin.py:188} INFO - [2024-03-19T19:33:52.802+0000] {base.py:83} INFO - Using connection ID 'cassandra_default' for task execution.
[2024-03-19T19:33:52.815+0000] {logging_mixin.py:188} WARNING - /home/airflow/.local/lib/python3.8/site-packages/airflow/providers/apache/cassandra/hooks/cassandra.py:120 DeprecationWarning: Legacy execution parameters will be removed in 4.0. Consider using execution profiles.
[2024-03-19T19:33:52.833+0000] {processor.py:840} INFO - DAG(s) 'Airflow_and_Cassandra' retrieved from /opt/airflow/dags/insert_cassandra.py
[2024-03-19T19:33:52.875+0000] {logging_mixin.py:188} INFO - [2024-03-19T19:33:52.874+0000] {dag.py:3047} INFO - Sync 1 DAGs
[2024-03-19T19:33:52.908+0000] {logging_mixin.py:188} INFO - [2024-03-19T19:33:52.908+0000] {dag.py:3834} INFO - Setting next_dagrun for Airflow_and_Cassandra to 2024-03-19 19:33:00+00:00, run_after=2024-03-19 19:34:00+00:00
[2024-03-19T19:33:52.926+0000] {processor.py:183} INFO - Processing /opt/airflow/dags/insert_cassandra.py took 0.192 seconds
[2024-03-19T19:34:16.079+0000] {processor.py:161} INFO - Started process (PID=419) to work on /opt/airflow/dags/insert_cassandra.py
[2024-03-19T19:34:16.082+0000] {processor.py:830} INFO - Processing file /opt/airflow/dags/insert_cassandra.py for tasks to queue
[2024-03-19T19:34:16.087+0000] {logging_mixin.py:188} INFO - [2024-03-19T19:34:16.086+0000] {dagbag.py:540} INFO - Filling up the DagBag from /opt/airflow/dags/insert_cassandra.py
[2024-03-19T19:34:16.130+0000] {logging_mixin.py:188} INFO - [2024-03-19T19:34:16.130+0000] {base.py:83} INFO - Using connection ID 'cassandra_default' for task execution.
[2024-03-19T19:34:16.140+0000] {logging_mixin.py:188} WARNING - /home/airflow/.local/lib/python3.8/site-packages/airflow/providers/apache/cassandra/hooks/cassandra.py:120 DeprecationWarning: Legacy execution parameters will be removed in 4.0. Consider using execution profiles.
[2024-03-19T19:34:16.154+0000] {processor.py:840} INFO - DAG(s) 'Airflow_and_Cassandra' retrieved from /opt/airflow/dags/insert_cassandra.py
[2024-03-19T19:34:16.174+0000] {logging_mixin.py:188} INFO - [2024-03-19T19:34:16.173+0000] {dag.py:3047} INFO - Sync 1 DAGs
[2024-03-19T19:34:16.212+0000] {logging_mixin.py:188} INFO - [2024-03-19T19:34:16.212+0000] {dag.py:3834} INFO - Setting next_dagrun for Airflow_and_Cassandra to 2024-03-19 19:34:00+00:00, run_after=2024-03-19 19:35:00+00:00
[2024-03-19T19:34:16.231+0000] {processor.py:183} INFO - Processing /opt/airflow/dags/insert_cassandra.py took 0.159 seconds
[2024-03-19T19:34:33.475+0000] {processor.py:161} INFO - Started process (PID=422) to work on /opt/airflow/dags/insert_cassandra.py
[2024-03-19T19:34:33.477+0000] {processor.py:830} INFO - Processing file /opt/airflow/dags/insert_cassandra.py for tasks to queue
[2024-03-19T19:34:33.481+0000] {logging_mixin.py:188} INFO - [2024-03-19T19:34:33.480+0000] {dagbag.py:540} INFO - Filling up the DagBag from /opt/airflow/dags/insert_cassandra.py
[2024-03-19T19:34:33.513+0000] {processor.py:840} INFO - DAG(s) 'Airflow_and_Cassandra' retrieved from /opt/airflow/dags/insert_cassandra.py
[2024-03-19T19:34:33.549+0000] {logging_mixin.py:188} INFO - [2024-03-19T19:34:33.549+0000] {dag.py:3047} INFO - Sync 1 DAGs
[2024-03-19T19:34:33.576+0000] {logging_mixin.py:188} INFO - [2024-03-19T19:34:33.576+0000] {dag.py:3834} INFO - Setting next_dagrun for Airflow_and_Cassandra to 2024-03-19 19:34:00+00:00, run_after=2024-03-19 19:35:00+00:00
[2024-03-19T19:34:33.595+0000] {processor.py:183} INFO - Processing /opt/airflow/dags/insert_cassandra.py took 0.126 seconds
[2024-03-19T19:35:04.023+0000] {processor.py:161} INFO - Started process (PID=436) to work on /opt/airflow/dags/insert_cassandra.py
[2024-03-19T19:35:04.026+0000] {processor.py:830} INFO - Processing file /opt/airflow/dags/insert_cassandra.py for tasks to queue
[2024-03-19T19:35:04.030+0000] {logging_mixin.py:188} INFO - [2024-03-19T19:35:04.030+0000] {dagbag.py:540} INFO - Filling up the DagBag from /opt/airflow/dags/insert_cassandra.py
[2024-03-19T19:35:04.051+0000] {processor.py:840} INFO - DAG(s) 'Airflow_and_Cassandra' retrieved from /opt/airflow/dags/insert_cassandra.py
[2024-03-19T19:35:04.096+0000] {logging_mixin.py:188} INFO - [2024-03-19T19:35:04.096+0000] {dag.py:3047} INFO - Sync 1 DAGs
[2024-03-19T19:35:04.122+0000] {logging_mixin.py:188} INFO - [2024-03-19T19:35:04.122+0000] {dag.py:3834} INFO - Setting next_dagrun for Airflow_and_Cassandra to 2024-03-19 19:35:00+00:00, run_after=2024-03-19 19:36:00+00:00
[2024-03-19T19:35:04.139+0000] {processor.py:183} INFO - Processing /opt/airflow/dags/insert_cassandra.py took 0.124 seconds
[2024-03-19T19:35:34.495+0000] {processor.py:161} INFO - Started process (PID=444) to work on /opt/airflow/dags/insert_cassandra.py
[2024-03-19T19:35:34.497+0000] {processor.py:830} INFO - Processing file /opt/airflow/dags/insert_cassandra.py for tasks to queue
[2024-03-19T19:35:34.500+0000] {logging_mixin.py:188} INFO - [2024-03-19T19:35:34.500+0000] {dagbag.py:540} INFO - Filling up the DagBag from /opt/airflow/dags/insert_cassandra.py
[2024-03-19T19:35:34.517+0000] {processor.py:840} INFO - DAG(s) 'Airflow_and_Cassandra' retrieved from /opt/airflow/dags/insert_cassandra.py
[2024-03-19T19:35:34.556+0000] {logging_mixin.py:188} INFO - [2024-03-19T19:35:34.556+0000] {dag.py:3047} INFO - Sync 1 DAGs
[2024-03-19T19:35:34.592+0000] {logging_mixin.py:188} INFO - [2024-03-19T19:35:34.591+0000] {dag.py:3834} INFO - Setting next_dagrun for Airflow_and_Cassandra to 2024-03-19 19:35:00+00:00, run_after=2024-03-19 19:36:00+00:00
[2024-03-19T19:35:34.608+0000] {processor.py:183} INFO - Processing /opt/airflow/dags/insert_cassandra.py took 0.121 seconds
[2024-03-19T19:36:05.138+0000] {processor.py:161} INFO - Started process (PID=452) to work on /opt/airflow/dags/insert_cassandra.py
[2024-03-19T19:36:05.142+0000] {processor.py:830} INFO - Processing file /opt/airflow/dags/insert_cassandra.py for tasks to queue
[2024-03-19T19:36:05.148+0000] {logging_mixin.py:188} INFO - [2024-03-19T19:36:05.147+0000] {dagbag.py:540} INFO - Filling up the DagBag from /opt/airflow/dags/insert_cassandra.py
[2024-03-19T19:36:05.184+0000] {processor.py:840} INFO - DAG(s) 'Airflow_and_Cassandra' retrieved from /opt/airflow/dags/insert_cassandra.py
[2024-03-19T19:36:05.239+0000] {logging_mixin.py:188} INFO - [2024-03-19T19:36:05.239+0000] {dag.py:3047} INFO - Sync 1 DAGs
[2024-03-19T19:36:05.266+0000] {logging_mixin.py:188} INFO - [2024-03-19T19:36:05.266+0000] {dag.py:3834} INFO - Setting next_dagrun for Airflow_and_Cassandra to 2024-03-19 19:36:00+00:00, run_after=2024-03-19 19:37:00+00:00
[2024-03-19T19:36:05.284+0000] {processor.py:183} INFO - Processing /opt/airflow/dags/insert_cassandra.py took 0.156 seconds
[2024-03-19T19:36:35.821+0000] {processor.py:161} INFO - Started process (PID=460) to work on /opt/airflow/dags/insert_cassandra.py
[2024-03-19T19:36:35.824+0000] {processor.py:830} INFO - Processing file /opt/airflow/dags/insert_cassandra.py for tasks to queue
[2024-03-19T19:36:35.830+0000] {logging_mixin.py:188} INFO - [2024-03-19T19:36:35.829+0000] {dagbag.py:540} INFO - Filling up the DagBag from /opt/airflow/dags/insert_cassandra.py
[2024-03-19T19:36:35.861+0000] {processor.py:840} INFO - DAG(s) 'Airflow_and_Cassandra' retrieved from /opt/airflow/dags/insert_cassandra.py
[2024-03-19T19:36:35.906+0000] {logging_mixin.py:188} INFO - [2024-03-19T19:36:35.906+0000] {dag.py:3047} INFO - Sync 1 DAGs
[2024-03-19T19:36:35.964+0000] {logging_mixin.py:188} INFO - [2024-03-19T19:36:35.963+0000] {dag.py:3834} INFO - Setting next_dagrun for Airflow_and_Cassandra to 2024-03-19 19:36:00+00:00, run_after=2024-03-19 19:37:00+00:00
[2024-03-19T19:36:35.982+0000] {processor.py:183} INFO - Processing /opt/airflow/dags/insert_cassandra.py took 0.195 seconds
[2024-03-19T19:37:06.350+0000] {processor.py:161} INFO - Started process (PID=468) to work on /opt/airflow/dags/insert_cassandra.py
[2024-03-19T19:37:06.354+0000] {processor.py:830} INFO - Processing file /opt/airflow/dags/insert_cassandra.py for tasks to queue
[2024-03-19T19:37:06.359+0000] {logging_mixin.py:188} INFO - [2024-03-19T19:37:06.359+0000] {dagbag.py:540} INFO - Filling up the DagBag from /opt/airflow/dags/insert_cassandra.py
[2024-03-19T19:37:06.381+0000] {processor.py:840} INFO - DAG(s) 'Airflow_and_Cassandra' retrieved from /opt/airflow/dags/insert_cassandra.py
[2024-03-19T19:37:06.432+0000] {logging_mixin.py:188} INFO - [2024-03-19T19:37:06.432+0000] {dag.py:3047} INFO - Sync 1 DAGs
[2024-03-19T19:37:06.464+0000] {logging_mixin.py:188} INFO - [2024-03-19T19:37:06.464+0000] {dag.py:3834} INFO - Setting next_dagrun for Airflow_and_Cassandra to 2024-03-19 19:37:00+00:00, run_after=2024-03-19 19:38:00+00:00
[2024-03-19T19:37:06.515+0000] {processor.py:183} INFO - Processing /opt/airflow/dags/insert_cassandra.py took 0.175 seconds
[2024-03-19T19:37:36.947+0000] {processor.py:161} INFO - Started process (PID=476) to work on /opt/airflow/dags/insert_cassandra.py
[2024-03-19T19:37:36.951+0000] {processor.py:830} INFO - Processing file /opt/airflow/dags/insert_cassandra.py for tasks to queue
[2024-03-19T19:37:36.956+0000] {logging_mixin.py:188} INFO - [2024-03-19T19:37:36.956+0000] {dagbag.py:540} INFO - Filling up the DagBag from /opt/airflow/dags/insert_cassandra.py
[2024-03-19T19:37:36.982+0000] {processor.py:840} INFO - DAG(s) 'Airflow_and_Cassandra' retrieved from /opt/airflow/dags/insert_cassandra.py
[2024-03-19T19:37:37.029+0000] {logging_mixin.py:188} INFO - [2024-03-19T19:37:37.029+0000] {dag.py:3047} INFO - Sync 1 DAGs
[2024-03-19T19:37:37.080+0000] {logging_mixin.py:188} INFO - [2024-03-19T19:37:37.080+0000] {dag.py:3834} INFO - Setting next_dagrun for Airflow_and_Cassandra to 2024-03-19 19:37:00+00:00, run_after=2024-03-19 19:38:00+00:00
[2024-03-19T19:37:37.099+0000] {processor.py:183} INFO - Processing /opt/airflow/dags/insert_cassandra.py took 0.180 seconds
[2024-03-19T19:37:39.080+0000] {processor.py:161} INFO - Started process (PID=477) to work on /opt/airflow/dags/insert_cassandra.py
[2024-03-19T19:37:39.082+0000] {processor.py:830} INFO - Processing file /opt/airflow/dags/insert_cassandra.py for tasks to queue
[2024-03-19T19:37:39.085+0000] {logging_mixin.py:188} INFO - [2024-03-19T19:37:39.084+0000] {dagbag.py:540} INFO - Filling up the DagBag from /opt/airflow/dags/insert_cassandra.py
[2024-03-19T19:37:39.099+0000] {processor.py:840} INFO - DAG(s) 'Airflow_and_Cassandra' retrieved from /opt/airflow/dags/insert_cassandra.py
[2024-03-19T19:37:39.124+0000] {logging_mixin.py:188} INFO - [2024-03-19T19:37:39.124+0000] {dag.py:3047} INFO - Sync 1 DAGs
[2024-03-19T19:37:39.141+0000] {logging_mixin.py:188} INFO - [2024-03-19T19:37:39.141+0000] {dag.py:3834} INFO - Setting next_dagrun for Airflow_and_Cassandra to 2024-03-19 19:37:00+00:00, run_after=2024-03-19 19:38:00+00:00
[2024-03-19T19:37:39.154+0000] {processor.py:183} INFO - Processing /opt/airflow/dags/insert_cassandra.py took 0.081 seconds
[2024-03-19T19:38:09.712+0000] {processor.py:161} INFO - Started process (PID=485) to work on /opt/airflow/dags/insert_cassandra.py
[2024-03-19T19:38:09.715+0000] {processor.py:830} INFO - Processing file /opt/airflow/dags/insert_cassandra.py for tasks to queue
[2024-03-19T19:38:09.720+0000] {logging_mixin.py:188} INFO - [2024-03-19T19:38:09.719+0000] {dagbag.py:540} INFO - Filling up the DagBag from /opt/airflow/dags/insert_cassandra.py
[2024-03-19T19:38:09.772+0000] {processor.py:840} INFO - DAG(s) 'Airflow_and_Cassandra' retrieved from /opt/airflow/dags/insert_cassandra.py
[2024-03-19T19:38:09.820+0000] {logging_mixin.py:188} INFO - [2024-03-19T19:38:09.819+0000] {dag.py:3047} INFO - Sync 1 DAGs
[2024-03-19T19:38:09.884+0000] {logging_mixin.py:188} INFO - [2024-03-19T19:38:09.884+0000] {dag.py:3834} INFO - Setting next_dagrun for Airflow_and_Cassandra to 2024-03-19 19:38:00+00:00, run_after=2024-03-19 19:39:00+00:00
[2024-03-19T19:38:09.906+0000] {processor.py:183} INFO - Processing /opt/airflow/dags/insert_cassandra.py took 0.202 seconds
[2024-03-19T19:38:40.358+0000] {processor.py:161} INFO - Started process (PID=493) to work on /opt/airflow/dags/insert_cassandra.py
[2024-03-19T19:38:40.362+0000] {processor.py:830} INFO - Processing file /opt/airflow/dags/insert_cassandra.py for tasks to queue
[2024-03-19T19:38:40.366+0000] {logging_mixin.py:188} INFO - [2024-03-19T19:38:40.366+0000] {dagbag.py:540} INFO - Filling up the DagBag from /opt/airflow/dags/insert_cassandra.py
[2024-03-19T19:38:40.388+0000] {processor.py:840} INFO - DAG(s) 'Airflow_and_Cassandra' retrieved from /opt/airflow/dags/insert_cassandra.py
[2024-03-19T19:38:40.449+0000] {logging_mixin.py:188} INFO - [2024-03-19T19:38:40.449+0000] {dag.py:3047} INFO - Sync 1 DAGs
[2024-03-19T19:38:40.494+0000] {logging_mixin.py:188} INFO - [2024-03-19T19:38:40.494+0000] {dag.py:3834} INFO - Setting next_dagrun for Airflow_and_Cassandra to 2024-03-19 19:38:00+00:00, run_after=2024-03-19 19:39:00+00:00
[2024-03-19T19:38:40.515+0000] {processor.py:183} INFO - Processing /opt/airflow/dags/insert_cassandra.py took 0.166 seconds
[2024-03-19T19:39:10.930+0000] {processor.py:161} INFO - Started process (PID=501) to work on /opt/airflow/dags/insert_cassandra.py
[2024-03-19T19:39:10.934+0000] {processor.py:830} INFO - Processing file /opt/airflow/dags/insert_cassandra.py for tasks to queue
[2024-03-19T19:39:10.941+0000] {logging_mixin.py:188} INFO - [2024-03-19T19:39:10.940+0000] {dagbag.py:540} INFO - Filling up the DagBag from /opt/airflow/dags/insert_cassandra.py
[2024-03-19T19:39:10.966+0000] {processor.py:840} INFO - DAG(s) 'Airflow_and_Cassandra' retrieved from /opt/airflow/dags/insert_cassandra.py
[2024-03-19T19:39:11.021+0000] {logging_mixin.py:188} INFO - [2024-03-19T19:39:11.021+0000] {dag.py:3047} INFO - Sync 1 DAGs
[2024-03-19T19:39:11.055+0000] {logging_mixin.py:188} INFO - [2024-03-19T19:39:11.055+0000] {dag.py:3834} INFO - Setting next_dagrun for Airflow_and_Cassandra to 2024-03-19 19:39:00+00:00, run_after=2024-03-19 19:40:00+00:00
[2024-03-19T19:39:11.090+0000] {processor.py:183} INFO - Processing /opt/airflow/dags/insert_cassandra.py took 0.175 seconds
[2024-03-19T19:39:16.075+0000] {processor.py:161} INFO - Started process (PID=502) to work on /opt/airflow/dags/insert_cassandra.py
[2024-03-19T19:39:16.078+0000] {processor.py:830} INFO - Processing file /opt/airflow/dags/insert_cassandra.py for tasks to queue
[2024-03-19T19:39:16.085+0000] {logging_mixin.py:188} INFO - [2024-03-19T19:39:16.084+0000] {dagbag.py:540} INFO - Filling up the DagBag from /opt/airflow/dags/insert_cassandra.py
[2024-03-19T19:39:16.117+0000] {processor.py:840} INFO - DAG(s) 'Airflow_and_Cassandra' retrieved from /opt/airflow/dags/insert_cassandra.py
[2024-03-19T19:39:16.188+0000] {logging_mixin.py:188} INFO - [2024-03-19T19:39:16.188+0000] {dag.py:3047} INFO - Sync 1 DAGs
[2024-03-19T19:39:16.226+0000] {logging_mixin.py:188} INFO - [2024-03-19T19:39:16.226+0000] {dag.py:3834} INFO - Setting next_dagrun for Airflow_and_Cassandra to 2024-03-19 19:39:00+00:00, run_after=2024-03-19 19:40:00+00:00
[2024-03-19T19:39:16.256+0000] {processor.py:183} INFO - Processing /opt/airflow/dags/insert_cassandra.py took 0.195 seconds
[2024-03-19T19:39:46.765+0000] {processor.py:161} INFO - Started process (PID=510) to work on /opt/airflow/dags/insert_cassandra.py
[2024-03-19T19:39:46.775+0000] {processor.py:830} INFO - Processing file /opt/airflow/dags/insert_cassandra.py for tasks to queue
[2024-03-19T19:39:46.779+0000] {logging_mixin.py:188} INFO - [2024-03-19T19:39:46.778+0000] {dagbag.py:540} INFO - Filling up the DagBag from /opt/airflow/dags/insert_cassandra.py
[2024-03-19T19:39:46.800+0000] {processor.py:840} INFO - DAG(s) 'Airflow_and_Cassandra' retrieved from /opt/airflow/dags/insert_cassandra.py
[2024-03-19T19:39:46.873+0000] {logging_mixin.py:188} INFO - [2024-03-19T19:39:46.873+0000] {dag.py:3047} INFO - Sync 1 DAGs
[2024-03-19T19:39:46.909+0000] {logging_mixin.py:188} INFO - [2024-03-19T19:39:46.909+0000] {dag.py:3834} INFO - Setting next_dagrun for Airflow_and_Cassandra to 2024-03-19 19:39:00+00:00, run_after=2024-03-19 19:40:00+00:00
[2024-03-19T19:39:46.929+0000] {processor.py:183} INFO - Processing /opt/airflow/dags/insert_cassandra.py took 0.180 seconds
[2024-03-19T19:40:17.430+0000] {processor.py:161} INFO - Started process (PID=518) to work on /opt/airflow/dags/insert_cassandra.py
[2024-03-19T19:40:17.434+0000] {processor.py:830} INFO - Processing file /opt/airflow/dags/insert_cassandra.py for tasks to queue
[2024-03-19T19:40:17.439+0000] {logging_mixin.py:188} INFO - [2024-03-19T19:40:17.438+0000] {dagbag.py:540} INFO - Filling up the DagBag from /opt/airflow/dags/insert_cassandra.py
[2024-03-19T19:40:17.490+0000] {processor.py:840} INFO - DAG(s) 'Airflow_and_Cassandra' retrieved from /opt/airflow/dags/insert_cassandra.py
[2024-03-19T19:40:17.569+0000] {logging_mixin.py:188} INFO - [2024-03-19T19:40:17.568+0000] {dag.py:3047} INFO - Sync 1 DAGs
[2024-03-19T19:40:17.604+0000] {logging_mixin.py:188} INFO - [2024-03-19T19:40:17.604+0000] {dag.py:3834} INFO - Setting next_dagrun for Airflow_and_Cassandra to 2024-03-19 19:40:00+00:00, run_after=2024-03-19 19:41:00+00:00
[2024-03-19T19:40:17.624+0000] {processor.py:183} INFO - Processing /opt/airflow/dags/insert_cassandra.py took 0.205 seconds
[2024-03-19T19:40:48.145+0000] {processor.py:161} INFO - Started process (PID=526) to work on /opt/airflow/dags/insert_cassandra.py
[2024-03-19T19:40:48.148+0000] {processor.py:830} INFO - Processing file /opt/airflow/dags/insert_cassandra.py for tasks to queue
[2024-03-19T19:40:48.152+0000] {logging_mixin.py:188} INFO - [2024-03-19T19:40:48.151+0000] {dagbag.py:540} INFO - Filling up the DagBag from /opt/airflow/dags/insert_cassandra.py
[2024-03-19T19:40:48.190+0000] {processor.py:840} INFO - DAG(s) 'Airflow_and_Cassandra' retrieved from /opt/airflow/dags/insert_cassandra.py
[2024-03-19T19:40:48.228+0000] {logging_mixin.py:188} INFO - [2024-03-19T19:40:48.228+0000] {dag.py:3047} INFO - Sync 1 DAGs
[2024-03-19T19:40:48.257+0000] {logging_mixin.py:188} INFO - [2024-03-19T19:40:48.257+0000] {dag.py:3834} INFO - Setting next_dagrun for Airflow_and_Cassandra to 2024-03-19 19:40:00+00:00, run_after=2024-03-19 19:41:00+00:00
[2024-03-19T19:40:48.280+0000] {processor.py:183} INFO - Processing /opt/airflow/dags/insert_cassandra.py took 0.141 seconds
[2024-03-19T19:41:18.648+0000] {processor.py:161} INFO - Started process (PID=534) to work on /opt/airflow/dags/insert_cassandra.py
[2024-03-19T19:41:18.652+0000] {processor.py:830} INFO - Processing file /opt/airflow/dags/insert_cassandra.py for tasks to queue
[2024-03-19T19:41:18.657+0000] {logging_mixin.py:188} INFO - [2024-03-19T19:41:18.657+0000] {dagbag.py:540} INFO - Filling up the DagBag from /opt/airflow/dags/insert_cassandra.py
[2024-03-19T19:41:18.693+0000] {processor.py:840} INFO - DAG(s) 'Airflow_and_Cassandra' retrieved from /opt/airflow/dags/insert_cassandra.py
[2024-03-19T19:41:18.767+0000] {logging_mixin.py:188} INFO - [2024-03-19T19:41:18.767+0000] {dag.py:3047} INFO - Sync 1 DAGs
[2024-03-19T19:41:18.803+0000] {logging_mixin.py:188} INFO - [2024-03-19T19:41:18.803+0000] {dag.py:3834} INFO - Setting next_dagrun for Airflow_and_Cassandra to 2024-03-19 19:41:00+00:00, run_after=2024-03-19 19:42:00+00:00
[2024-03-19T19:41:18.821+0000] {processor.py:183} INFO - Processing /opt/airflow/dags/insert_cassandra.py took 0.184 seconds
[2024-03-19T19:41:49.228+0000] {processor.py:161} INFO - Started process (PID=542) to work on /opt/airflow/dags/insert_cassandra.py
[2024-03-19T19:41:49.235+0000] {processor.py:830} INFO - Processing file /opt/airflow/dags/insert_cassandra.py for tasks to queue
[2024-03-19T19:41:49.251+0000] {logging_mixin.py:188} INFO - [2024-03-19T19:41:49.251+0000] {dagbag.py:540} INFO - Filling up the DagBag from /opt/airflow/dags/insert_cassandra.py
[2024-03-19T19:41:49.272+0000] {processor.py:840} INFO - DAG(s) 'Airflow_and_Cassandra' retrieved from /opt/airflow/dags/insert_cassandra.py
[2024-03-19T19:41:49.309+0000] {logging_mixin.py:188} INFO - [2024-03-19T19:41:49.309+0000] {dag.py:3047} INFO - Sync 1 DAGs
[2024-03-19T19:41:49.342+0000] {logging_mixin.py:188} INFO - [2024-03-19T19:41:49.342+0000] {dag.py:3834} INFO - Setting next_dagrun for Airflow_and_Cassandra to 2024-03-19 19:41:00+00:00, run_after=2024-03-19 19:42:00+00:00
[2024-03-19T19:41:49.359+0000] {processor.py:183} INFO - Processing /opt/airflow/dags/insert_cassandra.py took 0.141 seconds
[2024-03-19T19:42:19.845+0000] {processor.py:161} INFO - Started process (PID=550) to work on /opt/airflow/dags/insert_cassandra.py
[2024-03-19T19:42:19.857+0000] {processor.py:830} INFO - Processing file /opt/airflow/dags/insert_cassandra.py for tasks to queue
[2024-03-19T19:42:19.865+0000] {logging_mixin.py:188} INFO - [2024-03-19T19:42:19.865+0000] {dagbag.py:540} INFO - Filling up the DagBag from /opt/airflow/dags/insert_cassandra.py
[2024-03-19T19:42:19.957+0000] {processor.py:840} INFO - DAG(s) 'Airflow_and_Cassandra' retrieved from /opt/airflow/dags/insert_cassandra.py
[2024-03-19T19:42:20.024+0000] {logging_mixin.py:188} INFO - [2024-03-19T19:42:20.024+0000] {dag.py:3047} INFO - Sync 1 DAGs
[2024-03-19T19:42:20.071+0000] {logging_mixin.py:188} INFO - [2024-03-19T19:42:20.070+0000] {dag.py:3834} INFO - Setting next_dagrun for Airflow_and_Cassandra to 2024-03-19 19:42:00+00:00, run_after=2024-03-19 19:43:00+00:00
[2024-03-19T19:42:20.089+0000] {processor.py:183} INFO - Processing /opt/airflow/dags/insert_cassandra.py took 0.272 seconds
[2024-03-19T19:42:50.622+0000] {processor.py:161} INFO - Started process (PID=558) to work on /opt/airflow/dags/insert_cassandra.py
[2024-03-19T19:42:50.626+0000] {processor.py:830} INFO - Processing file /opt/airflow/dags/insert_cassandra.py for tasks to queue
[2024-03-19T19:42:50.631+0000] {logging_mixin.py:188} INFO - [2024-03-19T19:42:50.630+0000] {dagbag.py:540} INFO - Filling up the DagBag from /opt/airflow/dags/insert_cassandra.py
[2024-03-19T19:42:50.658+0000] {processor.py:840} INFO - DAG(s) 'Airflow_and_Cassandra' retrieved from /opt/airflow/dags/insert_cassandra.py
[2024-03-19T19:42:50.734+0000] {logging_mixin.py:188} INFO - [2024-03-19T19:42:50.734+0000] {dag.py:3047} INFO - Sync 1 DAGs
[2024-03-19T19:42:50.780+0000] {logging_mixin.py:188} INFO - [2024-03-19T19:42:50.780+0000] {dag.py:3834} INFO - Setting next_dagrun for Airflow_and_Cassandra to 2024-03-19 19:42:00+00:00, run_after=2024-03-19 19:43:00+00:00
[2024-03-19T19:42:50.804+0000] {processor.py:183} INFO - Processing /opt/airflow/dags/insert_cassandra.py took 0.191 seconds
[2024-03-19T19:43:21.209+0000] {processor.py:161} INFO - Started process (PID=566) to work on /opt/airflow/dags/insert_cassandra.py
[2024-03-19T19:43:21.213+0000] {processor.py:830} INFO - Processing file /opt/airflow/dags/insert_cassandra.py for tasks to queue
[2024-03-19T19:43:21.218+0000] {logging_mixin.py:188} INFO - [2024-03-19T19:43:21.217+0000] {dagbag.py:540} INFO - Filling up the DagBag from /opt/airflow/dags/insert_cassandra.py
[2024-03-19T19:43:21.245+0000] {processor.py:840} INFO - DAG(s) 'Airflow_and_Cassandra' retrieved from /opt/airflow/dags/insert_cassandra.py
[2024-03-19T19:43:21.515+0000] {logging_mixin.py:188} INFO - [2024-03-19T19:43:21.514+0000] {dag.py:3047} INFO - Sync 1 DAGs
[2024-03-19T19:43:21.584+0000] {logging_mixin.py:188} INFO - [2024-03-19T19:43:21.584+0000] {dag.py:3834} INFO - Setting next_dagrun for Airflow_and_Cassandra to 2024-03-19 19:43:00+00:00, run_after=2024-03-19 19:44:00+00:00
[2024-03-19T19:43:21.615+0000] {processor.py:183} INFO - Processing /opt/airflow/dags/insert_cassandra.py took 0.413 seconds
[2024-03-19T19:43:51.851+0000] {processor.py:161} INFO - Started process (PID=574) to work on /opt/airflow/dags/insert_cassandra.py
[2024-03-19T19:43:51.861+0000] {processor.py:830} INFO - Processing file /opt/airflow/dags/insert_cassandra.py for tasks to queue
[2024-03-19T19:43:51.866+0000] {logging_mixin.py:188} INFO - [2024-03-19T19:43:51.865+0000] {dagbag.py:540} INFO - Filling up the DagBag from /opt/airflow/dags/insert_cassandra.py
[2024-03-19T19:43:51.889+0000] {processor.py:840} INFO - DAG(s) 'Airflow_and_Cassandra' retrieved from /opt/airflow/dags/insert_cassandra.py
[2024-03-19T19:43:51.946+0000] {logging_mixin.py:188} INFO - [2024-03-19T19:43:51.946+0000] {dag.py:3047} INFO - Sync 1 DAGs
[2024-03-19T19:43:51.982+0000] {logging_mixin.py:188} INFO - [2024-03-19T19:43:51.982+0000] {dag.py:3834} INFO - Setting next_dagrun for Airflow_and_Cassandra to 2024-03-19 19:43:00+00:00, run_after=2024-03-19 19:44:00+00:00
[2024-03-19T19:43:52.028+0000] {processor.py:183} INFO - Processing /opt/airflow/dags/insert_cassandra.py took 0.206 seconds
[2024-03-19T19:44:05.079+0000] {processor.py:161} INFO - Started process (PID=575) to work on /opt/airflow/dags/insert_cassandra.py
[2024-03-19T19:44:05.088+0000] {processor.py:830} INFO - Processing file /opt/airflow/dags/insert_cassandra.py for tasks to queue
[2024-03-19T19:44:05.106+0000] {logging_mixin.py:188} INFO - [2024-03-19T19:44:05.105+0000] {dagbag.py:540} INFO - Filling up the DagBag from /opt/airflow/dags/insert_cassandra.py
[2024-03-19T19:44:05.135+0000] {processor.py:840} INFO - DAG(s) 'Airflow_and_Cassandra' retrieved from /opt/airflow/dags/insert_cassandra.py
[2024-03-19T19:44:05.193+0000] {logging_mixin.py:188} INFO - [2024-03-19T19:44:05.192+0000] {dag.py:3047} INFO - Sync 1 DAGs
[2024-03-19T19:44:05.223+0000] {logging_mixin.py:188} INFO - [2024-03-19T19:44:05.222+0000] {dag.py:3834} INFO - Setting next_dagrun for Airflow_and_Cassandra to 2024-03-19 19:44:00+00:00, run_after=2024-03-19 19:45:00+00:00
[2024-03-19T19:44:05.246+0000] {processor.py:183} INFO - Processing /opt/airflow/dags/insert_cassandra.py took 0.179 seconds
[2024-03-19T19:44:09.415+0000] {processor.py:161} INFO - Started process (PID=583) to work on /opt/airflow/dags/insert_cassandra.py
[2024-03-19T19:44:09.423+0000] {processor.py:830} INFO - Processing file /opt/airflow/dags/insert_cassandra.py for tasks to queue
[2024-03-19T19:44:09.438+0000] {logging_mixin.py:188} INFO - [2024-03-19T19:44:09.437+0000] {dagbag.py:540} INFO - Filling up the DagBag from /opt/airflow/dags/insert_cassandra.py
[2024-03-19T19:44:09.468+0000] {processor.py:840} INFO - DAG(s) 'Airflow_and_Cassandra' retrieved from /opt/airflow/dags/insert_cassandra.py
[2024-03-19T19:44:09.521+0000] {logging_mixin.py:188} INFO - [2024-03-19T19:44:09.520+0000] {dag.py:3047} INFO - Sync 1 DAGs
[2024-03-19T19:44:09.551+0000] {logging_mixin.py:188} INFO - [2024-03-19T19:44:09.551+0000] {dag.py:3834} INFO - Setting next_dagrun for Airflow_and_Cassandra to 2024-03-19 19:44:00+00:00, run_after=2024-03-19 19:45:00+00:00
[2024-03-19T19:44:09.587+0000] {processor.py:183} INFO - Processing /opt/airflow/dags/insert_cassandra.py took 0.186 seconds
[2024-03-19T19:44:40.158+0000] {processor.py:161} INFO - Started process (PID=591) to work on /opt/airflow/dags/insert_cassandra.py
[2024-03-19T19:44:40.164+0000] {processor.py:830} INFO - Processing file /opt/airflow/dags/insert_cassandra.py for tasks to queue
[2024-03-19T19:44:40.173+0000] {logging_mixin.py:188} INFO - [2024-03-19T19:44:40.172+0000] {dagbag.py:540} INFO - Filling up the DagBag from /opt/airflow/dags/insert_cassandra.py
[2024-03-19T19:44:40.208+0000] {processor.py:840} INFO - DAG(s) 'Airflow_and_Cassandra' retrieved from /opt/airflow/dags/insert_cassandra.py
[2024-03-19T19:44:40.285+0000] {logging_mixin.py:188} INFO - [2024-03-19T19:44:40.285+0000] {dag.py:3047} INFO - Sync 1 DAGs
[2024-03-19T19:44:40.323+0000] {logging_mixin.py:188} INFO - [2024-03-19T19:44:40.319+0000] {dag.py:3834} INFO - Setting next_dagrun for Airflow_and_Cassandra to 2024-03-19 19:44:00+00:00, run_after=2024-03-19 19:45:00+00:00
[2024-03-19T19:44:40.440+0000] {processor.py:183} INFO - Processing /opt/airflow/dags/insert_cassandra.py took 0.303 seconds
[2024-03-19T19:45:10.884+0000] {processor.py:161} INFO - Started process (PID=599) to work on /opt/airflow/dags/insert_cassandra.py
[2024-03-19T19:45:10.888+0000] {processor.py:830} INFO - Processing file /opt/airflow/dags/insert_cassandra.py for tasks to queue
[2024-03-19T19:45:10.892+0000] {logging_mixin.py:188} INFO - [2024-03-19T19:45:10.892+0000] {dagbag.py:540} INFO - Filling up the DagBag from /opt/airflow/dags/insert_cassandra.py
[2024-03-19T19:45:10.907+0000] {processor.py:840} INFO - DAG(s) 'Airflow_and_Cassandra' retrieved from /opt/airflow/dags/insert_cassandra.py
[2024-03-19T19:45:10.941+0000] {logging_mixin.py:188} INFO - [2024-03-19T19:45:10.941+0000] {dag.py:3047} INFO - Sync 1 DAGs
[2024-03-19T19:45:10.970+0000] {logging_mixin.py:188} INFO - [2024-03-19T19:45:10.970+0000] {dag.py:3834} INFO - Setting next_dagrun for Airflow_and_Cassandra to 2024-03-19 19:45:00+00:00, run_after=2024-03-19 19:46:00+00:00
[2024-03-19T19:45:10.987+0000] {processor.py:183} INFO - Processing /opt/airflow/dags/insert_cassandra.py took 0.113 seconds
[2024-03-19T19:45:33.215+0000] {processor.py:161} INFO - Started process (PID=600) to work on /opt/airflow/dags/insert_cassandra.py
[2024-03-19T19:45:33.225+0000] {processor.py:830} INFO - Processing file /opt/airflow/dags/insert_cassandra.py for tasks to queue
[2024-03-19T19:45:33.234+0000] {logging_mixin.py:188} INFO - [2024-03-19T19:45:33.233+0000] {dagbag.py:540} INFO - Filling up the DagBag from /opt/airflow/dags/insert_cassandra.py
[2024-03-19T19:45:33.261+0000] {processor.py:840} INFO - DAG(s) 'Airflow_and_Cassandra' retrieved from /opt/airflow/dags/insert_cassandra.py
[2024-03-19T19:45:33.319+0000] {logging_mixin.py:188} INFO - [2024-03-19T19:45:33.318+0000] {dag.py:3047} INFO - Sync 1 DAGs
[2024-03-19T19:45:33.358+0000] {logging_mixin.py:188} INFO - [2024-03-19T19:45:33.358+0000] {dag.py:3834} INFO - Setting next_dagrun for Airflow_and_Cassandra to 2024-03-19 19:45:00+00:00, run_after=2024-03-19 19:46:00+00:00
[2024-03-19T19:45:33.383+0000] {processor.py:183} INFO - Processing /opt/airflow/dags/insert_cassandra.py took 0.176 seconds
[2024-03-19T19:45:36.490+0000] {processor.py:161} INFO - Started process (PID=601) to work on /opt/airflow/dags/insert_cassandra.py
[2024-03-19T19:45:36.493+0000] {processor.py:830} INFO - Processing file /opt/airflow/dags/insert_cassandra.py for tasks to queue
[2024-03-19T19:45:36.523+0000] {logging_mixin.py:188} INFO - [2024-03-19T19:45:36.520+0000] {dagbag.py:540} INFO - Filling up the DagBag from /opt/airflow/dags/insert_cassandra.py
[2024-03-19T19:45:36.580+0000] {processor.py:840} INFO - DAG(s) 'Airflow_and_Cassandra' retrieved from /opt/airflow/dags/insert_cassandra.py
[2024-03-19T19:45:36.636+0000] {logging_mixin.py:188} INFO - [2024-03-19T19:45:36.635+0000] {dag.py:3047} INFO - Sync 1 DAGs
[2024-03-19T19:45:36.670+0000] {logging_mixin.py:188} INFO - [2024-03-19T19:45:36.670+0000] {dag.py:3834} INFO - Setting next_dagrun for Airflow_and_Cassandra to 2024-03-19 19:45:00+00:00, run_after=2024-03-19 19:46:00+00:00
[2024-03-19T19:45:36.693+0000] {processor.py:183} INFO - Processing /opt/airflow/dags/insert_cassandra.py took 0.212 seconds
[2024-03-19T19:46:07.208+0000] {processor.py:161} INFO - Started process (PID=615) to work on /opt/airflow/dags/insert_cassandra.py
[2024-03-19T19:46:07.213+0000] {processor.py:830} INFO - Processing file /opt/airflow/dags/insert_cassandra.py for tasks to queue
[2024-03-19T19:46:07.219+0000] {logging_mixin.py:188} INFO - [2024-03-19T19:46:07.218+0000] {dagbag.py:540} INFO - Filling up the DagBag from /opt/airflow/dags/insert_cassandra.py
[2024-03-19T19:46:07.256+0000] {processor.py:840} INFO - DAG(s) 'Airflow_and_Cassandra' retrieved from /opt/airflow/dags/insert_cassandra.py
[2024-03-19T19:46:07.341+0000] {logging_mixin.py:188} INFO - [2024-03-19T19:46:07.340+0000] {dag.py:3047} INFO - Sync 1 DAGs
[2024-03-19T19:46:07.389+0000] {logging_mixin.py:188} INFO - [2024-03-19T19:46:07.389+0000] {dag.py:3834} INFO - Setting next_dagrun for Airflow_and_Cassandra to 2024-03-19 19:46:00+00:00, run_after=2024-03-19 19:47:00+00:00
[2024-03-19T19:46:07.411+0000] {processor.py:183} INFO - Processing /opt/airflow/dags/insert_cassandra.py took 0.214 seconds
[2024-03-19T19:46:37.874+0000] {processor.py:161} INFO - Started process (PID=623) to work on /opt/airflow/dags/insert_cassandra.py
[2024-03-19T19:46:37.877+0000] {processor.py:830} INFO - Processing file /opt/airflow/dags/insert_cassandra.py for tasks to queue
[2024-03-19T19:46:37.884+0000] {logging_mixin.py:188} INFO - [2024-03-19T19:46:37.883+0000] {dagbag.py:540} INFO - Filling up the DagBag from /opt/airflow/dags/insert_cassandra.py
[2024-03-19T19:46:37.925+0000] {processor.py:840} INFO - DAG(s) 'Airflow_and_Cassandra' retrieved from /opt/airflow/dags/insert_cassandra.py
[2024-03-19T19:46:38.009+0000] {logging_mixin.py:188} INFO - [2024-03-19T19:46:38.007+0000] {dag.py:3047} INFO - Sync 1 DAGs
[2024-03-19T19:46:38.047+0000] {logging_mixin.py:188} INFO - [2024-03-19T19:46:38.047+0000] {dag.py:3834} INFO - Setting next_dagrun for Airflow_and_Cassandra to 2024-03-19 19:46:00+00:00, run_after=2024-03-19 19:47:00+00:00
[2024-03-19T19:46:38.068+0000] {processor.py:183} INFO - Processing /opt/airflow/dags/insert_cassandra.py took 0.205 seconds
[2024-03-19T19:47:08.616+0000] {processor.py:161} INFO - Started process (PID=630) to work on /opt/airflow/dags/insert_cassandra.py
[2024-03-19T19:47:08.620+0000] {processor.py:830} INFO - Processing file /opt/airflow/dags/insert_cassandra.py for tasks to queue
[2024-03-19T19:47:08.626+0000] {logging_mixin.py:188} INFO - [2024-03-19T19:47:08.625+0000] {dagbag.py:540} INFO - Filling up the DagBag from /opt/airflow/dags/insert_cassandra.py
[2024-03-19T19:47:08.670+0000] {processor.py:840} INFO - DAG(s) 'Airflow_and_Cassandra' retrieved from /opt/airflow/dags/insert_cassandra.py
[2024-03-19T19:47:08.723+0000] {logging_mixin.py:188} INFO - [2024-03-19T19:47:08.722+0000] {dag.py:3047} INFO - Sync 1 DAGs
[2024-03-19T19:47:08.767+0000] {logging_mixin.py:188} INFO - [2024-03-19T19:47:08.767+0000] {dag.py:3834} INFO - Setting next_dagrun for Airflow_and_Cassandra to 2024-03-19 19:47:00+00:00, run_after=2024-03-19 19:48:00+00:00
[2024-03-19T19:47:08.789+0000] {processor.py:183} INFO - Processing /opt/airflow/dags/insert_cassandra.py took 0.181 seconds
[2024-03-19T19:47:39.236+0000] {processor.py:161} INFO - Started process (PID=639) to work on /opt/airflow/dags/insert_cassandra.py
[2024-03-19T19:47:39.239+0000] {processor.py:830} INFO - Processing file /opt/airflow/dags/insert_cassandra.py for tasks to queue
[2024-03-19T19:47:39.246+0000] {logging_mixin.py:188} INFO - [2024-03-19T19:47:39.245+0000] {dagbag.py:540} INFO - Filling up the DagBag from /opt/airflow/dags/insert_cassandra.py
[2024-03-19T19:47:39.272+0000] {processor.py:840} INFO - DAG(s) 'Airflow_and_Cassandra' retrieved from /opt/airflow/dags/insert_cassandra.py
[2024-03-19T19:47:39.320+0000] {logging_mixin.py:188} INFO - [2024-03-19T19:47:39.320+0000] {dag.py:3047} INFO - Sync 1 DAGs
[2024-03-19T19:47:39.375+0000] {logging_mixin.py:188} INFO - [2024-03-19T19:47:39.375+0000] {dag.py:3834} INFO - Setting next_dagrun for Airflow_and_Cassandra to 2024-03-19 19:47:00+00:00, run_after=2024-03-19 19:48:00+00:00
[2024-03-19T19:47:39.401+0000] {processor.py:183} INFO - Processing /opt/airflow/dags/insert_cassandra.py took 0.180 seconds
[2024-03-19T19:48:09.886+0000] {processor.py:161} INFO - Started process (PID=647) to work on /opt/airflow/dags/insert_cassandra.py
[2024-03-19T19:48:09.890+0000] {processor.py:830} INFO - Processing file /opt/airflow/dags/insert_cassandra.py for tasks to queue
[2024-03-19T19:48:09.897+0000] {logging_mixin.py:188} INFO - [2024-03-19T19:48:09.896+0000] {dagbag.py:540} INFO - Filling up the DagBag from /opt/airflow/dags/insert_cassandra.py
[2024-03-19T19:48:09.932+0000] {processor.py:840} INFO - DAG(s) 'Airflow_and_Cassandra' retrieved from /opt/airflow/dags/insert_cassandra.py
[2024-03-19T19:48:10.011+0000] {logging_mixin.py:188} INFO - [2024-03-19T19:48:10.011+0000] {dag.py:3047} INFO - Sync 1 DAGs
[2024-03-19T19:48:10.198+0000] {logging_mixin.py:188} INFO - [2024-03-19T19:48:10.198+0000] {dag.py:3834} INFO - Setting next_dagrun for Airflow_and_Cassandra to 2024-03-19 19:48:00+00:00, run_after=2024-03-19 19:49:00+00:00
[2024-03-19T19:48:10.317+0000] {processor.py:183} INFO - Processing /opt/airflow/dags/insert_cassandra.py took 0.449 seconds
[2024-03-19T19:48:40.995+0000] {processor.py:161} INFO - Started process (PID=655) to work on /opt/airflow/dags/insert_cassandra.py
[2024-03-19T19:48:40.999+0000] {processor.py:830} INFO - Processing file /opt/airflow/dags/insert_cassandra.py for tasks to queue
[2024-03-19T19:48:41.012+0000] {logging_mixin.py:188} INFO - [2024-03-19T19:48:41.009+0000] {dagbag.py:540} INFO - Filling up the DagBag from /opt/airflow/dags/insert_cassandra.py
[2024-03-19T19:48:41.045+0000] {processor.py:840} INFO - DAG(s) 'Airflow_and_Cassandra' retrieved from /opt/airflow/dags/insert_cassandra.py
[2024-03-19T19:48:41.116+0000] {logging_mixin.py:188} INFO - [2024-03-19T19:48:41.116+0000] {dag.py:3047} INFO - Sync 1 DAGs
[2024-03-19T19:48:41.183+0000] {logging_mixin.py:188} INFO - [2024-03-19T19:48:41.183+0000] {dag.py:3834} INFO - Setting next_dagrun for Airflow_and_Cassandra to 2024-03-19 19:48:00+00:00, run_after=2024-03-19 19:49:00+00:00
[2024-03-19T19:48:41.213+0000] {processor.py:183} INFO - Processing /opt/airflow/dags/insert_cassandra.py took 0.228 seconds
[2024-03-19T19:49:12.022+0000] {processor.py:161} INFO - Started process (PID=663) to work on /opt/airflow/dags/insert_cassandra.py
[2024-03-19T19:49:12.025+0000] {processor.py:830} INFO - Processing file /opt/airflow/dags/insert_cassandra.py for tasks to queue
[2024-03-19T19:49:12.030+0000] {logging_mixin.py:188} INFO - [2024-03-19T19:49:12.029+0000] {dagbag.py:540} INFO - Filling up the DagBag from /opt/airflow/dags/insert_cassandra.py
[2024-03-19T19:49:12.065+0000] {processor.py:840} INFO - DAG(s) 'Airflow_and_Cassandra' retrieved from /opt/airflow/dags/insert_cassandra.py
[2024-03-19T19:49:12.140+0000] {logging_mixin.py:188} INFO - [2024-03-19T19:49:12.140+0000] {dag.py:3047} INFO - Sync 1 DAGs
[2024-03-19T19:49:12.177+0000] {logging_mixin.py:188} INFO - [2024-03-19T19:49:12.177+0000] {dag.py:3834} INFO - Setting next_dagrun for Airflow_and_Cassandra to 2024-03-19 19:49:00+00:00, run_after=2024-03-19 19:50:00+00:00
[2024-03-19T19:49:12.198+0000] {processor.py:183} INFO - Processing /opt/airflow/dags/insert_cassandra.py took 0.197 seconds
[2024-03-19T19:49:43.084+0000] {processor.py:161} INFO - Started process (PID=672) to work on /opt/airflow/dags/insert_cassandra.py
[2024-03-19T19:49:43.088+0000] {processor.py:830} INFO - Processing file /opt/airflow/dags/insert_cassandra.py for tasks to queue
[2024-03-19T19:49:43.095+0000] {logging_mixin.py:188} INFO - [2024-03-19T19:49:43.094+0000] {dagbag.py:540} INFO - Filling up the DagBag from /opt/airflow/dags/insert_cassandra.py
[2024-03-19T19:49:43.171+0000] {processor.py:840} INFO - DAG(s) 'Airflow_and_Cassandra' retrieved from /opt/airflow/dags/insert_cassandra.py
[2024-03-19T19:49:43.284+0000] {logging_mixin.py:188} INFO - [2024-03-19T19:49:43.284+0000] {dag.py:3047} INFO - Sync 1 DAGs
[2024-03-19T19:49:43.339+0000] {logging_mixin.py:188} INFO - [2024-03-19T19:49:43.339+0000] {dag.py:3834} INFO - Setting next_dagrun for Airflow_and_Cassandra to 2024-03-19 19:49:00+00:00, run_after=2024-03-19 19:50:00+00:00
[2024-03-19T19:49:43.371+0000] {processor.py:183} INFO - Processing /opt/airflow/dags/insert_cassandra.py took 0.296 seconds
[2024-03-19T19:50:14.426+0000] {processor.py:161} INFO - Started process (PID=680) to work on /opt/airflow/dags/insert_cassandra.py
[2024-03-19T19:50:14.429+0000] {processor.py:830} INFO - Processing file /opt/airflow/dags/insert_cassandra.py for tasks to queue
[2024-03-19T19:50:14.435+0000] {logging_mixin.py:188} INFO - [2024-03-19T19:50:14.434+0000] {dagbag.py:540} INFO - Filling up the DagBag from /opt/airflow/dags/insert_cassandra.py
[2024-03-19T19:50:14.480+0000] {processor.py:840} INFO - DAG(s) 'Airflow_and_Cassandra' retrieved from /opt/airflow/dags/insert_cassandra.py
[2024-03-19T19:50:14.541+0000] {logging_mixin.py:188} INFO - [2024-03-19T19:50:14.541+0000] {dag.py:3047} INFO - Sync 1 DAGs
[2024-03-19T19:50:14.596+0000] {logging_mixin.py:188} INFO - [2024-03-19T19:50:14.596+0000] {dag.py:3834} INFO - Setting next_dagrun for Airflow_and_Cassandra to 2024-03-19 19:50:00+00:00, run_after=2024-03-19 19:51:00+00:00
[2024-03-19T19:50:14.619+0000] {processor.py:183} INFO - Processing /opt/airflow/dags/insert_cassandra.py took 0.200 seconds
[2024-03-19T19:50:44.931+0000] {processor.py:161} INFO - Started process (PID=688) to work on /opt/airflow/dags/insert_cassandra.py
[2024-03-19T19:50:44.935+0000] {processor.py:830} INFO - Processing file /opt/airflow/dags/insert_cassandra.py for tasks to queue
[2024-03-19T19:50:44.948+0000] {logging_mixin.py:188} INFO - [2024-03-19T19:50:44.946+0000] {dagbag.py:540} INFO - Filling up the DagBag from /opt/airflow/dags/insert_cassandra.py
[2024-03-19T19:50:44.984+0000] {processor.py:840} INFO - DAG(s) 'Airflow_and_Cassandra' retrieved from /opt/airflow/dags/insert_cassandra.py
[2024-03-19T19:50:45.043+0000] {logging_mixin.py:188} INFO - [2024-03-19T19:50:45.043+0000] {dag.py:3047} INFO - Sync 1 DAGs
[2024-03-19T19:50:45.074+0000] {logging_mixin.py:188} INFO - [2024-03-19T19:50:45.074+0000] {dag.py:3834} INFO - Setting next_dagrun for Airflow_and_Cassandra to 2024-03-19 19:50:00+00:00, run_after=2024-03-19 19:51:00+00:00
[2024-03-19T19:50:45.101+0000] {processor.py:183} INFO - Processing /opt/airflow/dags/insert_cassandra.py took 0.179 seconds
[2024-03-19T19:51:15.769+0000] {processor.py:161} INFO - Started process (PID=696) to work on /opt/airflow/dags/insert_cassandra.py
[2024-03-19T19:51:15.773+0000] {processor.py:830} INFO - Processing file /opt/airflow/dags/insert_cassandra.py for tasks to queue
[2024-03-19T19:51:15.778+0000] {logging_mixin.py:188} INFO - [2024-03-19T19:51:15.777+0000] {dagbag.py:540} INFO - Filling up the DagBag from /opt/airflow/dags/insert_cassandra.py
[2024-03-19T19:51:15.804+0000] {processor.py:840} INFO - DAG(s) 'Airflow_and_Cassandra' retrieved from /opt/airflow/dags/insert_cassandra.py
[2024-03-19T19:51:15.876+0000] {logging_mixin.py:188} INFO - [2024-03-19T19:51:15.876+0000] {dag.py:3047} INFO - Sync 1 DAGs
[2024-03-19T19:51:15.935+0000] {logging_mixin.py:188} INFO - [2024-03-19T19:51:15.935+0000] {dag.py:3834} INFO - Setting next_dagrun for Airflow_and_Cassandra to 2024-03-19 19:51:00+00:00, run_after=2024-03-19 19:52:00+00:00
[2024-03-19T19:51:15.954+0000] {processor.py:183} INFO - Processing /opt/airflow/dags/insert_cassandra.py took 0.195 seconds
[2024-03-19T19:51:46.517+0000] {processor.py:161} INFO - Started process (PID=704) to work on /opt/airflow/dags/insert_cassandra.py
[2024-03-19T19:51:46.522+0000] {processor.py:830} INFO - Processing file /opt/airflow/dags/insert_cassandra.py for tasks to queue
[2024-03-19T19:51:46.528+0000] {logging_mixin.py:188} INFO - [2024-03-19T19:51:46.527+0000] {dagbag.py:540} INFO - Filling up the DagBag from /opt/airflow/dags/insert_cassandra.py
[2024-03-19T19:51:46.566+0000] {processor.py:840} INFO - DAG(s) 'Airflow_and_Cassandra' retrieved from /opt/airflow/dags/insert_cassandra.py
[2024-03-19T19:51:46.649+0000] {logging_mixin.py:188} INFO - [2024-03-19T19:51:46.649+0000] {dag.py:3047} INFO - Sync 1 DAGs
[2024-03-19T19:51:46.684+0000] {logging_mixin.py:188} INFO - [2024-03-19T19:51:46.684+0000] {dag.py:3834} INFO - Setting next_dagrun for Airflow_and_Cassandra to 2024-03-19 19:51:00+00:00, run_after=2024-03-19 19:52:00+00:00
[2024-03-19T19:51:46.707+0000] {processor.py:183} INFO - Processing /opt/airflow/dags/insert_cassandra.py took 0.200 seconds
[2024-03-19T19:52:17.050+0000] {processor.py:161} INFO - Started process (PID=713) to work on /opt/airflow/dags/insert_cassandra.py
[2024-03-19T19:52:17.053+0000] {processor.py:830} INFO - Processing file /opt/airflow/dags/insert_cassandra.py for tasks to queue
[2024-03-19T19:52:17.057+0000] {logging_mixin.py:188} INFO - [2024-03-19T19:52:17.056+0000] {dagbag.py:540} INFO - Filling up the DagBag from /opt/airflow/dags/insert_cassandra.py
[2024-03-19T19:52:17.077+0000] {processor.py:840} INFO - DAG(s) 'Airflow_and_Cassandra' retrieved from /opt/airflow/dags/insert_cassandra.py
[2024-03-19T19:52:17.134+0000] {logging_mixin.py:188} INFO - [2024-03-19T19:52:17.133+0000] {dag.py:3047} INFO - Sync 1 DAGs
[2024-03-19T19:52:17.159+0000] {logging_mixin.py:188} INFO - [2024-03-19T19:52:17.159+0000] {dag.py:3834} INFO - Setting next_dagrun for Airflow_and_Cassandra to 2024-03-19 19:52:00+00:00, run_after=2024-03-19 19:53:00+00:00
[2024-03-19T19:52:17.175+0000] {processor.py:183} INFO - Processing /opt/airflow/dags/insert_cassandra.py took 0.132 seconds
[2024-03-19T19:52:48.439+0000] {processor.py:161} INFO - Started process (PID=721) to work on /opt/airflow/dags/insert_cassandra.py
[2024-03-19T19:52:48.484+0000] {processor.py:830} INFO - Processing file /opt/airflow/dags/insert_cassandra.py for tasks to queue
[2024-03-19T19:52:49.638+0000] {logging_mixin.py:188} INFO - [2024-03-19T19:52:49.614+0000] {dagbag.py:540} INFO - Filling up the DagBag from /opt/airflow/dags/insert_cassandra.py
[2024-03-19T19:52:50.177+0000] {processor.py:840} INFO - DAG(s) 'Airflow_and_Cassandra' retrieved from /opt/airflow/dags/insert_cassandra.py
[2024-03-19T19:52:50.431+0000] {logging_mixin.py:188} INFO - [2024-03-19T19:52:50.430+0000] {dag.py:3047} INFO - Sync 1 DAGs
[2024-03-19T19:52:50.534+0000] {logging_mixin.py:188} INFO - [2024-03-19T19:52:50.534+0000] {dag.py:3834} INFO - Setting next_dagrun for Airflow_and_Cassandra to 2024-03-19 19:52:00+00:00, run_after=2024-03-19 19:53:00+00:00
[2024-03-19T19:52:50.592+0000] {processor.py:183} INFO - Processing /opt/airflow/dags/insert_cassandra.py took 2.176 seconds
