[2024-03-19T18:56:39.034+0000] {processor.py:161} INFO - Started process (PID=45) to work on /opt/airflow/dags/printout.py
[2024-03-19T18:56:39.051+0000] {processor.py:830} INFO - Processing file /opt/airflow/dags/printout.py for tasks to queue
[2024-03-19T18:56:39.144+0000] {logging_mixin.py:188} INFO - [2024-03-19T18:56:39.131+0000] {dagbag.py:540} INFO - Filling up the DagBag from /opt/airflow/dags/printout.py
[2024-03-19T18:56:39.517+0000] {processor.py:840} INFO - DAG(s) 'my_first_dag' retrieved from /opt/airflow/dags/printout.py
[2024-03-19T18:56:40.960+0000] {logging_mixin.py:188} INFO - [2024-03-19T18:56:40.956+0000] {override.py:1769} INFO - Created Permission View: can read on DAG:my_first_dag
[2024-03-19T18:56:40.981+0000] {logging_mixin.py:188} INFO - [2024-03-19T18:56:40.980+0000] {override.py:1769} INFO - Created Permission View: can edit on DAG:my_first_dag
[2024-03-19T18:56:41.010+0000] {logging_mixin.py:188} INFO - [2024-03-19T18:56:41.009+0000] {override.py:1769} INFO - Created Permission View: can delete on DAG:my_first_dag
[2024-03-19T18:56:41.012+0000] {logging_mixin.py:188} INFO - [2024-03-19T18:56:41.012+0000] {dag.py:3047} INFO - Sync 1 DAGs
[2024-03-19T18:56:41.065+0000] {logging_mixin.py:188} INFO - [2024-03-19T18:56:41.064+0000] {dag.py:3069} INFO - Creating ORM DAG for my_first_dag
[2024-03-19T18:56:41.136+0000] {logging_mixin.py:188} INFO - [2024-03-19T18:56:41.135+0000] {dag.py:3834} INFO - Setting next_dagrun for my_first_dag to 2023-09-29 00:00:00+00:00, run_after=2023-09-29 00:01:00+00:00
[2024-03-19T18:56:41.238+0000] {processor.py:183} INFO - Processing /opt/airflow/dags/printout.py took 2.280 seconds
[2024-03-19T18:57:12.880+0000] {processor.py:161} INFO - Started process (PID=52) to work on /opt/airflow/dags/printout.py
[2024-03-19T18:57:12.929+0000] {processor.py:830} INFO - Processing file /opt/airflow/dags/printout.py for tasks to queue
[2024-03-19T18:57:13.120+0000] {logging_mixin.py:188} INFO - [2024-03-19T18:57:13.072+0000] {dagbag.py:540} INFO - Filling up the DagBag from /opt/airflow/dags/printout.py
[2024-03-19T18:57:14.124+0000] {processor.py:840} INFO - DAG(s) 'my_first_dag' retrieved from /opt/airflow/dags/printout.py
[2024-03-19T18:57:15.626+0000] {logging_mixin.py:188} INFO - [2024-03-19T18:57:15.621+0000] {dag.py:3047} INFO - Sync 1 DAGs
[2024-03-19T18:57:16.562+0000] {logging_mixin.py:188} INFO - [2024-03-19T18:57:16.561+0000] {dag.py:3834} INFO - Setting next_dagrun for my_first_dag to 2023-09-29 00:00:00+00:00, run_after=2023-09-29 00:01:00+00:00
[2024-03-19T18:57:17.318+0000] {processor.py:183} INFO - Processing /opt/airflow/dags/printout.py took 4.760 seconds
[2024-03-19T18:57:48.517+0000] {processor.py:161} INFO - Started process (PID=59) to work on /opt/airflow/dags/printout.py
[2024-03-19T18:57:48.544+0000] {processor.py:830} INFO - Processing file /opt/airflow/dags/printout.py for tasks to queue
[2024-03-19T18:57:48.716+0000] {logging_mixin.py:188} INFO - [2024-03-19T18:57:48.689+0000] {dagbag.py:540} INFO - Filling up the DagBag from /opt/airflow/dags/printout.py
[2024-03-19T18:57:50.081+0000] {processor.py:840} INFO - DAG(s) 'my_first_dag' retrieved from /opt/airflow/dags/printout.py
[2024-03-19T18:57:51.341+0000] {logging_mixin.py:188} INFO - [2024-03-19T18:57:51.340+0000] {dag.py:3047} INFO - Sync 1 DAGs
[2024-03-19T18:57:51.590+0000] {logging_mixin.py:188} INFO - [2024-03-19T18:57:51.588+0000] {dag.py:3834} INFO - Setting next_dagrun for my_first_dag to 2023-09-29 00:00:00+00:00, run_after=2023-09-29 00:01:00+00:00
[2024-03-19T18:57:51.677+0000] {processor.py:183} INFO - Processing /opt/airflow/dags/printout.py took 3.448 seconds
[2024-03-19T18:58:23.763+0000] {processor.py:161} INFO - Started process (PID=66) to work on /opt/airflow/dags/printout.py
[2024-03-19T18:58:23.815+0000] {processor.py:830} INFO - Processing file /opt/airflow/dags/printout.py for tasks to queue
[2024-03-19T18:58:24.057+0000] {logging_mixin.py:188} INFO - [2024-03-19T18:58:24.042+0000] {dagbag.py:540} INFO - Filling up the DagBag from /opt/airflow/dags/printout.py
[2024-03-19T18:58:24.998+0000] {processor.py:840} INFO - DAG(s) 'my_first_dag' retrieved from /opt/airflow/dags/printout.py
[2024-03-19T18:58:25.892+0000] {logging_mixin.py:188} INFO - [2024-03-19T18:58:25.892+0000] {dag.py:3047} INFO - Sync 1 DAGs
[2024-03-19T18:58:26.303+0000] {logging_mixin.py:188} INFO - [2024-03-19T18:58:26.303+0000] {dag.py:3834} INFO - Setting next_dagrun for my_first_dag to 2023-09-29 00:00:00+00:00, run_after=2023-09-29 00:01:00+00:00
[2024-03-19T18:58:26.422+0000] {processor.py:183} INFO - Processing /opt/airflow/dags/printout.py took 3.057 seconds
[2024-03-19T18:59:01.596+0000] {processor.py:161} INFO - Started process (PID=73) to work on /opt/airflow/dags/printout.py
[2024-03-19T18:59:01.817+0000] {processor.py:830} INFO - Processing file /opt/airflow/dags/printout.py for tasks to queue
[2024-03-19T18:59:02.184+0000] {logging_mixin.py:188} INFO - [2024-03-19T18:59:02.144+0000] {dagbag.py:540} INFO - Filling up the DagBag from /opt/airflow/dags/printout.py
[2024-03-19T18:59:03.795+0000] {processor.py:840} INFO - DAG(s) 'my_first_dag' retrieved from /opt/airflow/dags/printout.py
[2024-03-19T18:59:05.634+0000] {logging_mixin.py:188} INFO - [2024-03-19T18:59:05.633+0000] {dag.py:3047} INFO - Sync 1 DAGs
[2024-03-19T18:59:06.260+0000] {logging_mixin.py:188} INFO - [2024-03-19T18:59:06.258+0000] {dag.py:3834} INFO - Setting next_dagrun for my_first_dag to 2023-09-29 00:00:00+00:00, run_after=2023-09-29 00:01:00+00:00
[2024-03-19T18:59:06.374+0000] {processor.py:183} INFO - Processing /opt/airflow/dags/printout.py took 5.235 seconds
[2024-03-19T18:59:39.170+0000] {processor.py:161} INFO - Started process (PID=86) to work on /opt/airflow/dags/printout.py
[2024-03-19T18:59:39.228+0000] {processor.py:830} INFO - Processing file /opt/airflow/dags/printout.py for tasks to queue
[2024-03-19T18:59:39.381+0000] {logging_mixin.py:188} INFO - [2024-03-19T18:59:39.360+0000] {dagbag.py:540} INFO - Filling up the DagBag from /opt/airflow/dags/printout.py
[2024-03-19T18:59:40.259+0000] {processor.py:840} INFO - DAG(s) 'my_first_dag' retrieved from /opt/airflow/dags/printout.py
[2024-03-19T18:59:40.982+0000] {logging_mixin.py:188} INFO - [2024-03-19T18:59:40.981+0000] {dag.py:3047} INFO - Sync 1 DAGs
[2024-03-19T18:59:41.397+0000] {logging_mixin.py:188} INFO - [2024-03-19T18:59:41.397+0000] {dag.py:3834} INFO - Setting next_dagrun for my_first_dag to 2023-09-29 00:00:00+00:00, run_after=2023-09-29 00:01:00+00:00
[2024-03-19T18:59:41.524+0000] {processor.py:183} INFO - Processing /opt/airflow/dags/printout.py took 2.566 seconds
[2024-03-19T19:00:13.175+0000] {processor.py:161} INFO - Started process (PID=93) to work on /opt/airflow/dags/printout.py
[2024-03-19T19:00:13.230+0000] {processor.py:830} INFO - Processing file /opt/airflow/dags/printout.py for tasks to queue
[2024-03-19T19:00:13.486+0000] {logging_mixin.py:188} INFO - [2024-03-19T19:00:13.465+0000] {dagbag.py:540} INFO - Filling up the DagBag from /opt/airflow/dags/printout.py
[2024-03-19T19:00:19.533+0000] {processor.py:840} INFO - DAG(s) 'my_first_dag' retrieved from /opt/airflow/dags/printout.py
[2024-03-19T19:00:21.603+0000] {logging_mixin.py:188} INFO - [2024-03-19T19:00:21.598+0000] {dag.py:3047} INFO - Sync 1 DAGs
[2024-03-19T19:00:22.225+0000] {logging_mixin.py:188} INFO - [2024-03-19T19:00:22.223+0000] {dag.py:3834} INFO - Setting next_dagrun for my_first_dag to 2023-09-29 00:00:00+00:00, run_after=2023-09-29 00:01:00+00:00
[2024-03-19T19:00:22.393+0000] {processor.py:183} INFO - Processing /opt/airflow/dags/printout.py took 9.608 seconds
[2024-03-19T19:00:54.131+0000] {processor.py:161} INFO - Started process (PID=100) to work on /opt/airflow/dags/printout.py
[2024-03-19T19:00:54.164+0000] {processor.py:830} INFO - Processing file /opt/airflow/dags/printout.py for tasks to queue
[2024-03-19T19:00:54.279+0000] {logging_mixin.py:188} INFO - [2024-03-19T19:00:54.264+0000] {dagbag.py:540} INFO - Filling up the DagBag from /opt/airflow/dags/printout.py
[2024-03-19T19:00:55.210+0000] {processor.py:840} INFO - DAG(s) 'my_first_dag' retrieved from /opt/airflow/dags/printout.py
[2024-03-19T19:00:57.008+0000] {logging_mixin.py:188} INFO - [2024-03-19T19:00:56.998+0000] {dag.py:3047} INFO - Sync 1 DAGs
[2024-03-19T19:00:57.894+0000] {logging_mixin.py:188} INFO - [2024-03-19T19:00:57.892+0000] {dag.py:3834} INFO - Setting next_dagrun for my_first_dag to 2023-09-29 00:00:00+00:00, run_after=2023-09-29 00:01:00+00:00
[2024-03-19T19:00:58.710+0000] {processor.py:183} INFO - Processing /opt/airflow/dags/printout.py took 4.813 seconds
[2024-03-19T19:01:31.632+0000] {processor.py:161} INFO - Started process (PID=107) to work on /opt/airflow/dags/printout.py
[2024-03-19T19:01:31.684+0000] {processor.py:830} INFO - Processing file /opt/airflow/dags/printout.py for tasks to queue
[2024-03-19T19:01:31.960+0000] {logging_mixin.py:188} INFO - [2024-03-19T19:01:31.936+0000] {dagbag.py:540} INFO - Filling up the DagBag from /opt/airflow/dags/printout.py
[2024-03-19T19:01:35.147+0000] {processor.py:840} INFO - DAG(s) 'my_first_dag' retrieved from /opt/airflow/dags/printout.py
[2024-03-19T19:01:37.007+0000] {logging_mixin.py:188} INFO - [2024-03-19T19:01:36.992+0000] {dag.py:3047} INFO - Sync 1 DAGs
[2024-03-19T19:01:38.030+0000] {logging_mixin.py:188} INFO - [2024-03-19T19:01:38.029+0000] {dag.py:3834} INFO - Setting next_dagrun for my_first_dag to 2023-09-29 00:00:00+00:00, run_after=2023-09-29 00:01:00+00:00
[2024-03-19T19:01:38.295+0000] {processor.py:183} INFO - Processing /opt/airflow/dags/printout.py took 7.281 seconds
[2024-03-19T19:02:11.019+0000] {processor.py:161} INFO - Started process (PID=115) to work on /opt/airflow/dags/printout.py
[2024-03-19T19:02:11.513+0000] {processor.py:830} INFO - Processing file /opt/airflow/dags/printout.py for tasks to queue
[2024-03-19T19:02:11.751+0000] {logging_mixin.py:188} INFO - [2024-03-19T19:02:11.718+0000] {dagbag.py:540} INFO - Filling up the DagBag from /opt/airflow/dags/printout.py
[2024-03-19T19:02:13.183+0000] {processor.py:840} INFO - DAG(s) 'my_first_dag' retrieved from /opt/airflow/dags/printout.py
[2024-03-19T19:02:15.399+0000] {logging_mixin.py:188} INFO - [2024-03-19T19:02:15.395+0000] {dag.py:3047} INFO - Sync 1 DAGs
[2024-03-19T19:02:16.678+0000] {logging_mixin.py:188} INFO - [2024-03-19T19:02:16.671+0000] {dag.py:3834} INFO - Setting next_dagrun for my_first_dag to 2023-09-29 00:00:00+00:00, run_after=2023-09-29 00:01:00+00:00
[2024-03-19T19:02:17.116+0000] {processor.py:183} INFO - Processing /opt/airflow/dags/printout.py took 6.563 seconds
[2024-03-19T19:02:48.237+0000] {processor.py:161} INFO - Started process (PID=128) to work on /opt/airflow/dags/printout.py
[2024-03-19T19:02:48.966+0000] {processor.py:830} INFO - Processing file /opt/airflow/dags/printout.py for tasks to queue
[2024-03-19T19:02:49.040+0000] {logging_mixin.py:188} INFO - [2024-03-19T19:02:49.035+0000] {dagbag.py:540} INFO - Filling up the DagBag from /opt/airflow/dags/printout.py
[2024-03-19T19:02:49.395+0000] {processor.py:840} INFO - DAG(s) 'my_first_dag' retrieved from /opt/airflow/dags/printout.py
[2024-03-19T19:02:49.847+0000] {logging_mixin.py:188} INFO - [2024-03-19T19:02:49.847+0000] {dag.py:3047} INFO - Sync 1 DAGs
[2024-03-19T19:02:50.161+0000] {logging_mixin.py:188} INFO - [2024-03-19T19:02:50.160+0000] {dag.py:3834} INFO - Setting next_dagrun for my_first_dag to 2023-09-29 00:00:00+00:00, run_after=2023-09-29 00:01:00+00:00
[2024-03-19T19:02:50.292+0000] {processor.py:183} INFO - Processing /opt/airflow/dags/printout.py took 2.172 seconds
[2024-03-19T19:03:21.011+0000] {processor.py:161} INFO - Started process (PID=135) to work on /opt/airflow/dags/printout.py
[2024-03-19T19:03:21.097+0000] {processor.py:830} INFO - Processing file /opt/airflow/dags/printout.py for tasks to queue
[2024-03-19T19:03:21.124+0000] {logging_mixin.py:188} INFO - [2024-03-19T19:03:21.121+0000] {dagbag.py:540} INFO - Filling up the DagBag from /opt/airflow/dags/printout.py
[2024-03-19T19:03:21.630+0000] {processor.py:840} INFO - DAG(s) 'my_first_dag' retrieved from /opt/airflow/dags/printout.py
[2024-03-19T19:03:22.341+0000] {logging_mixin.py:188} INFO - [2024-03-19T19:03:22.341+0000] {dag.py:3047} INFO - Sync 1 DAGs
[2024-03-19T19:03:22.646+0000] {logging_mixin.py:188} INFO - [2024-03-19T19:03:22.645+0000] {dag.py:3834} INFO - Setting next_dagrun for my_first_dag to 2023-09-29 00:00:00+00:00, run_after=2023-09-29 00:01:00+00:00
[2024-03-19T19:03:22.808+0000] {processor.py:183} INFO - Processing /opt/airflow/dags/printout.py took 1.858 seconds
[2024-03-19T19:03:53.903+0000] {processor.py:161} INFO - Started process (PID=143) to work on /opt/airflow/dags/printout.py
[2024-03-19T19:03:53.927+0000] {processor.py:830} INFO - Processing file /opt/airflow/dags/printout.py for tasks to queue
[2024-03-19T19:03:53.967+0000] {logging_mixin.py:188} INFO - [2024-03-19T19:03:53.965+0000] {dagbag.py:540} INFO - Filling up the DagBag from /opt/airflow/dags/printout.py
[2024-03-19T19:03:54.740+0000] {processor.py:840} INFO - DAG(s) 'my_first_dag' retrieved from /opt/airflow/dags/printout.py
[2024-03-19T19:03:55.046+0000] {logging_mixin.py:188} INFO - [2024-03-19T19:03:55.045+0000] {dag.py:3047} INFO - Sync 1 DAGs
[2024-03-19T19:03:55.247+0000] {logging_mixin.py:188} INFO - [2024-03-19T19:03:55.246+0000] {dag.py:3834} INFO - Setting next_dagrun for my_first_dag to 2023-09-29 00:00:00+00:00, run_after=2023-09-29 00:01:00+00:00
[2024-03-19T19:03:55.318+0000] {processor.py:183} INFO - Processing /opt/airflow/dags/printout.py took 1.514 seconds
[2024-03-19T19:04:28.048+0000] {processor.py:161} INFO - Started process (PID=150) to work on /opt/airflow/dags/printout.py
[2024-03-19T19:04:28.447+0000] {processor.py:830} INFO - Processing file /opt/airflow/dags/printout.py for tasks to queue
[2024-03-19T19:04:28.507+0000] {logging_mixin.py:188} INFO - [2024-03-19T19:04:28.503+0000] {dagbag.py:540} INFO - Filling up the DagBag from /opt/airflow/dags/printout.py
[2024-03-19T19:04:28.989+0000] {processor.py:840} INFO - DAG(s) 'my_first_dag' retrieved from /opt/airflow/dags/printout.py
[2024-03-19T19:04:29.442+0000] {logging_mixin.py:188} INFO - [2024-03-19T19:04:29.441+0000] {dag.py:3047} INFO - Sync 1 DAGs
[2024-03-19T19:04:29.636+0000] {logging_mixin.py:188} INFO - [2024-03-19T19:04:29.635+0000] {dag.py:3834} INFO - Setting next_dagrun for my_first_dag to 2023-09-29 00:00:00+00:00, run_after=2023-09-29 00:01:00+00:00
[2024-03-19T19:04:29.735+0000] {processor.py:183} INFO - Processing /opt/airflow/dags/printout.py took 1.806 seconds
[2024-03-19T19:05:02.224+0000] {processor.py:161} INFO - Started process (PID=156) to work on /opt/airflow/dags/printout.py
[2024-03-19T19:05:02.748+0000] {processor.py:830} INFO - Processing file /opt/airflow/dags/printout.py for tasks to queue
[2024-03-19T19:05:03.004+0000] {logging_mixin.py:188} INFO - [2024-03-19T19:05:02.981+0000] {dagbag.py:540} INFO - Filling up the DagBag from /opt/airflow/dags/printout.py
[2024-03-19T19:05:04.669+0000] {processor.py:840} INFO - DAG(s) 'my_first_dag' retrieved from /opt/airflow/dags/printout.py
[2024-03-19T19:05:06.042+0000] {logging_mixin.py:188} INFO - [2024-03-19T19:05:06.033+0000] {dag.py:3047} INFO - Sync 1 DAGs
[2024-03-19T19:05:06.532+0000] {logging_mixin.py:188} INFO - [2024-03-19T19:05:06.529+0000] {dag.py:3834} INFO - Setting next_dagrun for my_first_dag to 2023-09-29 00:00:00+00:00, run_after=2023-09-29 00:01:00+00:00
[2024-03-19T19:05:09.802+0000] {processor.py:183} INFO - Processing /opt/airflow/dags/printout.py took 7.920 seconds
[2024-03-19T19:10:48.056+0000] {processor.py:161} INFO - Started process (PID=46) to work on /opt/airflow/dags/printout.py
[2024-03-19T19:10:48.104+0000] {processor.py:830} INFO - Processing file /opt/airflow/dags/printout.py for tasks to queue
[2024-03-19T19:10:48.170+0000] {logging_mixin.py:188} INFO - [2024-03-19T19:10:48.163+0000] {dagbag.py:540} INFO - Filling up the DagBag from /opt/airflow/dags/printout.py
[2024-03-19T19:10:48.535+0000] {processor.py:840} INFO - DAG(s) 'my_first_dag' retrieved from /opt/airflow/dags/printout.py
[2024-03-19T19:10:50.442+0000] {logging_mixin.py:188} INFO - [2024-03-19T19:10:50.439+0000] {dag.py:3047} INFO - Sync 1 DAGs
[2024-03-19T19:10:50.759+0000] {logging_mixin.py:188} INFO - [2024-03-19T19:10:50.756+0000] {dag.py:3834} INFO - Setting next_dagrun for my_first_dag to 2023-09-29 00:00:00+00:00, run_after=2023-09-29 00:01:00+00:00
[2024-03-19T19:10:51.275+0000] {processor.py:183} INFO - Processing /opt/airflow/dags/printout.py took 3.380 seconds
[2024-03-19T19:11:22.477+0000] {processor.py:161} INFO - Started process (PID=53) to work on /opt/airflow/dags/printout.py
[2024-03-19T19:11:22.485+0000] {processor.py:830} INFO - Processing file /opt/airflow/dags/printout.py for tasks to queue
[2024-03-19T19:11:22.535+0000] {logging_mixin.py:188} INFO - [2024-03-19T19:11:22.518+0000] {dagbag.py:540} INFO - Filling up the DagBag from /opt/airflow/dags/printout.py
[2024-03-19T19:11:23.181+0000] {processor.py:840} INFO - DAG(s) 'my_first_dag' retrieved from /opt/airflow/dags/printout.py
[2024-03-19T19:11:24.437+0000] {logging_mixin.py:188} INFO - [2024-03-19T19:11:24.420+0000] {dag.py:3047} INFO - Sync 1 DAGs
[2024-03-19T19:11:26.665+0000] {logging_mixin.py:188} INFO - [2024-03-19T19:11:26.662+0000] {dag.py:3834} INFO - Setting next_dagrun for my_first_dag to 2023-09-29 00:00:00+00:00, run_after=2023-09-29 00:01:00+00:00
[2024-03-19T19:11:27.218+0000] {processor.py:183} INFO - Processing /opt/airflow/dags/printout.py took 4.810 seconds
[2024-03-19T19:11:58.800+0000] {processor.py:161} INFO - Started process (PID=60) to work on /opt/airflow/dags/printout.py
[2024-03-19T19:11:58.894+0000] {processor.py:830} INFO - Processing file /opt/airflow/dags/printout.py for tasks to queue
[2024-03-19T19:11:59.162+0000] {logging_mixin.py:188} INFO - [2024-03-19T19:11:59.152+0000] {dagbag.py:540} INFO - Filling up the DagBag from /opt/airflow/dags/printout.py
[2024-03-19T19:12:00.535+0000] {processor.py:840} INFO - DAG(s) 'my_first_dag' retrieved from /opt/airflow/dags/printout.py
[2024-03-19T19:12:00.995+0000] {logging_mixin.py:188} INFO - [2024-03-19T19:12:00.994+0000] {dag.py:3047} INFO - Sync 1 DAGs
[2024-03-19T19:12:01.175+0000] {logging_mixin.py:188} INFO - [2024-03-19T19:12:01.174+0000] {dag.py:3834} INFO - Setting next_dagrun for my_first_dag to 2023-09-29 00:00:00+00:00, run_after=2023-09-29 00:01:00+00:00
[2024-03-19T19:12:01.274+0000] {processor.py:183} INFO - Processing /opt/airflow/dags/printout.py took 2.716 seconds
[2024-03-19T19:12:32.210+0000] {processor.py:161} INFO - Started process (PID=67) to work on /opt/airflow/dags/printout.py
[2024-03-19T19:12:32.216+0000] {processor.py:830} INFO - Processing file /opt/airflow/dags/printout.py for tasks to queue
[2024-03-19T19:12:32.291+0000] {logging_mixin.py:188} INFO - [2024-03-19T19:12:32.281+0000] {dagbag.py:540} INFO - Filling up the DagBag from /opt/airflow/dags/printout.py
[2024-03-19T19:12:32.788+0000] {processor.py:840} INFO - DAG(s) 'my_first_dag' retrieved from /opt/airflow/dags/printout.py
[2024-03-19T19:12:33.455+0000] {logging_mixin.py:188} INFO - [2024-03-19T19:12:33.454+0000] {dag.py:3047} INFO - Sync 1 DAGs
[2024-03-19T19:12:34.053+0000] {logging_mixin.py:188} INFO - [2024-03-19T19:12:34.049+0000] {dag.py:3834} INFO - Setting next_dagrun for my_first_dag to 2023-09-29 00:00:00+00:00, run_after=2023-09-29 00:01:00+00:00
[2024-03-19T19:12:34.259+0000] {processor.py:183} INFO - Processing /opt/airflow/dags/printout.py took 2.171 seconds
[2024-03-19T19:13:05.447+0000] {processor.py:161} INFO - Started process (PID=74) to work on /opt/airflow/dags/printout.py
[2024-03-19T19:13:05.538+0000] {processor.py:830} INFO - Processing file /opt/airflow/dags/printout.py for tasks to queue
[2024-03-19T19:13:05.757+0000] {logging_mixin.py:188} INFO - [2024-03-19T19:13:05.735+0000] {dagbag.py:540} INFO - Filling up the DagBag from /opt/airflow/dags/printout.py
[2024-03-19T19:13:06.540+0000] {processor.py:840} INFO - DAG(s) 'my_first_dag' retrieved from /opt/airflow/dags/printout.py
[2024-03-19T19:13:07.350+0000] {logging_mixin.py:188} INFO - [2024-03-19T19:13:07.349+0000] {dag.py:3047} INFO - Sync 1 DAGs
[2024-03-19T19:13:08.238+0000] {logging_mixin.py:188} INFO - [2024-03-19T19:13:08.236+0000] {dag.py:3834} INFO - Setting next_dagrun for my_first_dag to 2023-09-29 00:00:00+00:00, run_after=2023-09-29 00:01:00+00:00
[2024-03-19T19:13:08.417+0000] {processor.py:183} INFO - Processing /opt/airflow/dags/printout.py took 3.306 seconds
[2024-03-19T19:13:39.404+0000] {processor.py:161} INFO - Started process (PID=82) to work on /opt/airflow/dags/printout.py
[2024-03-19T19:13:39.483+0000] {processor.py:830} INFO - Processing file /opt/airflow/dags/printout.py for tasks to queue
[2024-03-19T19:13:39.596+0000] {logging_mixin.py:188} INFO - [2024-03-19T19:13:39.590+0000] {dagbag.py:540} INFO - Filling up the DagBag from /opt/airflow/dags/printout.py
[2024-03-19T19:13:40.235+0000] {processor.py:840} INFO - DAG(s) 'my_first_dag' retrieved from /opt/airflow/dags/printout.py
[2024-03-19T19:13:41.316+0000] {logging_mixin.py:188} INFO - [2024-03-19T19:13:41.313+0000] {dag.py:3047} INFO - Sync 1 DAGs
[2024-03-19T19:13:41.755+0000] {logging_mixin.py:188} INFO - [2024-03-19T19:13:41.755+0000] {dag.py:3834} INFO - Setting next_dagrun for my_first_dag to 2023-09-29 00:00:00+00:00, run_after=2023-09-29 00:01:00+00:00
[2024-03-19T19:13:42.254+0000] {processor.py:183} INFO - Processing /opt/airflow/dags/printout.py took 3.071 seconds
[2024-03-19T19:14:14.393+0000] {processor.py:161} INFO - Started process (PID=90) to work on /opt/airflow/dags/printout.py
[2024-03-19T19:14:14.473+0000] {processor.py:830} INFO - Processing file /opt/airflow/dags/printout.py for tasks to queue
[2024-03-19T19:14:14.574+0000] {logging_mixin.py:188} INFO - [2024-03-19T19:14:14.571+0000] {dagbag.py:540} INFO - Filling up the DagBag from /opt/airflow/dags/printout.py
[2024-03-19T19:14:15.041+0000] {processor.py:840} INFO - DAG(s) 'my_first_dag' retrieved from /opt/airflow/dags/printout.py
[2024-03-19T19:14:16.080+0000] {logging_mixin.py:188} INFO - [2024-03-19T19:14:16.073+0000] {dag.py:3047} INFO - Sync 1 DAGs
[2024-03-19T19:14:16.748+0000] {logging_mixin.py:188} INFO - [2024-03-19T19:14:16.748+0000] {dag.py:3834} INFO - Setting next_dagrun for my_first_dag to 2023-09-29 00:00:00+00:00, run_after=2023-09-29 00:01:00+00:00
[2024-03-19T19:14:16.905+0000] {processor.py:183} INFO - Processing /opt/airflow/dags/printout.py took 2.809 seconds
[2024-03-19T19:14:47.986+0000] {processor.py:161} INFO - Started process (PID=97) to work on /opt/airflow/dags/printout.py
[2024-03-19T19:14:48.049+0000] {processor.py:830} INFO - Processing file /opt/airflow/dags/printout.py for tasks to queue
[2024-03-19T19:14:48.260+0000] {logging_mixin.py:188} INFO - [2024-03-19T19:14:48.237+0000] {dagbag.py:540} INFO - Filling up the DagBag from /opt/airflow/dags/printout.py
[2024-03-19T19:14:48.946+0000] {processor.py:840} INFO - DAG(s) 'my_first_dag' retrieved from /opt/airflow/dags/printout.py
[2024-03-19T19:14:50.161+0000] {logging_mixin.py:188} INFO - [2024-03-19T19:14:50.160+0000] {dag.py:3047} INFO - Sync 1 DAGs
[2024-03-19T19:14:50.863+0000] {logging_mixin.py:188} INFO - [2024-03-19T19:14:50.862+0000] {dag.py:3834} INFO - Setting next_dagrun for my_first_dag to 2023-09-29 00:00:00+00:00, run_after=2023-09-29 00:01:00+00:00
[2024-03-19T19:14:51.019+0000] {processor.py:183} INFO - Processing /opt/airflow/dags/printout.py took 3.183 seconds
[2024-03-19T19:15:21.894+0000] {processor.py:161} INFO - Started process (PID=104) to work on /opt/airflow/dags/printout.py
[2024-03-19T19:15:21.949+0000] {processor.py:830} INFO - Processing file /opt/airflow/dags/printout.py for tasks to queue
[2024-03-19T19:15:22.070+0000] {logging_mixin.py:188} INFO - [2024-03-19T19:15:22.063+0000] {dagbag.py:540} INFO - Filling up the DagBag from /opt/airflow/dags/printout.py
[2024-03-19T19:15:22.754+0000] {processor.py:840} INFO - DAG(s) 'my_first_dag' retrieved from /opt/airflow/dags/printout.py
[2024-03-19T19:15:23.363+0000] {logging_mixin.py:188} INFO - [2024-03-19T19:15:23.362+0000] {dag.py:3047} INFO - Sync 1 DAGs
[2024-03-19T19:15:23.633+0000] {logging_mixin.py:188} INFO - [2024-03-19T19:15:23.631+0000] {dag.py:3834} INFO - Setting next_dagrun for my_first_dag to 2023-09-29 00:00:00+00:00, run_after=2023-09-29 00:01:00+00:00
[2024-03-19T19:15:23.762+0000] {processor.py:183} INFO - Processing /opt/airflow/dags/printout.py took 2.150 seconds
[2024-03-19T19:15:54.458+0000] {processor.py:161} INFO - Started process (PID=111) to work on /opt/airflow/dags/printout.py
[2024-03-19T19:15:54.481+0000] {processor.py:830} INFO - Processing file /opt/airflow/dags/printout.py for tasks to queue
[2024-03-19T19:15:54.671+0000] {logging_mixin.py:188} INFO - [2024-03-19T19:15:54.647+0000] {dagbag.py:540} INFO - Filling up the DagBag from /opt/airflow/dags/printout.py
[2024-03-19T19:15:55.268+0000] {processor.py:840} INFO - DAG(s) 'my_first_dag' retrieved from /opt/airflow/dags/printout.py
[2024-03-19T19:15:55.641+0000] {logging_mixin.py:188} INFO - [2024-03-19T19:15:55.639+0000] {dag.py:3047} INFO - Sync 1 DAGs
[2024-03-19T19:15:55.948+0000] {logging_mixin.py:188} INFO - [2024-03-19T19:15:55.946+0000] {dag.py:3834} INFO - Setting next_dagrun for my_first_dag to 2023-09-29 00:00:00+00:00, run_after=2023-09-29 00:01:00+00:00
[2024-03-19T19:15:56.156+0000] {processor.py:183} INFO - Processing /opt/airflow/dags/printout.py took 1.982 seconds
[2024-03-19T19:16:27.238+0000] {processor.py:161} INFO - Started process (PID=125) to work on /opt/airflow/dags/printout.py
[2024-03-19T19:16:27.265+0000] {processor.py:830} INFO - Processing file /opt/airflow/dags/printout.py for tasks to queue
[2024-03-19T19:16:27.312+0000] {logging_mixin.py:188} INFO - [2024-03-19T19:16:27.308+0000] {dagbag.py:540} INFO - Filling up the DagBag from /opt/airflow/dags/printout.py
[2024-03-19T19:16:27.653+0000] {processor.py:840} INFO - DAG(s) 'my_first_dag' retrieved from /opt/airflow/dags/printout.py
[2024-03-19T19:16:28.625+0000] {logging_mixin.py:188} INFO - [2024-03-19T19:16:28.623+0000] {dag.py:3047} INFO - Sync 1 DAGs
[2024-03-19T19:16:29.791+0000] {logging_mixin.py:188} INFO - [2024-03-19T19:16:29.790+0000] {dag.py:3834} INFO - Setting next_dagrun for my_first_dag to 2023-09-29 00:00:00+00:00, run_after=2023-09-29 00:01:00+00:00
[2024-03-19T19:16:29.915+0000] {processor.py:183} INFO - Processing /opt/airflow/dags/printout.py took 2.780 seconds
[2024-03-19T19:17:00.816+0000] {processor.py:161} INFO - Started process (PID=132) to work on /opt/airflow/dags/printout.py
[2024-03-19T19:17:00.825+0000] {processor.py:830} INFO - Processing file /opt/airflow/dags/printout.py for tasks to queue
[2024-03-19T19:17:00.860+0000] {logging_mixin.py:188} INFO - [2024-03-19T19:17:00.856+0000] {dagbag.py:540} INFO - Filling up the DagBag from /opt/airflow/dags/printout.py
[2024-03-19T19:17:01.062+0000] {processor.py:840} INFO - DAG(s) 'my_first_dag' retrieved from /opt/airflow/dags/printout.py
[2024-03-19T19:17:01.697+0000] {logging_mixin.py:188} INFO - [2024-03-19T19:17:01.695+0000] {dag.py:3047} INFO - Sync 1 DAGs
[2024-03-19T19:17:01.839+0000] {logging_mixin.py:188} INFO - [2024-03-19T19:17:01.838+0000] {dag.py:3834} INFO - Setting next_dagrun for my_first_dag to 2023-09-29 00:00:00+00:00, run_after=2023-09-29 00:01:00+00:00
[2024-03-19T19:17:02.052+0000] {processor.py:183} INFO - Processing /opt/airflow/dags/printout.py took 1.320 seconds
[2024-03-19T19:17:32.502+0000] {processor.py:161} INFO - Started process (PID=139) to work on /opt/airflow/dags/printout.py
[2024-03-19T19:17:32.505+0000] {processor.py:830} INFO - Processing file /opt/airflow/dags/printout.py for tasks to queue
[2024-03-19T19:17:32.517+0000] {logging_mixin.py:188} INFO - [2024-03-19T19:17:32.515+0000] {dagbag.py:540} INFO - Filling up the DagBag from /opt/airflow/dags/printout.py
[2024-03-19T19:17:32.600+0000] {processor.py:840} INFO - DAG(s) 'my_first_dag' retrieved from /opt/airflow/dags/printout.py
[2024-03-19T19:17:32.683+0000] {logging_mixin.py:188} INFO - [2024-03-19T19:17:32.683+0000] {dag.py:3047} INFO - Sync 1 DAGs
[2024-03-19T19:17:32.721+0000] {logging_mixin.py:188} INFO - [2024-03-19T19:17:32.721+0000] {dag.py:3834} INFO - Setting next_dagrun for my_first_dag to 2023-09-29 00:00:00+00:00, run_after=2023-09-29 00:01:00+00:00
[2024-03-19T19:17:32.743+0000] {processor.py:183} INFO - Processing /opt/airflow/dags/printout.py took 0.256 seconds
[2024-03-19T19:18:03.558+0000] {processor.py:161} INFO - Started process (PID=146) to work on /opt/airflow/dags/printout.py
[2024-03-19T19:18:03.576+0000] {processor.py:830} INFO - Processing file /opt/airflow/dags/printout.py for tasks to queue
[2024-03-19T19:18:03.630+0000] {logging_mixin.py:188} INFO - [2024-03-19T19:18:03.624+0000] {dagbag.py:540} INFO - Filling up the DagBag from /opt/airflow/dags/printout.py
[2024-03-19T19:18:03.912+0000] {processor.py:840} INFO - DAG(s) 'my_first_dag' retrieved from /opt/airflow/dags/printout.py
[2024-03-19T19:18:04.208+0000] {logging_mixin.py:188} INFO - [2024-03-19T19:18:04.208+0000] {dag.py:3047} INFO - Sync 1 DAGs
[2024-03-19T19:18:04.344+0000] {logging_mixin.py:188} INFO - [2024-03-19T19:18:04.344+0000] {dag.py:3834} INFO - Setting next_dagrun for my_first_dag to 2023-09-29 00:00:00+00:00, run_after=2023-09-29 00:01:00+00:00
[2024-03-19T19:18:04.409+0000] {processor.py:183} INFO - Processing /opt/airflow/dags/printout.py took 0.951 seconds
[2024-03-19T19:18:35.344+0000] {processor.py:161} INFO - Started process (PID=153) to work on /opt/airflow/dags/printout.py
[2024-03-19T19:18:35.364+0000] {processor.py:830} INFO - Processing file /opt/airflow/dags/printout.py for tasks to queue
[2024-03-19T19:18:35.428+0000] {logging_mixin.py:188} INFO - [2024-03-19T19:18:35.425+0000] {dagbag.py:540} INFO - Filling up the DagBag from /opt/airflow/dags/printout.py
[2024-03-19T19:18:35.809+0000] {processor.py:840} INFO - DAG(s) 'my_first_dag' retrieved from /opt/airflow/dags/printout.py
[2024-03-19T19:18:36.547+0000] {logging_mixin.py:188} INFO - [2024-03-19T19:18:36.546+0000] {dag.py:3047} INFO - Sync 1 DAGs
[2024-03-19T19:18:37.012+0000] {logging_mixin.py:188} INFO - [2024-03-19T19:18:37.010+0000] {dag.py:3834} INFO - Setting next_dagrun for my_first_dag to 2023-09-29 00:00:00+00:00, run_after=2023-09-29 00:01:00+00:00
[2024-03-19T19:18:38.269+0000] {processor.py:183} INFO - Processing /opt/airflow/dags/printout.py took 3.004 seconds
[2024-03-19T19:19:08.596+0000] {processor.py:161} INFO - Started process (PID=161) to work on /opt/airflow/dags/printout.py
[2024-03-19T19:19:08.599+0000] {processor.py:830} INFO - Processing file /opt/airflow/dags/printout.py for tasks to queue
[2024-03-19T19:19:08.604+0000] {logging_mixin.py:188} INFO - [2024-03-19T19:19:08.603+0000] {dagbag.py:540} INFO - Filling up the DagBag from /opt/airflow/dags/printout.py
[2024-03-19T19:19:08.632+0000] {processor.py:840} INFO - DAG(s) 'my_first_dag' retrieved from /opt/airflow/dags/printout.py
[2024-03-19T19:19:08.676+0000] {logging_mixin.py:188} INFO - [2024-03-19T19:19:08.675+0000] {dag.py:3047} INFO - Sync 1 DAGs
[2024-03-19T19:19:08.706+0000] {logging_mixin.py:188} INFO - [2024-03-19T19:19:08.706+0000] {dag.py:3834} INFO - Setting next_dagrun for my_first_dag to 2023-09-29 00:00:00+00:00, run_after=2023-09-29 00:01:00+00:00
[2024-03-19T19:19:08.725+0000] {processor.py:183} INFO - Processing /opt/airflow/dags/printout.py took 0.139 seconds
[2024-03-19T19:19:38.923+0000] {processor.py:161} INFO - Started process (PID=169) to work on /opt/airflow/dags/printout.py
[2024-03-19T19:19:38.926+0000] {processor.py:830} INFO - Processing file /opt/airflow/dags/printout.py for tasks to queue
[2024-03-19T19:19:38.929+0000] {logging_mixin.py:188} INFO - [2024-03-19T19:19:38.929+0000] {dagbag.py:540} INFO - Filling up the DagBag from /opt/airflow/dags/printout.py
[2024-03-19T19:19:38.950+0000] {processor.py:840} INFO - DAG(s) 'my_first_dag' retrieved from /opt/airflow/dags/printout.py
[2024-03-19T19:19:38.985+0000] {logging_mixin.py:188} INFO - [2024-03-19T19:19:38.985+0000] {dag.py:3047} INFO - Sync 1 DAGs
[2024-03-19T19:19:39.007+0000] {logging_mixin.py:188} INFO - [2024-03-19T19:19:39.007+0000] {dag.py:3834} INFO - Setting next_dagrun for my_first_dag to 2023-09-29 00:00:00+00:00, run_after=2023-09-29 00:01:00+00:00
[2024-03-19T19:19:39.021+0000] {processor.py:183} INFO - Processing /opt/airflow/dags/printout.py took 0.107 seconds
[2024-03-19T19:20:09.348+0000] {processor.py:161} INFO - Started process (PID=176) to work on /opt/airflow/dags/printout.py
[2024-03-19T19:20:09.352+0000] {processor.py:830} INFO - Processing file /opt/airflow/dags/printout.py for tasks to queue
[2024-03-19T19:20:09.357+0000] {logging_mixin.py:188} INFO - [2024-03-19T19:20:09.356+0000] {dagbag.py:540} INFO - Filling up the DagBag from /opt/airflow/dags/printout.py
[2024-03-19T19:20:09.389+0000] {processor.py:840} INFO - DAG(s) 'my_first_dag' retrieved from /opt/airflow/dags/printout.py
[2024-03-19T19:20:09.454+0000] {logging_mixin.py:188} INFO - [2024-03-19T19:20:09.454+0000] {dag.py:3047} INFO - Sync 1 DAGs
[2024-03-19T19:20:09.481+0000] {logging_mixin.py:188} INFO - [2024-03-19T19:20:09.480+0000] {dag.py:3834} INFO - Setting next_dagrun for my_first_dag to 2023-09-29 00:00:00+00:00, run_after=2023-09-29 00:01:00+00:00
[2024-03-19T19:20:09.497+0000] {processor.py:183} INFO - Processing /opt/airflow/dags/printout.py took 0.156 seconds
[2024-03-19T19:20:39.745+0000] {processor.py:161} INFO - Started process (PID=183) to work on /opt/airflow/dags/printout.py
[2024-03-19T19:20:39.748+0000] {processor.py:830} INFO - Processing file /opt/airflow/dags/printout.py for tasks to queue
[2024-03-19T19:20:39.754+0000] {logging_mixin.py:188} INFO - [2024-03-19T19:20:39.753+0000] {dagbag.py:540} INFO - Filling up the DagBag from /opt/airflow/dags/printout.py
[2024-03-19T19:20:39.786+0000] {processor.py:840} INFO - DAG(s) 'my_first_dag' retrieved from /opt/airflow/dags/printout.py
[2024-03-19T19:20:39.833+0000] {logging_mixin.py:188} INFO - [2024-03-19T19:20:39.833+0000] {dag.py:3047} INFO - Sync 1 DAGs
[2024-03-19T19:20:39.863+0000] {logging_mixin.py:188} INFO - [2024-03-19T19:20:39.863+0000] {dag.py:3834} INFO - Setting next_dagrun for my_first_dag to 2023-09-29 00:00:00+00:00, run_after=2023-09-29 00:01:00+00:00
[2024-03-19T19:20:39.890+0000] {processor.py:183} INFO - Processing /opt/airflow/dags/printout.py took 0.161 seconds
[2024-03-19T19:21:10.238+0000] {processor.py:161} INFO - Started process (PID=192) to work on /opt/airflow/dags/printout.py
[2024-03-19T19:21:10.241+0000] {processor.py:830} INFO - Processing file /opt/airflow/dags/printout.py for tasks to queue
[2024-03-19T19:21:10.245+0000] {logging_mixin.py:188} INFO - [2024-03-19T19:21:10.245+0000] {dagbag.py:540} INFO - Filling up the DagBag from /opt/airflow/dags/printout.py
[2024-03-19T19:21:10.267+0000] {processor.py:840} INFO - DAG(s) 'my_first_dag' retrieved from /opt/airflow/dags/printout.py
[2024-03-19T19:21:10.308+0000] {logging_mixin.py:188} INFO - [2024-03-19T19:21:10.308+0000] {dag.py:3047} INFO - Sync 1 DAGs
[2024-03-19T19:21:10.336+0000] {logging_mixin.py:188} INFO - [2024-03-19T19:21:10.335+0000] {dag.py:3834} INFO - Setting next_dagrun for my_first_dag to 2023-09-29 00:00:00+00:00, run_after=2023-09-29 00:01:00+00:00
[2024-03-19T19:21:10.354+0000] {processor.py:183} INFO - Processing /opt/airflow/dags/printout.py took 0.128 seconds
[2024-03-19T19:21:40.797+0000] {processor.py:161} INFO - Started process (PID=200) to work on /opt/airflow/dags/printout.py
[2024-03-19T19:21:40.801+0000] {processor.py:830} INFO - Processing file /opt/airflow/dags/printout.py for tasks to queue
[2024-03-19T19:21:40.808+0000] {logging_mixin.py:188} INFO - [2024-03-19T19:21:40.806+0000] {dagbag.py:540} INFO - Filling up the DagBag from /opt/airflow/dags/printout.py
[2024-03-19T19:21:40.850+0000] {processor.py:840} INFO - DAG(s) 'my_first_dag' retrieved from /opt/airflow/dags/printout.py
[2024-03-19T19:21:40.906+0000] {logging_mixin.py:188} INFO - [2024-03-19T19:21:40.906+0000] {dag.py:3047} INFO - Sync 1 DAGs
[2024-03-19T19:21:40.941+0000] {logging_mixin.py:188} INFO - [2024-03-19T19:21:40.940+0000] {dag.py:3834} INFO - Setting next_dagrun for my_first_dag to 2023-09-29 00:00:00+00:00, run_after=2023-09-29 00:01:00+00:00
[2024-03-19T19:21:40.964+0000] {processor.py:183} INFO - Processing /opt/airflow/dags/printout.py took 0.176 seconds
[2024-03-19T19:22:11.376+0000] {processor.py:161} INFO - Started process (PID=208) to work on /opt/airflow/dags/printout.py
[2024-03-19T19:22:11.380+0000] {processor.py:830} INFO - Processing file /opt/airflow/dags/printout.py for tasks to queue
[2024-03-19T19:22:11.396+0000] {logging_mixin.py:188} INFO - [2024-03-19T19:22:11.393+0000] {dagbag.py:540} INFO - Filling up the DagBag from /opt/airflow/dags/printout.py
[2024-03-19T19:22:11.432+0000] {processor.py:840} INFO - DAG(s) 'my_first_dag' retrieved from /opt/airflow/dags/printout.py
[2024-03-19T19:22:11.497+0000] {logging_mixin.py:188} INFO - [2024-03-19T19:22:11.497+0000] {dag.py:3047} INFO - Sync 1 DAGs
[2024-03-19T19:22:11.532+0000] {logging_mixin.py:188} INFO - [2024-03-19T19:22:11.532+0000] {dag.py:3834} INFO - Setting next_dagrun for my_first_dag to 2023-09-29 00:00:00+00:00, run_after=2023-09-29 00:01:00+00:00
[2024-03-19T19:22:11.557+0000] {processor.py:183} INFO - Processing /opt/airflow/dags/printout.py took 0.191 seconds
[2024-03-19T19:22:42.041+0000] {processor.py:161} INFO - Started process (PID=217) to work on /opt/airflow/dags/printout.py
[2024-03-19T19:22:42.044+0000] {processor.py:830} INFO - Processing file /opt/airflow/dags/printout.py for tasks to queue
[2024-03-19T19:22:42.049+0000] {logging_mixin.py:188} INFO - [2024-03-19T19:22:42.049+0000] {dagbag.py:540} INFO - Filling up the DagBag from /opt/airflow/dags/printout.py
[2024-03-19T19:22:42.073+0000] {processor.py:840} INFO - DAG(s) 'my_first_dag' retrieved from /opt/airflow/dags/printout.py
[2024-03-19T19:22:42.138+0000] {logging_mixin.py:188} INFO - [2024-03-19T19:22:42.138+0000] {dag.py:3047} INFO - Sync 1 DAGs
[2024-03-19T19:22:42.170+0000] {logging_mixin.py:188} INFO - [2024-03-19T19:22:42.169+0000] {dag.py:3834} INFO - Setting next_dagrun for my_first_dag to 2023-09-29 00:00:00+00:00, run_after=2023-09-29 00:01:00+00:00
[2024-03-19T19:22:42.188+0000] {processor.py:183} INFO - Processing /opt/airflow/dags/printout.py took 0.162 seconds
[2024-03-19T19:23:12.434+0000] {processor.py:161} INFO - Started process (PID=225) to work on /opt/airflow/dags/printout.py
[2024-03-19T19:23:12.437+0000] {processor.py:830} INFO - Processing file /opt/airflow/dags/printout.py for tasks to queue
[2024-03-19T19:23:12.442+0000] {logging_mixin.py:188} INFO - [2024-03-19T19:23:12.441+0000] {dagbag.py:540} INFO - Filling up the DagBag from /opt/airflow/dags/printout.py
[2024-03-19T19:23:12.513+0000] {processor.py:840} INFO - DAG(s) 'my_first_dag' retrieved from /opt/airflow/dags/printout.py
[2024-03-19T19:23:12.602+0000] {logging_mixin.py:188} INFO - [2024-03-19T19:23:12.602+0000] {dag.py:3047} INFO - Sync 1 DAGs
[2024-03-19T19:23:12.633+0000] {logging_mixin.py:188} INFO - [2024-03-19T19:23:12.632+0000] {dag.py:3834} INFO - Setting next_dagrun for my_first_dag to 2023-09-29 00:00:00+00:00, run_after=2023-09-29 00:01:00+00:00
[2024-03-19T19:23:12.654+0000] {processor.py:183} INFO - Processing /opt/airflow/dags/printout.py took 0.233 seconds
[2024-03-19T19:23:43.064+0000] {processor.py:161} INFO - Started process (PID=233) to work on /opt/airflow/dags/printout.py
[2024-03-19T19:23:43.068+0000] {processor.py:830} INFO - Processing file /opt/airflow/dags/printout.py for tasks to queue
[2024-03-19T19:23:43.074+0000] {logging_mixin.py:188} INFO - [2024-03-19T19:23:43.074+0000] {dagbag.py:540} INFO - Filling up the DagBag from /opt/airflow/dags/printout.py
[2024-03-19T19:23:43.117+0000] {processor.py:840} INFO - DAG(s) 'my_first_dag' retrieved from /opt/airflow/dags/printout.py
[2024-03-19T19:23:43.168+0000] {logging_mixin.py:188} INFO - [2024-03-19T19:23:43.168+0000] {dag.py:3047} INFO - Sync 1 DAGs
[2024-03-19T19:23:43.200+0000] {logging_mixin.py:188} INFO - [2024-03-19T19:23:43.200+0000] {dag.py:3834} INFO - Setting next_dagrun for my_first_dag to 2023-09-29 00:00:00+00:00, run_after=2023-09-29 00:01:00+00:00
[2024-03-19T19:23:43.219+0000] {processor.py:183} INFO - Processing /opt/airflow/dags/printout.py took 0.165 seconds
[2024-03-19T19:24:13.647+0000] {processor.py:161} INFO - Started process (PID=241) to work on /opt/airflow/dags/printout.py
[2024-03-19T19:24:13.650+0000] {processor.py:830} INFO - Processing file /opt/airflow/dags/printout.py for tasks to queue
[2024-03-19T19:24:13.655+0000] {logging_mixin.py:188} INFO - [2024-03-19T19:24:13.654+0000] {dagbag.py:540} INFO - Filling up the DagBag from /opt/airflow/dags/printout.py
[2024-03-19T19:24:13.677+0000] {processor.py:840} INFO - DAG(s) 'my_first_dag' retrieved from /opt/airflow/dags/printout.py
[2024-03-19T19:24:13.730+0000] {logging_mixin.py:188} INFO - [2024-03-19T19:24:13.730+0000] {dag.py:3047} INFO - Sync 1 DAGs
[2024-03-19T19:24:13.759+0000] {logging_mixin.py:188} INFO - [2024-03-19T19:24:13.758+0000] {dag.py:3834} INFO - Setting next_dagrun for my_first_dag to 2023-09-29 00:00:00+00:00, run_after=2023-09-29 00:01:00+00:00
[2024-03-19T19:24:13.784+0000] {processor.py:183} INFO - Processing /opt/airflow/dags/printout.py took 0.148 seconds
[2024-03-19T19:24:44.226+0000] {processor.py:161} INFO - Started process (PID=249) to work on /opt/airflow/dags/printout.py
[2024-03-19T19:24:44.231+0000] {processor.py:830} INFO - Processing file /opt/airflow/dags/printout.py for tasks to queue
[2024-03-19T19:24:44.240+0000] {logging_mixin.py:188} INFO - [2024-03-19T19:24:44.239+0000] {dagbag.py:540} INFO - Filling up the DagBag from /opt/airflow/dags/printout.py
[2024-03-19T19:24:44.278+0000] {processor.py:840} INFO - DAG(s) 'my_first_dag' retrieved from /opt/airflow/dags/printout.py
[2024-03-19T19:24:44.364+0000] {logging_mixin.py:188} INFO - [2024-03-19T19:24:44.364+0000] {dag.py:3047} INFO - Sync 1 DAGs
[2024-03-19T19:24:44.403+0000] {logging_mixin.py:188} INFO - [2024-03-19T19:24:44.402+0000] {dag.py:3834} INFO - Setting next_dagrun for my_first_dag to 2023-09-29 00:00:00+00:00, run_after=2023-09-29 00:01:00+00:00
[2024-03-19T19:24:44.426+0000] {processor.py:183} INFO - Processing /opt/airflow/dags/printout.py took 0.214 seconds
[2024-03-19T19:25:14.810+0000] {processor.py:161} INFO - Started process (PID=257) to work on /opt/airflow/dags/printout.py
[2024-03-19T19:25:14.818+0000] {processor.py:830} INFO - Processing file /opt/airflow/dags/printout.py for tasks to queue
[2024-03-19T19:25:14.831+0000] {logging_mixin.py:188} INFO - [2024-03-19T19:25:14.830+0000] {dagbag.py:540} INFO - Filling up the DagBag from /opt/airflow/dags/printout.py
[2024-03-19T19:25:14.854+0000] {processor.py:840} INFO - DAG(s) 'my_first_dag' retrieved from /opt/airflow/dags/printout.py
[2024-03-19T19:25:14.898+0000] {logging_mixin.py:188} INFO - [2024-03-19T19:25:14.898+0000] {dag.py:3047} INFO - Sync 1 DAGs
[2024-03-19T19:25:14.948+0000] {logging_mixin.py:188} INFO - [2024-03-19T19:25:14.948+0000] {dag.py:3834} INFO - Setting next_dagrun for my_first_dag to 2023-09-29 00:00:00+00:00, run_after=2023-09-29 00:01:00+00:00
[2024-03-19T19:25:14.968+0000] {processor.py:183} INFO - Processing /opt/airflow/dags/printout.py took 0.173 seconds
[2024-03-19T19:25:45.455+0000] {processor.py:161} INFO - Started process (PID=265) to work on /opt/airflow/dags/printout.py
[2024-03-19T19:25:45.463+0000] {processor.py:830} INFO - Processing file /opt/airflow/dags/printout.py for tasks to queue
[2024-03-19T19:25:45.469+0000] {logging_mixin.py:188} INFO - [2024-03-19T19:25:45.468+0000] {dagbag.py:540} INFO - Filling up the DagBag from /opt/airflow/dags/printout.py
[2024-03-19T19:25:45.497+0000] {processor.py:840} INFO - DAG(s) 'my_first_dag' retrieved from /opt/airflow/dags/printout.py
[2024-03-19T19:25:45.552+0000] {logging_mixin.py:188} INFO - [2024-03-19T19:25:45.552+0000] {dag.py:3047} INFO - Sync 1 DAGs
[2024-03-19T19:25:45.606+0000] {logging_mixin.py:188} INFO - [2024-03-19T19:25:45.605+0000] {dag.py:3834} INFO - Setting next_dagrun for my_first_dag to 2023-09-29 00:00:00+00:00, run_after=2023-09-29 00:01:00+00:00
[2024-03-19T19:25:45.626+0000] {processor.py:183} INFO - Processing /opt/airflow/dags/printout.py took 0.201 seconds
[2024-03-19T19:26:15.992+0000] {processor.py:161} INFO - Started process (PID=273) to work on /opt/airflow/dags/printout.py
[2024-03-19T19:26:15.995+0000] {processor.py:830} INFO - Processing file /opt/airflow/dags/printout.py for tasks to queue
[2024-03-19T19:26:16.017+0000] {logging_mixin.py:188} INFO - [2024-03-19T19:26:16.016+0000] {dagbag.py:540} INFO - Filling up the DagBag from /opt/airflow/dags/printout.py
[2024-03-19T19:26:16.044+0000] {processor.py:840} INFO - DAG(s) 'my_first_dag' retrieved from /opt/airflow/dags/printout.py
[2024-03-19T19:26:16.094+0000] {logging_mixin.py:188} INFO - [2024-03-19T19:26:16.094+0000] {dag.py:3047} INFO - Sync 1 DAGs
[2024-03-19T19:26:16.140+0000] {logging_mixin.py:188} INFO - [2024-03-19T19:26:16.140+0000] {dag.py:3834} INFO - Setting next_dagrun for my_first_dag to 2023-09-29 00:00:00+00:00, run_after=2023-09-29 00:01:00+00:00
[2024-03-19T19:26:16.162+0000] {processor.py:183} INFO - Processing /opt/airflow/dags/printout.py took 0.181 seconds
[2024-03-19T19:26:46.616+0000] {processor.py:161} INFO - Started process (PID=281) to work on /opt/airflow/dags/printout.py
[2024-03-19T19:26:46.619+0000] {processor.py:830} INFO - Processing file /opt/airflow/dags/printout.py for tasks to queue
[2024-03-19T19:26:46.624+0000] {logging_mixin.py:188} INFO - [2024-03-19T19:26:46.623+0000] {dagbag.py:540} INFO - Filling up the DagBag from /opt/airflow/dags/printout.py
[2024-03-19T19:26:46.649+0000] {processor.py:840} INFO - DAG(s) 'my_first_dag' retrieved from /opt/airflow/dags/printout.py
[2024-03-19T19:26:46.720+0000] {logging_mixin.py:188} INFO - [2024-03-19T19:26:46.720+0000] {dag.py:3047} INFO - Sync 1 DAGs
[2024-03-19T19:26:46.750+0000] {logging_mixin.py:188} INFO - [2024-03-19T19:26:46.750+0000] {dag.py:3834} INFO - Setting next_dagrun for my_first_dag to 2023-09-29 00:00:00+00:00, run_after=2023-09-29 00:01:00+00:00
[2024-03-19T19:26:46.768+0000] {processor.py:183} INFO - Processing /opt/airflow/dags/printout.py took 0.163 seconds
[2024-03-19T19:27:17.254+0000] {processor.py:161} INFO - Started process (PID=289) to work on /opt/airflow/dags/printout.py
[2024-03-19T19:27:17.260+0000] {processor.py:830} INFO - Processing file /opt/airflow/dags/printout.py for tasks to queue
[2024-03-19T19:27:17.266+0000] {logging_mixin.py:188} INFO - [2024-03-19T19:27:17.265+0000] {dagbag.py:540} INFO - Filling up the DagBag from /opt/airflow/dags/printout.py
[2024-03-19T19:27:17.308+0000] {processor.py:840} INFO - DAG(s) 'my_first_dag' retrieved from /opt/airflow/dags/printout.py
[2024-03-19T19:27:17.357+0000] {logging_mixin.py:188} INFO - [2024-03-19T19:27:17.357+0000] {dag.py:3047} INFO - Sync 1 DAGs
[2024-03-19T19:27:17.397+0000] {logging_mixin.py:188} INFO - [2024-03-19T19:27:17.397+0000] {dag.py:3834} INFO - Setting next_dagrun for my_first_dag to 2023-09-29 00:00:00+00:00, run_after=2023-09-29 00:01:00+00:00
[2024-03-19T19:27:17.419+0000] {processor.py:183} INFO - Processing /opt/airflow/dags/printout.py took 0.176 seconds
[2024-03-19T19:27:48.230+0000] {processor.py:161} INFO - Started process (PID=300) to work on /opt/airflow/dags/printout.py
[2024-03-19T19:27:48.234+0000] {processor.py:830} INFO - Processing file /opt/airflow/dags/printout.py for tasks to queue
[2024-03-19T19:27:48.240+0000] {logging_mixin.py:188} INFO - [2024-03-19T19:27:48.239+0000] {dagbag.py:540} INFO - Filling up the DagBag from /opt/airflow/dags/printout.py
[2024-03-19T19:27:48.264+0000] {processor.py:840} INFO - DAG(s) 'my_first_dag' retrieved from /opt/airflow/dags/printout.py
[2024-03-19T19:27:48.305+0000] {logging_mixin.py:188} INFO - [2024-03-19T19:27:48.305+0000] {dag.py:3047} INFO - Sync 1 DAGs
[2024-03-19T19:27:48.342+0000] {logging_mixin.py:188} INFO - [2024-03-19T19:27:48.342+0000] {dag.py:3834} INFO - Setting next_dagrun for my_first_dag to 2023-09-29 00:00:00+00:00, run_after=2023-09-29 00:01:00+00:00
[2024-03-19T19:27:48.357+0000] {processor.py:183} INFO - Processing /opt/airflow/dags/printout.py took 0.148 seconds
[2024-03-19T19:28:18.733+0000] {processor.py:161} INFO - Started process (PID=309) to work on /opt/airflow/dags/printout.py
[2024-03-19T19:28:18.737+0000] {processor.py:830} INFO - Processing file /opt/airflow/dags/printout.py for tasks to queue
[2024-03-19T19:28:18.744+0000] {logging_mixin.py:188} INFO - [2024-03-19T19:28:18.743+0000] {dagbag.py:540} INFO - Filling up the DagBag from /opt/airflow/dags/printout.py
[2024-03-19T19:28:18.782+0000] {processor.py:840} INFO - DAG(s) 'my_first_dag' retrieved from /opt/airflow/dags/printout.py
[2024-03-19T19:28:18.858+0000] {logging_mixin.py:188} INFO - [2024-03-19T19:28:18.858+0000] {dag.py:3047} INFO - Sync 1 DAGs
[2024-03-19T19:28:18.911+0000] {logging_mixin.py:188} INFO - [2024-03-19T19:28:18.911+0000] {dag.py:3834} INFO - Setting next_dagrun for my_first_dag to 2023-09-29 00:00:00+00:00, run_after=2023-09-29 00:01:00+00:00
[2024-03-19T19:28:18.950+0000] {processor.py:183} INFO - Processing /opt/airflow/dags/printout.py took 0.229 seconds
[2024-03-19T19:28:49.512+0000] {processor.py:161} INFO - Started process (PID=318) to work on /opt/airflow/dags/printout.py
[2024-03-19T19:28:49.519+0000] {processor.py:830} INFO - Processing file /opt/airflow/dags/printout.py for tasks to queue
[2024-03-19T19:28:49.526+0000] {logging_mixin.py:188} INFO - [2024-03-19T19:28:49.526+0000] {dagbag.py:540} INFO - Filling up the DagBag from /opt/airflow/dags/printout.py
[2024-03-19T19:28:49.555+0000] {processor.py:840} INFO - DAG(s) 'my_first_dag' retrieved from /opt/airflow/dags/printout.py
[2024-03-19T19:28:49.613+0000] {logging_mixin.py:188} INFO - [2024-03-19T19:28:49.613+0000] {dag.py:3047} INFO - Sync 1 DAGs
[2024-03-19T19:28:49.643+0000] {logging_mixin.py:188} INFO - [2024-03-19T19:28:49.642+0000] {dag.py:3834} INFO - Setting next_dagrun for my_first_dag to 2023-09-29 00:00:00+00:00, run_after=2023-09-29 00:01:00+00:00
[2024-03-19T19:28:49.659+0000] {processor.py:183} INFO - Processing /opt/airflow/dags/printout.py took 0.172 seconds
[2024-03-19T19:29:20.015+0000] {processor.py:161} INFO - Started process (PID=327) to work on /opt/airflow/dags/printout.py
[2024-03-19T19:29:20.017+0000] {processor.py:830} INFO - Processing file /opt/airflow/dags/printout.py for tasks to queue
[2024-03-19T19:29:20.020+0000] {logging_mixin.py:188} INFO - [2024-03-19T19:29:20.019+0000] {dagbag.py:540} INFO - Filling up the DagBag from /opt/airflow/dags/printout.py
[2024-03-19T19:29:20.037+0000] {processor.py:840} INFO - DAG(s) 'my_first_dag' retrieved from /opt/airflow/dags/printout.py
[2024-03-19T19:29:20.071+0000] {logging_mixin.py:188} INFO - [2024-03-19T19:29:20.071+0000] {dag.py:3047} INFO - Sync 1 DAGs
[2024-03-19T19:29:20.112+0000] {logging_mixin.py:188} INFO - [2024-03-19T19:29:20.112+0000] {dag.py:3834} INFO - Setting next_dagrun for my_first_dag to 2023-09-29 00:00:00+00:00, run_after=2023-09-29 00:01:00+00:00
[2024-03-19T19:29:20.128+0000] {processor.py:183} INFO - Processing /opt/airflow/dags/printout.py took 0.119 seconds
[2024-03-19T19:29:50.806+0000] {processor.py:161} INFO - Started process (PID=340) to work on /opt/airflow/dags/printout.py
[2024-03-19T19:29:50.809+0000] {processor.py:830} INFO - Processing file /opt/airflow/dags/printout.py for tasks to queue
[2024-03-19T19:29:50.813+0000] {logging_mixin.py:188} INFO - [2024-03-19T19:29:50.812+0000] {dagbag.py:540} INFO - Filling up the DagBag from /opt/airflow/dags/printout.py
[2024-03-19T19:29:50.825+0000] {processor.py:840} INFO - DAG(s) 'my_first_dag' retrieved from /opt/airflow/dags/printout.py
[2024-03-19T19:29:50.850+0000] {logging_mixin.py:188} INFO - [2024-03-19T19:29:50.849+0000] {dag.py:3047} INFO - Sync 1 DAGs
[2024-03-19T19:29:50.867+0000] {logging_mixin.py:188} INFO - [2024-03-19T19:29:50.867+0000] {dag.py:3834} INFO - Setting next_dagrun for my_first_dag to 2023-09-29 00:00:00+00:00, run_after=2023-09-29 00:01:00+00:00
[2024-03-19T19:29:50.881+0000] {processor.py:183} INFO - Processing /opt/airflow/dags/printout.py took 0.082 seconds
[2024-03-19T19:30:21.450+0000] {processor.py:161} INFO - Started process (PID=349) to work on /opt/airflow/dags/printout.py
[2024-03-19T19:30:21.454+0000] {processor.py:830} INFO - Processing file /opt/airflow/dags/printout.py for tasks to queue
[2024-03-19T19:30:21.459+0000] {logging_mixin.py:188} INFO - [2024-03-19T19:30:21.459+0000] {dagbag.py:540} INFO - Filling up the DagBag from /opt/airflow/dags/printout.py
[2024-03-19T19:30:21.497+0000] {processor.py:840} INFO - DAG(s) 'my_first_dag' retrieved from /opt/airflow/dags/printout.py
[2024-03-19T19:30:21.566+0000] {logging_mixin.py:188} INFO - [2024-03-19T19:30:21.565+0000] {dag.py:3047} INFO - Sync 1 DAGs
[2024-03-19T19:30:21.629+0000] {logging_mixin.py:188} INFO - [2024-03-19T19:30:21.629+0000] {dag.py:3834} INFO - Setting next_dagrun for my_first_dag to 2023-09-29 00:00:00+00:00, run_after=2023-09-29 00:01:00+00:00
[2024-03-19T19:30:21.666+0000] {processor.py:183} INFO - Processing /opt/airflow/dags/printout.py took 0.231 seconds
[2024-03-19T19:30:51.962+0000] {processor.py:161} INFO - Started process (PID=358) to work on /opt/airflow/dags/printout.py
[2024-03-19T19:30:51.963+0000] {processor.py:830} INFO - Processing file /opt/airflow/dags/printout.py for tasks to queue
[2024-03-19T19:30:51.966+0000] {logging_mixin.py:188} INFO - [2024-03-19T19:30:51.966+0000] {dagbag.py:540} INFO - Filling up the DagBag from /opt/airflow/dags/printout.py
[2024-03-19T19:30:51.977+0000] {processor.py:840} INFO - DAG(s) 'my_first_dag' retrieved from /opt/airflow/dags/printout.py
[2024-03-19T19:30:52.000+0000] {logging_mixin.py:188} INFO - [2024-03-19T19:30:52.000+0000] {dag.py:3047} INFO - Sync 1 DAGs
[2024-03-19T19:30:52.018+0000] {logging_mixin.py:188} INFO - [2024-03-19T19:30:52.018+0000] {dag.py:3834} INFO - Setting next_dagrun for my_first_dag to 2023-09-29 00:00:00+00:00, run_after=2023-09-29 00:01:00+00:00
[2024-03-19T19:30:52.030+0000] {processor.py:183} INFO - Processing /opt/airflow/dags/printout.py took 0.073 seconds
[2024-03-19T19:31:22.460+0000] {processor.py:161} INFO - Started process (PID=367) to work on /opt/airflow/dags/printout.py
[2024-03-19T19:31:22.463+0000] {processor.py:830} INFO - Processing file /opt/airflow/dags/printout.py for tasks to queue
[2024-03-19T19:31:22.466+0000] {logging_mixin.py:188} INFO - [2024-03-19T19:31:22.466+0000] {dagbag.py:540} INFO - Filling up the DagBag from /opt/airflow/dags/printout.py
[2024-03-19T19:31:22.478+0000] {processor.py:840} INFO - DAG(s) 'my_first_dag' retrieved from /opt/airflow/dags/printout.py
[2024-03-19T19:31:22.506+0000] {logging_mixin.py:188} INFO - [2024-03-19T19:31:22.505+0000] {dag.py:3047} INFO - Sync 1 DAGs
[2024-03-19T19:31:22.524+0000] {logging_mixin.py:188} INFO - [2024-03-19T19:31:22.524+0000] {dag.py:3834} INFO - Setting next_dagrun for my_first_dag to 2023-09-29 00:00:00+00:00, run_after=2023-09-29 00:01:00+00:00
[2024-03-19T19:31:22.539+0000] {processor.py:183} INFO - Processing /opt/airflow/dags/printout.py took 0.084 seconds
[2024-03-19T19:31:52.887+0000] {processor.py:161} INFO - Started process (PID=376) to work on /opt/airflow/dags/printout.py
[2024-03-19T19:31:52.889+0000] {processor.py:830} INFO - Processing file /opt/airflow/dags/printout.py for tasks to queue
[2024-03-19T19:31:52.891+0000] {logging_mixin.py:188} INFO - [2024-03-19T19:31:52.891+0000] {dagbag.py:540} INFO - Filling up the DagBag from /opt/airflow/dags/printout.py
[2024-03-19T19:31:52.901+0000] {processor.py:840} INFO - DAG(s) 'my_first_dag' retrieved from /opt/airflow/dags/printout.py
[2024-03-19T19:31:52.923+0000] {logging_mixin.py:188} INFO - [2024-03-19T19:31:52.923+0000] {dag.py:3047} INFO - Sync 1 DAGs
[2024-03-19T19:31:52.938+0000] {logging_mixin.py:188} INFO - [2024-03-19T19:31:52.938+0000] {dag.py:3834} INFO - Setting next_dagrun for my_first_dag to 2023-09-29 00:00:00+00:00, run_after=2023-09-29 00:01:00+00:00
[2024-03-19T19:31:52.949+0000] {processor.py:183} INFO - Processing /opt/airflow/dags/printout.py took 0.070 seconds
[2024-03-19T19:32:23.347+0000] {processor.py:161} INFO - Started process (PID=385) to work on /opt/airflow/dags/printout.py
[2024-03-19T19:32:23.349+0000] {processor.py:830} INFO - Processing file /opt/airflow/dags/printout.py for tasks to queue
[2024-03-19T19:32:23.352+0000] {logging_mixin.py:188} INFO - [2024-03-19T19:32:23.351+0000] {dagbag.py:540} INFO - Filling up the DagBag from /opt/airflow/dags/printout.py
[2024-03-19T19:32:23.364+0000] {processor.py:840} INFO - DAG(s) 'my_first_dag' retrieved from /opt/airflow/dags/printout.py
[2024-03-19T19:32:23.391+0000] {logging_mixin.py:188} INFO - [2024-03-19T19:32:23.391+0000] {dag.py:3047} INFO - Sync 1 DAGs
[2024-03-19T19:32:23.410+0000] {logging_mixin.py:188} INFO - [2024-03-19T19:32:23.409+0000] {dag.py:3834} INFO - Setting next_dagrun for my_first_dag to 2023-09-29 00:00:00+00:00, run_after=2023-09-29 00:01:00+00:00
[2024-03-19T19:32:23.423+0000] {processor.py:183} INFO - Processing /opt/airflow/dags/printout.py took 0.082 seconds
[2024-03-19T19:32:53.791+0000] {processor.py:161} INFO - Started process (PID=394) to work on /opt/airflow/dags/printout.py
[2024-03-19T19:32:53.793+0000] {processor.py:830} INFO - Processing file /opt/airflow/dags/printout.py for tasks to queue
[2024-03-19T19:32:53.795+0000] {logging_mixin.py:188} INFO - [2024-03-19T19:32:53.795+0000] {dagbag.py:540} INFO - Filling up the DagBag from /opt/airflow/dags/printout.py
[2024-03-19T19:32:53.808+0000] {processor.py:840} INFO - DAG(s) 'my_first_dag' retrieved from /opt/airflow/dags/printout.py
[2024-03-19T19:32:53.832+0000] {logging_mixin.py:188} INFO - [2024-03-19T19:32:53.831+0000] {dag.py:3047} INFO - Sync 1 DAGs
[2024-03-19T19:32:53.849+0000] {logging_mixin.py:188} INFO - [2024-03-19T19:32:53.848+0000] {dag.py:3834} INFO - Setting next_dagrun for my_first_dag to 2023-09-29 00:00:00+00:00, run_after=2023-09-29 00:01:00+00:00
[2024-03-19T19:32:53.862+0000] {processor.py:183} INFO - Processing /opt/airflow/dags/printout.py took 0.075 seconds
[2024-03-19T19:33:24.274+0000] {processor.py:161} INFO - Started process (PID=403) to work on /opt/airflow/dags/printout.py
[2024-03-19T19:33:24.277+0000] {processor.py:830} INFO - Processing file /opt/airflow/dags/printout.py for tasks to queue
[2024-03-19T19:33:24.279+0000] {logging_mixin.py:188} INFO - [2024-03-19T19:33:24.279+0000] {dagbag.py:540} INFO - Filling up the DagBag from /opt/airflow/dags/printout.py
[2024-03-19T19:33:24.293+0000] {processor.py:840} INFO - DAG(s) 'my_first_dag' retrieved from /opt/airflow/dags/printout.py
[2024-03-19T19:33:24.319+0000] {logging_mixin.py:188} INFO - [2024-03-19T19:33:24.319+0000] {dag.py:3047} INFO - Sync 1 DAGs
[2024-03-19T19:33:24.337+0000] {logging_mixin.py:188} INFO - [2024-03-19T19:33:24.337+0000] {dag.py:3834} INFO - Setting next_dagrun for my_first_dag to 2023-09-29 00:00:00+00:00, run_after=2023-09-29 00:01:00+00:00
[2024-03-19T19:33:24.352+0000] {processor.py:183} INFO - Processing /opt/airflow/dags/printout.py took 0.084 seconds
[2024-03-19T19:33:54.792+0000] {processor.py:161} INFO - Started process (PID=412) to work on /opt/airflow/dags/printout.py
[2024-03-19T19:33:54.793+0000] {processor.py:830} INFO - Processing file /opt/airflow/dags/printout.py for tasks to queue
[2024-03-19T19:33:54.796+0000] {logging_mixin.py:188} INFO - [2024-03-19T19:33:54.796+0000] {dagbag.py:540} INFO - Filling up the DagBag from /opt/airflow/dags/printout.py
[2024-03-19T19:33:54.809+0000] {processor.py:840} INFO - DAG(s) 'my_first_dag' retrieved from /opt/airflow/dags/printout.py
[2024-03-19T19:33:54.836+0000] {logging_mixin.py:188} INFO - [2024-03-19T19:33:54.835+0000] {dag.py:3047} INFO - Sync 1 DAGs
[2024-03-19T19:33:54.854+0000] {logging_mixin.py:188} INFO - [2024-03-19T19:33:54.854+0000] {dag.py:3834} INFO - Setting next_dagrun for my_first_dag to 2023-09-29 00:00:00+00:00, run_after=2023-09-29 00:01:00+00:00
[2024-03-19T19:33:54.868+0000] {processor.py:183} INFO - Processing /opt/airflow/dags/printout.py took 0.083 seconds
[2024-03-19T19:34:25.222+0000] {processor.py:161} INFO - Started process (PID=421) to work on /opt/airflow/dags/printout.py
[2024-03-19T19:34:25.225+0000] {processor.py:830} INFO - Processing file /opt/airflow/dags/printout.py for tasks to queue
[2024-03-19T19:34:25.229+0000] {logging_mixin.py:188} INFO - [2024-03-19T19:34:25.228+0000] {dagbag.py:540} INFO - Filling up the DagBag from /opt/airflow/dags/printout.py
[2024-03-19T19:34:25.245+0000] {processor.py:840} INFO - DAG(s) 'my_first_dag' retrieved from /opt/airflow/dags/printout.py
[2024-03-19T19:34:25.278+0000] {logging_mixin.py:188} INFO - [2024-03-19T19:34:25.278+0000] {dag.py:3047} INFO - Sync 1 DAGs
[2024-03-19T19:34:25.300+0000] {logging_mixin.py:188} INFO - [2024-03-19T19:34:25.299+0000] {dag.py:3834} INFO - Setting next_dagrun for my_first_dag to 2023-09-29 00:00:00+00:00, run_after=2023-09-29 00:01:00+00:00
[2024-03-19T19:34:25.315+0000] {processor.py:183} INFO - Processing /opt/airflow/dags/printout.py took 0.099 seconds
[2024-03-19T19:34:55.859+0000] {processor.py:161} INFO - Started process (PID=429) to work on /opt/airflow/dags/printout.py
[2024-03-19T19:34:55.864+0000] {processor.py:830} INFO - Processing file /opt/airflow/dags/printout.py for tasks to queue
[2024-03-19T19:34:55.871+0000] {logging_mixin.py:188} INFO - [2024-03-19T19:34:55.871+0000] {dagbag.py:540} INFO - Filling up the DagBag from /opt/airflow/dags/printout.py
[2024-03-19T19:34:55.897+0000] {processor.py:840} INFO - DAG(s) 'my_first_dag' retrieved from /opt/airflow/dags/printout.py
[2024-03-19T19:34:55.949+0000] {logging_mixin.py:188} INFO - [2024-03-19T19:34:55.948+0000] {dag.py:3047} INFO - Sync 1 DAGs
[2024-03-19T19:34:55.973+0000] {logging_mixin.py:188} INFO - [2024-03-19T19:34:55.973+0000] {dag.py:3834} INFO - Setting next_dagrun for my_first_dag to 2023-09-29 00:00:00+00:00, run_after=2023-09-29 00:01:00+00:00
[2024-03-19T19:34:55.989+0000] {processor.py:183} INFO - Processing /opt/airflow/dags/printout.py took 0.140 seconds
[2024-03-19T19:35:26.358+0000] {processor.py:161} INFO - Started process (PID=437) to work on /opt/airflow/dags/printout.py
[2024-03-19T19:35:26.360+0000] {processor.py:830} INFO - Processing file /opt/airflow/dags/printout.py for tasks to queue
[2024-03-19T19:35:26.365+0000] {logging_mixin.py:188} INFO - [2024-03-19T19:35:26.365+0000] {dagbag.py:540} INFO - Filling up the DagBag from /opt/airflow/dags/printout.py
[2024-03-19T19:35:26.386+0000] {processor.py:840} INFO - DAG(s) 'my_first_dag' retrieved from /opt/airflow/dags/printout.py
[2024-03-19T19:35:26.443+0000] {logging_mixin.py:188} INFO - [2024-03-19T19:35:26.442+0000] {dag.py:3047} INFO - Sync 1 DAGs
[2024-03-19T19:35:26.469+0000] {logging_mixin.py:188} INFO - [2024-03-19T19:35:26.469+0000] {dag.py:3834} INFO - Setting next_dagrun for my_first_dag to 2023-09-29 00:00:00+00:00, run_after=2023-09-29 00:01:00+00:00
[2024-03-19T19:35:26.485+0000] {processor.py:183} INFO - Processing /opt/airflow/dags/printout.py took 0.134 seconds
[2024-03-19T19:35:57.016+0000] {processor.py:161} INFO - Started process (PID=445) to work on /opt/airflow/dags/printout.py
[2024-03-19T19:35:57.020+0000] {processor.py:830} INFO - Processing file /opt/airflow/dags/printout.py for tasks to queue
[2024-03-19T19:35:57.025+0000] {logging_mixin.py:188} INFO - [2024-03-19T19:35:57.024+0000] {dagbag.py:540} INFO - Filling up the DagBag from /opt/airflow/dags/printout.py
[2024-03-19T19:35:57.058+0000] {processor.py:840} INFO - DAG(s) 'my_first_dag' retrieved from /opt/airflow/dags/printout.py
[2024-03-19T19:35:57.098+0000] {logging_mixin.py:188} INFO - [2024-03-19T19:35:57.098+0000] {dag.py:3047} INFO - Sync 1 DAGs
[2024-03-19T19:35:57.125+0000] {logging_mixin.py:188} INFO - [2024-03-19T19:35:57.125+0000] {dag.py:3834} INFO - Setting next_dagrun for my_first_dag to 2023-09-29 00:00:00+00:00, run_after=2023-09-29 00:01:00+00:00
[2024-03-19T19:35:57.159+0000] {processor.py:183} INFO - Processing /opt/airflow/dags/printout.py took 0.152 seconds
[2024-03-19T19:36:27.622+0000] {processor.py:161} INFO - Started process (PID=453) to work on /opt/airflow/dags/printout.py
[2024-03-19T19:36:27.626+0000] {processor.py:830} INFO - Processing file /opt/airflow/dags/printout.py for tasks to queue
[2024-03-19T19:36:27.631+0000] {logging_mixin.py:188} INFO - [2024-03-19T19:36:27.631+0000] {dagbag.py:540} INFO - Filling up the DagBag from /opt/airflow/dags/printout.py
[2024-03-19T19:36:27.659+0000] {processor.py:840} INFO - DAG(s) 'my_first_dag' retrieved from /opt/airflow/dags/printout.py
[2024-03-19T19:36:27.722+0000] {logging_mixin.py:188} INFO - [2024-03-19T19:36:27.722+0000] {dag.py:3047} INFO - Sync 1 DAGs
[2024-03-19T19:36:27.749+0000] {logging_mixin.py:188} INFO - [2024-03-19T19:36:27.749+0000] {dag.py:3834} INFO - Setting next_dagrun for my_first_dag to 2023-09-29 00:00:00+00:00, run_after=2023-09-29 00:01:00+00:00
[2024-03-19T19:36:27.765+0000] {processor.py:183} INFO - Processing /opt/airflow/dags/printout.py took 0.157 seconds
[2024-03-19T19:36:58.189+0000] {processor.py:161} INFO - Started process (PID=461) to work on /opt/airflow/dags/printout.py
[2024-03-19T19:36:58.193+0000] {processor.py:830} INFO - Processing file /opt/airflow/dags/printout.py for tasks to queue
[2024-03-19T19:36:58.199+0000] {logging_mixin.py:188} INFO - [2024-03-19T19:36:58.197+0000] {dagbag.py:540} INFO - Filling up the DagBag from /opt/airflow/dags/printout.py
[2024-03-19T19:36:58.233+0000] {processor.py:840} INFO - DAG(s) 'my_first_dag' retrieved from /opt/airflow/dags/printout.py
[2024-03-19T19:36:58.282+0000] {logging_mixin.py:188} INFO - [2024-03-19T19:36:58.282+0000] {dag.py:3047} INFO - Sync 1 DAGs
[2024-03-19T19:36:58.369+0000] {logging_mixin.py:188} INFO - [2024-03-19T19:36:58.369+0000] {dag.py:3834} INFO - Setting next_dagrun for my_first_dag to 2023-09-29 00:00:00+00:00, run_after=2023-09-29 00:01:00+00:00
[2024-03-19T19:36:58.387+0000] {processor.py:183} INFO - Processing /opt/airflow/dags/printout.py took 0.210 seconds
[2024-03-19T19:37:28.795+0000] {processor.py:161} INFO - Started process (PID=469) to work on /opt/airflow/dags/printout.py
[2024-03-19T19:37:28.798+0000] {processor.py:830} INFO - Processing file /opt/airflow/dags/printout.py for tasks to queue
[2024-03-19T19:37:28.802+0000] {logging_mixin.py:188} INFO - [2024-03-19T19:37:28.801+0000] {dagbag.py:540} INFO - Filling up the DagBag from /opt/airflow/dags/printout.py
[2024-03-19T19:37:28.843+0000] {processor.py:840} INFO - DAG(s) 'my_first_dag' retrieved from /opt/airflow/dags/printout.py
[2024-03-19T19:37:28.886+0000] {logging_mixin.py:188} INFO - [2024-03-19T19:37:28.886+0000] {dag.py:3047} INFO - Sync 1 DAGs
[2024-03-19T19:37:28.914+0000] {logging_mixin.py:188} INFO - [2024-03-19T19:37:28.914+0000] {dag.py:3834} INFO - Setting next_dagrun for my_first_dag to 2023-09-29 00:00:00+00:00, run_after=2023-09-29 00:01:00+00:00
[2024-03-19T19:37:28.931+0000] {processor.py:183} INFO - Processing /opt/airflow/dags/printout.py took 0.141 seconds
[2024-03-19T19:37:59.531+0000] {processor.py:161} INFO - Started process (PID=478) to work on /opt/airflow/dags/printout.py
[2024-03-19T19:37:59.533+0000] {processor.py:830} INFO - Processing file /opt/airflow/dags/printout.py for tasks to queue
[2024-03-19T19:37:59.537+0000] {logging_mixin.py:188} INFO - [2024-03-19T19:37:59.537+0000] {dagbag.py:540} INFO - Filling up the DagBag from /opt/airflow/dags/printout.py
[2024-03-19T19:37:59.584+0000] {processor.py:840} INFO - DAG(s) 'my_first_dag' retrieved from /opt/airflow/dags/printout.py
[2024-03-19T19:37:59.631+0000] {logging_mixin.py:188} INFO - [2024-03-19T19:37:59.630+0000] {dag.py:3047} INFO - Sync 1 DAGs
[2024-03-19T19:37:59.689+0000] {logging_mixin.py:188} INFO - [2024-03-19T19:37:59.689+0000] {dag.py:3834} INFO - Setting next_dagrun for my_first_dag to 2023-09-29 00:00:00+00:00, run_after=2023-09-29 00:01:00+00:00
[2024-03-19T19:37:59.713+0000] {processor.py:183} INFO - Processing /opt/airflow/dags/printout.py took 0.189 seconds
[2024-03-19T19:38:30.081+0000] {processor.py:161} INFO - Started process (PID=486) to work on /opt/airflow/dags/printout.py
[2024-03-19T19:38:30.084+0000] {processor.py:830} INFO - Processing file /opt/airflow/dags/printout.py for tasks to queue
[2024-03-19T19:38:30.090+0000] {logging_mixin.py:188} INFO - [2024-03-19T19:38:30.089+0000] {dagbag.py:540} INFO - Filling up the DagBag from /opt/airflow/dags/printout.py
[2024-03-19T19:38:30.114+0000] {processor.py:840} INFO - DAG(s) 'my_first_dag' retrieved from /opt/airflow/dags/printout.py
[2024-03-19T19:38:30.153+0000] {logging_mixin.py:188} INFO - [2024-03-19T19:38:30.153+0000] {dag.py:3047} INFO - Sync 1 DAGs
[2024-03-19T19:38:30.201+0000] {logging_mixin.py:188} INFO - [2024-03-19T19:38:30.201+0000] {dag.py:3834} INFO - Setting next_dagrun for my_first_dag to 2023-09-29 00:00:00+00:00, run_after=2023-09-29 00:01:00+00:00
[2024-03-19T19:38:30.219+0000] {processor.py:183} INFO - Processing /opt/airflow/dags/printout.py took 0.150 seconds
[2024-03-19T19:39:00.668+0000] {processor.py:161} INFO - Started process (PID=494) to work on /opt/airflow/dags/printout.py
[2024-03-19T19:39:00.675+0000] {processor.py:830} INFO - Processing file /opt/airflow/dags/printout.py for tasks to queue
[2024-03-19T19:39:00.697+0000] {logging_mixin.py:188} INFO - [2024-03-19T19:39:00.695+0000] {dagbag.py:540} INFO - Filling up the DagBag from /opt/airflow/dags/printout.py
[2024-03-19T19:39:00.733+0000] {processor.py:840} INFO - DAG(s) 'my_first_dag' retrieved from /opt/airflow/dags/printout.py
[2024-03-19T19:39:00.845+0000] {logging_mixin.py:188} INFO - [2024-03-19T19:39:00.845+0000] {dag.py:3047} INFO - Sync 1 DAGs
[2024-03-19T19:39:00.929+0000] {logging_mixin.py:188} INFO - [2024-03-19T19:39:00.929+0000] {dag.py:3834} INFO - Setting next_dagrun for my_first_dag to 2023-09-29 00:00:00+00:00, run_after=2023-09-29 00:01:00+00:00
[2024-03-19T19:39:00.988+0000] {processor.py:183} INFO - Processing /opt/airflow/dags/printout.py took 0.331 seconds
[2024-03-19T19:39:31.471+0000] {processor.py:161} INFO - Started process (PID=503) to work on /opt/airflow/dags/printout.py
[2024-03-19T19:39:31.478+0000] {processor.py:830} INFO - Processing file /opt/airflow/dags/printout.py for tasks to queue
[2024-03-19T19:39:31.485+0000] {logging_mixin.py:188} INFO - [2024-03-19T19:39:31.485+0000] {dagbag.py:540} INFO - Filling up the DagBag from /opt/airflow/dags/printout.py
[2024-03-19T19:39:31.511+0000] {processor.py:840} INFO - DAG(s) 'my_first_dag' retrieved from /opt/airflow/dags/printout.py
[2024-03-19T19:39:31.574+0000] {logging_mixin.py:188} INFO - [2024-03-19T19:39:31.574+0000] {dag.py:3047} INFO - Sync 1 DAGs
[2024-03-19T19:39:31.624+0000] {logging_mixin.py:188} INFO - [2024-03-19T19:39:31.624+0000] {dag.py:3834} INFO - Setting next_dagrun for my_first_dag to 2023-09-29 00:00:00+00:00, run_after=2023-09-29 00:01:00+00:00
[2024-03-19T19:39:31.658+0000] {processor.py:183} INFO - Processing /opt/airflow/dags/printout.py took 0.198 seconds
[2024-03-19T19:40:02.045+0000] {processor.py:161} INFO - Started process (PID=511) to work on /opt/airflow/dags/printout.py
[2024-03-19T19:40:02.048+0000] {processor.py:830} INFO - Processing file /opt/airflow/dags/printout.py for tasks to queue
[2024-03-19T19:40:02.053+0000] {logging_mixin.py:188} INFO - [2024-03-19T19:40:02.053+0000] {dagbag.py:540} INFO - Filling up the DagBag from /opt/airflow/dags/printout.py
[2024-03-19T19:40:02.078+0000] {processor.py:840} INFO - DAG(s) 'my_first_dag' retrieved from /opt/airflow/dags/printout.py
[2024-03-19T19:40:02.137+0000] {logging_mixin.py:188} INFO - [2024-03-19T19:40:02.137+0000] {dag.py:3047} INFO - Sync 1 DAGs
[2024-03-19T19:40:02.161+0000] {logging_mixin.py:188} INFO - [2024-03-19T19:40:02.161+0000] {dag.py:3834} INFO - Setting next_dagrun for my_first_dag to 2023-09-29 00:00:00+00:00, run_after=2023-09-29 00:01:00+00:00
[2024-03-19T19:40:02.175+0000] {processor.py:183} INFO - Processing /opt/airflow/dags/printout.py took 0.140 seconds
[2024-03-19T19:40:32.783+0000] {processor.py:161} INFO - Started process (PID=519) to work on /opt/airflow/dags/printout.py
[2024-03-19T19:40:32.790+0000] {processor.py:830} INFO - Processing file /opt/airflow/dags/printout.py for tasks to queue
[2024-03-19T19:40:32.812+0000] {logging_mixin.py:188} INFO - [2024-03-19T19:40:32.811+0000] {dagbag.py:540} INFO - Filling up the DagBag from /opt/airflow/dags/printout.py
[2024-03-19T19:40:32.839+0000] {processor.py:840} INFO - DAG(s) 'my_first_dag' retrieved from /opt/airflow/dags/printout.py
[2024-03-19T19:40:32.914+0000] {logging_mixin.py:188} INFO - [2024-03-19T19:40:32.914+0000] {dag.py:3047} INFO - Sync 1 DAGs
[2024-03-19T19:40:32.949+0000] {logging_mixin.py:188} INFO - [2024-03-19T19:40:32.949+0000] {dag.py:3834} INFO - Setting next_dagrun for my_first_dag to 2023-09-29 00:00:00+00:00, run_after=2023-09-29 00:01:00+00:00
[2024-03-19T19:40:32.970+0000] {processor.py:183} INFO - Processing /opt/airflow/dags/printout.py took 0.195 seconds
[2024-03-19T19:41:03.403+0000] {processor.py:161} INFO - Started process (PID=527) to work on /opt/airflow/dags/printout.py
[2024-03-19T19:41:03.407+0000] {processor.py:830} INFO - Processing file /opt/airflow/dags/printout.py for tasks to queue
[2024-03-19T19:41:03.412+0000] {logging_mixin.py:188} INFO - [2024-03-19T19:41:03.411+0000] {dagbag.py:540} INFO - Filling up the DagBag from /opt/airflow/dags/printout.py
[2024-03-19T19:41:03.438+0000] {processor.py:840} INFO - DAG(s) 'my_first_dag' retrieved from /opt/airflow/dags/printout.py
[2024-03-19T19:41:03.483+0000] {logging_mixin.py:188} INFO - [2024-03-19T19:41:03.483+0000] {dag.py:3047} INFO - Sync 1 DAGs
[2024-03-19T19:41:03.519+0000] {logging_mixin.py:188} INFO - [2024-03-19T19:41:03.519+0000] {dag.py:3834} INFO - Setting next_dagrun for my_first_dag to 2023-09-29 00:00:00+00:00, run_after=2023-09-29 00:01:00+00:00
[2024-03-19T19:41:03.538+0000] {processor.py:183} INFO - Processing /opt/airflow/dags/printout.py took 0.158 seconds
[2024-03-19T19:41:33.962+0000] {processor.py:161} INFO - Started process (PID=535) to work on /opt/airflow/dags/printout.py
[2024-03-19T19:41:33.967+0000] {processor.py:830} INFO - Processing file /opt/airflow/dags/printout.py for tasks to queue
[2024-03-19T19:41:33.975+0000] {logging_mixin.py:188} INFO - [2024-03-19T19:41:33.974+0000] {dagbag.py:540} INFO - Filling up the DagBag from /opt/airflow/dags/printout.py
[2024-03-19T19:41:34.014+0000] {processor.py:840} INFO - DAG(s) 'my_first_dag' retrieved from /opt/airflow/dags/printout.py
[2024-03-19T19:41:34.059+0000] {logging_mixin.py:188} INFO - [2024-03-19T19:41:34.059+0000] {dag.py:3047} INFO - Sync 1 DAGs
[2024-03-19T19:41:34.089+0000] {logging_mixin.py:188} INFO - [2024-03-19T19:41:34.089+0000] {dag.py:3834} INFO - Setting next_dagrun for my_first_dag to 2023-09-29 00:00:00+00:00, run_after=2023-09-29 00:01:00+00:00
[2024-03-19T19:41:34.118+0000] {processor.py:183} INFO - Processing /opt/airflow/dags/printout.py took 0.170 seconds
[2024-03-19T19:42:04.559+0000] {processor.py:161} INFO - Started process (PID=543) to work on /opt/airflow/dags/printout.py
[2024-03-19T19:42:04.563+0000] {processor.py:830} INFO - Processing file /opt/airflow/dags/printout.py for tasks to queue
[2024-03-19T19:42:04.570+0000] {logging_mixin.py:188} INFO - [2024-03-19T19:42:04.569+0000] {dagbag.py:540} INFO - Filling up the DagBag from /opt/airflow/dags/printout.py
[2024-03-19T19:42:04.618+0000] {processor.py:840} INFO - DAG(s) 'my_first_dag' retrieved from /opt/airflow/dags/printout.py
[2024-03-19T19:42:04.676+0000] {logging_mixin.py:188} INFO - [2024-03-19T19:42:04.675+0000] {dag.py:3047} INFO - Sync 1 DAGs
[2024-03-19T19:42:04.716+0000] {logging_mixin.py:188} INFO - [2024-03-19T19:42:04.716+0000] {dag.py:3834} INFO - Setting next_dagrun for my_first_dag to 2023-09-29 00:00:00+00:00, run_after=2023-09-29 00:01:00+00:00
[2024-03-19T19:42:04.736+0000] {processor.py:183} INFO - Processing /opt/airflow/dags/printout.py took 0.188 seconds
[2024-03-19T19:42:35.233+0000] {processor.py:161} INFO - Started process (PID=551) to work on /opt/airflow/dags/printout.py
[2024-03-19T19:42:35.242+0000] {processor.py:830} INFO - Processing file /opt/airflow/dags/printout.py for tasks to queue
[2024-03-19T19:42:35.255+0000] {logging_mixin.py:188} INFO - [2024-03-19T19:42:35.253+0000] {dagbag.py:540} INFO - Filling up the DagBag from /opt/airflow/dags/printout.py
[2024-03-19T19:42:35.305+0000] {processor.py:840} INFO - DAG(s) 'my_first_dag' retrieved from /opt/airflow/dags/printout.py
[2024-03-19T19:42:35.375+0000] {logging_mixin.py:188} INFO - [2024-03-19T19:42:35.375+0000] {dag.py:3047} INFO - Sync 1 DAGs
[2024-03-19T19:42:35.413+0000] {logging_mixin.py:188} INFO - [2024-03-19T19:42:35.413+0000] {dag.py:3834} INFO - Setting next_dagrun for my_first_dag to 2023-09-29 00:00:00+00:00, run_after=2023-09-29 00:01:00+00:00
[2024-03-19T19:42:35.433+0000] {processor.py:183} INFO - Processing /opt/airflow/dags/printout.py took 0.214 seconds
[2024-03-19T19:43:05.865+0000] {processor.py:161} INFO - Started process (PID=565) to work on /opt/airflow/dags/printout.py
[2024-03-19T19:43:05.869+0000] {processor.py:830} INFO - Processing file /opt/airflow/dags/printout.py for tasks to queue
[2024-03-19T19:43:05.874+0000] {logging_mixin.py:188} INFO - [2024-03-19T19:43:05.873+0000] {dagbag.py:540} INFO - Filling up the DagBag from /opt/airflow/dags/printout.py
[2024-03-19T19:43:05.918+0000] {processor.py:840} INFO - DAG(s) 'my_first_dag' retrieved from /opt/airflow/dags/printout.py
[2024-03-19T19:43:05.984+0000] {logging_mixin.py:188} INFO - [2024-03-19T19:43:05.984+0000] {dag.py:3047} INFO - Sync 1 DAGs
[2024-03-19T19:43:06.027+0000] {logging_mixin.py:188} INFO - [2024-03-19T19:43:06.027+0000] {dag.py:3834} INFO - Setting next_dagrun for my_first_dag to 2023-09-29 00:00:00+00:00, run_after=2023-09-29 00:01:00+00:00
[2024-03-19T19:43:06.043+0000] {processor.py:183} INFO - Processing /opt/airflow/dags/printout.py took 0.189 seconds
[2024-03-19T19:43:36.443+0000] {processor.py:161} INFO - Started process (PID=573) to work on /opt/airflow/dags/printout.py
[2024-03-19T19:43:36.446+0000] {processor.py:830} INFO - Processing file /opt/airflow/dags/printout.py for tasks to queue
[2024-03-19T19:43:36.451+0000] {logging_mixin.py:188} INFO - [2024-03-19T19:43:36.450+0000] {dagbag.py:540} INFO - Filling up the DagBag from /opt/airflow/dags/printout.py
[2024-03-19T19:43:36.484+0000] {processor.py:840} INFO - DAG(s) 'my_first_dag' retrieved from /opt/airflow/dags/printout.py
[2024-03-19T19:43:36.547+0000] {logging_mixin.py:188} INFO - [2024-03-19T19:43:36.546+0000] {dag.py:3047} INFO - Sync 1 DAGs
[2024-03-19T19:43:36.578+0000] {logging_mixin.py:188} INFO - [2024-03-19T19:43:36.577+0000] {dag.py:3834} INFO - Setting next_dagrun for my_first_dag to 2023-09-29 00:00:00+00:00, run_after=2023-09-29 00:01:00+00:00
[2024-03-19T19:43:36.595+0000] {processor.py:183} INFO - Processing /opt/airflow/dags/printout.py took 0.175 seconds
[2024-03-19T19:44:07.210+0000] {processor.py:161} INFO - Started process (PID=582) to work on /opt/airflow/dags/printout.py
[2024-03-19T19:44:07.212+0000] {processor.py:830} INFO - Processing file /opt/airflow/dags/printout.py for tasks to queue
[2024-03-19T19:44:07.215+0000] {logging_mixin.py:188} INFO - [2024-03-19T19:44:07.214+0000] {dagbag.py:540} INFO - Filling up the DagBag from /opt/airflow/dags/printout.py
[2024-03-19T19:44:07.229+0000] {processor.py:840} INFO - DAG(s) 'my_first_dag' retrieved from /opt/airflow/dags/printout.py
[2024-03-19T19:44:07.260+0000] {logging_mixin.py:188} INFO - [2024-03-19T19:44:07.260+0000] {dag.py:3047} INFO - Sync 1 DAGs
[2024-03-19T19:44:07.278+0000] {logging_mixin.py:188} INFO - [2024-03-19T19:44:07.278+0000] {dag.py:3834} INFO - Setting next_dagrun for my_first_dag to 2023-09-29 00:00:00+00:00, run_after=2023-09-29 00:01:00+00:00
[2024-03-19T19:44:07.293+0000] {processor.py:183} INFO - Processing /opt/airflow/dags/printout.py took 0.092 seconds
[2024-03-19T19:44:38.063+0000] {processor.py:161} INFO - Started process (PID=590) to work on /opt/airflow/dags/printout.py
[2024-03-19T19:44:38.066+0000] {processor.py:830} INFO - Processing file /opt/airflow/dags/printout.py for tasks to queue
[2024-03-19T19:44:38.073+0000] {logging_mixin.py:188} INFO - [2024-03-19T19:44:38.072+0000] {dagbag.py:540} INFO - Filling up the DagBag from /opt/airflow/dags/printout.py
[2024-03-19T19:44:38.110+0000] {processor.py:840} INFO - DAG(s) 'my_first_dag' retrieved from /opt/airflow/dags/printout.py
[2024-03-19T19:44:38.178+0000] {logging_mixin.py:188} INFO - [2024-03-19T19:44:38.177+0000] {dag.py:3047} INFO - Sync 1 DAGs
[2024-03-19T19:44:38.263+0000] {logging_mixin.py:188} INFO - [2024-03-19T19:44:38.263+0000] {dag.py:3834} INFO - Setting next_dagrun for my_first_dag to 2023-09-29 00:00:00+00:00, run_after=2023-09-29 00:01:00+00:00
[2024-03-19T19:44:38.287+0000] {processor.py:183} INFO - Processing /opt/airflow/dags/printout.py took 0.233 seconds
[2024-03-19T19:45:08.815+0000] {processor.py:161} INFO - Started process (PID=598) to work on /opt/airflow/dags/printout.py
[2024-03-19T19:45:08.820+0000] {processor.py:830} INFO - Processing file /opt/airflow/dags/printout.py for tasks to queue
[2024-03-19T19:45:08.847+0000] {logging_mixin.py:188} INFO - [2024-03-19T19:45:08.842+0000] {dagbag.py:540} INFO - Filling up the DagBag from /opt/airflow/dags/printout.py
[2024-03-19T19:45:08.928+0000] {processor.py:840} INFO - DAG(s) 'my_first_dag' retrieved from /opt/airflow/dags/printout.py
[2024-03-19T19:45:09.008+0000] {logging_mixin.py:188} INFO - [2024-03-19T19:45:09.007+0000] {dag.py:3047} INFO - Sync 1 DAGs
[2024-03-19T19:45:09.040+0000] {logging_mixin.py:188} INFO - [2024-03-19T19:45:09.040+0000] {dag.py:3834} INFO - Setting next_dagrun for my_first_dag to 2023-09-29 00:00:00+00:00, run_after=2023-09-29 00:01:00+00:00
[2024-03-19T19:45:09.060+0000] {processor.py:183} INFO - Processing /opt/airflow/dags/printout.py took 0.253 seconds
[2024-03-19T19:45:39.618+0000] {processor.py:161} INFO - Started process (PID=608) to work on /opt/airflow/dags/printout.py
[2024-03-19T19:45:39.621+0000] {processor.py:830} INFO - Processing file /opt/airflow/dags/printout.py for tasks to queue
[2024-03-19T19:45:39.627+0000] {logging_mixin.py:188} INFO - [2024-03-19T19:45:39.626+0000] {dagbag.py:540} INFO - Filling up the DagBag from /opt/airflow/dags/printout.py
[2024-03-19T19:45:39.668+0000] {processor.py:840} INFO - DAG(s) 'my_first_dag' retrieved from /opt/airflow/dags/printout.py
[2024-03-19T19:45:39.734+0000] {logging_mixin.py:188} INFO - [2024-03-19T19:45:39.734+0000] {dag.py:3047} INFO - Sync 1 DAGs
[2024-03-19T19:45:39.770+0000] {logging_mixin.py:188} INFO - [2024-03-19T19:45:39.769+0000] {dag.py:3834} INFO - Setting next_dagrun for my_first_dag to 2023-09-29 00:00:00+00:00, run_after=2023-09-29 00:01:00+00:00
[2024-03-19T19:45:39.792+0000] {processor.py:183} INFO - Processing /opt/airflow/dags/printout.py took 0.186 seconds
[2024-03-19T19:46:10.311+0000] {processor.py:161} INFO - Started process (PID=616) to work on /opt/airflow/dags/printout.py
[2024-03-19T19:46:10.315+0000] {processor.py:830} INFO - Processing file /opt/airflow/dags/printout.py for tasks to queue
[2024-03-19T19:46:10.321+0000] {logging_mixin.py:188} INFO - [2024-03-19T19:46:10.320+0000] {dagbag.py:540} INFO - Filling up the DagBag from /opt/airflow/dags/printout.py
[2024-03-19T19:46:10.359+0000] {processor.py:840} INFO - DAG(s) 'my_first_dag' retrieved from /opt/airflow/dags/printout.py
[2024-03-19T19:46:10.420+0000] {logging_mixin.py:188} INFO - [2024-03-19T19:46:10.419+0000] {dag.py:3047} INFO - Sync 1 DAGs
[2024-03-19T19:46:10.453+0000] {logging_mixin.py:188} INFO - [2024-03-19T19:46:10.452+0000] {dag.py:3834} INFO - Setting next_dagrun for my_first_dag to 2023-09-29 00:00:00+00:00, run_after=2023-09-29 00:01:00+00:00
[2024-03-19T19:46:10.471+0000] {processor.py:183} INFO - Processing /opt/airflow/dags/printout.py took 0.170 seconds
[2024-03-19T19:46:40.959+0000] {processor.py:161} INFO - Started process (PID=624) to work on /opt/airflow/dags/printout.py
[2024-03-19T19:46:40.963+0000] {processor.py:830} INFO - Processing file /opt/airflow/dags/printout.py for tasks to queue
[2024-03-19T19:46:40.977+0000] {logging_mixin.py:188} INFO - [2024-03-19T19:46:40.976+0000] {dagbag.py:540} INFO - Filling up the DagBag from /opt/airflow/dags/printout.py
[2024-03-19T19:46:41.047+0000] {processor.py:840} INFO - DAG(s) 'my_first_dag' retrieved from /opt/airflow/dags/printout.py
[2024-03-19T19:46:41.171+0000] {logging_mixin.py:188} INFO - [2024-03-19T19:46:41.170+0000] {dag.py:3047} INFO - Sync 1 DAGs
[2024-03-19T19:46:41.198+0000] {logging_mixin.py:188} INFO - [2024-03-19T19:46:41.198+0000] {dag.py:3834} INFO - Setting next_dagrun for my_first_dag to 2023-09-29 00:00:00+00:00, run_after=2023-09-29 00:01:00+00:00
[2024-03-19T19:46:41.216+0000] {processor.py:183} INFO - Processing /opt/airflow/dags/printout.py took 0.267 seconds
[2024-03-19T19:47:11.689+0000] {processor.py:161} INFO - Started process (PID=631) to work on /opt/airflow/dags/printout.py
[2024-03-19T19:47:11.692+0000] {processor.py:830} INFO - Processing file /opt/airflow/dags/printout.py for tasks to queue
[2024-03-19T19:47:11.699+0000] {logging_mixin.py:188} INFO - [2024-03-19T19:47:11.698+0000] {dagbag.py:540} INFO - Filling up the DagBag from /opt/airflow/dags/printout.py
[2024-03-19T19:47:11.737+0000] {processor.py:840} INFO - DAG(s) 'my_first_dag' retrieved from /opt/airflow/dags/printout.py
[2024-03-19T19:47:11.790+0000] {logging_mixin.py:188} INFO - [2024-03-19T19:47:11.790+0000] {dag.py:3047} INFO - Sync 1 DAGs
[2024-03-19T19:47:11.833+0000] {logging_mixin.py:188} INFO - [2024-03-19T19:47:11.833+0000] {dag.py:3834} INFO - Setting next_dagrun for my_first_dag to 2023-09-29 00:00:00+00:00, run_after=2023-09-29 00:01:00+00:00
[2024-03-19T19:47:11.857+0000] {processor.py:183} INFO - Processing /opt/airflow/dags/printout.py took 0.178 seconds
[2024-03-19T19:47:42.288+0000] {processor.py:161} INFO - Started process (PID=640) to work on /opt/airflow/dags/printout.py
[2024-03-19T19:47:42.291+0000] {processor.py:830} INFO - Processing file /opt/airflow/dags/printout.py for tasks to queue
[2024-03-19T19:47:42.294+0000] {logging_mixin.py:188} INFO - [2024-03-19T19:47:42.293+0000] {dagbag.py:540} INFO - Filling up the DagBag from /opt/airflow/dags/printout.py
[2024-03-19T19:47:42.307+0000] {processor.py:840} INFO - DAG(s) 'my_first_dag' retrieved from /opt/airflow/dags/printout.py
[2024-03-19T19:47:42.341+0000] {logging_mixin.py:188} INFO - [2024-03-19T19:47:42.341+0000] {dag.py:3047} INFO - Sync 1 DAGs
[2024-03-19T19:47:42.361+0000] {logging_mixin.py:188} INFO - [2024-03-19T19:47:42.361+0000] {dag.py:3834} INFO - Setting next_dagrun for my_first_dag to 2023-09-29 00:00:00+00:00, run_after=2023-09-29 00:01:00+00:00
[2024-03-19T19:47:42.377+0000] {processor.py:183} INFO - Processing /opt/airflow/dags/printout.py took 0.095 seconds
[2024-03-19T19:48:12.517+0000] {processor.py:161} INFO - Started process (PID=648) to work on /opt/airflow/dags/printout.py
[2024-03-19T19:48:12.522+0000] {processor.py:830} INFO - Processing file /opt/airflow/dags/printout.py for tasks to queue
[2024-03-19T19:48:12.529+0000] {logging_mixin.py:188} INFO - [2024-03-19T19:48:12.528+0000] {dagbag.py:540} INFO - Filling up the DagBag from /opt/airflow/dags/printout.py
[2024-03-19T19:48:12.564+0000] {processor.py:840} INFO - DAG(s) 'my_first_dag' retrieved from /opt/airflow/dags/printout.py
[2024-03-19T19:48:12.656+0000] {logging_mixin.py:188} INFO - [2024-03-19T19:48:12.656+0000] {dag.py:3047} INFO - Sync 1 DAGs
[2024-03-19T19:48:12.724+0000] {logging_mixin.py:188} INFO - [2024-03-19T19:48:12.724+0000] {dag.py:3834} INFO - Setting next_dagrun for my_first_dag to 2023-09-29 00:00:00+00:00, run_after=2023-09-29 00:01:00+00:00
[2024-03-19T19:48:12.742+0000] {processor.py:183} INFO - Processing /opt/airflow/dags/printout.py took 0.257 seconds
[2024-03-19T19:48:43.147+0000] {processor.py:161} INFO - Started process (PID=656) to work on /opt/airflow/dags/printout.py
[2024-03-19T19:48:43.158+0000] {processor.py:830} INFO - Processing file /opt/airflow/dags/printout.py for tasks to queue
[2024-03-19T19:48:43.173+0000] {logging_mixin.py:188} INFO - [2024-03-19T19:48:43.171+0000] {dagbag.py:540} INFO - Filling up the DagBag from /opt/airflow/dags/printout.py
[2024-03-19T19:48:43.206+0000] {processor.py:840} INFO - DAG(s) 'my_first_dag' retrieved from /opt/airflow/dags/printout.py
[2024-03-19T19:48:43.288+0000] {logging_mixin.py:188} INFO - [2024-03-19T19:48:43.288+0000] {dag.py:3047} INFO - Sync 1 DAGs
[2024-03-19T19:48:43.332+0000] {logging_mixin.py:188} INFO - [2024-03-19T19:48:43.332+0000] {dag.py:3834} INFO - Setting next_dagrun for my_first_dag to 2023-09-29 00:00:00+00:00, run_after=2023-09-29 00:01:00+00:00
[2024-03-19T19:48:43.351+0000] {processor.py:183} INFO - Processing /opt/airflow/dags/printout.py took 0.216 seconds
[2024-03-19T19:49:14.153+0000] {processor.py:161} INFO - Started process (PID=664) to work on /opt/airflow/dags/printout.py
[2024-03-19T19:49:14.156+0000] {processor.py:830} INFO - Processing file /opt/airflow/dags/printout.py for tasks to queue
[2024-03-19T19:49:14.163+0000] {logging_mixin.py:188} INFO - [2024-03-19T19:49:14.162+0000] {dagbag.py:540} INFO - Filling up the DagBag from /opt/airflow/dags/printout.py
[2024-03-19T19:49:14.196+0000] {processor.py:840} INFO - DAG(s) 'my_first_dag' retrieved from /opt/airflow/dags/printout.py
[2024-03-19T19:49:14.274+0000] {logging_mixin.py:188} INFO - [2024-03-19T19:49:14.274+0000] {dag.py:3047} INFO - Sync 1 DAGs
[2024-03-19T19:49:14.319+0000] {logging_mixin.py:188} INFO - [2024-03-19T19:49:14.319+0000] {dag.py:3834} INFO - Setting next_dagrun for my_first_dag to 2023-09-29 00:00:00+00:00, run_after=2023-09-29 00:01:00+00:00
[2024-03-19T19:49:14.340+0000] {processor.py:183} INFO - Processing /opt/airflow/dags/printout.py took 0.197 seconds
[2024-03-19T19:49:44.629+0000] {processor.py:161} INFO - Started process (PID=673) to work on /opt/airflow/dags/printout.py
[2024-03-19T19:49:44.633+0000] {processor.py:830} INFO - Processing file /opt/airflow/dags/printout.py for tasks to queue
[2024-03-19T19:49:44.639+0000] {logging_mixin.py:188} INFO - [2024-03-19T19:49:44.638+0000] {dagbag.py:540} INFO - Filling up the DagBag from /opt/airflow/dags/printout.py
[2024-03-19T19:49:44.685+0000] {processor.py:840} INFO - DAG(s) 'my_first_dag' retrieved from /opt/airflow/dags/printout.py
[2024-03-19T19:49:44.772+0000] {logging_mixin.py:188} INFO - [2024-03-19T19:49:44.772+0000] {dag.py:3047} INFO - Sync 1 DAGs
[2024-03-19T19:49:44.806+0000] {logging_mixin.py:188} INFO - [2024-03-19T19:49:44.806+0000] {dag.py:3834} INFO - Setting next_dagrun for my_first_dag to 2023-09-29 00:00:00+00:00, run_after=2023-09-29 00:01:00+00:00
[2024-03-19T19:49:44.844+0000] {processor.py:183} INFO - Processing /opt/airflow/dags/printout.py took 0.232 seconds
[2024-03-19T19:50:15.462+0000] {processor.py:161} INFO - Started process (PID=681) to work on /opt/airflow/dags/printout.py
[2024-03-19T19:50:15.464+0000] {processor.py:830} INFO - Processing file /opt/airflow/dags/printout.py for tasks to queue
[2024-03-19T19:50:15.467+0000] {logging_mixin.py:188} INFO - [2024-03-19T19:50:15.466+0000] {dagbag.py:540} INFO - Filling up the DagBag from /opt/airflow/dags/printout.py
[2024-03-19T19:50:15.481+0000] {processor.py:840} INFO - DAG(s) 'my_first_dag' retrieved from /opt/airflow/dags/printout.py
[2024-03-19T19:50:15.510+0000] {logging_mixin.py:188} INFO - [2024-03-19T19:50:15.509+0000] {dag.py:3047} INFO - Sync 1 DAGs
[2024-03-19T19:50:15.528+0000] {logging_mixin.py:188} INFO - [2024-03-19T19:50:15.528+0000] {dag.py:3834} INFO - Setting next_dagrun for my_first_dag to 2023-09-29 00:00:00+00:00, run_after=2023-09-29 00:01:00+00:00
[2024-03-19T19:50:15.546+0000] {processor.py:183} INFO - Processing /opt/airflow/dags/printout.py took 0.090 seconds
[2024-03-19T19:50:45.987+0000] {processor.py:161} INFO - Started process (PID=689) to work on /opt/airflow/dags/printout.py
[2024-03-19T19:50:45.990+0000] {processor.py:830} INFO - Processing file /opt/airflow/dags/printout.py for tasks to queue
[2024-03-19T19:50:45.994+0000] {logging_mixin.py:188} INFO - [2024-03-19T19:50:45.993+0000] {dagbag.py:540} INFO - Filling up the DagBag from /opt/airflow/dags/printout.py
[2024-03-19T19:50:46.010+0000] {processor.py:840} INFO - DAG(s) 'my_first_dag' retrieved from /opt/airflow/dags/printout.py
[2024-03-19T19:50:46.039+0000] {logging_mixin.py:188} INFO - [2024-03-19T19:50:46.039+0000] {dag.py:3047} INFO - Sync 1 DAGs
[2024-03-19T19:50:46.071+0000] {logging_mixin.py:188} INFO - [2024-03-19T19:50:46.071+0000] {dag.py:3834} INFO - Setting next_dagrun for my_first_dag to 2023-09-29 00:00:00+00:00, run_after=2023-09-29 00:01:00+00:00
[2024-03-19T19:50:46.086+0000] {processor.py:183} INFO - Processing /opt/airflow/dags/printout.py took 0.109 seconds
[2024-03-19T19:51:16.802+0000] {processor.py:161} INFO - Started process (PID=697) to work on /opt/airflow/dags/printout.py
[2024-03-19T19:51:16.804+0000] {processor.py:830} INFO - Processing file /opt/airflow/dags/printout.py for tasks to queue
[2024-03-19T19:51:16.807+0000] {logging_mixin.py:188} INFO - [2024-03-19T19:51:16.806+0000] {dagbag.py:540} INFO - Filling up the DagBag from /opt/airflow/dags/printout.py
[2024-03-19T19:51:16.821+0000] {processor.py:840} INFO - DAG(s) 'my_first_dag' retrieved from /opt/airflow/dags/printout.py
[2024-03-19T19:51:16.849+0000] {logging_mixin.py:188} INFO - [2024-03-19T19:51:16.849+0000] {dag.py:3047} INFO - Sync 1 DAGs
[2024-03-19T19:51:16.870+0000] {logging_mixin.py:188} INFO - [2024-03-19T19:51:16.870+0000] {dag.py:3834} INFO - Setting next_dagrun for my_first_dag to 2023-09-29 00:00:00+00:00, run_after=2023-09-29 00:01:00+00:00
[2024-03-19T19:51:16.886+0000] {processor.py:183} INFO - Processing /opt/airflow/dags/printout.py took 0.089 seconds
[2024-03-19T19:51:47.556+0000] {processor.py:161} INFO - Started process (PID=705) to work on /opt/airflow/dags/printout.py
[2024-03-19T19:51:47.558+0000] {processor.py:830} INFO - Processing file /opt/airflow/dags/printout.py for tasks to queue
[2024-03-19T19:51:47.562+0000] {logging_mixin.py:188} INFO - [2024-03-19T19:51:47.561+0000] {dagbag.py:540} INFO - Filling up the DagBag from /opt/airflow/dags/printout.py
[2024-03-19T19:51:47.575+0000] {processor.py:840} INFO - DAG(s) 'my_first_dag' retrieved from /opt/airflow/dags/printout.py
[2024-03-19T19:51:47.604+0000] {logging_mixin.py:188} INFO - [2024-03-19T19:51:47.604+0000] {dag.py:3047} INFO - Sync 1 DAGs
[2024-03-19T19:51:47.624+0000] {logging_mixin.py:188} INFO - [2024-03-19T19:51:47.624+0000] {dag.py:3834} INFO - Setting next_dagrun for my_first_dag to 2023-09-29 00:00:00+00:00, run_after=2023-09-29 00:01:00+00:00
[2024-03-19T19:51:47.637+0000] {processor.py:183} INFO - Processing /opt/airflow/dags/printout.py took 0.087 seconds
[2024-03-19T19:52:18.155+0000] {processor.py:161} INFO - Started process (PID=714) to work on /opt/airflow/dags/printout.py
[2024-03-19T19:52:18.157+0000] {processor.py:830} INFO - Processing file /opt/airflow/dags/printout.py for tasks to queue
[2024-03-19T19:52:18.160+0000] {logging_mixin.py:188} INFO - [2024-03-19T19:52:18.160+0000] {dagbag.py:540} INFO - Filling up the DagBag from /opt/airflow/dags/printout.py
[2024-03-19T19:52:18.173+0000] {processor.py:840} INFO - DAG(s) 'my_first_dag' retrieved from /opt/airflow/dags/printout.py
[2024-03-19T19:52:18.207+0000] {logging_mixin.py:188} INFO - [2024-03-19T19:52:18.207+0000] {dag.py:3047} INFO - Sync 1 DAGs
[2024-03-19T19:52:18.227+0000] {logging_mixin.py:188} INFO - [2024-03-19T19:52:18.227+0000] {dag.py:3834} INFO - Setting next_dagrun for my_first_dag to 2023-09-29 00:00:00+00:00, run_after=2023-09-29 00:01:00+00:00
[2024-03-19T19:52:18.239+0000] {processor.py:183} INFO - Processing /opt/airflow/dags/printout.py took 0.090 seconds
[2024-03-19T19:52:49.847+0000] {processor.py:161} INFO - Started process (PID=722) to work on /opt/airflow/dags/printout.py
[2024-03-19T19:52:49.866+0000] {processor.py:830} INFO - Processing file /opt/airflow/dags/printout.py for tasks to queue
[2024-03-19T19:52:50.005+0000] {logging_mixin.py:188} INFO - [2024-03-19T19:52:50.002+0000] {dagbag.py:540} INFO - Filling up the DagBag from /opt/airflow/dags/printout.py
[2024-03-19T19:52:50.176+0000] {processor.py:840} INFO - DAG(s) 'my_first_dag' retrieved from /opt/airflow/dags/printout.py
[2024-03-19T19:52:50.431+0000] {logging_mixin.py:188} INFO - [2024-03-19T19:52:50.430+0000] {dag.py:3047} INFO - Sync 1 DAGs
[2024-03-19T19:52:50.534+0000] {logging_mixin.py:188} INFO - [2024-03-19T19:52:50.533+0000] {dag.py:3834} INFO - Setting next_dagrun for my_first_dag to 2023-09-29 00:00:00+00:00, run_after=2023-09-29 00:01:00+00:00
[2024-03-19T19:52:50.590+0000] {processor.py:183} INFO - Processing /opt/airflow/dags/printout.py took 0.934 seconds
