[2024-03-19T19:47:01.677+0000] {taskinstance.py:1979} INFO - Dependencies all met for dep_context=non-requeueable deps ti=<TaskInstance: Airflow_and_Cassandra.insert_dummy_data scheduled__2024-03-19T19:46:00+00:00 [queued]>
[2024-03-19T19:47:01.688+0000] {taskinstance.py:1979} INFO - Dependencies all met for dep_context=requeueable deps ti=<TaskInstance: Airflow_and_Cassandra.insert_dummy_data scheduled__2024-03-19T19:46:00+00:00 [queued]>
[2024-03-19T19:47:01.689+0000] {taskinstance.py:2193} INFO - Starting attempt 1 of 1
[2024-03-19T19:47:01.701+0000] {taskinstance.py:2217} INFO - Executing <Task(PythonOperator): insert_dummy_data> on 2024-03-19 19:46:00+00:00
[2024-03-19T19:47:01.710+0000] {standard_task_runner.py:60} INFO - Started process 707 to run task
[2024-03-19T19:47:01.716+0000] {standard_task_runner.py:87} INFO - Running: ['***', 'tasks', 'run', 'Airflow_and_Cassandra', 'insert_dummy_data', 'scheduled__2024-03-19T19:46:00+00:00', '--job-id', '40', '--raw', '--subdir', 'DAGS_FOLDER/insert_cassandra.py', '--cfg-path', '/tmp/tmp054vl01y']
[2024-03-19T19:47:01.718+0000] {standard_task_runner.py:88} INFO - Job 40: Subtask insert_dummy_data
[2024-03-19T19:47:01.790+0000] {task_command.py:423} INFO - Running <TaskInstance: Airflow_and_Cassandra.insert_dummy_data scheduled__2024-03-19T19:46:00+00:00 [running]> on host 52dfb58d56f6
[2024-03-19T19:47:01.858+0000] {taskinstance.py:2513} INFO - Exporting env vars: AIRFLOW_CTX_DAG_OWNER='***' AIRFLOW_CTX_DAG_ID='Airflow_and_Cassandra' AIRFLOW_CTX_TASK_ID='insert_dummy_data' AIRFLOW_CTX_EXECUTION_DATE='2024-03-19T19:46:00+00:00' AIRFLOW_CTX_TRY_NUMBER='1' AIRFLOW_CTX_DAG_RUN_ID='scheduled__2024-03-19T19:46:00+00:00'
[2024-03-19T19:47:01.869+0000] {base.py:83} INFO - Using connection ID 'cassandra_default' for task execution.
[2024-03-19T19:47:01.874+0000] {warnings.py:109} WARNING - /home/***/.local/lib/python3.8/site-packages/***/providers/apache/cassandra/hooks/cassandra.py:120: DeprecationWarning: Legacy execution parameters will be removed in 4.0. Consider using execution profiles.
  self.cluster = Cluster(**conn_config)

[2024-03-19T19:47:01.891+0000] {cassandra.py:128} WARNING - Downgrading core protocol version from 66 to 65 for 172.18.0.4:9042. To avoid this, it is best practice to explicitly set Cluster(protocol_version) to the version supported by your cluster. http://datastax.github.io/python-driver/api/cassandra/cluster.html#cassandra.cluster.Cluster.protocol_version
[2024-03-19T19:47:01.893+0000] {cassandra.py:128} WARNING - Downgrading core protocol version from 65 to 5 for 172.18.0.4:9042. To avoid this, it is best practice to explicitly set Cluster(protocol_version) to the version supported by your cluster. http://datastax.github.io/python-driver/api/cassandra/cluster.html#cassandra.cluster.Cluster.protocol_version
[2024-03-19T19:47:01.899+0000] {asyncorereactor.py:455} WARNING - An authentication challenge was not sent, this is suspicious because the driver expects authentication (configured authenticator = PlainTextAuthenticator)
[2024-03-19T19:47:02.040+0000] {asyncorereactor.py:455} WARNING - An authentication challenge was not sent, this is suspicious because the driver expects authentication (configured authenticator = PlainTextAuthenticator)
[2024-03-19T19:47:02.059+0000] {python.py:202} INFO - Done. Returned value was: None
[2024-03-19T19:47:02.172+0000] {taskinstance.py:1149} INFO - Marking task as SUCCESS. dag_id=Airflow_and_Cassandra, task_id=insert_dummy_data, execution_date=20240319T194600, start_date=20240319T194701, end_date=20240319T194702
[2024-03-19T19:47:02.270+0000] {local_task_job_runner.py:234} INFO - Task exited with return code 0
[2024-03-19T19:47:02.321+0000] {taskinstance.py:3312} INFO - 0 downstream tasks scheduled from follow-on schedule check
