[2024-03-19T18:56:38.338+0000] {manager.py:469} INFO - Processing files using up to 2 processes at a time 
[2024-03-19T18:56:38.348+0000] {manager.py:470} INFO - Process each file at most once every 30 seconds
[2024-03-19T18:56:38.351+0000] {manager.py:471} INFO - Checking for new files in /opt/airflow/dags every 300 seconds
[2024-03-19T18:56:38.353+0000] {manager.py:738} INFO - Searching for files in /opt/airflow/dags
[2024-03-19T18:56:38.390+0000] {manager.py:741} INFO - There are 1 files in /opt/airflow/dags
[2024-03-19T18:56:39.336+0000] {manager.py:879} INFO - 
================================================================================
DAG File Processing Stats

File Path                        PID  Runtime      # DAGs    # Errors  Last Runtime    Last Run
-----------------------------  -----  ---------  --------  ----------  --------------  ----------
/opt/airflow/dags/printout.py     45  0.60s             0           0
================================================================================
[2024-03-19T18:57:09.919+0000] {manager.py:879} INFO - 
================================================================================
DAG File Processing Stats

File Path                      PID    Runtime      # DAGs    # Errors  Last Runtime    Last Run
-----------------------------  -----  ---------  --------  ----------  --------------  -------------------
/opt/airflow/dags/printout.py                           1           0  2.65s           2024-03-19T18:56:41
================================================================================
[2024-03-19T18:57:40.303+0000] {manager.py:879} INFO - 
================================================================================
DAG File Processing Stats

File Path                      PID    Runtime      # DAGs    # Errors  Last Runtime    Last Run
-----------------------------  -----  ---------  --------  ----------  --------------  -------------------
/opt/airflow/dags/printout.py                           1           0  5.25s           2024-03-19T18:57:17
================================================================================
[2024-03-19T18:58:11.020+0000] {manager.py:879} INFO - 
================================================================================
DAG File Processing Stats

File Path                      PID    Runtime      # DAGs    # Errors  Last Runtime    Last Run
-----------------------------  -----  ---------  --------  ----------  --------------  -------------------
/opt/airflow/dags/printout.py                           1           0  4.10s           2024-03-19T18:57:51
================================================================================
[2024-03-19T18:58:41.641+0000] {manager.py:879} INFO - 
================================================================================
DAG File Processing Stats

File Path                      PID    Runtime      # DAGs    # Errors  Last Runtime    Last Run
-----------------------------  -----  ---------  --------  ----------  --------------  -------------------
/opt/airflow/dags/printout.py                           1           0  3.79s           2024-03-19T18:58:26
================================================================================
[2024-03-19T18:59:11.736+0000] {manager.py:879} INFO - 
================================================================================
DAG File Processing Stats

File Path                      PID    Runtime      # DAGs    # Errors  Last Runtime    Last Run
-----------------------------  -----  ---------  --------  ----------  --------------  -------------------
/opt/airflow/dags/printout.py                           1           0  8.00s           2024-03-19T18:59:06
================================================================================
[2024-03-19T18:59:42.348+0000] {manager.py:879} INFO - 
================================================================================
DAG File Processing Stats

File Path                      PID    Runtime      # DAGs    # Errors  Last Runtime    Last Run
-----------------------------  -----  ---------  --------  ----------  --------------  -------------------
/opt/airflow/dags/printout.py                           1           0  4.33s           2024-03-19T18:59:41
================================================================================
[2024-03-19T19:00:12.524+0000] {manager.py:879} INFO - 
================================================================================
DAG File Processing Stats

File Path                        PID  Runtime      # DAGs    # Errors  Last Runtime    Last Run
-----------------------------  -----  ---------  --------  ----------  --------------  -------------------
/opt/airflow/dags/printout.py     93  0.18s             1           0  4.33s           2024-03-19T18:59:41
================================================================================
[2024-03-19T19:00:43.030+0000] {manager.py:879} INFO - 
================================================================================
DAG File Processing Stats

File Path                      PID    Runtime      # DAGs    # Errors  Last Runtime    Last Run
-----------------------------  -----  ---------  --------  ----------  --------------  -------------------
/opt/airflow/dags/printout.py                           1           0  10.22s          2024-03-19T19:00:22
================================================================================
[2024-03-19T19:01:13.471+0000] {manager.py:879} INFO - 
================================================================================
DAG File Processing Stats

File Path                      PID    Runtime      # DAGs    # Errors  Last Runtime    Last Run
-----------------------------  -----  ---------  --------  ----------  --------------  -------------------
/opt/airflow/dags/printout.py                           1           0  5.35s           2024-03-19T19:00:59
================================================================================
[2024-03-19T19:01:38.460+0000] {manager.py:738} INFO - Searching for files in /opt/airflow/dags
[2024-03-19T19:01:38.636+0000] {manager.py:741} INFO - There are 1 files in /opt/airflow/dags
[2024-03-19T19:01:44.001+0000] {manager.py:879} INFO - 
================================================================================
DAG File Processing Stats

File Path                      PID    Runtime      # DAGs    # Errors  Last Runtime    Last Run
-----------------------------  -----  ---------  --------  ----------  --------------  -------------------
/opt/airflow/dags/printout.py                           1           0  8.18s           2024-03-19T19:01:38
================================================================================
[2024-03-19T19:02:14.747+0000] {manager.py:879} INFO - 
================================================================================
DAG File Processing Stats

File Path                        PID  Runtime      # DAGs    # Errors  Last Runtime    Last Run
-----------------------------  -----  ---------  --------  ----------  --------------  -------------------
/opt/airflow/dags/printout.py    115  5.01s             1           0  8.18s           2024-03-19T19:01:38
================================================================================
[2024-03-19T19:02:44.850+0000] {manager.py:879} INFO - 
================================================================================
DAG File Processing Stats

File Path                      PID    Runtime      # DAGs    # Errors  Last Runtime    Last Run
-----------------------------  -----  ---------  --------  ----------  --------------  -------------------
/opt/airflow/dags/printout.py                           1           0  7.87s           2024-03-19T19:02:17
================================================================================
[2024-03-19T19:03:15.400+0000] {manager.py:879} INFO - 
================================================================================
DAG File Processing Stats

File Path                      PID    Runtime      # DAGs    # Errors  Last Runtime    Last Run
-----------------------------  -----  ---------  --------  ----------  --------------  -------------------
/opt/airflow/dags/printout.py                           1           0  2.39s           2024-03-19T19:02:50
================================================================================
[2024-03-19T19:03:46.710+0000] {manager.py:879} INFO - 
================================================================================
DAG File Processing Stats

File Path                      PID    Runtime      # DAGs    # Errors  Last Runtime    Last Run
-----------------------------  -----  ---------  --------  ----------  --------------  -------------------
/opt/airflow/dags/printout.py                           1           0  2.07s           2024-03-19T19:03:22
================================================================================
[2024-03-19T19:04:17.862+0000] {manager.py:879} INFO - 
================================================================================
DAG File Processing Stats

File Path                      PID    Runtime      # DAGs    # Errors  Last Runtime    Last Run
-----------------------------  -----  ---------  --------  ----------  --------------  -------------------
/opt/airflow/dags/printout.py                           1           0  2.17s           2024-03-19T19:03:55
================================================================================
[2024-03-19T19:04:48.370+0000] {manager.py:879} INFO - 
================================================================================
DAG File Processing Stats

File Path                      PID    Runtime      # DAGs    # Errors  Last Runtime    Last Run
-----------------------------  -----  ---------  --------  ----------  --------------  -------------------
/opt/airflow/dags/printout.py                           1           0  3.42s           2024-03-19T19:04:29
================================================================================
[2024-03-19T19:05:18.832+0000] {manager.py:879} INFO - 
================================================================================
DAG File Processing Stats

File Path                      PID    Runtime      # DAGs    # Errors  Last Runtime    Last Run
-----------------------------  -----  ---------  --------  ----------  --------------  -------------------
/opt/airflow/dags/printout.py                           1           0  9.17s           2024-03-19T19:05:09
================================================================================
[2024-03-19T19:05:39.736+0000] {manager.py:451} INFO - Exiting gracefully upon receiving signal 15
[2024-03-19T19:10:46.554+0000] {manager.py:469} INFO - Processing files using up to 2 processes at a time 
[2024-03-19T19:10:46.558+0000] {manager.py:470} INFO - Process each file at most once every 30 seconds
[2024-03-19T19:10:46.559+0000] {manager.py:471} INFO - Checking for new files in /opt/airflow/dags every 300 seconds
[2024-03-19T19:10:46.560+0000] {manager.py:738} INFO - Searching for files in /opt/airflow/dags
[2024-03-19T19:10:46.606+0000] {manager.py:741} INFO - There are 1 files in /opt/airflow/dags
[2024-03-19T19:10:48.472+0000] {manager.py:879} INFO - 
================================================================================
DAG File Processing Stats

File Path                        PID  Runtime      # DAGs    # Errors  Last Runtime    Last Run
-----------------------------  -----  ---------  --------  ----------  --------------  ----------
/opt/airflow/dags/printout.py     46  0.93s             0           0
================================================================================
[2024-03-19T19:11:18.876+0000] {manager.py:879} INFO - 
================================================================================
DAG File Processing Stats

File Path                      PID    Runtime      # DAGs    # Errors  Last Runtime    Last Run
-----------------------------  -----  ---------  --------  ----------  --------------  -------------------
/opt/airflow/dags/printout.py                           1           0  3.99s           2024-03-19T19:10:51
================================================================================
[2024-03-19T19:11:49.799+0000] {manager.py:879} INFO - 
================================================================================
DAG File Processing Stats

File Path                      PID    Runtime      # DAGs    # Errors  Last Runtime    Last Run
-----------------------------  -----  ---------  --------  ----------  --------------  -------------------
/opt/airflow/dags/printout.py                           1           0  5.13s           2024-03-19T19:11:27
================================================================================
[2024-03-19T19:12:20.575+0000] {manager.py:879} INFO - 
================================================================================
DAG File Processing Stats

File Path                      PID    Runtime      # DAGs    # Errors  Last Runtime    Last Run
-----------------------------  -----  ---------  --------  ----------  --------------  -------------------
/opt/airflow/dags/printout.py                           1           0  3.21s           2024-03-19T19:12:01
================================================================================
[2024-03-19T19:12:51.277+0000] {manager.py:879} INFO - 
================================================================================
DAG File Processing Stats

File Path                      PID    Runtime      # DAGs    # Errors  Last Runtime    Last Run
-----------------------------  -----  ---------  --------  ----------  --------------  -------------------
/opt/airflow/dags/printout.py                           1           0  2.41s           2024-03-19T19:12:34
================================================================================
[2024-03-19T19:13:21.255+0000] {manager.py:879} INFO - 
================================================================================
DAG File Processing Stats

File Path                      PID    Runtime      # DAGs    # Errors  Last Runtime    Last Run
-----------------------------  -----  ---------  --------  ----------  --------------  -------------------
/opt/airflow/dags/printout.py                           1           0  3.91s           2024-03-19T19:13:08
================================================================================
[2024-03-19T19:13:51.979+0000] {manager.py:879} INFO - 
================================================================================
DAG File Processing Stats

File Path                      PID    Runtime      # DAGs    # Errors  Last Runtime    Last Run
-----------------------------  -----  ---------  --------  ----------  --------------  -------------------
/opt/airflow/dags/printout.py                           1           0  3.64s           2024-03-19T19:13:42
================================================================================
[2024-03-19T19:14:22.975+0000] {manager.py:879} INFO - 
================================================================================
DAG File Processing Stats

File Path                      PID    Runtime      # DAGs    # Errors  Last Runtime    Last Run
-----------------------------  -----  ---------  --------  ----------  --------------  -------------------
/opt/airflow/dags/printout.py                           1           0  3.42s           2024-03-19T19:14:16
================================================================================
[2024-03-19T19:14:53.237+0000] {manager.py:879} INFO - 
================================================================================
DAG File Processing Stats

File Path                      PID    Runtime      # DAGs    # Errors  Last Runtime    Last Run
-----------------------------  -----  ---------  --------  ----------  --------------  -------------------
/opt/airflow/dags/printout.py                           1           0  3.69s           2024-03-19T19:14:51
================================================================================
[2024-03-19T19:15:23.459+0000] {manager.py:879} INFO - 
================================================================================
DAG File Processing Stats

File Path                        PID  Runtime      # DAGs    # Errors  Last Runtime    Last Run
-----------------------------  -----  ---------  --------  ----------  --------------  -------------------
/opt/airflow/dags/printout.py    104  2.12s             1           0  3.69s           2024-03-19T19:14:51
================================================================================
[2024-03-19T19:15:47.083+0000] {manager.py:738} INFO - Searching for files in /opt/airflow/dags
[2024-03-19T19:15:47.352+0000] {manager.py:741} INFO - There are 1 files in /opt/airflow/dags
[2024-03-19T19:15:54.065+0000] {manager.py:879} INFO - 
================================================================================
DAG File Processing Stats

File Path                        PID  Runtime      # DAGs    # Errors  Last Runtime    Last Run
-----------------------------  -----  ---------  --------  ----------  --------------  -------------------
/opt/airflow/dags/printout.py    111  0.14s             1           0  2.44s           2024-03-19T19:15:23
================================================================================
[2024-03-19T19:16:24.743+0000] {manager.py:879} INFO - 
================================================================================
DAG File Processing Stats

File Path                      PID    Runtime      # DAGs    # Errors  Last Runtime    Last Run
-----------------------------  -----  ---------  --------  ----------  --------------  -------------------
/opt/airflow/dags/printout.py                           1           0  2.42s           2024-03-19T19:15:56
================================================================================
[2024-03-19T19:16:55.403+0000] {manager.py:879} INFO - 
================================================================================
DAG File Processing Stats

File Path                      PID    Runtime      # DAGs    # Errors  Last Runtime    Last Run
-----------------------------  -----  ---------  --------  ----------  --------------  -------------------
/opt/airflow/dags/printout.py                           1           0  3.05s           2024-03-19T19:16:29
================================================================================
[2024-03-19T19:17:26.310+0000] {manager.py:879} INFO - 
================================================================================
DAG File Processing Stats

File Path                      PID    Runtime      # DAGs    # Errors  Last Runtime    Last Run
-----------------------------  -----  ---------  --------  ----------  --------------  -------------------
/opt/airflow/dags/printout.py                           1           0  1.54s           2024-03-19T19:17:02
================================================================================
[2024-03-19T19:17:57.151+0000] {manager.py:879} INFO - 
================================================================================
DAG File Processing Stats

File Path                      PID    Runtime      # DAGs    # Errors  Last Runtime    Last Run
-----------------------------  -----  ---------  --------  ----------  --------------  -------------------
/opt/airflow/dags/printout.py                           1           0  0.30s           2024-03-19T19:17:32
================================================================================
[2024-03-19T19:18:27.842+0000] {manager.py:879} INFO - 
================================================================================
DAG File Processing Stats

File Path                      PID    Runtime      # DAGs    # Errors  Last Runtime    Last Run
-----------------------------  -----  ---------  --------  ----------  --------------  -------------------
/opt/airflow/dags/printout.py                           1           0  1.09s           2024-03-19T19:18:04
================================================================================
[2024-03-19T19:18:58.161+0000] {manager.py:879} INFO - 
================================================================================
DAG File Processing Stats

File Path                      PID    Runtime      # DAGs    # Errors  Last Runtime    Last Run
-----------------------------  -----  ---------  --------  ----------  --------------  -------------------
/opt/airflow/dags/printout.py                           1           0  3.25s           2024-03-19T19:18:38
================================================================================
[2024-03-19T19:19:28.781+0000] {manager.py:879} INFO - 
================================================================================
DAG File Processing Stats

File Path                      PID    Runtime      # DAGs    # Errors  Last Runtime    Last Run
-----------------------------  -----  ---------  --------  ----------  --------------  -------------------
/opt/airflow/dags/printout.py                           1           0  0.17s           2024-03-19T19:19:08
================================================================================
[2024-03-19T19:19:59.182+0000] {manager.py:879} INFO - 
================================================================================
DAG File Processing Stats

File Path                      PID    Runtime      # DAGs    # Errors  Last Runtime    Last Run
-----------------------------  -----  ---------  --------  ----------  --------------  -------------------
/opt/airflow/dags/printout.py                           1           0  0.14s           2024-03-19T19:19:39
================================================================================
[2024-03-19T19:20:29.580+0000] {manager.py:879} INFO - 
================================================================================
DAG File Processing Stats

File Path                      PID    Runtime      # DAGs    # Errors  Last Runtime    Last Run
-----------------------------  -----  ---------  --------  ----------  --------------  -------------------
/opt/airflow/dags/printout.py                           1           0  0.20s           2024-03-19T19:20:09
================================================================================
[2024-03-19T19:20:47.856+0000] {manager.py:738} INFO - Searching for files in /opt/airflow/dags
[2024-03-19T19:20:47.876+0000] {manager.py:741} INFO - There are 2 files in /opt/airflow/dags
[2024-03-19T19:21:00.037+0000] {manager.py:879} INFO - 
================================================================================
DAG File Processing Stats

File Path                              PID    Runtime      # DAGs    # Errors  Last Runtime    Last Run
-------------------------------------  -----  ---------  --------  ----------  --------------  -------------------
/opt/airflow/dags/insert_cassandra.py                           1           0  0.97s           2024-03-19T19:20:48
/opt/airflow/dags/printout.py                                   1           0  0.21s           2024-03-19T19:20:39
================================================================================
[2024-03-19T19:21:30.611+0000] {manager.py:879} INFO - 
================================================================================
DAG File Processing Stats

File Path                              PID    Runtime      # DAGs    # Errors  Last Runtime    Last Run
-------------------------------------  -----  ---------  --------  ----------  --------------  -------------------
/opt/airflow/dags/printout.py                                   1           0  0.16s           2024-03-19T19:21:10
/opt/airflow/dags/insert_cassandra.py                           0           1  0.08s           2024-03-19T19:21:12
================================================================================
[2024-03-19T19:22:01.147+0000] {manager.py:879} INFO - 
================================================================================
DAG File Processing Stats

File Path                              PID    Runtime      # DAGs    # Errors  Last Runtime    Last Run
-------------------------------------  -----  ---------  --------  ----------  --------------  -------------------
/opt/airflow/dags/insert_cassandra.py                           1           0  1.08s           2024-03-19T19:21:43
/opt/airflow/dags/printout.py                                   1           0  0.23s           2024-03-19T19:21:40
================================================================================
[2024-03-19T19:22:31.812+0000] {manager.py:879} INFO - 
================================================================================
DAG File Processing Stats

File Path                              PID    Runtime      # DAGs    # Errors  Last Runtime    Last Run
-------------------------------------  -----  ---------  --------  ----------  --------------  -------------------
/opt/airflow/dags/insert_cassandra.py                           1           0  0.53s           2024-03-19T19:22:21
/opt/airflow/dags/printout.py                                   1           0  0.26s           2024-03-19T19:22:11
================================================================================
[2024-03-19T19:23:02.099+0000] {manager.py:879} INFO - 
================================================================================
DAG File Processing Stats

File Path                              PID    Runtime      # DAGs    # Errors  Last Runtime    Last Run
-------------------------------------  -----  ---------  --------  ----------  --------------  -------------------
/opt/airflow/dags/insert_cassandra.py                           1           0  0.78s           2024-03-19T19:22:52
/opt/airflow/dags/printout.py                                   1           0  0.26s           2024-03-19T19:22:42
================================================================================
[2024-03-19T19:23:32.249+0000] {manager.py:879} INFO - 
================================================================================
DAG File Processing Stats

File Path                              PID    Runtime      # DAGs    # Errors  Last Runtime    Last Run
-------------------------------------  -----  ---------  --------  ----------  --------------  -------------------
/opt/airflow/dags/insert_cassandra.py                           1           0  0.55s           2024-03-19T19:23:24
/opt/airflow/dags/printout.py                                   1           0  0.37s           2024-03-19T19:23:12
================================================================================
[2024-03-19T19:24:02.438+0000] {manager.py:879} INFO - 
================================================================================
DAG File Processing Stats

File Path                              PID    Runtime      # DAGs    # Errors  Last Runtime    Last Run
-------------------------------------  -----  ---------  --------  ----------  --------------  -------------------
/opt/airflow/dags/insert_cassandra.py                           1           0  0.39s           2024-03-19T19:23:54
/opt/airflow/dags/printout.py                                   1           0  0.23s           2024-03-19T19:23:43
================================================================================
[2024-03-19T19:24:33.021+0000] {manager.py:879} INFO - 
================================================================================
DAG File Processing Stats

File Path                              PID    Runtime      # DAGs    # Errors  Last Runtime    Last Run
-------------------------------------  -----  ---------  --------  ----------  --------------  -------------------
/opt/airflow/dags/insert_cassandra.py                           1           0  0.33s           2024-03-19T19:24:25
/opt/airflow/dags/printout.py                                   1           0  0.21s           2024-03-19T19:24:13
================================================================================
[2024-03-19T19:25:03.062+0000] {manager.py:879} INFO - 
================================================================================
DAG File Processing Stats

File Path                              PID    Runtime      # DAGs    # Errors  Last Runtime    Last Run
-------------------------------------  -----  ---------  --------  ----------  --------------  -------------------
/opt/airflow/dags/insert_cassandra.py                           1           0  0.42s           2024-03-19T19:24:55
/opt/airflow/dags/printout.py                                   1           0  0.30s           2024-03-19T19:24:44
================================================================================
[2024-03-19T19:25:33.218+0000] {manager.py:879} INFO - 
================================================================================
DAG File Processing Stats

File Path                              PID    Runtime      # DAGs    # Errors  Last Runtime    Last Run
-------------------------------------  -----  ---------  --------  ----------  --------------  -------------------
/opt/airflow/dags/insert_cassandra.py                           1           0  0.41s           2024-03-19T19:25:26
/opt/airflow/dags/printout.py                                   1           0  0.24s           2024-03-19T19:25:14
================================================================================
[2024-03-19T19:25:48.450+0000] {manager.py:738} INFO - Searching for files in /opt/airflow/dags
[2024-03-19T19:25:48.464+0000] {manager.py:741} INFO - There are 2 files in /opt/airflow/dags
[2024-03-19T19:26:03.803+0000] {manager.py:879} INFO - 
================================================================================
DAG File Processing Stats

File Path                              PID    Runtime      # DAGs    # Errors  Last Runtime    Last Run
-------------------------------------  -----  ---------  --------  ----------  --------------  -------------------
/opt/airflow/dags/insert_cassandra.py                           1           0  0.47s           2024-03-19T19:25:57
/opt/airflow/dags/printout.py                                   1           0  0.26s           2024-03-19T19:25:45
================================================================================
[2024-03-19T19:26:34.371+0000] {manager.py:879} INFO - 
================================================================================
DAG File Processing Stats

File Path                              PID    Runtime      # DAGs    # Errors  Last Runtime    Last Run
-------------------------------------  -----  ---------  --------  ----------  --------------  -------------------
/opt/airflow/dags/insert_cassandra.py                           1           0  0.48s           2024-03-19T19:26:27
/opt/airflow/dags/printout.py                                   1           0  0.24s           2024-03-19T19:26:16
================================================================================
[2024-03-19T19:27:04.488+0000] {manager.py:879} INFO - 
================================================================================
DAG File Processing Stats

File Path                              PID    Runtime      # DAGs    # Errors  Last Runtime    Last Run
-------------------------------------  -----  ---------  --------  ----------  --------------  -------------------
/opt/airflow/dags/insert_cassandra.py                           1           0  0.50s           2024-03-19T19:26:58
/opt/airflow/dags/printout.py                                   1           0  0.27s           2024-03-19T19:26:46
================================================================================
[2024-03-19T19:27:34.695+0000] {manager.py:879} INFO - 
================================================================================
DAG File Processing Stats

File Path                              PID    Runtime      # DAGs    # Errors  Last Runtime    Last Run
-------------------------------------  -----  ---------  --------  ----------  --------------  -------------------
/opt/airflow/dags/printout.py                                   1           0  0.26s           2024-03-19T19:27:17
/opt/airflow/dags/insert_cassandra.py                           0           1  0.23s           2024-03-19T19:27:29
================================================================================
[2024-03-19T19:28:05.443+0000] {manager.py:879} INFO - 
================================================================================
DAG File Processing Stats

File Path                              PID    Runtime      # DAGs    # Errors  Last Runtime    Last Run
-------------------------------------  -----  ---------  --------  ----------  --------------  -------------------
/opt/airflow/dags/printout.py                                   1           0  0.22s           2024-03-19T19:27:48
/opt/airflow/dags/insert_cassandra.py                           1           0  0.15s           2024-03-19T19:27:39
================================================================================
[2024-03-19T19:28:36.220+0000] {manager.py:879} INFO - 
================================================================================
DAG File Processing Stats

File Path                              PID    Runtime      # DAGs    # Errors  Last Runtime    Last Run
-------------------------------------  -----  ---------  --------  ----------  --------------  -------------------
/opt/airflow/dags/insert_cassandra.py                           1           0  0.37s           2024-03-19T19:28:09
/opt/airflow/dags/printout.py                                   1           0  0.33s           2024-03-19T19:28:18
================================================================================
[2024-03-19T19:29:06.807+0000] {manager.py:879} INFO - 
================================================================================
DAG File Processing Stats

File Path                              PID    Runtime      # DAGs    # Errors  Last Runtime    Last Run
-------------------------------------  -----  ---------  --------  ----------  --------------  -------------------
/opt/airflow/dags/insert_cassandra.py                           1           0  0.26s           2024-03-19T19:28:40
/opt/airflow/dags/printout.py                                   1           0  0.22s           2024-03-19T19:28:49
================================================================================
[2024-03-19T19:29:37.534+0000] {manager.py:879} INFO - 
================================================================================
DAG File Processing Stats

File Path                              PID    Runtime      # DAGs    # Errors  Last Runtime    Last Run
-------------------------------------  -----  ---------  --------  ----------  --------------  -------------------
/opt/airflow/dags/insert_cassandra.py                           1           0  0.16s           2024-03-19T19:29:33
/opt/airflow/dags/printout.py                                   1           0  0.15s           2024-03-19T19:29:20
================================================================================
[2024-03-19T19:30:08.007+0000] {manager.py:879} INFO - 
================================================================================
DAG File Processing Stats

File Path                              PID    Runtime      # DAGs    # Errors  Last Runtime    Last Run
-------------------------------------  -----  ---------  --------  ----------  --------------  -------------------
/opt/airflow/dags/insert_cassandra.py                           1           0  0.19s           2024-03-19T19:29:49
/opt/airflow/dags/printout.py                                   1           0  0.12s           2024-03-19T19:29:50
================================================================================
[2024-03-19T19:30:38.544+0000] {manager.py:879} INFO - 
================================================================================
DAG File Processing Stats

File Path                              PID    Runtime      # DAGs    # Errors  Last Runtime    Last Run
-------------------------------------  -----  ---------  --------  ----------  --------------  -------------------
/opt/airflow/dags/insert_cassandra.py                           1           0  0.63s           2024-03-19T19:30:20
/opt/airflow/dags/printout.py                                   1           0  0.29s           2024-03-19T19:30:21
================================================================================
[2024-03-19T19:30:48.610+0000] {manager.py:738} INFO - Searching for files in /opt/airflow/dags
[2024-03-19T19:30:48.620+0000] {manager.py:741} INFO - There are 2 files in /opt/airflow/dags
[2024-03-19T19:31:09.168+0000] {manager.py:879} INFO - 
================================================================================
DAG File Processing Stats

File Path                              PID    Runtime      # DAGs    # Errors  Last Runtime    Last Run
-------------------------------------  -----  ---------  --------  ----------  --------------  -------------------
/opt/airflow/dags/insert_cassandra.py                           1           0  0.26s           2024-03-19T19:30:51
/opt/airflow/dags/printout.py                                   1           0  0.09s           2024-03-19T19:30:52
================================================================================
[2024-03-19T19:31:39.656+0000] {manager.py:879} INFO - 
================================================================================
DAG File Processing Stats

File Path                              PID    Runtime      # DAGs    # Errors  Last Runtime    Last Run
-------------------------------------  -----  ---------  --------  ----------  --------------  -------------------
/opt/airflow/dags/insert_cassandra.py                           1           0  0.22s           2024-03-19T19:31:21
/opt/airflow/dags/printout.py                                   1           0  0.12s           2024-03-19T19:31:22
================================================================================
[2024-03-19T19:32:10.097+0000] {manager.py:879} INFO - 
================================================================================
DAG File Processing Stats

File Path                              PID    Runtime      # DAGs    # Errors  Last Runtime    Last Run
-------------------------------------  -----  ---------  --------  ----------  --------------  -------------------
/opt/airflow/dags/insert_cassandra.py                           1           0  0.20s           2024-03-19T19:31:51
/opt/airflow/dags/printout.py                                   1           0  0.10s           2024-03-19T19:31:52
================================================================================
[2024-03-19T19:32:40.531+0000] {manager.py:879} INFO - 
================================================================================
DAG File Processing Stats

File Path                              PID    Runtime      # DAGs    # Errors  Last Runtime    Last Run
-------------------------------------  -----  ---------  --------  ----------  --------------  -------------------
/opt/airflow/dags/insert_cassandra.py                           1           0  0.22s           2024-03-19T19:32:22
/opt/airflow/dags/printout.py                                   1           0  0.12s           2024-03-19T19:32:23
================================================================================
[2024-03-19T19:33:10.969+0000] {manager.py:879} INFO - 
================================================================================
DAG File Processing Stats

File Path                              PID    Runtime      # DAGs    # Errors  Last Runtime    Last Run
-------------------------------------  -----  ---------  --------  ----------  --------------  -------------------
/opt/airflow/dags/insert_cassandra.py                           1           0  0.27s           2024-03-19T19:32:51
/opt/airflow/dags/printout.py                                   1           0  0.10s           2024-03-19T19:32:53
================================================================================
[2024-03-19T19:33:41.491+0000] {manager.py:879} INFO - 
================================================================================
DAG File Processing Stats

File Path                              PID    Runtime      # DAGs    # Errors  Last Runtime    Last Run
-------------------------------------  -----  ---------  --------  ----------  --------------  -------------------
/opt/airflow/dags/insert_cassandra.py                           1           0  0.29s           2024-03-19T19:33:22
/opt/airflow/dags/printout.py                                   1           0  0.12s           2024-03-19T19:33:24
================================================================================
[2024-03-19T19:34:11.960+0000] {manager.py:879} INFO - 
================================================================================
DAG File Processing Stats

File Path                              PID    Runtime      # DAGs    # Errors  Last Runtime    Last Run
-------------------------------------  -----  ---------  --------  ----------  --------------  -------------------
/opt/airflow/dags/insert_cassandra.py                           1           0  0.29s           2024-03-19T19:33:52
/opt/airflow/dags/printout.py                                   1           0  0.11s           2024-03-19T19:33:54
================================================================================
[2024-03-19T19:34:42.642+0000] {manager.py:879} INFO - 
================================================================================
DAG File Processing Stats

File Path                              PID    Runtime      # DAGs    # Errors  Last Runtime    Last Run
-------------------------------------  -----  ---------  --------  ----------  --------------  -------------------
/opt/airflow/dags/insert_cassandra.py                           1           0  0.17s           2024-03-19T19:34:33
/opt/airflow/dags/printout.py                                   1           0  0.14s           2024-03-19T19:34:25
================================================================================
[2024-03-19T19:35:13.162+0000] {manager.py:879} INFO - 
================================================================================
DAG File Processing Stats

File Path                              PID    Runtime      # DAGs    # Errors  Last Runtime    Last Run
-------------------------------------  -----  ---------  --------  ----------  --------------  -------------------
/opt/airflow/dags/printout.py                                   1           0  0.20s           2024-03-19T19:34:56
/opt/airflow/dags/insert_cassandra.py                           1           0  0.15s           2024-03-19T19:35:04
================================================================================
[2024-03-19T19:35:43.705+0000] {manager.py:879} INFO - 
================================================================================
DAG File Processing Stats

File Path                              PID    Runtime      # DAGs    # Errors  Last Runtime    Last Run
-------------------------------------  -----  ---------  --------  ----------  --------------  -------------------
/opt/airflow/dags/printout.py                                   1           0  0.18s           2024-03-19T19:35:26
/opt/airflow/dags/insert_cassandra.py                           1           0  0.17s           2024-03-19T19:35:34
================================================================================
[2024-03-19T19:35:48.784+0000] {manager.py:738} INFO - Searching for files in /opt/airflow/dags
[2024-03-19T19:35:48.801+0000] {manager.py:741} INFO - There are 2 files in /opt/airflow/dags
[2024-03-19T19:36:14.377+0000] {manager.py:879} INFO - 
================================================================================
DAG File Processing Stats

File Path                              PID    Runtime      # DAGs    # Errors  Last Runtime    Last Run
-------------------------------------  -----  ---------  --------  ----------  --------------  -------------------
/opt/airflow/dags/printout.py                                   1           0  0.23s           2024-03-19T19:35:57
/opt/airflow/dags/insert_cassandra.py                           1           0  0.20s           2024-03-19T19:36:05
================================================================================
[2024-03-19T19:36:44.945+0000] {manager.py:879} INFO - 
================================================================================
DAG File Processing Stats

File Path                              PID    Runtime      # DAGs    # Errors  Last Runtime    Last Run
-------------------------------------  -----  ---------  --------  ----------  --------------  -------------------
/opt/airflow/dags/insert_cassandra.py                           1           0  0.26s           2024-03-19T19:36:35
/opt/airflow/dags/printout.py                                   1           0  0.23s           2024-03-19T19:36:27
================================================================================
[2024-03-19T19:37:15.580+0000] {manager.py:879} INFO - 
================================================================================
DAG File Processing Stats

File Path                              PID    Runtime      # DAGs    # Errors  Last Runtime    Last Run
-------------------------------------  -----  ---------  --------  ----------  --------------  -------------------
/opt/airflow/dags/printout.py                                   1           0  0.28s           2024-03-19T19:36:58
/opt/airflow/dags/insert_cassandra.py                           1           0  0.23s           2024-03-19T19:37:06
================================================================================
[2024-03-19T19:37:46.245+0000] {manager.py:879} INFO - 
================================================================================
DAG File Processing Stats

File Path                              PID    Runtime      # DAGs    # Errors  Last Runtime    Last Run
-------------------------------------  -----  ---------  --------  ----------  --------------  -------------------
/opt/airflow/dags/printout.py                                   1           0  0.20s           2024-03-19T19:37:28
/opt/airflow/dags/insert_cassandra.py                           1           0  0.11s           2024-03-19T19:37:39
================================================================================
[2024-03-19T19:38:16.873+0000] {manager.py:879} INFO - 
================================================================================
DAG File Processing Stats

File Path                              PID    Runtime      # DAGs    # Errors  Last Runtime    Last Run
-------------------------------------  -----  ---------  --------  ----------  --------------  -------------------
/opt/airflow/dags/insert_cassandra.py                           1           0  0.26s           2024-03-19T19:38:09
/opt/airflow/dags/printout.py                                   1           0  0.24s           2024-03-19T19:37:59
================================================================================
[2024-03-19T19:38:47.447+0000] {manager.py:879} INFO - 
================================================================================
DAG File Processing Stats

File Path                              PID    Runtime      # DAGs    # Errors  Last Runtime    Last Run
-------------------------------------  -----  ---------  --------  ----------  --------------  -------------------
/opt/airflow/dags/insert_cassandra.py                           1           0  0.25s           2024-03-19T19:38:40
/opt/airflow/dags/printout.py                                   1           0  0.19s           2024-03-19T19:38:30
================================================================================
[2024-03-19T19:39:18.176+0000] {manager.py:879} INFO - 
================================================================================
DAG File Processing Stats

File Path                              PID    Runtime      # DAGs    # Errors  Last Runtime    Last Run
-------------------------------------  -----  ---------  --------  ----------  --------------  -------------------
/opt/airflow/dags/printout.py                                   1           0  0.38s           2024-03-19T19:39:01
/opt/airflow/dags/insert_cassandra.py                           1           0  0.30s           2024-03-19T19:39:16
================================================================================
[2024-03-19T19:39:48.835+0000] {manager.py:879} INFO - 
================================================================================
DAG File Processing Stats

File Path                              PID    Runtime      # DAGs    # Errors  Last Runtime    Last Run
-------------------------------------  -----  ---------  --------  ----------  --------------  -------------------
/opt/airflow/dags/printout.py                                   1           0  0.30s           2024-03-19T19:39:31
/opt/airflow/dags/insert_cassandra.py                           1           0  0.26s           2024-03-19T19:39:46
================================================================================
[2024-03-19T19:40:19.463+0000] {manager.py:879} INFO - 
================================================================================
DAG File Processing Stats

File Path                              PID    Runtime      # DAGs    # Errors  Last Runtime    Last Run
-------------------------------------  -----  ---------  --------  ----------  --------------  -------------------
/opt/airflow/dags/insert_cassandra.py                           1           0  0.31s           2024-03-19T19:40:17
/opt/airflow/dags/printout.py                                   1           0  0.18s           2024-03-19T19:40:02
================================================================================
[2024-03-19T19:40:49.149+0000] {manager.py:738} INFO - Searching for files in /opt/airflow/dags
[2024-03-19T19:40:49.162+0000] {manager.py:741} INFO - There are 2 files in /opt/airflow/dags
[2024-03-19T19:40:50.191+0000] {manager.py:879} INFO - 
================================================================================
DAG File Processing Stats

File Path                              PID    Runtime      # DAGs    # Errors  Last Runtime    Last Run
-------------------------------------  -----  ---------  --------  ----------  --------------  -------------------
/opt/airflow/dags/printout.py                                   1           0  0.31s           2024-03-19T19:40:32
/opt/airflow/dags/insert_cassandra.py                           1           0  0.20s           2024-03-19T19:40:48
================================================================================
[2024-03-19T19:41:20.706+0000] {manager.py:879} INFO - 
================================================================================
DAG File Processing Stats

File Path                              PID    Runtime      # DAGs    # Errors  Last Runtime    Last Run
-------------------------------------  -----  ---------  --------  ----------  --------------  -------------------
/opt/airflow/dags/insert_cassandra.py                           1           0  0.24s           2024-03-19T19:41:18
/opt/airflow/dags/printout.py                                   1           0  0.21s           2024-03-19T19:41:03
================================================================================
[2024-03-19T19:41:51.284+0000] {manager.py:879} INFO - 
================================================================================
DAG File Processing Stats

File Path                              PID    Runtime      # DAGs    # Errors  Last Runtime    Last Run
-------------------------------------  -----  ---------  --------  ----------  --------------  -------------------
/opt/airflow/dags/printout.py                                   1           0  0.26s           2024-03-19T19:41:34
/opt/airflow/dags/insert_cassandra.py                           1           0  0.19s           2024-03-19T19:41:49
================================================================================
[2024-03-19T19:42:21.980+0000] {manager.py:879} INFO - 
================================================================================
DAG File Processing Stats

File Path                              PID    Runtime      # DAGs    # Errors  Last Runtime    Last Run
-------------------------------------  -----  ---------  --------  ----------  --------------  -------------------
/opt/airflow/dags/insert_cassandra.py                           1           0  0.31s           2024-03-19T19:42:20
/opt/airflow/dags/printout.py                                   1           0  0.29s           2024-03-19T19:42:04
================================================================================
[2024-03-19T19:42:52.642+0000] {manager.py:879} INFO - 
================================================================================
DAG File Processing Stats

File Path                              PID    Runtime      # DAGs    # Errors  Last Runtime    Last Run
-------------------------------------  -----  ---------  --------  ----------  --------------  -------------------
/opt/airflow/dags/printout.py                                   1           0  0.28s           2024-03-19T19:42:35
/opt/airflow/dags/insert_cassandra.py                           1           0  0.26s           2024-03-19T19:42:50
================================================================================
[2024-03-19T19:43:22.656+0000] {manager.py:879} INFO - 
================================================================================
DAG File Processing Stats

File Path                              PID    Runtime      # DAGs    # Errors  Last Runtime    Last Run
-------------------------------------  -----  ---------  --------  ----------  --------------  -------------------
/opt/airflow/dags/insert_cassandra.py                           1           0  0.50s           2024-03-19T19:43:21
/opt/airflow/dags/printout.py                                   1           0  0.25s           2024-03-19T19:43:06
================================================================================
[2024-03-19T19:43:52.829+0000] {manager.py:879} INFO - 
================================================================================
DAG File Processing Stats

File Path                              PID    Runtime      # DAGs    # Errors  Last Runtime    Last Run
-------------------------------------  -----  ---------  --------  ----------  --------------  -------------------
/opt/airflow/dags/insert_cassandra.py                           1           0  0.26s           2024-03-19T19:43:52
/opt/airflow/dags/printout.py                                   1           0  0.25s           2024-03-19T19:43:36
================================================================================
[2024-03-19T19:44:23.590+0000] {manager.py:879} INFO - 
================================================================================
DAG File Processing Stats

File Path                              PID    Runtime      # DAGs    # Errors  Last Runtime    Last Run
-------------------------------------  -----  ---------  --------  ----------  --------------  -------------------
/opt/airflow/dags/insert_cassandra.py                           1           0  0.28s           2024-03-19T19:44:09
/opt/airflow/dags/printout.py                                   1           0  0.13s           2024-03-19T19:44:07
================================================================================
[2024-03-19T19:44:54.515+0000] {manager.py:879} INFO - 
================================================================================
DAG File Processing Stats

File Path                              PID    Runtime      # DAGs    # Errors  Last Runtime    Last Run
-------------------------------------  -----  ---------  --------  ----------  --------------  -------------------
/opt/airflow/dags/insert_cassandra.py                           1           0  0.36s           2024-03-19T19:44:40
/opt/airflow/dags/printout.py                                   1           0  0.29s           2024-03-19T19:44:38
================================================================================
[2024-03-19T19:45:25.060+0000] {manager.py:879} INFO - 
================================================================================
DAG File Processing Stats

File Path                              PID    Runtime      # DAGs    # Errors  Last Runtime    Last Run
-------------------------------------  -----  ---------  --------  ----------  --------------  -------------------
/opt/airflow/dags/printout.py                                   1           0  0.34s           2024-03-19T19:45:09
/opt/airflow/dags/insert_cassandra.py                           1           0  0.16s           2024-03-19T19:45:10
================================================================================
[2024-03-19T19:45:49.880+0000] {manager.py:738} INFO - Searching for files in /opt/airflow/dags
[2024-03-19T19:45:49.897+0000] {manager.py:741} INFO - There are 2 files in /opt/airflow/dags
[2024-03-19T19:45:56.012+0000] {manager.py:879} INFO - 
================================================================================
DAG File Processing Stats

File Path                              PID    Runtime      # DAGs    # Errors  Last Runtime    Last Run
-------------------------------------  -----  ---------  --------  ----------  --------------  -------------------
/opt/airflow/dags/printout.py                                   1           0  0.26s           2024-03-19T19:45:39
/opt/airflow/dags/insert_cassandra.py                           1           0  0.26s           2024-03-19T19:45:36
================================================================================
[2024-03-19T19:46:26.669+0000] {manager.py:879} INFO - 
================================================================================
DAG File Processing Stats

File Path                              PID    Runtime      # DAGs    # Errors  Last Runtime    Last Run
-------------------------------------  -----  ---------  --------  ----------  --------------  -------------------
/opt/airflow/dags/insert_cassandra.py                           1           0  0.27s           2024-03-19T19:46:07
/opt/airflow/dags/printout.py                                   1           0  0.25s           2024-03-19T19:46:10
================================================================================
[2024-03-19T19:46:57.376+0000] {manager.py:879} INFO - 
================================================================================
DAG File Processing Stats

File Path                              PID    Runtime      # DAGs    # Errors  Last Runtime    Last Run
-------------------------------------  -----  ---------  --------  ----------  --------------  -------------------
/opt/airflow/dags/printout.py                                   1           0  0.30s           2024-03-19T19:46:41
/opt/airflow/dags/insert_cassandra.py                           1           0  0.26s           2024-03-19T19:46:38
================================================================================
[2024-03-19T19:47:28.046+0000] {manager.py:879} INFO - 
================================================================================
DAG File Processing Stats

File Path                              PID    Runtime      # DAGs    # Errors  Last Runtime    Last Run
-------------------------------------  -----  ---------  --------  ----------  --------------  -------------------
/opt/airflow/dags/insert_cassandra.py                           1           0  0.23s           2024-03-19T19:47:08
/opt/airflow/dags/printout.py                                   1           0  0.22s           2024-03-19T19:47:11
================================================================================
[2024-03-19T19:47:58.583+0000] {manager.py:879} INFO - 
================================================================================
DAG File Processing Stats

File Path                              PID    Runtime      # DAGs    # Errors  Last Runtime    Last Run
-------------------------------------  -----  ---------  --------  ----------  --------------  -------------------
/opt/airflow/dags/insert_cassandra.py                           1           0  0.23s           2024-03-19T19:47:39
/opt/airflow/dags/printout.py                                   1           0  0.13s           2024-03-19T19:47:42
================================================================================
[2024-03-19T19:48:28.683+0000] {manager.py:879} INFO - 
================================================================================
DAG File Processing Stats

File Path                              PID    Runtime      # DAGs    # Errors  Last Runtime    Last Run
-------------------------------------  -----  ---------  --------  ----------  --------------  -------------------
/opt/airflow/dags/insert_cassandra.py                           1           0  0.55s           2024-03-19T19:48:10
/opt/airflow/dags/printout.py                                   1           0  0.31s           2024-03-19T19:48:12
================================================================================
[2024-03-19T19:48:59.694+0000] {manager.py:879} INFO - 
================================================================================
DAG File Processing Stats

File Path                              PID    Runtime      # DAGs    # Errors  Last Runtime    Last Run
-------------------------------------  -----  ---------  --------  ----------  --------------  -------------------
/opt/airflow/dags/insert_cassandra.py                           1           0  0.37s           2024-03-19T19:48:41
/opt/airflow/dags/printout.py                                   1           0  0.31s           2024-03-19T19:48:43
================================================================================
[2024-03-19T19:49:29.722+0000] {manager.py:879} INFO - 
================================================================================
DAG File Processing Stats

File Path                              PID    Runtime      # DAGs    # Errors  Last Runtime    Last Run
-------------------------------------  -----  ---------  --------  ----------  --------------  -------------------
/opt/airflow/dags/printout.py                                   1           0  0.31s           2024-03-19T19:49:14
/opt/airflow/dags/insert_cassandra.py                           1           0  0.29s           2024-03-19T19:49:12
================================================================================
[2024-03-19T19:49:59.854+0000] {manager.py:879} INFO - 
================================================================================
DAG File Processing Stats

File Path                              PID    Runtime      # DAGs    # Errors  Last Runtime    Last Run
-------------------------------------  -----  ---------  --------  ----------  --------------  -------------------
/opt/airflow/dags/insert_cassandra.py                           1           0  0.42s           2024-03-19T19:49:43
/opt/airflow/dags/printout.py                                   1           0  0.40s           2024-03-19T19:49:44
================================================================================
[2024-03-19T19:50:30.627+0000] {manager.py:879} INFO - 
================================================================================
DAG File Processing Stats

File Path                              PID    Runtime      # DAGs    # Errors  Last Runtime    Last Run
-------------------------------------  -----  ---------  --------  ----------  --------------  -------------------
/opt/airflow/dags/insert_cassandra.py                           1           0  0.30s           2024-03-19T19:50:14
/opt/airflow/dags/printout.py                                   1           0  0.12s           2024-03-19T19:50:15
================================================================================
[2024-03-19T19:50:50.021+0000] {manager.py:738} INFO - Searching for files in /opt/airflow/dags
[2024-03-19T19:50:50.132+0000] {manager.py:741} INFO - There are 2 files in /opt/airflow/dags
[2024-03-19T19:51:01.399+0000] {manager.py:879} INFO - 
================================================================================
DAG File Processing Stats

File Path                              PID    Runtime      # DAGs    # Errors  Last Runtime    Last Run
-------------------------------------  -----  ---------  --------  ----------  --------------  -------------------
/opt/airflow/dags/insert_cassandra.py                           1           0  0.28s           2024-03-19T19:50:45
/opt/airflow/dags/printout.py                                   1           0  0.15s           2024-03-19T19:50:46
================================================================================
[2024-03-19T19:51:32.094+0000] {manager.py:879} INFO - 
================================================================================
DAG File Processing Stats

File Path                              PID    Runtime      # DAGs    # Errors  Last Runtime    Last Run
-------------------------------------  -----  ---------  --------  ----------  --------------  -------------------
/opt/airflow/dags/insert_cassandra.py                           1           0  0.32s           2024-03-19T19:51:15
/opt/airflow/dags/printout.py                                   1           0  0.12s           2024-03-19T19:51:16
================================================================================
[2024-03-19T19:52:02.791+0000] {manager.py:879} INFO - 
================================================================================
DAG File Processing Stats

File Path                              PID    Runtime      # DAGs    # Errors  Last Runtime    Last Run
-------------------------------------  -----  ---------  --------  ----------  --------------  -------------------
/opt/airflow/dags/insert_cassandra.py                           1           0  0.30s           2024-03-19T19:51:46
/opt/airflow/dags/printout.py                                   1           0  0.12s           2024-03-19T19:51:47
================================================================================
[2024-03-19T19:52:33.468+0000] {manager.py:879} INFO - 
================================================================================
DAG File Processing Stats

File Path                              PID    Runtime      # DAGs    # Errors  Last Runtime    Last Run
-------------------------------------  -----  ---------  --------  ----------  --------------  -------------------
/opt/airflow/dags/insert_cassandra.py                           1           0  0.17s           2024-03-19T19:52:17
/opt/airflow/dags/printout.py                                   1           0  0.12s           2024-03-19T19:52:18
================================================================================
