[2024-03-20T03:55:01.908+0000] {taskinstance.py:1979} INFO - Dependencies all met for dep_context=non-requeueable deps ti=<TaskInstance: Airflow_and_Cassandra.insert_dummy_data scheduled__2024-03-20T03:54:00+00:00 [queued]>
[2024-03-20T03:55:01.915+0000] {taskinstance.py:1979} INFO - Dependencies all met for dep_context=requeueable deps ti=<TaskInstance: Airflow_and_Cassandra.insert_dummy_data scheduled__2024-03-20T03:54:00+00:00 [queued]>
[2024-03-20T03:55:01.916+0000] {taskinstance.py:2193} INFO - Starting attempt 1 of 1
[2024-03-20T03:55:01.927+0000] {taskinstance.py:2217} INFO - Executing <Task(PythonOperator): insert_dummy_data> on 2024-03-20 03:54:00+00:00
[2024-03-20T03:55:01.937+0000] {standard_task_runner.py:60} INFO - Started process 6169 to run task
[2024-03-20T03:55:01.942+0000] {standard_task_runner.py:87} INFO - Running: ['***', 'tasks', 'run', 'Airflow_and_Cassandra', 'insert_dummy_data', 'scheduled__2024-03-20T03:54:00+00:00', '--job-id', '323', '--raw', '--subdir', 'DAGS_FOLDER/insert_cassandra.py', '--cfg-path', '/tmp/tmpv4o5eeuv']
[2024-03-20T03:55:01.943+0000] {standard_task_runner.py:88} INFO - Job 323: Subtask insert_dummy_data
[2024-03-20T03:55:01.986+0000] {task_command.py:423} INFO - Running <TaskInstance: Airflow_and_Cassandra.insert_dummy_data scheduled__2024-03-20T03:54:00+00:00 [running]> on host 52dfb58d56f6
[2024-03-20T03:55:02.053+0000] {taskinstance.py:2513} INFO - Exporting env vars: AIRFLOW_CTX_DAG_OWNER='***' AIRFLOW_CTX_DAG_ID='Airflow_and_Cassandra' AIRFLOW_CTX_TASK_ID='insert_dummy_data' AIRFLOW_CTX_EXECUTION_DATE='2024-03-20T03:54:00+00:00' AIRFLOW_CTX_TRY_NUMBER='1' AIRFLOW_CTX_DAG_RUN_ID='scheduled__2024-03-20T03:54:00+00:00'
[2024-03-20T03:55:02.062+0000] {base.py:83} INFO - Using connection ID 'cassandra_default' for task execution.
[2024-03-20T03:55:02.064+0000] {warnings.py:109} WARNING - /home/***/.local/lib/python3.8/site-packages/***/providers/apache/cassandra/hooks/cassandra.py:120: DeprecationWarning: Legacy execution parameters will be removed in 4.0. Consider using execution profiles.
  self.cluster = Cluster(**conn_config)

[2024-03-20T03:55:02.074+0000] {cassandra.py:128} WARNING - Downgrading core protocol version from 66 to 65 for 172.18.0.4:9042. To avoid this, it is best practice to explicitly set Cluster(protocol_version) to the version supported by your cluster. http://datastax.github.io/python-driver/api/cassandra/cluster.html#cassandra.cluster.Cluster.protocol_version
[2024-03-20T03:55:02.075+0000] {cassandra.py:128} WARNING - Downgrading core protocol version from 65 to 5 for 172.18.0.4:9042. To avoid this, it is best practice to explicitly set Cluster(protocol_version) to the version supported by your cluster. http://datastax.github.io/python-driver/api/cassandra/cluster.html#cassandra.cluster.Cluster.protocol_version
[2024-03-20T03:55:02.079+0000] {asyncorereactor.py:455} WARNING - An authentication challenge was not sent, this is suspicious because the driver expects authentication (configured authenticator = PlainTextAuthenticator)
[2024-03-20T03:55:02.175+0000] {asyncorereactor.py:455} WARNING - An authentication challenge was not sent, this is suspicious because the driver expects authentication (configured authenticator = PlainTextAuthenticator)
[2024-03-20T03:55:02.196+0000] {python.py:202} INFO - Done. Returned value was: None
[2024-03-20T03:55:02.217+0000] {taskinstance.py:1149} INFO - Marking task as SUCCESS. dag_id=Airflow_and_Cassandra, task_id=insert_dummy_data, execution_date=20240320T035400, start_date=20240320T035501, end_date=20240320T035502
[2024-03-20T03:55:02.280+0000] {local_task_job_runner.py:234} INFO - Task exited with return code 0
[2024-03-20T03:55:02.313+0000] {taskinstance.py:3312} INFO - 0 downstream tasks scheduled from follow-on schedule check
