[2024-03-19T10:40:39.449+0000] {processor.py:161} INFO - Started process (PID=63) to work on /home/airflow/.local/lib/python3.8/site-packages/airflow/example_dags/example_complex.py
[2024-03-19T10:40:39.450+0000] {processor.py:830} INFO - Processing file /home/airflow/.local/lib/python3.8/site-packages/airflow/example_dags/example_complex.py for tasks to queue
[2024-03-19T10:40:39.453+0000] {logging_mixin.py:188} INFO - [2024-03-19T10:40:39.452+0000] {dagbag.py:540} INFO - Filling up the DagBag from /home/airflow/.local/lib/python3.8/site-packages/airflow/example_dags/example_complex.py
[2024-03-19T10:40:39.471+0000] {processor.py:840} INFO - DAG(s) 'example_complex' retrieved from /home/airflow/.local/lib/python3.8/site-packages/airflow/example_dags/example_complex.py
[2024-03-19T10:40:39.486+0000] {logging_mixin.py:188} INFO - [2024-03-19T10:40:39.486+0000] {dag.py:3047} INFO - Sync 1 DAGs
[2024-03-19T10:40:39.518+0000] {logging_mixin.py:188} INFO - [2024-03-19T10:40:39.518+0000] {dag.py:3834} INFO - Setting next_dagrun for example_complex to None, run_after=None
[2024-03-19T10:40:39.549+0000] {processor.py:183} INFO - Processing /home/airflow/.local/lib/python3.8/site-packages/airflow/example_dags/example_complex.py took 0.105 seconds
[2024-03-19T10:41:10.154+0000] {processor.py:161} INFO - Started process (PID=119) to work on /home/airflow/.local/lib/python3.8/site-packages/airflow/example_dags/example_complex.py
[2024-03-19T10:41:10.155+0000] {processor.py:830} INFO - Processing file /home/airflow/.local/lib/python3.8/site-packages/airflow/example_dags/example_complex.py for tasks to queue
[2024-03-19T10:41:10.158+0000] {logging_mixin.py:188} INFO - [2024-03-19T10:41:10.157+0000] {dagbag.py:540} INFO - Filling up the DagBag from /home/airflow/.local/lib/python3.8/site-packages/airflow/example_dags/example_complex.py
[2024-03-19T10:41:10.170+0000] {processor.py:840} INFO - DAG(s) 'example_complex' retrieved from /home/airflow/.local/lib/python3.8/site-packages/airflow/example_dags/example_complex.py
[2024-03-19T10:41:10.250+0000] {logging_mixin.py:188} INFO - [2024-03-19T10:41:10.249+0000] {dag.py:3047} INFO - Sync 1 DAGs
[2024-03-19T10:41:10.257+0000] {logging_mixin.py:188} INFO - [2024-03-19T10:41:10.257+0000] {dag.py:3834} INFO - Setting next_dagrun for example_complex to None, run_after=None
[2024-03-19T10:41:10.270+0000] {processor.py:183} INFO - Processing /home/airflow/.local/lib/python3.8/site-packages/airflow/example_dags/example_complex.py took 0.121 seconds
[2024-03-19T10:41:41.194+0000] {processor.py:161} INFO - Started process (PID=175) to work on /home/airflow/.local/lib/python3.8/site-packages/airflow/example_dags/example_complex.py
[2024-03-19T10:41:41.195+0000] {processor.py:830} INFO - Processing file /home/airflow/.local/lib/python3.8/site-packages/airflow/example_dags/example_complex.py for tasks to queue
[2024-03-19T10:41:41.197+0000] {logging_mixin.py:188} INFO - [2024-03-19T10:41:41.196+0000] {dagbag.py:540} INFO - Filling up the DagBag from /home/airflow/.local/lib/python3.8/site-packages/airflow/example_dags/example_complex.py
[2024-03-19T10:41:41.207+0000] {processor.py:840} INFO - DAG(s) 'example_complex' retrieved from /home/airflow/.local/lib/python3.8/site-packages/airflow/example_dags/example_complex.py
[2024-03-19T10:41:41.230+0000] {logging_mixin.py:188} INFO - [2024-03-19T10:41:41.230+0000] {dag.py:3047} INFO - Sync 1 DAGs
[2024-03-19T10:41:41.239+0000] {logging_mixin.py:188} INFO - [2024-03-19T10:41:41.239+0000] {dag.py:3834} INFO - Setting next_dagrun for example_complex to None, run_after=None
[2024-03-19T10:41:41.251+0000] {processor.py:183} INFO - Processing /home/airflow/.local/lib/python3.8/site-packages/airflow/example_dags/example_complex.py took 0.062 seconds
[2024-03-19T10:42:12.271+0000] {processor.py:161} INFO - Started process (PID=231) to work on /home/airflow/.local/lib/python3.8/site-packages/airflow/example_dags/example_complex.py
[2024-03-19T10:42:12.272+0000] {processor.py:830} INFO - Processing file /home/airflow/.local/lib/python3.8/site-packages/airflow/example_dags/example_complex.py for tasks to queue
[2024-03-19T10:42:12.274+0000] {logging_mixin.py:188} INFO - [2024-03-19T10:42:12.274+0000] {dagbag.py:540} INFO - Filling up the DagBag from /home/airflow/.local/lib/python3.8/site-packages/airflow/example_dags/example_complex.py
[2024-03-19T10:42:12.284+0000] {processor.py:840} INFO - DAG(s) 'example_complex' retrieved from /home/airflow/.local/lib/python3.8/site-packages/airflow/example_dags/example_complex.py
[2024-03-19T10:42:12.307+0000] {logging_mixin.py:188} INFO - [2024-03-19T10:42:12.307+0000] {dag.py:3047} INFO - Sync 1 DAGs
[2024-03-19T10:42:12.316+0000] {logging_mixin.py:188} INFO - [2024-03-19T10:42:12.316+0000] {dag.py:3834} INFO - Setting next_dagrun for example_complex to None, run_after=None
[2024-03-19T10:42:12.328+0000] {processor.py:183} INFO - Processing /home/airflow/.local/lib/python3.8/site-packages/airflow/example_dags/example_complex.py took 0.060 seconds
[2024-03-19T10:42:42.943+0000] {processor.py:161} INFO - Started process (PID=287) to work on /home/airflow/.local/lib/python3.8/site-packages/airflow/example_dags/example_complex.py
[2024-03-19T10:42:42.944+0000] {processor.py:830} INFO - Processing file /home/airflow/.local/lib/python3.8/site-packages/airflow/example_dags/example_complex.py for tasks to queue
[2024-03-19T10:42:42.945+0000] {logging_mixin.py:188} INFO - [2024-03-19T10:42:42.945+0000] {dagbag.py:540} INFO - Filling up the DagBag from /home/airflow/.local/lib/python3.8/site-packages/airflow/example_dags/example_complex.py
[2024-03-19T10:42:42.955+0000] {processor.py:840} INFO - DAG(s) 'example_complex' retrieved from /home/airflow/.local/lib/python3.8/site-packages/airflow/example_dags/example_complex.py
[2024-03-19T10:42:42.979+0000] {logging_mixin.py:188} INFO - [2024-03-19T10:42:42.979+0000] {dag.py:3047} INFO - Sync 1 DAGs
[2024-03-19T10:42:42.989+0000] {logging_mixin.py:188} INFO - [2024-03-19T10:42:42.989+0000] {dag.py:3834} INFO - Setting next_dagrun for example_complex to None, run_after=None
[2024-03-19T10:42:43.003+0000] {processor.py:183} INFO - Processing /home/airflow/.local/lib/python3.8/site-packages/airflow/example_dags/example_complex.py took 0.063 seconds
[2024-03-19T10:43:13.362+0000] {processor.py:161} INFO - Started process (PID=343) to work on /home/airflow/.local/lib/python3.8/site-packages/airflow/example_dags/example_complex.py
[2024-03-19T10:43:13.363+0000] {processor.py:830} INFO - Processing file /home/airflow/.local/lib/python3.8/site-packages/airflow/example_dags/example_complex.py for tasks to queue
[2024-03-19T10:43:13.364+0000] {logging_mixin.py:188} INFO - [2024-03-19T10:43:13.364+0000] {dagbag.py:540} INFO - Filling up the DagBag from /home/airflow/.local/lib/python3.8/site-packages/airflow/example_dags/example_complex.py
[2024-03-19T10:43:13.374+0000] {processor.py:840} INFO - DAG(s) 'example_complex' retrieved from /home/airflow/.local/lib/python3.8/site-packages/airflow/example_dags/example_complex.py
[2024-03-19T10:43:13.395+0000] {logging_mixin.py:188} INFO - [2024-03-19T10:43:13.395+0000] {dag.py:3047} INFO - Sync 1 DAGs
[2024-03-19T10:43:13.403+0000] {logging_mixin.py:188} INFO - [2024-03-19T10:43:13.403+0000] {dag.py:3834} INFO - Setting next_dagrun for example_complex to None, run_after=None
[2024-03-19T10:43:13.415+0000] {processor.py:183} INFO - Processing /home/airflow/.local/lib/python3.8/site-packages/airflow/example_dags/example_complex.py took 0.056 seconds
[2024-03-19T10:43:43.813+0000] {processor.py:161} INFO - Started process (PID=399) to work on /home/airflow/.local/lib/python3.8/site-packages/airflow/example_dags/example_complex.py
[2024-03-19T10:43:43.814+0000] {processor.py:830} INFO - Processing file /home/airflow/.local/lib/python3.8/site-packages/airflow/example_dags/example_complex.py for tasks to queue
[2024-03-19T10:43:43.816+0000] {logging_mixin.py:188} INFO - [2024-03-19T10:43:43.816+0000] {dagbag.py:540} INFO - Filling up the DagBag from /home/airflow/.local/lib/python3.8/site-packages/airflow/example_dags/example_complex.py
[2024-03-19T10:43:43.824+0000] {processor.py:840} INFO - DAG(s) 'example_complex' retrieved from /home/airflow/.local/lib/python3.8/site-packages/airflow/example_dags/example_complex.py
[2024-03-19T10:43:43.845+0000] {logging_mixin.py:188} INFO - [2024-03-19T10:43:43.845+0000] {dag.py:3047} INFO - Sync 1 DAGs
[2024-03-19T10:43:43.854+0000] {logging_mixin.py:188} INFO - [2024-03-19T10:43:43.854+0000] {dag.py:3834} INFO - Setting next_dagrun for example_complex to None, run_after=None
[2024-03-19T10:43:43.865+0000] {processor.py:183} INFO - Processing /home/airflow/.local/lib/python3.8/site-packages/airflow/example_dags/example_complex.py took 0.054 seconds
[2024-03-19T10:44:14.211+0000] {processor.py:161} INFO - Started process (PID=455) to work on /home/airflow/.local/lib/python3.8/site-packages/airflow/example_dags/example_complex.py
[2024-03-19T10:44:14.212+0000] {processor.py:830} INFO - Processing file /home/airflow/.local/lib/python3.8/site-packages/airflow/example_dags/example_complex.py for tasks to queue
[2024-03-19T10:44:14.213+0000] {logging_mixin.py:188} INFO - [2024-03-19T10:44:14.213+0000] {dagbag.py:540} INFO - Filling up the DagBag from /home/airflow/.local/lib/python3.8/site-packages/airflow/example_dags/example_complex.py
[2024-03-19T10:44:14.222+0000] {processor.py:840} INFO - DAG(s) 'example_complex' retrieved from /home/airflow/.local/lib/python3.8/site-packages/airflow/example_dags/example_complex.py
[2024-03-19T10:44:14.243+0000] {logging_mixin.py:188} INFO - [2024-03-19T10:44:14.243+0000] {dag.py:3047} INFO - Sync 1 DAGs
[2024-03-19T10:44:14.251+0000] {logging_mixin.py:188} INFO - [2024-03-19T10:44:14.251+0000] {dag.py:3834} INFO - Setting next_dagrun for example_complex to None, run_after=None
[2024-03-19T10:44:14.263+0000] {processor.py:183} INFO - Processing /home/airflow/.local/lib/python3.8/site-packages/airflow/example_dags/example_complex.py took 0.055 seconds
[2024-03-19T10:44:44.917+0000] {processor.py:161} INFO - Started process (PID=511) to work on /home/airflow/.local/lib/python3.8/site-packages/airflow/example_dags/example_complex.py
[2024-03-19T10:44:44.918+0000] {processor.py:830} INFO - Processing file /home/airflow/.local/lib/python3.8/site-packages/airflow/example_dags/example_complex.py for tasks to queue
[2024-03-19T10:44:44.919+0000] {logging_mixin.py:188} INFO - [2024-03-19T10:44:44.919+0000] {dagbag.py:540} INFO - Filling up the DagBag from /home/airflow/.local/lib/python3.8/site-packages/airflow/example_dags/example_complex.py
[2024-03-19T10:44:44.928+0000] {processor.py:840} INFO - DAG(s) 'example_complex' retrieved from /home/airflow/.local/lib/python3.8/site-packages/airflow/example_dags/example_complex.py
[2024-03-19T10:44:44.952+0000] {logging_mixin.py:188} INFO - [2024-03-19T10:44:44.951+0000] {dag.py:3047} INFO - Sync 1 DAGs
[2024-03-19T10:44:44.963+0000] {logging_mixin.py:188} INFO - [2024-03-19T10:44:44.963+0000] {dag.py:3834} INFO - Setting next_dagrun for example_complex to None, run_after=None
[2024-03-19T10:44:44.985+0000] {processor.py:183} INFO - Processing /home/airflow/.local/lib/python3.8/site-packages/airflow/example_dags/example_complex.py took 0.071 seconds
[2024-03-19T10:45:15.649+0000] {processor.py:161} INFO - Started process (PID=567) to work on /home/airflow/.local/lib/python3.8/site-packages/airflow/example_dags/example_complex.py
[2024-03-19T10:45:15.650+0000] {processor.py:830} INFO - Processing file /home/airflow/.local/lib/python3.8/site-packages/airflow/example_dags/example_complex.py for tasks to queue
[2024-03-19T10:45:15.652+0000] {logging_mixin.py:188} INFO - [2024-03-19T10:45:15.651+0000] {dagbag.py:540} INFO - Filling up the DagBag from /home/airflow/.local/lib/python3.8/site-packages/airflow/example_dags/example_complex.py
[2024-03-19T10:45:15.660+0000] {processor.py:840} INFO - DAG(s) 'example_complex' retrieved from /home/airflow/.local/lib/python3.8/site-packages/airflow/example_dags/example_complex.py
[2024-03-19T10:45:15.685+0000] {logging_mixin.py:188} INFO - [2024-03-19T10:45:15.685+0000] {dag.py:3047} INFO - Sync 1 DAGs
[2024-03-19T10:45:15.694+0000] {logging_mixin.py:188} INFO - [2024-03-19T10:45:15.694+0000] {dag.py:3834} INFO - Setting next_dagrun for example_complex to None, run_after=None
[2024-03-19T10:45:15.706+0000] {processor.py:183} INFO - Processing /home/airflow/.local/lib/python3.8/site-packages/airflow/example_dags/example_complex.py took 0.060 seconds
[2024-03-19T10:45:46.541+0000] {processor.py:161} INFO - Started process (PID=623) to work on /home/airflow/.local/lib/python3.8/site-packages/airflow/example_dags/example_complex.py
[2024-03-19T10:45:46.543+0000] {processor.py:830} INFO - Processing file /home/airflow/.local/lib/python3.8/site-packages/airflow/example_dags/example_complex.py for tasks to queue
[2024-03-19T10:45:46.544+0000] {logging_mixin.py:188} INFO - [2024-03-19T10:45:46.544+0000] {dagbag.py:540} INFO - Filling up the DagBag from /home/airflow/.local/lib/python3.8/site-packages/airflow/example_dags/example_complex.py
[2024-03-19T10:45:46.554+0000] {processor.py:840} INFO - DAG(s) 'example_complex' retrieved from /home/airflow/.local/lib/python3.8/site-packages/airflow/example_dags/example_complex.py
[2024-03-19T10:45:46.577+0000] {logging_mixin.py:188} INFO - [2024-03-19T10:45:46.577+0000] {dag.py:3047} INFO - Sync 1 DAGs
[2024-03-19T10:45:46.587+0000] {logging_mixin.py:188} INFO - [2024-03-19T10:45:46.587+0000] {dag.py:3834} INFO - Setting next_dagrun for example_complex to None, run_after=None
[2024-03-19T10:45:46.600+0000] {processor.py:183} INFO - Processing /home/airflow/.local/lib/python3.8/site-packages/airflow/example_dags/example_complex.py took 0.062 seconds
[2024-03-19T10:46:17.232+0000] {processor.py:161} INFO - Started process (PID=679) to work on /home/airflow/.local/lib/python3.8/site-packages/airflow/example_dags/example_complex.py
[2024-03-19T10:46:17.233+0000] {processor.py:830} INFO - Processing file /home/airflow/.local/lib/python3.8/site-packages/airflow/example_dags/example_complex.py for tasks to queue
[2024-03-19T10:46:17.235+0000] {logging_mixin.py:188} INFO - [2024-03-19T10:46:17.235+0000] {dagbag.py:540} INFO - Filling up the DagBag from /home/airflow/.local/lib/python3.8/site-packages/airflow/example_dags/example_complex.py
[2024-03-19T10:46:17.244+0000] {processor.py:840} INFO - DAG(s) 'example_complex' retrieved from /home/airflow/.local/lib/python3.8/site-packages/airflow/example_dags/example_complex.py
[2024-03-19T10:46:17.277+0000] {logging_mixin.py:188} INFO - [2024-03-19T10:46:17.277+0000] {dag.py:3047} INFO - Sync 1 DAGs
[2024-03-19T10:46:17.288+0000] {logging_mixin.py:188} INFO - [2024-03-19T10:46:17.288+0000] {dag.py:3834} INFO - Setting next_dagrun for example_complex to None, run_after=None
[2024-03-19T10:46:17.302+0000] {processor.py:183} INFO - Processing /home/airflow/.local/lib/python3.8/site-packages/airflow/example_dags/example_complex.py took 0.074 seconds
[2024-03-19T10:46:48.084+0000] {processor.py:161} INFO - Started process (PID=735) to work on /home/airflow/.local/lib/python3.8/site-packages/airflow/example_dags/example_complex.py
[2024-03-19T10:46:48.086+0000] {processor.py:830} INFO - Processing file /home/airflow/.local/lib/python3.8/site-packages/airflow/example_dags/example_complex.py for tasks to queue
[2024-03-19T10:46:48.091+0000] {logging_mixin.py:188} INFO - [2024-03-19T10:46:48.090+0000] {dagbag.py:540} INFO - Filling up the DagBag from /home/airflow/.local/lib/python3.8/site-packages/airflow/example_dags/example_complex.py
[2024-03-19T10:46:48.105+0000] {processor.py:840} INFO - DAG(s) 'example_complex' retrieved from /home/airflow/.local/lib/python3.8/site-packages/airflow/example_dags/example_complex.py
[2024-03-19T10:46:48.135+0000] {logging_mixin.py:188} INFO - [2024-03-19T10:46:48.135+0000] {dag.py:3047} INFO - Sync 1 DAGs
[2024-03-19T10:46:48.145+0000] {logging_mixin.py:188} INFO - [2024-03-19T10:46:48.145+0000] {dag.py:3834} INFO - Setting next_dagrun for example_complex to None, run_after=None
[2024-03-19T10:46:48.168+0000] {processor.py:183} INFO - Processing /home/airflow/.local/lib/python3.8/site-packages/airflow/example_dags/example_complex.py took 0.091 seconds
[2024-03-19T10:47:18.411+0000] {processor.py:161} INFO - Started process (PID=791) to work on /home/airflow/.local/lib/python3.8/site-packages/airflow/example_dags/example_complex.py
[2024-03-19T10:47:18.412+0000] {processor.py:830} INFO - Processing file /home/airflow/.local/lib/python3.8/site-packages/airflow/example_dags/example_complex.py for tasks to queue
[2024-03-19T10:47:18.414+0000] {logging_mixin.py:188} INFO - [2024-03-19T10:47:18.414+0000] {dagbag.py:540} INFO - Filling up the DagBag from /home/airflow/.local/lib/python3.8/site-packages/airflow/example_dags/example_complex.py
[2024-03-19T10:47:18.423+0000] {processor.py:840} INFO - DAG(s) 'example_complex' retrieved from /home/airflow/.local/lib/python3.8/site-packages/airflow/example_dags/example_complex.py
[2024-03-19T10:47:18.448+0000] {logging_mixin.py:188} INFO - [2024-03-19T10:47:18.448+0000] {dag.py:3047} INFO - Sync 1 DAGs
[2024-03-19T10:47:18.457+0000] {logging_mixin.py:188} INFO - [2024-03-19T10:47:18.457+0000] {dag.py:3834} INFO - Setting next_dagrun for example_complex to None, run_after=None
[2024-03-19T10:47:18.472+0000] {processor.py:183} INFO - Processing /home/airflow/.local/lib/python3.8/site-packages/airflow/example_dags/example_complex.py took 0.065 seconds
[2024-03-19T10:47:48.639+0000] {processor.py:161} INFO - Started process (PID=847) to work on /home/airflow/.local/lib/python3.8/site-packages/airflow/example_dags/example_complex.py
[2024-03-19T10:47:48.640+0000] {processor.py:830} INFO - Processing file /home/airflow/.local/lib/python3.8/site-packages/airflow/example_dags/example_complex.py for tasks to queue
[2024-03-19T10:47:48.643+0000] {logging_mixin.py:188} INFO - [2024-03-19T10:47:48.643+0000] {dagbag.py:540} INFO - Filling up the DagBag from /home/airflow/.local/lib/python3.8/site-packages/airflow/example_dags/example_complex.py
[2024-03-19T10:47:48.660+0000] {processor.py:840} INFO - DAG(s) 'example_complex' retrieved from /home/airflow/.local/lib/python3.8/site-packages/airflow/example_dags/example_complex.py
[2024-03-19T10:47:48.696+0000] {logging_mixin.py:188} INFO - [2024-03-19T10:47:48.695+0000] {dag.py:3047} INFO - Sync 1 DAGs
[2024-03-19T10:47:48.707+0000] {logging_mixin.py:188} INFO - [2024-03-19T10:47:48.706+0000] {dag.py:3834} INFO - Setting next_dagrun for example_complex to None, run_after=None
[2024-03-19T10:47:48.723+0000] {processor.py:183} INFO - Processing /home/airflow/.local/lib/python3.8/site-packages/airflow/example_dags/example_complex.py took 0.091 seconds
[2024-03-19T10:48:18.922+0000] {processor.py:161} INFO - Started process (PID=903) to work on /home/airflow/.local/lib/python3.8/site-packages/airflow/example_dags/example_complex.py
[2024-03-19T10:48:18.923+0000] {processor.py:830} INFO - Processing file /home/airflow/.local/lib/python3.8/site-packages/airflow/example_dags/example_complex.py for tasks to queue
[2024-03-19T10:48:18.925+0000] {logging_mixin.py:188} INFO - [2024-03-19T10:48:18.924+0000] {dagbag.py:540} INFO - Filling up the DagBag from /home/airflow/.local/lib/python3.8/site-packages/airflow/example_dags/example_complex.py
[2024-03-19T10:48:18.933+0000] {processor.py:840} INFO - DAG(s) 'example_complex' retrieved from /home/airflow/.local/lib/python3.8/site-packages/airflow/example_dags/example_complex.py
[2024-03-19T10:48:18.954+0000] {logging_mixin.py:188} INFO - [2024-03-19T10:48:18.954+0000] {dag.py:3047} INFO - Sync 1 DAGs
[2024-03-19T10:48:18.962+0000] {logging_mixin.py:188} INFO - [2024-03-19T10:48:18.962+0000] {dag.py:3834} INFO - Setting next_dagrun for example_complex to None, run_after=None
[2024-03-19T10:48:18.973+0000] {processor.py:183} INFO - Processing /home/airflow/.local/lib/python3.8/site-packages/airflow/example_dags/example_complex.py took 0.054 seconds
[2024-03-19T10:48:49.102+0000] {processor.py:161} INFO - Started process (PID=959) to work on /home/airflow/.local/lib/python3.8/site-packages/airflow/example_dags/example_complex.py
[2024-03-19T10:48:49.103+0000] {processor.py:830} INFO - Processing file /home/airflow/.local/lib/python3.8/site-packages/airflow/example_dags/example_complex.py for tasks to queue
[2024-03-19T10:48:49.104+0000] {logging_mixin.py:188} INFO - [2024-03-19T10:48:49.104+0000] {dagbag.py:540} INFO - Filling up the DagBag from /home/airflow/.local/lib/python3.8/site-packages/airflow/example_dags/example_complex.py
[2024-03-19T10:48:49.113+0000] {processor.py:840} INFO - DAG(s) 'example_complex' retrieved from /home/airflow/.local/lib/python3.8/site-packages/airflow/example_dags/example_complex.py
[2024-03-19T10:48:49.141+0000] {logging_mixin.py:188} INFO - [2024-03-19T10:48:49.141+0000] {dag.py:3047} INFO - Sync 1 DAGs
[2024-03-19T10:48:49.153+0000] {logging_mixin.py:188} INFO - [2024-03-19T10:48:49.152+0000] {dag.py:3834} INFO - Setting next_dagrun for example_complex to None, run_after=None
[2024-03-19T10:48:49.169+0000] {processor.py:183} INFO - Processing /home/airflow/.local/lib/python3.8/site-packages/airflow/example_dags/example_complex.py took 0.070 seconds
[2024-03-19T10:49:19.636+0000] {processor.py:161} INFO - Started process (PID=1015) to work on /home/airflow/.local/lib/python3.8/site-packages/airflow/example_dags/example_complex.py
[2024-03-19T10:49:19.636+0000] {processor.py:830} INFO - Processing file /home/airflow/.local/lib/python3.8/site-packages/airflow/example_dags/example_complex.py for tasks to queue
[2024-03-19T10:49:19.638+0000] {logging_mixin.py:188} INFO - [2024-03-19T10:49:19.638+0000] {dagbag.py:540} INFO - Filling up the DagBag from /home/airflow/.local/lib/python3.8/site-packages/airflow/example_dags/example_complex.py
[2024-03-19T10:49:19.646+0000] {processor.py:840} INFO - DAG(s) 'example_complex' retrieved from /home/airflow/.local/lib/python3.8/site-packages/airflow/example_dags/example_complex.py
[2024-03-19T10:49:19.669+0000] {logging_mixin.py:188} INFO - [2024-03-19T10:49:19.668+0000] {dag.py:3047} INFO - Sync 1 DAGs
[2024-03-19T10:49:19.679+0000] {logging_mixin.py:188} INFO - [2024-03-19T10:49:19.679+0000] {dag.py:3834} INFO - Setting next_dagrun for example_complex to None, run_after=None
[2024-03-19T10:49:19.697+0000] {processor.py:183} INFO - Processing /home/airflow/.local/lib/python3.8/site-packages/airflow/example_dags/example_complex.py took 0.064 seconds
