[2024-03-19T10:40:37.820+0000] {processor.py:161} INFO - Started process (PID=49) to work on /home/airflow/.local/lib/python3.8/site-packages/airflow/example_dags/example_python_decorator.py
[2024-03-19T10:40:37.824+0000] {processor.py:830} INFO - Processing file /home/airflow/.local/lib/python3.8/site-packages/airflow/example_dags/example_python_decorator.py for tasks to queue
[2024-03-19T10:40:37.829+0000] {logging_mixin.py:188} INFO - [2024-03-19T10:40:37.828+0000] {dagbag.py:540} INFO - Filling up the DagBag from /home/airflow/.local/lib/python3.8/site-packages/airflow/example_dags/example_python_decorator.py
[2024-03-19T10:40:37.872+0000] {processor.py:840} INFO - DAG(s) 'example_python_decorator' retrieved from /home/airflow/.local/lib/python3.8/site-packages/airflow/example_dags/example_python_decorator.py
[2024-03-19T10:40:37.900+0000] {logging_mixin.py:188} INFO - [2024-03-19T10:40:37.900+0000] {dag.py:3047} INFO - Sync 1 DAGs
[2024-03-19T10:40:37.924+0000] {logging_mixin.py:188} INFO - [2024-03-19T10:40:37.924+0000] {dag.py:3834} INFO - Setting next_dagrun for example_python_decorator to None, run_after=None
[2024-03-19T10:40:37.954+0000] {processor.py:183} INFO - Processing /home/airflow/.local/lib/python3.8/site-packages/airflow/example_dags/example_python_decorator.py took 0.145 seconds
[2024-03-19T10:41:08.193+0000] {processor.py:161} INFO - Started process (PID=105) to work on /home/airflow/.local/lib/python3.8/site-packages/airflow/example_dags/example_python_decorator.py
[2024-03-19T10:41:08.194+0000] {processor.py:830} INFO - Processing file /home/airflow/.local/lib/python3.8/site-packages/airflow/example_dags/example_python_decorator.py for tasks to queue
[2024-03-19T10:41:08.196+0000] {logging_mixin.py:188} INFO - [2024-03-19T10:41:08.196+0000] {dagbag.py:540} INFO - Filling up the DagBag from /home/airflow/.local/lib/python3.8/site-packages/airflow/example_dags/example_python_decorator.py
[2024-03-19T10:41:08.206+0000] {processor.py:840} INFO - DAG(s) 'example_python_decorator' retrieved from /home/airflow/.local/lib/python3.8/site-packages/airflow/example_dags/example_python_decorator.py
[2024-03-19T10:41:08.273+0000] {logging_mixin.py:188} INFO - [2024-03-19T10:41:08.273+0000] {dag.py:3047} INFO - Sync 1 DAGs
[2024-03-19T10:41:08.281+0000] {logging_mixin.py:188} INFO - [2024-03-19T10:41:08.281+0000] {dag.py:3834} INFO - Setting next_dagrun for example_python_decorator to None, run_after=None
[2024-03-19T10:41:08.293+0000] {processor.py:183} INFO - Processing /home/airflow/.local/lib/python3.8/site-packages/airflow/example_dags/example_python_decorator.py took 0.103 seconds
[2024-03-19T10:41:38.588+0000] {processor.py:161} INFO - Started process (PID=161) to work on /home/airflow/.local/lib/python3.8/site-packages/airflow/example_dags/example_python_decorator.py
[2024-03-19T10:41:38.589+0000] {processor.py:830} INFO - Processing file /home/airflow/.local/lib/python3.8/site-packages/airflow/example_dags/example_python_decorator.py for tasks to queue
[2024-03-19T10:41:38.591+0000] {logging_mixin.py:188} INFO - [2024-03-19T10:41:38.591+0000] {dagbag.py:540} INFO - Filling up the DagBag from /home/airflow/.local/lib/python3.8/site-packages/airflow/example_dags/example_python_decorator.py
[2024-03-19T10:41:38.601+0000] {processor.py:840} INFO - DAG(s) 'example_python_decorator' retrieved from /home/airflow/.local/lib/python3.8/site-packages/airflow/example_dags/example_python_decorator.py
[2024-03-19T10:41:38.616+0000] {logging_mixin.py:188} INFO - [2024-03-19T10:41:38.616+0000] {dag.py:3047} INFO - Sync 1 DAGs
[2024-03-19T10:41:38.624+0000] {logging_mixin.py:188} INFO - [2024-03-19T10:41:38.624+0000] {dag.py:3834} INFO - Setting next_dagrun for example_python_decorator to None, run_after=None
[2024-03-19T10:41:38.636+0000] {processor.py:183} INFO - Processing /home/airflow/.local/lib/python3.8/site-packages/airflow/example_dags/example_python_decorator.py took 0.051 seconds
[2024-03-19T10:42:09.543+0000] {processor.py:161} INFO - Started process (PID=217) to work on /home/airflow/.local/lib/python3.8/site-packages/airflow/example_dags/example_python_decorator.py
[2024-03-19T10:42:09.544+0000] {processor.py:830} INFO - Processing file /home/airflow/.local/lib/python3.8/site-packages/airflow/example_dags/example_python_decorator.py for tasks to queue
[2024-03-19T10:42:09.546+0000] {logging_mixin.py:188} INFO - [2024-03-19T10:42:09.546+0000] {dagbag.py:540} INFO - Filling up the DagBag from /home/airflow/.local/lib/python3.8/site-packages/airflow/example_dags/example_python_decorator.py
[2024-03-19T10:42:09.561+0000] {processor.py:840} INFO - DAG(s) 'example_python_decorator' retrieved from /home/airflow/.local/lib/python3.8/site-packages/airflow/example_dags/example_python_decorator.py
[2024-03-19T10:42:09.581+0000] {logging_mixin.py:188} INFO - [2024-03-19T10:42:09.581+0000] {dag.py:3047} INFO - Sync 1 DAGs
[2024-03-19T10:42:09.591+0000] {logging_mixin.py:188} INFO - [2024-03-19T10:42:09.590+0000] {dag.py:3834} INFO - Setting next_dagrun for example_python_decorator to None, run_after=None
[2024-03-19T10:42:09.604+0000] {processor.py:183} INFO - Processing /home/airflow/.local/lib/python3.8/site-packages/airflow/example_dags/example_python_decorator.py took 0.064 seconds
[2024-03-19T10:42:40.333+0000] {processor.py:161} INFO - Started process (PID=273) to work on /home/airflow/.local/lib/python3.8/site-packages/airflow/example_dags/example_python_decorator.py
[2024-03-19T10:42:40.334+0000] {processor.py:830} INFO - Processing file /home/airflow/.local/lib/python3.8/site-packages/airflow/example_dags/example_python_decorator.py for tasks to queue
[2024-03-19T10:42:40.335+0000] {logging_mixin.py:188} INFO - [2024-03-19T10:42:40.335+0000] {dagbag.py:540} INFO - Filling up the DagBag from /home/airflow/.local/lib/python3.8/site-packages/airflow/example_dags/example_python_decorator.py
[2024-03-19T10:42:40.345+0000] {processor.py:840} INFO - DAG(s) 'example_python_decorator' retrieved from /home/airflow/.local/lib/python3.8/site-packages/airflow/example_dags/example_python_decorator.py
[2024-03-19T10:42:40.361+0000] {logging_mixin.py:188} INFO - [2024-03-19T10:42:40.360+0000] {dag.py:3047} INFO - Sync 1 DAGs
[2024-03-19T10:42:40.369+0000] {logging_mixin.py:188} INFO - [2024-03-19T10:42:40.369+0000] {dag.py:3834} INFO - Setting next_dagrun for example_python_decorator to None, run_after=None
[2024-03-19T10:42:40.380+0000] {processor.py:183} INFO - Processing /home/airflow/.local/lib/python3.8/site-packages/airflow/example_dags/example_python_decorator.py took 0.051 seconds
[2024-03-19T10:43:10.814+0000] {processor.py:161} INFO - Started process (PID=329) to work on /home/airflow/.local/lib/python3.8/site-packages/airflow/example_dags/example_python_decorator.py
[2024-03-19T10:43:10.815+0000] {processor.py:830} INFO - Processing file /home/airflow/.local/lib/python3.8/site-packages/airflow/example_dags/example_python_decorator.py for tasks to queue
[2024-03-19T10:43:10.817+0000] {logging_mixin.py:188} INFO - [2024-03-19T10:43:10.817+0000] {dagbag.py:540} INFO - Filling up the DagBag from /home/airflow/.local/lib/python3.8/site-packages/airflow/example_dags/example_python_decorator.py
[2024-03-19T10:43:10.827+0000] {processor.py:840} INFO - DAG(s) 'example_python_decorator' retrieved from /home/airflow/.local/lib/python3.8/site-packages/airflow/example_dags/example_python_decorator.py
[2024-03-19T10:43:10.843+0000] {logging_mixin.py:188} INFO - [2024-03-19T10:43:10.843+0000] {dag.py:3047} INFO - Sync 1 DAGs
[2024-03-19T10:43:10.851+0000] {logging_mixin.py:188} INFO - [2024-03-19T10:43:10.851+0000] {dag.py:3834} INFO - Setting next_dagrun for example_python_decorator to None, run_after=None
[2024-03-19T10:43:10.862+0000] {processor.py:183} INFO - Processing /home/airflow/.local/lib/python3.8/site-packages/airflow/example_dags/example_python_decorator.py took 0.051 seconds
[2024-03-19T10:43:41.290+0000] {processor.py:161} INFO - Started process (PID=385) to work on /home/airflow/.local/lib/python3.8/site-packages/airflow/example_dags/example_python_decorator.py
[2024-03-19T10:43:41.291+0000] {processor.py:830} INFO - Processing file /home/airflow/.local/lib/python3.8/site-packages/airflow/example_dags/example_python_decorator.py for tasks to queue
[2024-03-19T10:43:41.294+0000] {logging_mixin.py:188} INFO - [2024-03-19T10:43:41.293+0000] {dagbag.py:540} INFO - Filling up the DagBag from /home/airflow/.local/lib/python3.8/site-packages/airflow/example_dags/example_python_decorator.py
[2024-03-19T10:43:41.306+0000] {processor.py:840} INFO - DAG(s) 'example_python_decorator' retrieved from /home/airflow/.local/lib/python3.8/site-packages/airflow/example_dags/example_python_decorator.py
[2024-03-19T10:43:41.325+0000] {logging_mixin.py:188} INFO - [2024-03-19T10:43:41.325+0000] {dag.py:3047} INFO - Sync 1 DAGs
[2024-03-19T10:43:41.335+0000] {logging_mixin.py:188} INFO - [2024-03-19T10:43:41.335+0000] {dag.py:3834} INFO - Setting next_dagrun for example_python_decorator to None, run_after=None
[2024-03-19T10:43:41.349+0000] {processor.py:183} INFO - Processing /home/airflow/.local/lib/python3.8/site-packages/airflow/example_dags/example_python_decorator.py took 0.063 seconds
[2024-03-19T10:44:11.691+0000] {processor.py:161} INFO - Started process (PID=441) to work on /home/airflow/.local/lib/python3.8/site-packages/airflow/example_dags/example_python_decorator.py
[2024-03-19T10:44:11.695+0000] {processor.py:830} INFO - Processing file /home/airflow/.local/lib/python3.8/site-packages/airflow/example_dags/example_python_decorator.py for tasks to queue
[2024-03-19T10:44:11.696+0000] {logging_mixin.py:188} INFO - [2024-03-19T10:44:11.696+0000] {dagbag.py:540} INFO - Filling up the DagBag from /home/airflow/.local/lib/python3.8/site-packages/airflow/example_dags/example_python_decorator.py
[2024-03-19T10:44:11.707+0000] {processor.py:840} INFO - DAG(s) 'example_python_decorator' retrieved from /home/airflow/.local/lib/python3.8/site-packages/airflow/example_dags/example_python_decorator.py
[2024-03-19T10:44:11.723+0000] {logging_mixin.py:188} INFO - [2024-03-19T10:44:11.723+0000] {dag.py:3047} INFO - Sync 1 DAGs
[2024-03-19T10:44:11.731+0000] {logging_mixin.py:188} INFO - [2024-03-19T10:44:11.731+0000] {dag.py:3834} INFO - Setting next_dagrun for example_python_decorator to None, run_after=None
[2024-03-19T10:44:11.743+0000] {processor.py:183} INFO - Processing /home/airflow/.local/lib/python3.8/site-packages/airflow/example_dags/example_python_decorator.py took 0.056 seconds
[2024-03-19T10:44:42.353+0000] {processor.py:161} INFO - Started process (PID=497) to work on /home/airflow/.local/lib/python3.8/site-packages/airflow/example_dags/example_python_decorator.py
[2024-03-19T10:44:42.354+0000] {processor.py:830} INFO - Processing file /home/airflow/.local/lib/python3.8/site-packages/airflow/example_dags/example_python_decorator.py for tasks to queue
[2024-03-19T10:44:42.356+0000] {logging_mixin.py:188} INFO - [2024-03-19T10:44:42.355+0000] {dagbag.py:540} INFO - Filling up the DagBag from /home/airflow/.local/lib/python3.8/site-packages/airflow/example_dags/example_python_decorator.py
[2024-03-19T10:44:42.368+0000] {processor.py:840} INFO - DAG(s) 'example_python_decorator' retrieved from /home/airflow/.local/lib/python3.8/site-packages/airflow/example_dags/example_python_decorator.py
[2024-03-19T10:44:42.385+0000] {logging_mixin.py:188} INFO - [2024-03-19T10:44:42.385+0000] {dag.py:3047} INFO - Sync 1 DAGs
[2024-03-19T10:44:42.394+0000] {logging_mixin.py:188} INFO - [2024-03-19T10:44:42.394+0000] {dag.py:3834} INFO - Setting next_dagrun for example_python_decorator to None, run_after=None
[2024-03-19T10:44:42.407+0000] {processor.py:183} INFO - Processing /home/airflow/.local/lib/python3.8/site-packages/airflow/example_dags/example_python_decorator.py took 0.057 seconds
[2024-03-19T10:45:13.009+0000] {processor.py:161} INFO - Started process (PID=553) to work on /home/airflow/.local/lib/python3.8/site-packages/airflow/example_dags/example_python_decorator.py
[2024-03-19T10:45:13.010+0000] {processor.py:830} INFO - Processing file /home/airflow/.local/lib/python3.8/site-packages/airflow/example_dags/example_python_decorator.py for tasks to queue
[2024-03-19T10:45:13.012+0000] {logging_mixin.py:188} INFO - [2024-03-19T10:45:13.012+0000] {dagbag.py:540} INFO - Filling up the DagBag from /home/airflow/.local/lib/python3.8/site-packages/airflow/example_dags/example_python_decorator.py
[2024-03-19T10:45:13.023+0000] {processor.py:840} INFO - DAG(s) 'example_python_decorator' retrieved from /home/airflow/.local/lib/python3.8/site-packages/airflow/example_dags/example_python_decorator.py
[2024-03-19T10:45:13.041+0000] {logging_mixin.py:188} INFO - [2024-03-19T10:45:13.041+0000] {dag.py:3047} INFO - Sync 1 DAGs
[2024-03-19T10:45:13.050+0000] {logging_mixin.py:188} INFO - [2024-03-19T10:45:13.050+0000] {dag.py:3834} INFO - Setting next_dagrun for example_python_decorator to None, run_after=None
[2024-03-19T10:45:13.061+0000] {processor.py:183} INFO - Processing /home/airflow/.local/lib/python3.8/site-packages/airflow/example_dags/example_python_decorator.py took 0.056 seconds
[2024-03-19T10:45:43.960+0000] {processor.py:161} INFO - Started process (PID=609) to work on /home/airflow/.local/lib/python3.8/site-packages/airflow/example_dags/example_python_decorator.py
[2024-03-19T10:45:43.961+0000] {processor.py:830} INFO - Processing file /home/airflow/.local/lib/python3.8/site-packages/airflow/example_dags/example_python_decorator.py for tasks to queue
[2024-03-19T10:45:43.963+0000] {logging_mixin.py:188} INFO - [2024-03-19T10:45:43.962+0000] {dagbag.py:540} INFO - Filling up the DagBag from /home/airflow/.local/lib/python3.8/site-packages/airflow/example_dags/example_python_decorator.py
[2024-03-19T10:45:43.974+0000] {processor.py:840} INFO - DAG(s) 'example_python_decorator' retrieved from /home/airflow/.local/lib/python3.8/site-packages/airflow/example_dags/example_python_decorator.py
[2024-03-19T10:45:43.991+0000] {logging_mixin.py:188} INFO - [2024-03-19T10:45:43.991+0000] {dag.py:3047} INFO - Sync 1 DAGs
[2024-03-19T10:45:44.000+0000] {logging_mixin.py:188} INFO - [2024-03-19T10:45:44.000+0000] {dag.py:3834} INFO - Setting next_dagrun for example_python_decorator to None, run_after=None
[2024-03-19T10:45:44.011+0000] {processor.py:183} INFO - Processing /home/airflow/.local/lib/python3.8/site-packages/airflow/example_dags/example_python_decorator.py took 0.055 seconds
[2024-03-19T10:46:14.928+0000] {processor.py:161} INFO - Started process (PID=665) to work on /home/airflow/.local/lib/python3.8/site-packages/airflow/example_dags/example_python_decorator.py
[2024-03-19T10:46:14.930+0000] {processor.py:830} INFO - Processing file /home/airflow/.local/lib/python3.8/site-packages/airflow/example_dags/example_python_decorator.py for tasks to queue
[2024-03-19T10:46:14.933+0000] {logging_mixin.py:188} INFO - [2024-03-19T10:46:14.932+0000] {dagbag.py:540} INFO - Filling up the DagBag from /home/airflow/.local/lib/python3.8/site-packages/airflow/example_dags/example_python_decorator.py
[2024-03-19T10:46:14.949+0000] {processor.py:840} INFO - DAG(s) 'example_python_decorator' retrieved from /home/airflow/.local/lib/python3.8/site-packages/airflow/example_dags/example_python_decorator.py
[2024-03-19T10:46:14.980+0000] {logging_mixin.py:188} INFO - [2024-03-19T10:46:14.980+0000] {dag.py:3047} INFO - Sync 1 DAGs
[2024-03-19T10:46:15.018+0000] {logging_mixin.py:188} INFO - [2024-03-19T10:46:15.017+0000] {dag.py:3834} INFO - Setting next_dagrun for example_python_decorator to None, run_after=None
[2024-03-19T10:46:15.045+0000] {processor.py:183} INFO - Processing /home/airflow/.local/lib/python3.8/site-packages/airflow/example_dags/example_python_decorator.py took 0.122 seconds
[2024-03-19T10:46:45.319+0000] {processor.py:161} INFO - Started process (PID=721) to work on /home/airflow/.local/lib/python3.8/site-packages/airflow/example_dags/example_python_decorator.py
[2024-03-19T10:46:45.321+0000] {processor.py:830} INFO - Processing file /home/airflow/.local/lib/python3.8/site-packages/airflow/example_dags/example_python_decorator.py for tasks to queue
[2024-03-19T10:46:45.323+0000] {logging_mixin.py:188} INFO - [2024-03-19T10:46:45.323+0000] {dagbag.py:540} INFO - Filling up the DagBag from /home/airflow/.local/lib/python3.8/site-packages/airflow/example_dags/example_python_decorator.py
[2024-03-19T10:46:45.339+0000] {processor.py:840} INFO - DAG(s) 'example_python_decorator' retrieved from /home/airflow/.local/lib/python3.8/site-packages/airflow/example_dags/example_python_decorator.py
[2024-03-19T10:46:45.361+0000] {logging_mixin.py:188} INFO - [2024-03-19T10:46:45.361+0000] {dag.py:3047} INFO - Sync 1 DAGs
[2024-03-19T10:46:45.372+0000] {logging_mixin.py:188} INFO - [2024-03-19T10:46:45.372+0000] {dag.py:3834} INFO - Setting next_dagrun for example_python_decorator to None, run_after=None
[2024-03-19T10:46:45.386+0000] {processor.py:183} INFO - Processing /home/airflow/.local/lib/python3.8/site-packages/airflow/example_dags/example_python_decorator.py took 0.070 seconds
[2024-03-19T10:47:15.593+0000] {processor.py:161} INFO - Started process (PID=777) to work on /home/airflow/.local/lib/python3.8/site-packages/airflow/example_dags/example_python_decorator.py
[2024-03-19T10:47:15.594+0000] {processor.py:830} INFO - Processing file /home/airflow/.local/lib/python3.8/site-packages/airflow/example_dags/example_python_decorator.py for tasks to queue
[2024-03-19T10:47:15.595+0000] {logging_mixin.py:188} INFO - [2024-03-19T10:47:15.595+0000] {dagbag.py:540} INFO - Filling up the DagBag from /home/airflow/.local/lib/python3.8/site-packages/airflow/example_dags/example_python_decorator.py
[2024-03-19T10:47:15.609+0000] {processor.py:840} INFO - DAG(s) 'example_python_decorator' retrieved from /home/airflow/.local/lib/python3.8/site-packages/airflow/example_dags/example_python_decorator.py
[2024-03-19T10:47:15.626+0000] {logging_mixin.py:188} INFO - [2024-03-19T10:47:15.626+0000] {dag.py:3047} INFO - Sync 1 DAGs
[2024-03-19T10:47:15.635+0000] {logging_mixin.py:188} INFO - [2024-03-19T10:47:15.634+0000] {dag.py:3834} INFO - Setting next_dagrun for example_python_decorator to None, run_after=None
[2024-03-19T10:47:15.646+0000] {processor.py:183} INFO - Processing /home/airflow/.local/lib/python3.8/site-packages/airflow/example_dags/example_python_decorator.py took 0.055 seconds
[2024-03-19T10:47:46.013+0000] {processor.py:161} INFO - Started process (PID=833) to work on /home/airflow/.local/lib/python3.8/site-packages/airflow/example_dags/example_python_decorator.py
[2024-03-19T10:47:46.014+0000] {processor.py:830} INFO - Processing file /home/airflow/.local/lib/python3.8/site-packages/airflow/example_dags/example_python_decorator.py for tasks to queue
[2024-03-19T10:47:46.015+0000] {logging_mixin.py:188} INFO - [2024-03-19T10:47:46.015+0000] {dagbag.py:540} INFO - Filling up the DagBag from /home/airflow/.local/lib/python3.8/site-packages/airflow/example_dags/example_python_decorator.py
[2024-03-19T10:47:46.025+0000] {processor.py:840} INFO - DAG(s) 'example_python_decorator' retrieved from /home/airflow/.local/lib/python3.8/site-packages/airflow/example_dags/example_python_decorator.py
[2024-03-19T10:47:46.041+0000] {logging_mixin.py:188} INFO - [2024-03-19T10:47:46.040+0000] {dag.py:3047} INFO - Sync 1 DAGs
[2024-03-19T10:47:46.049+0000] {logging_mixin.py:188} INFO - [2024-03-19T10:47:46.048+0000] {dag.py:3834} INFO - Setting next_dagrun for example_python_decorator to None, run_after=None
[2024-03-19T10:47:46.060+0000] {processor.py:183} INFO - Processing /home/airflow/.local/lib/python3.8/site-packages/airflow/example_dags/example_python_decorator.py took 0.051 seconds
[2024-03-19T10:48:16.219+0000] {processor.py:161} INFO - Started process (PID=889) to work on /home/airflow/.local/lib/python3.8/site-packages/airflow/example_dags/example_python_decorator.py
[2024-03-19T10:48:16.220+0000] {processor.py:830} INFO - Processing file /home/airflow/.local/lib/python3.8/site-packages/airflow/example_dags/example_python_decorator.py for tasks to queue
[2024-03-19T10:48:16.221+0000] {logging_mixin.py:188} INFO - [2024-03-19T10:48:16.221+0000] {dagbag.py:540} INFO - Filling up the DagBag from /home/airflow/.local/lib/python3.8/site-packages/airflow/example_dags/example_python_decorator.py
[2024-03-19T10:48:16.232+0000] {processor.py:840} INFO - DAG(s) 'example_python_decorator' retrieved from /home/airflow/.local/lib/python3.8/site-packages/airflow/example_dags/example_python_decorator.py
[2024-03-19T10:48:16.248+0000] {logging_mixin.py:188} INFO - [2024-03-19T10:48:16.248+0000] {dag.py:3047} INFO - Sync 1 DAGs
[2024-03-19T10:48:16.256+0000] {logging_mixin.py:188} INFO - [2024-03-19T10:48:16.256+0000] {dag.py:3834} INFO - Setting next_dagrun for example_python_decorator to None, run_after=None
[2024-03-19T10:48:16.268+0000] {processor.py:183} INFO - Processing /home/airflow/.local/lib/python3.8/site-packages/airflow/example_dags/example_python_decorator.py took 0.052 seconds
[2024-03-19T10:48:46.450+0000] {processor.py:161} INFO - Started process (PID=945) to work on /home/airflow/.local/lib/python3.8/site-packages/airflow/example_dags/example_python_decorator.py
[2024-03-19T10:48:46.451+0000] {processor.py:830} INFO - Processing file /home/airflow/.local/lib/python3.8/site-packages/airflow/example_dags/example_python_decorator.py for tasks to queue
[2024-03-19T10:48:46.452+0000] {logging_mixin.py:188} INFO - [2024-03-19T10:48:46.452+0000] {dagbag.py:540} INFO - Filling up the DagBag from /home/airflow/.local/lib/python3.8/site-packages/airflow/example_dags/example_python_decorator.py
[2024-03-19T10:48:46.463+0000] {processor.py:840} INFO - DAG(s) 'example_python_decorator' retrieved from /home/airflow/.local/lib/python3.8/site-packages/airflow/example_dags/example_python_decorator.py
[2024-03-19T10:48:46.479+0000] {logging_mixin.py:188} INFO - [2024-03-19T10:48:46.479+0000] {dag.py:3047} INFO - Sync 1 DAGs
[2024-03-19T10:48:46.489+0000] {logging_mixin.py:188} INFO - [2024-03-19T10:48:46.488+0000] {dag.py:3834} INFO - Setting next_dagrun for example_python_decorator to None, run_after=None
[2024-03-19T10:48:46.500+0000] {processor.py:183} INFO - Processing /home/airflow/.local/lib/python3.8/site-packages/airflow/example_dags/example_python_decorator.py took 0.054 seconds
[2024-03-19T10:49:17.936+0000] {processor.py:161} INFO - Started process (PID=1001) to work on /home/airflow/.local/lib/python3.8/site-packages/airflow/example_dags/example_python_decorator.py
[2024-03-19T10:49:17.944+0000] {processor.py:830} INFO - Processing file /home/airflow/.local/lib/python3.8/site-packages/airflow/example_dags/example_python_decorator.py for tasks to queue
[2024-03-19T10:49:17.950+0000] {logging_mixin.py:188} INFO - [2024-03-19T10:49:17.950+0000] {dagbag.py:540} INFO - Filling up the DagBag from /home/airflow/.local/lib/python3.8/site-packages/airflow/example_dags/example_python_decorator.py
[2024-03-19T10:49:17.980+0000] {processor.py:840} INFO - DAG(s) 'example_python_decorator' retrieved from /home/airflow/.local/lib/python3.8/site-packages/airflow/example_dags/example_python_decorator.py
[2024-03-19T10:49:18.011+0000] {logging_mixin.py:188} INFO - [2024-03-19T10:49:18.011+0000] {dag.py:3047} INFO - Sync 1 DAGs
[2024-03-19T10:49:18.026+0000] {logging_mixin.py:188} INFO - [2024-03-19T10:49:18.025+0000] {dag.py:3834} INFO - Setting next_dagrun for example_python_decorator to None, run_after=None
[2024-03-19T10:49:18.044+0000] {processor.py:183} INFO - Processing /home/airflow/.local/lib/python3.8/site-packages/airflow/example_dags/example_python_decorator.py took 0.123 seconds
