[2024-03-19T10:40:37.917+0000] {processor.py:161} INFO - Started process (PID=50) to work on /home/airflow/.local/lib/python3.8/site-packages/airflow/example_dags/example_setup_teardown.py
[2024-03-19T10:40:37.919+0000] {processor.py:830} INFO - Processing file /home/airflow/.local/lib/python3.8/site-packages/airflow/example_dags/example_setup_teardown.py for tasks to queue
[2024-03-19T10:40:37.923+0000] {logging_mixin.py:188} INFO - [2024-03-19T10:40:37.922+0000] {dagbag.py:540} INFO - Filling up the DagBag from /home/airflow/.local/lib/python3.8/site-packages/airflow/example_dags/example_setup_teardown.py
[2024-03-19T10:40:37.941+0000] {processor.py:840} INFO - DAG(s) 'example_setup_teardown' retrieved from /home/airflow/.local/lib/python3.8/site-packages/airflow/example_dags/example_setup_teardown.py
[2024-03-19T10:40:37.972+0000] {logging_mixin.py:188} INFO - [2024-03-19T10:40:37.972+0000] {dag.py:3047} INFO - Sync 1 DAGs
[2024-03-19T10:40:38.043+0000] {logging_mixin.py:188} INFO - [2024-03-19T10:40:38.042+0000] {dag.py:3834} INFO - Setting next_dagrun for example_setup_teardown to 2024-03-18 00:00:00+00:00, run_after=2024-03-19 00:00:00+00:00
[2024-03-19T10:40:38.087+0000] {processor.py:183} INFO - Processing /home/airflow/.local/lib/python3.8/site-packages/airflow/example_dags/example_setup_teardown.py took 0.178 seconds
[2024-03-19T10:41:08.299+0000] {processor.py:161} INFO - Started process (PID=106) to work on /home/airflow/.local/lib/python3.8/site-packages/airflow/example_dags/example_setup_teardown.py
[2024-03-19T10:41:08.300+0000] {processor.py:830} INFO - Processing file /home/airflow/.local/lib/python3.8/site-packages/airflow/example_dags/example_setup_teardown.py for tasks to queue
[2024-03-19T10:41:08.302+0000] {logging_mixin.py:188} INFO - [2024-03-19T10:41:08.302+0000] {dagbag.py:540} INFO - Filling up the DagBag from /home/airflow/.local/lib/python3.8/site-packages/airflow/example_dags/example_setup_teardown.py
[2024-03-19T10:41:08.307+0000] {processor.py:840} INFO - DAG(s) 'example_setup_teardown' retrieved from /home/airflow/.local/lib/python3.8/site-packages/airflow/example_dags/example_setup_teardown.py
[2024-03-19T10:41:08.375+0000] {logging_mixin.py:188} INFO - [2024-03-19T10:41:08.375+0000] {dag.py:3047} INFO - Sync 1 DAGs
[2024-03-19T10:41:08.389+0000] {logging_mixin.py:188} INFO - [2024-03-19T10:41:08.389+0000] {dag.py:3834} INFO - Setting next_dagrun for example_setup_teardown to 2024-03-18 00:00:00+00:00, run_after=2024-03-19 00:00:00+00:00
[2024-03-19T10:41:08.400+0000] {processor.py:183} INFO - Processing /home/airflow/.local/lib/python3.8/site-packages/airflow/example_dags/example_setup_teardown.py took 0.104 seconds
[2024-03-19T10:41:38.592+0000] {processor.py:161} INFO - Started process (PID=162) to work on /home/airflow/.local/lib/python3.8/site-packages/airflow/example_dags/example_setup_teardown.py
[2024-03-19T10:41:38.593+0000] {processor.py:830} INFO - Processing file /home/airflow/.local/lib/python3.8/site-packages/airflow/example_dags/example_setup_teardown.py for tasks to queue
[2024-03-19T10:41:38.594+0000] {logging_mixin.py:188} INFO - [2024-03-19T10:41:38.594+0000] {dagbag.py:540} INFO - Filling up the DagBag from /home/airflow/.local/lib/python3.8/site-packages/airflow/example_dags/example_setup_teardown.py
[2024-03-19T10:41:38.599+0000] {processor.py:840} INFO - DAG(s) 'example_setup_teardown' retrieved from /home/airflow/.local/lib/python3.8/site-packages/airflow/example_dags/example_setup_teardown.py
[2024-03-19T10:41:38.615+0000] {logging_mixin.py:188} INFO - [2024-03-19T10:41:38.615+0000] {dag.py:3047} INFO - Sync 1 DAGs
[2024-03-19T10:41:38.630+0000] {logging_mixin.py:188} INFO - [2024-03-19T10:41:38.630+0000] {dag.py:3834} INFO - Setting next_dagrun for example_setup_teardown to 2024-03-18 00:00:00+00:00, run_after=2024-03-19 00:00:00+00:00
[2024-03-19T10:41:38.643+0000] {processor.py:183} INFO - Processing /home/airflow/.local/lib/python3.8/site-packages/airflow/example_dags/example_setup_teardown.py took 0.054 seconds
[2024-03-19T10:42:09.577+0000] {processor.py:161} INFO - Started process (PID=218) to work on /home/airflow/.local/lib/python3.8/site-packages/airflow/example_dags/example_setup_teardown.py
[2024-03-19T10:42:09.578+0000] {processor.py:830} INFO - Processing file /home/airflow/.local/lib/python3.8/site-packages/airflow/example_dags/example_setup_teardown.py for tasks to queue
[2024-03-19T10:42:09.580+0000] {logging_mixin.py:188} INFO - [2024-03-19T10:42:09.580+0000] {dagbag.py:540} INFO - Filling up the DagBag from /home/airflow/.local/lib/python3.8/site-packages/airflow/example_dags/example_setup_teardown.py
[2024-03-19T10:42:09.586+0000] {processor.py:840} INFO - DAG(s) 'example_setup_teardown' retrieved from /home/airflow/.local/lib/python3.8/site-packages/airflow/example_dags/example_setup_teardown.py
[2024-03-19T10:42:09.604+0000] {logging_mixin.py:188} INFO - [2024-03-19T10:42:09.604+0000] {dag.py:3047} INFO - Sync 1 DAGs
[2024-03-19T10:42:09.624+0000] {logging_mixin.py:188} INFO - [2024-03-19T10:42:09.624+0000] {dag.py:3834} INFO - Setting next_dagrun for example_setup_teardown to 2024-03-18 00:00:00+00:00, run_after=2024-03-19 00:00:00+00:00
[2024-03-19T10:42:09.638+0000] {processor.py:183} INFO - Processing /home/airflow/.local/lib/python3.8/site-packages/airflow/example_dags/example_setup_teardown.py took 0.065 seconds
[2024-03-19T10:42:40.399+0000] {processor.py:161} INFO - Started process (PID=274) to work on /home/airflow/.local/lib/python3.8/site-packages/airflow/example_dags/example_setup_teardown.py
[2024-03-19T10:42:40.400+0000] {processor.py:830} INFO - Processing file /home/airflow/.local/lib/python3.8/site-packages/airflow/example_dags/example_setup_teardown.py for tasks to queue
[2024-03-19T10:42:40.402+0000] {logging_mixin.py:188} INFO - [2024-03-19T10:42:40.402+0000] {dagbag.py:540} INFO - Filling up the DagBag from /home/airflow/.local/lib/python3.8/site-packages/airflow/example_dags/example_setup_teardown.py
[2024-03-19T10:42:40.409+0000] {processor.py:840} INFO - DAG(s) 'example_setup_teardown' retrieved from /home/airflow/.local/lib/python3.8/site-packages/airflow/example_dags/example_setup_teardown.py
[2024-03-19T10:42:40.425+0000] {logging_mixin.py:188} INFO - [2024-03-19T10:42:40.425+0000] {dag.py:3047} INFO - Sync 1 DAGs
[2024-03-19T10:42:40.440+0000] {logging_mixin.py:188} INFO - [2024-03-19T10:42:40.440+0000] {dag.py:3834} INFO - Setting next_dagrun for example_setup_teardown to 2024-03-18 00:00:00+00:00, run_after=2024-03-19 00:00:00+00:00
[2024-03-19T10:42:40.452+0000] {processor.py:183} INFO - Processing /home/airflow/.local/lib/python3.8/site-packages/airflow/example_dags/example_setup_teardown.py took 0.058 seconds
[2024-03-19T10:43:10.879+0000] {processor.py:161} INFO - Started process (PID=330) to work on /home/airflow/.local/lib/python3.8/site-packages/airflow/example_dags/example_setup_teardown.py
[2024-03-19T10:43:10.880+0000] {processor.py:830} INFO - Processing file /home/airflow/.local/lib/python3.8/site-packages/airflow/example_dags/example_setup_teardown.py for tasks to queue
[2024-03-19T10:43:10.882+0000] {logging_mixin.py:188} INFO - [2024-03-19T10:43:10.882+0000] {dagbag.py:540} INFO - Filling up the DagBag from /home/airflow/.local/lib/python3.8/site-packages/airflow/example_dags/example_setup_teardown.py
[2024-03-19T10:43:10.887+0000] {processor.py:840} INFO - DAG(s) 'example_setup_teardown' retrieved from /home/airflow/.local/lib/python3.8/site-packages/airflow/example_dags/example_setup_teardown.py
[2024-03-19T10:43:10.903+0000] {logging_mixin.py:188} INFO - [2024-03-19T10:43:10.903+0000] {dag.py:3047} INFO - Sync 1 DAGs
[2024-03-19T10:43:10.918+0000] {logging_mixin.py:188} INFO - [2024-03-19T10:43:10.918+0000] {dag.py:3834} INFO - Setting next_dagrun for example_setup_teardown to 2024-03-18 00:00:00+00:00, run_after=2024-03-19 00:00:00+00:00
[2024-03-19T10:43:10.930+0000] {processor.py:183} INFO - Processing /home/airflow/.local/lib/python3.8/site-packages/airflow/example_dags/example_setup_teardown.py took 0.054 seconds
[2024-03-19T10:43:41.317+0000] {processor.py:161} INFO - Started process (PID=386) to work on /home/airflow/.local/lib/python3.8/site-packages/airflow/example_dags/example_setup_teardown.py
[2024-03-19T10:43:41.319+0000] {processor.py:830} INFO - Processing file /home/airflow/.local/lib/python3.8/site-packages/airflow/example_dags/example_setup_teardown.py for tasks to queue
[2024-03-19T10:43:41.320+0000] {logging_mixin.py:188} INFO - [2024-03-19T10:43:41.320+0000] {dagbag.py:540} INFO - Filling up the DagBag from /home/airflow/.local/lib/python3.8/site-packages/airflow/example_dags/example_setup_teardown.py
[2024-03-19T10:43:41.326+0000] {processor.py:840} INFO - DAG(s) 'example_setup_teardown' retrieved from /home/airflow/.local/lib/python3.8/site-packages/airflow/example_dags/example_setup_teardown.py
[2024-03-19T10:43:41.344+0000] {logging_mixin.py:188} INFO - [2024-03-19T10:43:41.344+0000] {dag.py:3047} INFO - Sync 1 DAGs
[2024-03-19T10:43:41.362+0000] {logging_mixin.py:188} INFO - [2024-03-19T10:43:41.362+0000] {dag.py:3834} INFO - Setting next_dagrun for example_setup_teardown to 2024-03-18 00:00:00+00:00, run_after=2024-03-19 00:00:00+00:00
[2024-03-19T10:43:41.378+0000] {processor.py:183} INFO - Processing /home/airflow/.local/lib/python3.8/site-packages/airflow/example_dags/example_setup_teardown.py took 0.064 seconds
[2024-03-19T10:44:11.716+0000] {processor.py:161} INFO - Started process (PID=442) to work on /home/airflow/.local/lib/python3.8/site-packages/airflow/example_dags/example_setup_teardown.py
[2024-03-19T10:44:11.717+0000] {processor.py:830} INFO - Processing file /home/airflow/.local/lib/python3.8/site-packages/airflow/example_dags/example_setup_teardown.py for tasks to queue
[2024-03-19T10:44:11.719+0000] {logging_mixin.py:188} INFO - [2024-03-19T10:44:11.719+0000] {dagbag.py:540} INFO - Filling up the DagBag from /home/airflow/.local/lib/python3.8/site-packages/airflow/example_dags/example_setup_teardown.py
[2024-03-19T10:44:11.724+0000] {processor.py:840} INFO - DAG(s) 'example_setup_teardown' retrieved from /home/airflow/.local/lib/python3.8/site-packages/airflow/example_dags/example_setup_teardown.py
[2024-03-19T10:44:11.739+0000] {logging_mixin.py:188} INFO - [2024-03-19T10:44:11.739+0000] {dag.py:3047} INFO - Sync 1 DAGs
[2024-03-19T10:44:11.754+0000] {logging_mixin.py:188} INFO - [2024-03-19T10:44:11.754+0000] {dag.py:3834} INFO - Setting next_dagrun for example_setup_teardown to 2024-03-18 00:00:00+00:00, run_after=2024-03-19 00:00:00+00:00
[2024-03-19T10:44:11.766+0000] {processor.py:183} INFO - Processing /home/airflow/.local/lib/python3.8/site-packages/airflow/example_dags/example_setup_teardown.py took 0.053 seconds
[2024-03-19T10:44:42.377+0000] {processor.py:161} INFO - Started process (PID=498) to work on /home/airflow/.local/lib/python3.8/site-packages/airflow/example_dags/example_setup_teardown.py
[2024-03-19T10:44:42.378+0000] {processor.py:830} INFO - Processing file /home/airflow/.local/lib/python3.8/site-packages/airflow/example_dags/example_setup_teardown.py for tasks to queue
[2024-03-19T10:44:42.381+0000] {logging_mixin.py:188} INFO - [2024-03-19T10:44:42.380+0000] {dagbag.py:540} INFO - Filling up the DagBag from /home/airflow/.local/lib/python3.8/site-packages/airflow/example_dags/example_setup_teardown.py
[2024-03-19T10:44:42.386+0000] {processor.py:840} INFO - DAG(s) 'example_setup_teardown' retrieved from /home/airflow/.local/lib/python3.8/site-packages/airflow/example_dags/example_setup_teardown.py
[2024-03-19T10:44:42.402+0000] {logging_mixin.py:188} INFO - [2024-03-19T10:44:42.402+0000] {dag.py:3047} INFO - Sync 1 DAGs
[2024-03-19T10:44:42.418+0000] {logging_mixin.py:188} INFO - [2024-03-19T10:44:42.418+0000] {dag.py:3834} INFO - Setting next_dagrun for example_setup_teardown to 2024-03-18 00:00:00+00:00, run_after=2024-03-19 00:00:00+00:00
[2024-03-19T10:44:42.431+0000] {processor.py:183} INFO - Processing /home/airflow/.local/lib/python3.8/site-packages/airflow/example_dags/example_setup_teardown.py took 0.057 seconds
[2024-03-19T10:45:13.077+0000] {processor.py:161} INFO - Started process (PID=554) to work on /home/airflow/.local/lib/python3.8/site-packages/airflow/example_dags/example_setup_teardown.py
[2024-03-19T10:45:13.078+0000] {processor.py:830} INFO - Processing file /home/airflow/.local/lib/python3.8/site-packages/airflow/example_dags/example_setup_teardown.py for tasks to queue
[2024-03-19T10:45:13.079+0000] {logging_mixin.py:188} INFO - [2024-03-19T10:45:13.079+0000] {dagbag.py:540} INFO - Filling up the DagBag from /home/airflow/.local/lib/python3.8/site-packages/airflow/example_dags/example_setup_teardown.py
[2024-03-19T10:45:13.084+0000] {processor.py:840} INFO - DAG(s) 'example_setup_teardown' retrieved from /home/airflow/.local/lib/python3.8/site-packages/airflow/example_dags/example_setup_teardown.py
[2024-03-19T10:45:13.100+0000] {logging_mixin.py:188} INFO - [2024-03-19T10:45:13.099+0000] {dag.py:3047} INFO - Sync 1 DAGs
[2024-03-19T10:45:13.117+0000] {logging_mixin.py:188} INFO - [2024-03-19T10:45:13.117+0000] {dag.py:3834} INFO - Setting next_dagrun for example_setup_teardown to 2024-03-18 00:00:00+00:00, run_after=2024-03-19 00:00:00+00:00
[2024-03-19T10:45:13.129+0000] {processor.py:183} INFO - Processing /home/airflow/.local/lib/python3.8/site-packages/airflow/example_dags/example_setup_teardown.py took 0.056 seconds
[2024-03-19T10:45:43.988+0000] {processor.py:161} INFO - Started process (PID=610) to work on /home/airflow/.local/lib/python3.8/site-packages/airflow/example_dags/example_setup_teardown.py
[2024-03-19T10:45:43.989+0000] {processor.py:830} INFO - Processing file /home/airflow/.local/lib/python3.8/site-packages/airflow/example_dags/example_setup_teardown.py for tasks to queue
[2024-03-19T10:45:43.990+0000] {logging_mixin.py:188} INFO - [2024-03-19T10:45:43.990+0000] {dagbag.py:540} INFO - Filling up the DagBag from /home/airflow/.local/lib/python3.8/site-packages/airflow/example_dags/example_setup_teardown.py
[2024-03-19T10:45:43.996+0000] {processor.py:840} INFO - DAG(s) 'example_setup_teardown' retrieved from /home/airflow/.local/lib/python3.8/site-packages/airflow/example_dags/example_setup_teardown.py
[2024-03-19T10:45:44.011+0000] {logging_mixin.py:188} INFO - [2024-03-19T10:45:44.010+0000] {dag.py:3047} INFO - Sync 1 DAGs
[2024-03-19T10:45:44.026+0000] {logging_mixin.py:188} INFO - [2024-03-19T10:45:44.025+0000] {dag.py:3834} INFO - Setting next_dagrun for example_setup_teardown to 2024-03-18 00:00:00+00:00, run_after=2024-03-19 00:00:00+00:00
[2024-03-19T10:45:44.038+0000] {processor.py:183} INFO - Processing /home/airflow/.local/lib/python3.8/site-packages/airflow/example_dags/example_setup_teardown.py took 0.054 seconds
[2024-03-19T10:46:15.070+0000] {processor.py:161} INFO - Started process (PID=666) to work on /home/airflow/.local/lib/python3.8/site-packages/airflow/example_dags/example_setup_teardown.py
[2024-03-19T10:46:15.072+0000] {processor.py:830} INFO - Processing file /home/airflow/.local/lib/python3.8/site-packages/airflow/example_dags/example_setup_teardown.py for tasks to queue
[2024-03-19T10:46:15.074+0000] {logging_mixin.py:188} INFO - [2024-03-19T10:46:15.074+0000] {dagbag.py:540} INFO - Filling up the DagBag from /home/airflow/.local/lib/python3.8/site-packages/airflow/example_dags/example_setup_teardown.py
[2024-03-19T10:46:15.083+0000] {processor.py:840} INFO - DAG(s) 'example_setup_teardown' retrieved from /home/airflow/.local/lib/python3.8/site-packages/airflow/example_dags/example_setup_teardown.py
[2024-03-19T10:46:15.114+0000] {logging_mixin.py:188} INFO - [2024-03-19T10:46:15.114+0000] {dag.py:3047} INFO - Sync 1 DAGs
[2024-03-19T10:46:15.141+0000] {logging_mixin.py:188} INFO - [2024-03-19T10:46:15.141+0000] {dag.py:3834} INFO - Setting next_dagrun for example_setup_teardown to 2024-03-18 00:00:00+00:00, run_after=2024-03-19 00:00:00+00:00
[2024-03-19T10:46:15.157+0000] {processor.py:183} INFO - Processing /home/airflow/.local/lib/python3.8/site-packages/airflow/example_dags/example_setup_teardown.py took 0.092 seconds
[2024-03-19T10:46:45.357+0000] {processor.py:161} INFO - Started process (PID=722) to work on /home/airflow/.local/lib/python3.8/site-packages/airflow/example_dags/example_setup_teardown.py
[2024-03-19T10:46:45.359+0000] {processor.py:830} INFO - Processing file /home/airflow/.local/lib/python3.8/site-packages/airflow/example_dags/example_setup_teardown.py for tasks to queue
[2024-03-19T10:46:45.361+0000] {logging_mixin.py:188} INFO - [2024-03-19T10:46:45.361+0000] {dagbag.py:540} INFO - Filling up the DagBag from /home/airflow/.local/lib/python3.8/site-packages/airflow/example_dags/example_setup_teardown.py
[2024-03-19T10:46:45.368+0000] {processor.py:840} INFO - DAG(s) 'example_setup_teardown' retrieved from /home/airflow/.local/lib/python3.8/site-packages/airflow/example_dags/example_setup_teardown.py
[2024-03-19T10:46:45.386+0000] {logging_mixin.py:188} INFO - [2024-03-19T10:46:45.386+0000] {dag.py:3047} INFO - Sync 1 DAGs
[2024-03-19T10:46:45.404+0000] {logging_mixin.py:188} INFO - [2024-03-19T10:46:45.404+0000] {dag.py:3834} INFO - Setting next_dagrun for example_setup_teardown to 2024-03-18 00:00:00+00:00, run_after=2024-03-19 00:00:00+00:00
[2024-03-19T10:46:45.418+0000] {processor.py:183} INFO - Processing /home/airflow/.local/lib/python3.8/site-packages/airflow/example_dags/example_setup_teardown.py took 0.064 seconds
[2024-03-19T10:47:15.661+0000] {processor.py:161} INFO - Started process (PID=778) to work on /home/airflow/.local/lib/python3.8/site-packages/airflow/example_dags/example_setup_teardown.py
[2024-03-19T10:47:15.662+0000] {processor.py:830} INFO - Processing file /home/airflow/.local/lib/python3.8/site-packages/airflow/example_dags/example_setup_teardown.py for tasks to queue
[2024-03-19T10:47:15.663+0000] {logging_mixin.py:188} INFO - [2024-03-19T10:47:15.663+0000] {dagbag.py:540} INFO - Filling up the DagBag from /home/airflow/.local/lib/python3.8/site-packages/airflow/example_dags/example_setup_teardown.py
[2024-03-19T10:47:15.669+0000] {processor.py:840} INFO - DAG(s) 'example_setup_teardown' retrieved from /home/airflow/.local/lib/python3.8/site-packages/airflow/example_dags/example_setup_teardown.py
[2024-03-19T10:47:15.684+0000] {logging_mixin.py:188} INFO - [2024-03-19T10:47:15.684+0000] {dag.py:3047} INFO - Sync 1 DAGs
[2024-03-19T10:47:15.699+0000] {logging_mixin.py:188} INFO - [2024-03-19T10:47:15.698+0000] {dag.py:3834} INFO - Setting next_dagrun for example_setup_teardown to 2024-03-18 00:00:00+00:00, run_after=2024-03-19 00:00:00+00:00
[2024-03-19T10:47:15.710+0000] {processor.py:183} INFO - Processing /home/airflow/.local/lib/python3.8/site-packages/airflow/example_dags/example_setup_teardown.py took 0.052 seconds
[2024-03-19T10:47:46.017+0000] {processor.py:161} INFO - Started process (PID=834) to work on /home/airflow/.local/lib/python3.8/site-packages/airflow/example_dags/example_setup_teardown.py
[2024-03-19T10:47:46.018+0000] {processor.py:830} INFO - Processing file /home/airflow/.local/lib/python3.8/site-packages/airflow/example_dags/example_setup_teardown.py for tasks to queue
[2024-03-19T10:47:46.019+0000] {logging_mixin.py:188} INFO - [2024-03-19T10:47:46.019+0000] {dagbag.py:540} INFO - Filling up the DagBag from /home/airflow/.local/lib/python3.8/site-packages/airflow/example_dags/example_setup_teardown.py
[2024-03-19T10:47:46.024+0000] {processor.py:840} INFO - DAG(s) 'example_setup_teardown' retrieved from /home/airflow/.local/lib/python3.8/site-packages/airflow/example_dags/example_setup_teardown.py
[2024-03-19T10:47:46.040+0000] {logging_mixin.py:188} INFO - [2024-03-19T10:47:46.039+0000] {dag.py:3047} INFO - Sync 1 DAGs
[2024-03-19T10:47:46.054+0000] {logging_mixin.py:188} INFO - [2024-03-19T10:47:46.054+0000] {dag.py:3834} INFO - Setting next_dagrun for example_setup_teardown to 2024-03-18 00:00:00+00:00, run_after=2024-03-19 00:00:00+00:00
[2024-03-19T10:47:46.066+0000] {processor.py:183} INFO - Processing /home/airflow/.local/lib/python3.8/site-packages/airflow/example_dags/example_setup_teardown.py took 0.052 seconds
[2024-03-19T10:48:16.242+0000] {processor.py:161} INFO - Started process (PID=890) to work on /home/airflow/.local/lib/python3.8/site-packages/airflow/example_dags/example_setup_teardown.py
[2024-03-19T10:48:16.243+0000] {processor.py:830} INFO - Processing file /home/airflow/.local/lib/python3.8/site-packages/airflow/example_dags/example_setup_teardown.py for tasks to queue
[2024-03-19T10:48:16.245+0000] {logging_mixin.py:188} INFO - [2024-03-19T10:48:16.244+0000] {dagbag.py:540} INFO - Filling up the DagBag from /home/airflow/.local/lib/python3.8/site-packages/airflow/example_dags/example_setup_teardown.py
[2024-03-19T10:48:16.250+0000] {processor.py:840} INFO - DAG(s) 'example_setup_teardown' retrieved from /home/airflow/.local/lib/python3.8/site-packages/airflow/example_dags/example_setup_teardown.py
[2024-03-19T10:48:16.265+0000] {logging_mixin.py:188} INFO - [2024-03-19T10:48:16.265+0000] {dag.py:3047} INFO - Sync 1 DAGs
[2024-03-19T10:48:16.280+0000] {logging_mixin.py:188} INFO - [2024-03-19T10:48:16.279+0000] {dag.py:3834} INFO - Setting next_dagrun for example_setup_teardown to 2024-03-18 00:00:00+00:00, run_after=2024-03-19 00:00:00+00:00
[2024-03-19T10:48:16.292+0000] {processor.py:183} INFO - Processing /home/airflow/.local/lib/python3.8/site-packages/airflow/example_dags/example_setup_teardown.py took 0.053 seconds
[2024-03-19T10:48:46.473+0000] {processor.py:161} INFO - Started process (PID=946) to work on /home/airflow/.local/lib/python3.8/site-packages/airflow/example_dags/example_setup_teardown.py
[2024-03-19T10:48:46.474+0000] {processor.py:830} INFO - Processing file /home/airflow/.local/lib/python3.8/site-packages/airflow/example_dags/example_setup_teardown.py for tasks to queue
[2024-03-19T10:48:46.476+0000] {logging_mixin.py:188} INFO - [2024-03-19T10:48:46.475+0000] {dagbag.py:540} INFO - Filling up the DagBag from /home/airflow/.local/lib/python3.8/site-packages/airflow/example_dags/example_setup_teardown.py
[2024-03-19T10:48:46.481+0000] {processor.py:840} INFO - DAG(s) 'example_setup_teardown' retrieved from /home/airflow/.local/lib/python3.8/site-packages/airflow/example_dags/example_setup_teardown.py
[2024-03-19T10:48:46.497+0000] {logging_mixin.py:188} INFO - [2024-03-19T10:48:46.497+0000] {dag.py:3047} INFO - Sync 1 DAGs
[2024-03-19T10:48:46.513+0000] {logging_mixin.py:188} INFO - [2024-03-19T10:48:46.513+0000] {dag.py:3834} INFO - Setting next_dagrun for example_setup_teardown to 2024-03-18 00:00:00+00:00, run_after=2024-03-19 00:00:00+00:00
[2024-03-19T10:48:46.525+0000] {processor.py:183} INFO - Processing /home/airflow/.local/lib/python3.8/site-packages/airflow/example_dags/example_setup_teardown.py took 0.055 seconds
[2024-03-19T10:49:17.954+0000] {processor.py:161} INFO - Started process (PID=1002) to work on /home/airflow/.local/lib/python3.8/site-packages/airflow/example_dags/example_setup_teardown.py
[2024-03-19T10:49:17.957+0000] {processor.py:830} INFO - Processing file /home/airflow/.local/lib/python3.8/site-packages/airflow/example_dags/example_setup_teardown.py for tasks to queue
[2024-03-19T10:49:17.961+0000] {logging_mixin.py:188} INFO - [2024-03-19T10:49:17.961+0000] {dagbag.py:540} INFO - Filling up the DagBag from /home/airflow/.local/lib/python3.8/site-packages/airflow/example_dags/example_setup_teardown.py
[2024-03-19T10:49:17.973+0000] {processor.py:840} INFO - DAG(s) 'example_setup_teardown' retrieved from /home/airflow/.local/lib/python3.8/site-packages/airflow/example_dags/example_setup_teardown.py
[2024-03-19T10:49:18.003+0000] {logging_mixin.py:188} INFO - [2024-03-19T10:49:18.003+0000] {dag.py:3047} INFO - Sync 1 DAGs
[2024-03-19T10:49:18.033+0000] {logging_mixin.py:188} INFO - [2024-03-19T10:49:18.033+0000] {dag.py:3834} INFO - Setting next_dagrun for example_setup_teardown to 2024-03-18 00:00:00+00:00, run_after=2024-03-19 00:00:00+00:00
[2024-03-19T10:49:18.053+0000] {processor.py:183} INFO - Processing /home/airflow/.local/lib/python3.8/site-packages/airflow/example_dags/example_setup_teardown.py took 0.109 seconds
