[2024-03-19T10:40:37.511+0000] {processor.py:161} INFO - Started process (PID=45) to work on /home/airflow/.local/lib/python3.8/site-packages/airflow/example_dags/example_branch_python_dop_operator_3.py
[2024-03-19T10:40:37.512+0000] {processor.py:830} INFO - Processing file /home/airflow/.local/lib/python3.8/site-packages/airflow/example_dags/example_branch_python_dop_operator_3.py for tasks to queue
[2024-03-19T10:40:37.515+0000] {logging_mixin.py:188} INFO - [2024-03-19T10:40:37.514+0000] {dagbag.py:540} INFO - Filling up the DagBag from /home/airflow/.local/lib/python3.8/site-packages/airflow/example_dags/example_branch_python_dop_operator_3.py
[2024-03-19T10:40:37.533+0000] {processor.py:840} INFO - DAG(s) 'example_branch_dop_operator_v3' retrieved from /home/airflow/.local/lib/python3.8/site-packages/airflow/example_dags/example_branch_python_dop_operator_3.py
[2024-03-19T10:40:37.550+0000] {logging_mixin.py:188} INFO - [2024-03-19T10:40:37.549+0000] {dag.py:3047} INFO - Sync 1 DAGs
[2024-03-19T10:40:37.578+0000] {logging_mixin.py:188} INFO - [2024-03-19T10:40:37.578+0000] {dag.py:3834} INFO - Setting next_dagrun for example_branch_dop_operator_v3 to 2024-03-19 10:39:00+00:00, run_after=2024-03-19 10:40:00+00:00
[2024-03-19T10:40:37.601+0000] {processor.py:183} INFO - Processing /home/airflow/.local/lib/python3.8/site-packages/airflow/example_dags/example_branch_python_dop_operator_3.py took 0.095 seconds
[2024-03-19T10:41:07.928+0000] {processor.py:161} INFO - Started process (PID=101) to work on /home/airflow/.local/lib/python3.8/site-packages/airflow/example_dags/example_branch_python_dop_operator_3.py
[2024-03-19T10:41:07.929+0000] {processor.py:830} INFO - Processing file /home/airflow/.local/lib/python3.8/site-packages/airflow/example_dags/example_branch_python_dop_operator_3.py for tasks to queue
[2024-03-19T10:41:07.932+0000] {logging_mixin.py:188} INFO - [2024-03-19T10:41:07.932+0000] {dagbag.py:540} INFO - Filling up the DagBag from /home/airflow/.local/lib/python3.8/site-packages/airflow/example_dags/example_branch_python_dop_operator_3.py
[2024-03-19T10:41:07.945+0000] {processor.py:840} INFO - DAG(s) 'example_branch_dop_operator_v3' retrieved from /home/airflow/.local/lib/python3.8/site-packages/airflow/example_dags/example_branch_python_dop_operator_3.py
[2024-03-19T10:41:08.019+0000] {logging_mixin.py:188} INFO - [2024-03-19T10:41:08.019+0000] {dag.py:3047} INFO - Sync 1 DAGs
[2024-03-19T10:41:08.036+0000] {logging_mixin.py:188} INFO - [2024-03-19T10:41:08.036+0000] {dag.py:3834} INFO - Setting next_dagrun for example_branch_dop_operator_v3 to 2024-03-19 10:40:00+00:00, run_after=2024-03-19 10:41:00+00:00
[2024-03-19T10:41:08.049+0000] {processor.py:183} INFO - Processing /home/airflow/.local/lib/python3.8/site-packages/airflow/example_dags/example_branch_python_dop_operator_3.py took 0.124 seconds
[2024-03-19T10:41:38.374+0000] {processor.py:161} INFO - Started process (PID=157) to work on /home/airflow/.local/lib/python3.8/site-packages/airflow/example_dags/example_branch_python_dop_operator_3.py
[2024-03-19T10:41:38.375+0000] {processor.py:830} INFO - Processing file /home/airflow/.local/lib/python3.8/site-packages/airflow/example_dags/example_branch_python_dop_operator_3.py for tasks to queue
[2024-03-19T10:41:38.377+0000] {logging_mixin.py:188} INFO - [2024-03-19T10:41:38.377+0000] {dagbag.py:540} INFO - Filling up the DagBag from /home/airflow/.local/lib/python3.8/site-packages/airflow/example_dags/example_branch_python_dop_operator_3.py
[2024-03-19T10:41:38.384+0000] {processor.py:840} INFO - DAG(s) 'example_branch_dop_operator_v3' retrieved from /home/airflow/.local/lib/python3.8/site-packages/airflow/example_dags/example_branch_python_dop_operator_3.py
[2024-03-19T10:41:38.399+0000] {logging_mixin.py:188} INFO - [2024-03-19T10:41:38.399+0000] {dag.py:3047} INFO - Sync 1 DAGs
[2024-03-19T10:41:38.417+0000] {logging_mixin.py:188} INFO - [2024-03-19T10:41:38.417+0000] {dag.py:3834} INFO - Setting next_dagrun for example_branch_dop_operator_v3 to 2024-03-19 10:40:00+00:00, run_after=2024-03-19 10:41:00+00:00
[2024-03-19T10:41:38.428+0000] {processor.py:183} INFO - Processing /home/airflow/.local/lib/python3.8/site-packages/airflow/example_dags/example_branch_python_dop_operator_3.py took 0.057 seconds
[2024-03-19T10:42:09.351+0000] {processor.py:161} INFO - Started process (PID=213) to work on /home/airflow/.local/lib/python3.8/site-packages/airflow/example_dags/example_branch_python_dop_operator_3.py
[2024-03-19T10:42:09.352+0000] {processor.py:830} INFO - Processing file /home/airflow/.local/lib/python3.8/site-packages/airflow/example_dags/example_branch_python_dop_operator_3.py for tasks to queue
[2024-03-19T10:42:09.354+0000] {logging_mixin.py:188} INFO - [2024-03-19T10:42:09.353+0000] {dagbag.py:540} INFO - Filling up the DagBag from /home/airflow/.local/lib/python3.8/site-packages/airflow/example_dags/example_branch_python_dop_operator_3.py
[2024-03-19T10:42:09.362+0000] {processor.py:840} INFO - DAG(s) 'example_branch_dop_operator_v3' retrieved from /home/airflow/.local/lib/python3.8/site-packages/airflow/example_dags/example_branch_python_dop_operator_3.py
[2024-03-19T10:42:09.379+0000] {logging_mixin.py:188} INFO - [2024-03-19T10:42:09.379+0000] {dag.py:3047} INFO - Sync 1 DAGs
[2024-03-19T10:42:09.403+0000] {logging_mixin.py:188} INFO - [2024-03-19T10:42:09.403+0000] {dag.py:3834} INFO - Setting next_dagrun for example_branch_dop_operator_v3 to 2024-03-19 10:41:00+00:00, run_after=2024-03-19 10:42:00+00:00
[2024-03-19T10:42:09.419+0000] {processor.py:183} INFO - Processing /home/airflow/.local/lib/python3.8/site-packages/airflow/example_dags/example_branch_python_dop_operator_3.py took 0.072 seconds
[2024-03-19T10:42:40.188+0000] {processor.py:161} INFO - Started process (PID=269) to work on /home/airflow/.local/lib/python3.8/site-packages/airflow/example_dags/example_branch_python_dop_operator_3.py
[2024-03-19T10:42:40.190+0000] {processor.py:830} INFO - Processing file /home/airflow/.local/lib/python3.8/site-packages/airflow/example_dags/example_branch_python_dop_operator_3.py for tasks to queue
[2024-03-19T10:42:40.191+0000] {logging_mixin.py:188} INFO - [2024-03-19T10:42:40.191+0000] {dagbag.py:540} INFO - Filling up the DagBag from /home/airflow/.local/lib/python3.8/site-packages/airflow/example_dags/example_branch_python_dop_operator_3.py
[2024-03-19T10:42:40.198+0000] {processor.py:840} INFO - DAG(s) 'example_branch_dop_operator_v3' retrieved from /home/airflow/.local/lib/python3.8/site-packages/airflow/example_dags/example_branch_python_dop_operator_3.py
[2024-03-19T10:42:40.214+0000] {logging_mixin.py:188} INFO - [2024-03-19T10:42:40.214+0000] {dag.py:3047} INFO - Sync 1 DAGs
[2024-03-19T10:42:40.232+0000] {logging_mixin.py:188} INFO - [2024-03-19T10:42:40.232+0000] {dag.py:3834} INFO - Setting next_dagrun for example_branch_dop_operator_v3 to 2024-03-19 10:41:00+00:00, run_after=2024-03-19 10:42:00+00:00
[2024-03-19T10:42:40.243+0000] {processor.py:183} INFO - Processing /home/airflow/.local/lib/python3.8/site-packages/airflow/example_dags/example_branch_python_dop_operator_3.py took 0.057 seconds
[2024-03-19T10:43:10.609+0000] {processor.py:161} INFO - Started process (PID=325) to work on /home/airflow/.local/lib/python3.8/site-packages/airflow/example_dags/example_branch_python_dop_operator_3.py
[2024-03-19T10:43:10.610+0000] {processor.py:830} INFO - Processing file /home/airflow/.local/lib/python3.8/site-packages/airflow/example_dags/example_branch_python_dop_operator_3.py for tasks to queue
[2024-03-19T10:43:10.611+0000] {logging_mixin.py:188} INFO - [2024-03-19T10:43:10.611+0000] {dagbag.py:540} INFO - Filling up the DagBag from /home/airflow/.local/lib/python3.8/site-packages/airflow/example_dags/example_branch_python_dop_operator_3.py
[2024-03-19T10:43:10.618+0000] {processor.py:840} INFO - DAG(s) 'example_branch_dop_operator_v3' retrieved from /home/airflow/.local/lib/python3.8/site-packages/airflow/example_dags/example_branch_python_dop_operator_3.py
[2024-03-19T10:43:10.634+0000] {logging_mixin.py:188} INFO - [2024-03-19T10:43:10.633+0000] {dag.py:3047} INFO - Sync 1 DAGs
[2024-03-19T10:43:10.651+0000] {logging_mixin.py:188} INFO - [2024-03-19T10:43:10.651+0000] {dag.py:3834} INFO - Setting next_dagrun for example_branch_dop_operator_v3 to 2024-03-19 10:42:00+00:00, run_after=2024-03-19 10:43:00+00:00
[2024-03-19T10:43:10.663+0000] {processor.py:183} INFO - Processing /home/airflow/.local/lib/python3.8/site-packages/airflow/example_dags/example_branch_python_dop_operator_3.py took 0.057 seconds
[2024-03-19T10:43:41.130+0000] {processor.py:161} INFO - Started process (PID=381) to work on /home/airflow/.local/lib/python3.8/site-packages/airflow/example_dags/example_branch_python_dop_operator_3.py
[2024-03-19T10:43:41.131+0000] {processor.py:830} INFO - Processing file /home/airflow/.local/lib/python3.8/site-packages/airflow/example_dags/example_branch_python_dop_operator_3.py for tasks to queue
[2024-03-19T10:43:41.132+0000] {logging_mixin.py:188} INFO - [2024-03-19T10:43:41.132+0000] {dagbag.py:540} INFO - Filling up the DagBag from /home/airflow/.local/lib/python3.8/site-packages/airflow/example_dags/example_branch_python_dop_operator_3.py
[2024-03-19T10:43:41.139+0000] {processor.py:840} INFO - DAG(s) 'example_branch_dop_operator_v3' retrieved from /home/airflow/.local/lib/python3.8/site-packages/airflow/example_dags/example_branch_python_dop_operator_3.py
[2024-03-19T10:43:41.154+0000] {logging_mixin.py:188} INFO - [2024-03-19T10:43:41.154+0000] {dag.py:3047} INFO - Sync 1 DAGs
[2024-03-19T10:43:41.172+0000] {logging_mixin.py:188} INFO - [2024-03-19T10:43:41.172+0000] {dag.py:3834} INFO - Setting next_dagrun for example_branch_dop_operator_v3 to 2024-03-19 10:42:00+00:00, run_after=2024-03-19 10:43:00+00:00
[2024-03-19T10:43:41.184+0000] {processor.py:183} INFO - Processing /home/airflow/.local/lib/python3.8/site-packages/airflow/example_dags/example_branch_python_dop_operator_3.py took 0.058 seconds
[2024-03-19T10:44:11.548+0000] {processor.py:161} INFO - Started process (PID=437) to work on /home/airflow/.local/lib/python3.8/site-packages/airflow/example_dags/example_branch_python_dop_operator_3.py
[2024-03-19T10:44:11.549+0000] {processor.py:830} INFO - Processing file /home/airflow/.local/lib/python3.8/site-packages/airflow/example_dags/example_branch_python_dop_operator_3.py for tasks to queue
[2024-03-19T10:44:11.550+0000] {logging_mixin.py:188} INFO - [2024-03-19T10:44:11.550+0000] {dagbag.py:540} INFO - Filling up the DagBag from /home/airflow/.local/lib/python3.8/site-packages/airflow/example_dags/example_branch_python_dop_operator_3.py
[2024-03-19T10:44:11.558+0000] {processor.py:840} INFO - DAG(s) 'example_branch_dop_operator_v3' retrieved from /home/airflow/.local/lib/python3.8/site-packages/airflow/example_dags/example_branch_python_dop_operator_3.py
[2024-03-19T10:44:11.573+0000] {logging_mixin.py:188} INFO - [2024-03-19T10:44:11.573+0000] {dag.py:3047} INFO - Sync 1 DAGs
[2024-03-19T10:44:11.591+0000] {logging_mixin.py:188} INFO - [2024-03-19T10:44:11.591+0000] {dag.py:3834} INFO - Setting next_dagrun for example_branch_dop_operator_v3 to 2024-03-19 10:43:00+00:00, run_after=2024-03-19 10:44:00+00:00
[2024-03-19T10:44:11.602+0000] {processor.py:183} INFO - Processing /home/airflow/.local/lib/python3.8/site-packages/airflow/example_dags/example_branch_python_dop_operator_3.py took 0.057 seconds
[2024-03-19T10:44:42.112+0000] {processor.py:161} INFO - Started process (PID=493) to work on /home/airflow/.local/lib/python3.8/site-packages/airflow/example_dags/example_branch_python_dop_operator_3.py
[2024-03-19T10:44:42.113+0000] {processor.py:830} INFO - Processing file /home/airflow/.local/lib/python3.8/site-packages/airflow/example_dags/example_branch_python_dop_operator_3.py for tasks to queue
[2024-03-19T10:44:42.114+0000] {logging_mixin.py:188} INFO - [2024-03-19T10:44:42.114+0000] {dagbag.py:540} INFO - Filling up the DagBag from /home/airflow/.local/lib/python3.8/site-packages/airflow/example_dags/example_branch_python_dop_operator_3.py
[2024-03-19T10:44:42.122+0000] {processor.py:840} INFO - DAG(s) 'example_branch_dop_operator_v3' retrieved from /home/airflow/.local/lib/python3.8/site-packages/airflow/example_dags/example_branch_python_dop_operator_3.py
[2024-03-19T10:44:42.138+0000] {logging_mixin.py:188} INFO - [2024-03-19T10:44:42.138+0000] {dag.py:3047} INFO - Sync 1 DAGs
[2024-03-19T10:44:42.214+0000] {logging_mixin.py:188} INFO - [2024-03-19T10:44:42.212+0000] {dag.py:3834} INFO - Setting next_dagrun for example_branch_dop_operator_v3 to 2024-03-19 10:43:00+00:00, run_after=2024-03-19 10:44:00+00:00
[2024-03-19T10:44:42.248+0000] {processor.py:183} INFO - Processing /home/airflow/.local/lib/python3.8/site-packages/airflow/example_dags/example_branch_python_dop_operator_3.py took 0.140 seconds
[2024-03-19T10:45:12.851+0000] {processor.py:161} INFO - Started process (PID=549) to work on /home/airflow/.local/lib/python3.8/site-packages/airflow/example_dags/example_branch_python_dop_operator_3.py
[2024-03-19T10:45:12.852+0000] {processor.py:830} INFO - Processing file /home/airflow/.local/lib/python3.8/site-packages/airflow/example_dags/example_branch_python_dop_operator_3.py for tasks to queue
[2024-03-19T10:45:12.854+0000] {logging_mixin.py:188} INFO - [2024-03-19T10:45:12.854+0000] {dagbag.py:540} INFO - Filling up the DagBag from /home/airflow/.local/lib/python3.8/site-packages/airflow/example_dags/example_branch_python_dop_operator_3.py
[2024-03-19T10:45:12.861+0000] {processor.py:840} INFO - DAG(s) 'example_branch_dop_operator_v3' retrieved from /home/airflow/.local/lib/python3.8/site-packages/airflow/example_dags/example_branch_python_dop_operator_3.py
[2024-03-19T10:45:12.879+0000] {logging_mixin.py:188} INFO - [2024-03-19T10:45:12.879+0000] {dag.py:3047} INFO - Sync 1 DAGs
[2024-03-19T10:45:12.898+0000] {logging_mixin.py:188} INFO - [2024-03-19T10:45:12.898+0000] {dag.py:3834} INFO - Setting next_dagrun for example_branch_dop_operator_v3 to 2024-03-19 10:44:00+00:00, run_after=2024-03-19 10:45:00+00:00
[2024-03-19T10:45:12.910+0000] {processor.py:183} INFO - Processing /home/airflow/.local/lib/python3.8/site-packages/airflow/example_dags/example_branch_python_dop_operator_3.py took 0.062 seconds
[2024-03-19T10:45:43.808+0000] {processor.py:161} INFO - Started process (PID=605) to work on /home/airflow/.local/lib/python3.8/site-packages/airflow/example_dags/example_branch_python_dop_operator_3.py
[2024-03-19T10:45:43.809+0000] {processor.py:830} INFO - Processing file /home/airflow/.local/lib/python3.8/site-packages/airflow/example_dags/example_branch_python_dop_operator_3.py for tasks to queue
[2024-03-19T10:45:43.811+0000] {logging_mixin.py:188} INFO - [2024-03-19T10:45:43.811+0000] {dagbag.py:540} INFO - Filling up the DagBag from /home/airflow/.local/lib/python3.8/site-packages/airflow/example_dags/example_branch_python_dop_operator_3.py
[2024-03-19T10:45:43.819+0000] {processor.py:840} INFO - DAG(s) 'example_branch_dop_operator_v3' retrieved from /home/airflow/.local/lib/python3.8/site-packages/airflow/example_dags/example_branch_python_dop_operator_3.py
[2024-03-19T10:45:43.834+0000] {logging_mixin.py:188} INFO - [2024-03-19T10:45:43.833+0000] {dag.py:3047} INFO - Sync 1 DAGs
[2024-03-19T10:45:43.852+0000] {logging_mixin.py:188} INFO - [2024-03-19T10:45:43.852+0000] {dag.py:3834} INFO - Setting next_dagrun for example_branch_dop_operator_v3 to 2024-03-19 10:44:00+00:00, run_after=2024-03-19 10:45:00+00:00
[2024-03-19T10:45:43.864+0000] {processor.py:183} INFO - Processing /home/airflow/.local/lib/python3.8/site-packages/airflow/example_dags/example_branch_python_dop_operator_3.py took 0.059 seconds
[2024-03-19T10:46:14.644+0000] {processor.py:161} INFO - Started process (PID=661) to work on /home/airflow/.local/lib/python3.8/site-packages/airflow/example_dags/example_branch_python_dop_operator_3.py
[2024-03-19T10:46:14.646+0000] {processor.py:830} INFO - Processing file /home/airflow/.local/lib/python3.8/site-packages/airflow/example_dags/example_branch_python_dop_operator_3.py for tasks to queue
[2024-03-19T10:46:14.649+0000] {logging_mixin.py:188} INFO - [2024-03-19T10:46:14.648+0000] {dagbag.py:540} INFO - Filling up the DagBag from /home/airflow/.local/lib/python3.8/site-packages/airflow/example_dags/example_branch_python_dop_operator_3.py
[2024-03-19T10:46:14.664+0000] {processor.py:840} INFO - DAG(s) 'example_branch_dop_operator_v3' retrieved from /home/airflow/.local/lib/python3.8/site-packages/airflow/example_dags/example_branch_python_dop_operator_3.py
[2024-03-19T10:46:14.691+0000] {logging_mixin.py:188} INFO - [2024-03-19T10:46:14.691+0000] {dag.py:3047} INFO - Sync 1 DAGs
[2024-03-19T10:46:14.729+0000] {logging_mixin.py:188} INFO - [2024-03-19T10:46:14.729+0000] {dag.py:3834} INFO - Setting next_dagrun for example_branch_dop_operator_v3 to 2024-03-19 10:45:00+00:00, run_after=2024-03-19 10:46:00+00:00
[2024-03-19T10:46:14.758+0000] {processor.py:183} INFO - Processing /home/airflow/.local/lib/python3.8/site-packages/airflow/example_dags/example_branch_python_dop_operator_3.py took 0.118 seconds
[2024-03-19T10:46:45.173+0000] {processor.py:161} INFO - Started process (PID=717) to work on /home/airflow/.local/lib/python3.8/site-packages/airflow/example_dags/example_branch_python_dop_operator_3.py
[2024-03-19T10:46:45.174+0000] {processor.py:830} INFO - Processing file /home/airflow/.local/lib/python3.8/site-packages/airflow/example_dags/example_branch_python_dop_operator_3.py for tasks to queue
[2024-03-19T10:46:45.175+0000] {logging_mixin.py:188} INFO - [2024-03-19T10:46:45.175+0000] {dagbag.py:540} INFO - Filling up the DagBag from /home/airflow/.local/lib/python3.8/site-packages/airflow/example_dags/example_branch_python_dop_operator_3.py
[2024-03-19T10:46:45.182+0000] {processor.py:840} INFO - DAG(s) 'example_branch_dop_operator_v3' retrieved from /home/airflow/.local/lib/python3.8/site-packages/airflow/example_dags/example_branch_python_dop_operator_3.py
[2024-03-19T10:46:45.197+0000] {logging_mixin.py:188} INFO - [2024-03-19T10:46:45.197+0000] {dag.py:3047} INFO - Sync 1 DAGs
[2024-03-19T10:46:45.216+0000] {logging_mixin.py:188} INFO - [2024-03-19T10:46:45.216+0000] {dag.py:3834} INFO - Setting next_dagrun for example_branch_dop_operator_v3 to 2024-03-19 10:45:00+00:00, run_after=2024-03-19 10:46:00+00:00
[2024-03-19T10:46:45.227+0000] {processor.py:183} INFO - Processing /home/airflow/.local/lib/python3.8/site-packages/airflow/example_dags/example_branch_python_dop_operator_3.py took 0.058 seconds
[2024-03-19T10:47:15.439+0000] {processor.py:161} INFO - Started process (PID=773) to work on /home/airflow/.local/lib/python3.8/site-packages/airflow/example_dags/example_branch_python_dop_operator_3.py
[2024-03-19T10:47:15.440+0000] {processor.py:830} INFO - Processing file /home/airflow/.local/lib/python3.8/site-packages/airflow/example_dags/example_branch_python_dop_operator_3.py for tasks to queue
[2024-03-19T10:47:15.442+0000] {logging_mixin.py:188} INFO - [2024-03-19T10:47:15.441+0000] {dagbag.py:540} INFO - Filling up the DagBag from /home/airflow/.local/lib/python3.8/site-packages/airflow/example_dags/example_branch_python_dop_operator_3.py
[2024-03-19T10:47:15.449+0000] {processor.py:840} INFO - DAG(s) 'example_branch_dop_operator_v3' retrieved from /home/airflow/.local/lib/python3.8/site-packages/airflow/example_dags/example_branch_python_dop_operator_3.py
[2024-03-19T10:47:15.465+0000] {logging_mixin.py:188} INFO - [2024-03-19T10:47:15.465+0000] {dag.py:3047} INFO - Sync 1 DAGs
[2024-03-19T10:47:15.482+0000] {logging_mixin.py:188} INFO - [2024-03-19T10:47:15.482+0000] {dag.py:3834} INFO - Setting next_dagrun for example_branch_dop_operator_v3 to 2024-03-19 10:46:00+00:00, run_after=2024-03-19 10:47:00+00:00
[2024-03-19T10:47:15.495+0000] {processor.py:183} INFO - Processing /home/airflow/.local/lib/python3.8/site-packages/airflow/example_dags/example_branch_python_dop_operator_3.py took 0.059 seconds
[2024-03-19T10:47:45.799+0000] {processor.py:161} INFO - Started process (PID=829) to work on /home/airflow/.local/lib/python3.8/site-packages/airflow/example_dags/example_branch_python_dop_operator_3.py
[2024-03-19T10:47:45.800+0000] {processor.py:830} INFO - Processing file /home/airflow/.local/lib/python3.8/site-packages/airflow/example_dags/example_branch_python_dop_operator_3.py for tasks to queue
[2024-03-19T10:47:45.801+0000] {logging_mixin.py:188} INFO - [2024-03-19T10:47:45.801+0000] {dagbag.py:540} INFO - Filling up the DagBag from /home/airflow/.local/lib/python3.8/site-packages/airflow/example_dags/example_branch_python_dop_operator_3.py
[2024-03-19T10:47:45.809+0000] {processor.py:840} INFO - DAG(s) 'example_branch_dop_operator_v3' retrieved from /home/airflow/.local/lib/python3.8/site-packages/airflow/example_dags/example_branch_python_dop_operator_3.py
[2024-03-19T10:47:45.824+0000] {logging_mixin.py:188} INFO - [2024-03-19T10:47:45.823+0000] {dag.py:3047} INFO - Sync 1 DAGs
[2024-03-19T10:47:45.842+0000] {logging_mixin.py:188} INFO - [2024-03-19T10:47:45.842+0000] {dag.py:3834} INFO - Setting next_dagrun for example_branch_dop_operator_v3 to 2024-03-19 10:46:00+00:00, run_after=2024-03-19 10:47:00+00:00
[2024-03-19T10:47:45.857+0000] {processor.py:183} INFO - Processing /home/airflow/.local/lib/python3.8/site-packages/airflow/example_dags/example_branch_python_dop_operator_3.py took 0.061 seconds
[2024-03-19T10:48:16.076+0000] {processor.py:161} INFO - Started process (PID=885) to work on /home/airflow/.local/lib/python3.8/site-packages/airflow/example_dags/example_branch_python_dop_operator_3.py
[2024-03-19T10:48:16.077+0000] {processor.py:830} INFO - Processing file /home/airflow/.local/lib/python3.8/site-packages/airflow/example_dags/example_branch_python_dop_operator_3.py for tasks to queue
[2024-03-19T10:48:16.078+0000] {logging_mixin.py:188} INFO - [2024-03-19T10:48:16.078+0000] {dagbag.py:540} INFO - Filling up the DagBag from /home/airflow/.local/lib/python3.8/site-packages/airflow/example_dags/example_branch_python_dop_operator_3.py
[2024-03-19T10:48:16.085+0000] {processor.py:840} INFO - DAG(s) 'example_branch_dop_operator_v3' retrieved from /home/airflow/.local/lib/python3.8/site-packages/airflow/example_dags/example_branch_python_dop_operator_3.py
[2024-03-19T10:48:16.100+0000] {logging_mixin.py:188} INFO - [2024-03-19T10:48:16.100+0000] {dag.py:3047} INFO - Sync 1 DAGs
[2024-03-19T10:48:16.118+0000] {logging_mixin.py:188} INFO - [2024-03-19T10:48:16.118+0000] {dag.py:3834} INFO - Setting next_dagrun for example_branch_dop_operator_v3 to 2024-03-19 10:47:00+00:00, run_after=2024-03-19 10:48:00+00:00
[2024-03-19T10:48:16.129+0000] {processor.py:183} INFO - Processing /home/airflow/.local/lib/python3.8/site-packages/airflow/example_dags/example_branch_python_dop_operator_3.py took 0.057 seconds
[2024-03-19T10:48:46.294+0000] {processor.py:161} INFO - Started process (PID=941) to work on /home/airflow/.local/lib/python3.8/site-packages/airflow/example_dags/example_branch_python_dop_operator_3.py
[2024-03-19T10:48:46.295+0000] {processor.py:830} INFO - Processing file /home/airflow/.local/lib/python3.8/site-packages/airflow/example_dags/example_branch_python_dop_operator_3.py for tasks to queue
[2024-03-19T10:48:46.298+0000] {logging_mixin.py:188} INFO - [2024-03-19T10:48:46.298+0000] {dagbag.py:540} INFO - Filling up the DagBag from /home/airflow/.local/lib/python3.8/site-packages/airflow/example_dags/example_branch_python_dop_operator_3.py
[2024-03-19T10:48:46.311+0000] {processor.py:840} INFO - DAG(s) 'example_branch_dop_operator_v3' retrieved from /home/airflow/.local/lib/python3.8/site-packages/airflow/example_dags/example_branch_python_dop_operator_3.py
[2024-03-19T10:48:46.328+0000] {logging_mixin.py:188} INFO - [2024-03-19T10:48:46.328+0000] {dag.py:3047} INFO - Sync 1 DAGs
[2024-03-19T10:48:46.348+0000] {logging_mixin.py:188} INFO - [2024-03-19T10:48:46.347+0000] {dag.py:3834} INFO - Setting next_dagrun for example_branch_dop_operator_v3 to 2024-03-19 10:47:00+00:00, run_after=2024-03-19 10:48:00+00:00
[2024-03-19T10:48:46.359+0000] {processor.py:183} INFO - Processing /home/airflow/.local/lib/python3.8/site-packages/airflow/example_dags/example_branch_python_dop_operator_3.py took 0.068 seconds
[2024-03-19T10:49:16.648+0000] {processor.py:161} INFO - Started process (PID=997) to work on /home/airflow/.local/lib/python3.8/site-packages/airflow/example_dags/example_branch_python_dop_operator_3.py
[2024-03-19T10:49:16.650+0000] {processor.py:830} INFO - Processing file /home/airflow/.local/lib/python3.8/site-packages/airflow/example_dags/example_branch_python_dop_operator_3.py for tasks to queue
[2024-03-19T10:49:16.651+0000] {logging_mixin.py:188} INFO - [2024-03-19T10:49:16.651+0000] {dagbag.py:540} INFO - Filling up the DagBag from /home/airflow/.local/lib/python3.8/site-packages/airflow/example_dags/example_branch_python_dop_operator_3.py
[2024-03-19T10:49:16.660+0000] {processor.py:840} INFO - DAG(s) 'example_branch_dop_operator_v3' retrieved from /home/airflow/.local/lib/python3.8/site-packages/airflow/example_dags/example_branch_python_dop_operator_3.py
[2024-03-19T10:49:16.783+0000] {logging_mixin.py:188} INFO - [2024-03-19T10:49:16.781+0000] {dag.py:3047} INFO - Sync 1 DAGs
[2024-03-19T10:49:16.875+0000] {logging_mixin.py:188} INFO - [2024-03-19T10:49:16.875+0000] {dag.py:3834} INFO - Setting next_dagrun for example_branch_dop_operator_v3 to 2024-03-19 10:48:00+00:00, run_after=2024-03-19 10:49:00+00:00
[2024-03-19T10:49:16.908+0000] {processor.py:183} INFO - Processing /home/airflow/.local/lib/python3.8/site-packages/airflow/example_dags/example_branch_python_dop_operator_3.py took 0.262 seconds
