[2024-03-19T10:40:39.784+0000] {processor.py:161} INFO - Started process (PID=67) to work on /home/airflow/.local/lib/python3.8/site-packages/airflow/example_dags/example_latest_only_with_trigger.py
[2024-03-19T10:40:39.786+0000] {processor.py:830} INFO - Processing file /home/airflow/.local/lib/python3.8/site-packages/airflow/example_dags/example_latest_only_with_trigger.py for tasks to queue
[2024-03-19T10:40:39.791+0000] {logging_mixin.py:188} INFO - [2024-03-19T10:40:39.790+0000] {dagbag.py:540} INFO - Filling up the DagBag from /home/airflow/.local/lib/python3.8/site-packages/airflow/example_dags/example_latest_only_with_trigger.py
[2024-03-19T10:40:39.808+0000] {processor.py:840} INFO - DAG(s) 'latest_only_with_trigger' retrieved from /home/airflow/.local/lib/python3.8/site-packages/airflow/example_dags/example_latest_only_with_trigger.py
[2024-03-19T10:40:39.837+0000] {logging_mixin.py:188} INFO - [2024-03-19T10:40:39.837+0000] {dag.py:3047} INFO - Sync 1 DAGs
[2024-03-19T10:40:39.920+0000] {logging_mixin.py:188} INFO - [2024-03-19T10:40:39.918+0000] {dag.py:3834} INFO - Setting next_dagrun for latest_only_with_trigger to 2024-03-19 04:00:00+00:00, run_after=2024-03-19 08:00:00+00:00
[2024-03-19T10:40:40.091+0000] {processor.py:183} INFO - Processing /home/airflow/.local/lib/python3.8/site-packages/airflow/example_dags/example_latest_only_with_trigger.py took 0.318 seconds
[2024-03-19T10:41:10.417+0000] {processor.py:161} INFO - Started process (PID=123) to work on /home/airflow/.local/lib/python3.8/site-packages/airflow/example_dags/example_latest_only_with_trigger.py
[2024-03-19T10:41:10.418+0000] {processor.py:830} INFO - Processing file /home/airflow/.local/lib/python3.8/site-packages/airflow/example_dags/example_latest_only_with_trigger.py for tasks to queue
[2024-03-19T10:41:10.420+0000] {logging_mixin.py:188} INFO - [2024-03-19T10:41:10.420+0000] {dagbag.py:540} INFO - Filling up the DagBag from /home/airflow/.local/lib/python3.8/site-packages/airflow/example_dags/example_latest_only_with_trigger.py
[2024-03-19T10:41:10.425+0000] {processor.py:840} INFO - DAG(s) 'latest_only_with_trigger' retrieved from /home/airflow/.local/lib/python3.8/site-packages/airflow/example_dags/example_latest_only_with_trigger.py
[2024-03-19T10:41:10.494+0000] {logging_mixin.py:188} INFO - [2024-03-19T10:41:10.494+0000] {dag.py:3047} INFO - Sync 1 DAGs
[2024-03-19T10:41:10.507+0000] {logging_mixin.py:188} INFO - [2024-03-19T10:41:10.507+0000] {dag.py:3834} INFO - Setting next_dagrun for latest_only_with_trigger to 2024-03-19 04:00:00+00:00, run_after=2024-03-19 08:00:00+00:00
[2024-03-19T10:41:10.520+0000] {processor.py:183} INFO - Processing /home/airflow/.local/lib/python3.8/site-packages/airflow/example_dags/example_latest_only_with_trigger.py took 0.105 seconds
[2024-03-19T10:41:41.342+0000] {processor.py:161} INFO - Started process (PID=179) to work on /home/airflow/.local/lib/python3.8/site-packages/airflow/example_dags/example_latest_only_with_trigger.py
[2024-03-19T10:41:41.343+0000] {processor.py:830} INFO - Processing file /home/airflow/.local/lib/python3.8/site-packages/airflow/example_dags/example_latest_only_with_trigger.py for tasks to queue
[2024-03-19T10:41:41.345+0000] {logging_mixin.py:188} INFO - [2024-03-19T10:41:41.345+0000] {dagbag.py:540} INFO - Filling up the DagBag from /home/airflow/.local/lib/python3.8/site-packages/airflow/example_dags/example_latest_only_with_trigger.py
[2024-03-19T10:41:41.350+0000] {processor.py:840} INFO - DAG(s) 'latest_only_with_trigger' retrieved from /home/airflow/.local/lib/python3.8/site-packages/airflow/example_dags/example_latest_only_with_trigger.py
[2024-03-19T10:41:41.365+0000] {logging_mixin.py:188} INFO - [2024-03-19T10:41:41.365+0000] {dag.py:3047} INFO - Sync 1 DAGs
[2024-03-19T10:41:41.380+0000] {logging_mixin.py:188} INFO - [2024-03-19T10:41:41.380+0000] {dag.py:3834} INFO - Setting next_dagrun for latest_only_with_trigger to 2024-03-19 04:00:00+00:00, run_after=2024-03-19 08:00:00+00:00
[2024-03-19T10:41:41.391+0000] {processor.py:183} INFO - Processing /home/airflow/.local/lib/python3.8/site-packages/airflow/example_dags/example_latest_only_with_trigger.py took 0.052 seconds
[2024-03-19T10:42:12.419+0000] {processor.py:161} INFO - Started process (PID=235) to work on /home/airflow/.local/lib/python3.8/site-packages/airflow/example_dags/example_latest_only_with_trigger.py
[2024-03-19T10:42:12.420+0000] {processor.py:830} INFO - Processing file /home/airflow/.local/lib/python3.8/site-packages/airflow/example_dags/example_latest_only_with_trigger.py for tasks to queue
[2024-03-19T10:42:12.421+0000] {logging_mixin.py:188} INFO - [2024-03-19T10:42:12.421+0000] {dagbag.py:540} INFO - Filling up the DagBag from /home/airflow/.local/lib/python3.8/site-packages/airflow/example_dags/example_latest_only_with_trigger.py
[2024-03-19T10:42:12.426+0000] {processor.py:840} INFO - DAG(s) 'latest_only_with_trigger' retrieved from /home/airflow/.local/lib/python3.8/site-packages/airflow/example_dags/example_latest_only_with_trigger.py
[2024-03-19T10:42:12.442+0000] {logging_mixin.py:188} INFO - [2024-03-19T10:42:12.441+0000] {dag.py:3047} INFO - Sync 1 DAGs
[2024-03-19T10:42:12.456+0000] {logging_mixin.py:188} INFO - [2024-03-19T10:42:12.456+0000] {dag.py:3834} INFO - Setting next_dagrun for latest_only_with_trigger to 2024-03-19 04:00:00+00:00, run_after=2024-03-19 08:00:00+00:00
[2024-03-19T10:42:12.468+0000] {processor.py:183} INFO - Processing /home/airflow/.local/lib/python3.8/site-packages/airflow/example_dags/example_latest_only_with_trigger.py took 0.053 seconds
[2024-03-19T10:42:43.109+0000] {processor.py:161} INFO - Started process (PID=291) to work on /home/airflow/.local/lib/python3.8/site-packages/airflow/example_dags/example_latest_only_with_trigger.py
[2024-03-19T10:42:43.111+0000] {processor.py:830} INFO - Processing file /home/airflow/.local/lib/python3.8/site-packages/airflow/example_dags/example_latest_only_with_trigger.py for tasks to queue
[2024-03-19T10:42:43.112+0000] {logging_mixin.py:188} INFO - [2024-03-19T10:42:43.112+0000] {dagbag.py:540} INFO - Filling up the DagBag from /home/airflow/.local/lib/python3.8/site-packages/airflow/example_dags/example_latest_only_with_trigger.py
[2024-03-19T10:42:43.117+0000] {processor.py:840} INFO - DAG(s) 'latest_only_with_trigger' retrieved from /home/airflow/.local/lib/python3.8/site-packages/airflow/example_dags/example_latest_only_with_trigger.py
[2024-03-19T10:42:43.132+0000] {logging_mixin.py:188} INFO - [2024-03-19T10:42:43.132+0000] {dag.py:3047} INFO - Sync 1 DAGs
[2024-03-19T10:42:43.147+0000] {logging_mixin.py:188} INFO - [2024-03-19T10:42:43.147+0000] {dag.py:3834} INFO - Setting next_dagrun for latest_only_with_trigger to 2024-03-19 04:00:00+00:00, run_after=2024-03-19 08:00:00+00:00
[2024-03-19T10:42:43.159+0000] {processor.py:183} INFO - Processing /home/airflow/.local/lib/python3.8/site-packages/airflow/example_dags/example_latest_only_with_trigger.py took 0.052 seconds
[2024-03-19T10:43:13.504+0000] {processor.py:161} INFO - Started process (PID=347) to work on /home/airflow/.local/lib/python3.8/site-packages/airflow/example_dags/example_latest_only_with_trigger.py
[2024-03-19T10:43:13.505+0000] {processor.py:830} INFO - Processing file /home/airflow/.local/lib/python3.8/site-packages/airflow/example_dags/example_latest_only_with_trigger.py for tasks to queue
[2024-03-19T10:43:13.506+0000] {logging_mixin.py:188} INFO - [2024-03-19T10:43:13.506+0000] {dagbag.py:540} INFO - Filling up the DagBag from /home/airflow/.local/lib/python3.8/site-packages/airflow/example_dags/example_latest_only_with_trigger.py
[2024-03-19T10:43:13.511+0000] {processor.py:840} INFO - DAG(s) 'latest_only_with_trigger' retrieved from /home/airflow/.local/lib/python3.8/site-packages/airflow/example_dags/example_latest_only_with_trigger.py
[2024-03-19T10:43:13.531+0000] {logging_mixin.py:188} INFO - [2024-03-19T10:43:13.531+0000] {dag.py:3047} INFO - Sync 1 DAGs
[2024-03-19T10:43:13.545+0000] {logging_mixin.py:188} INFO - [2024-03-19T10:43:13.545+0000] {dag.py:3834} INFO - Setting next_dagrun for latest_only_with_trigger to 2024-03-19 04:00:00+00:00, run_after=2024-03-19 08:00:00+00:00
[2024-03-19T10:43:13.557+0000] {processor.py:183} INFO - Processing /home/airflow/.local/lib/python3.8/site-packages/airflow/example_dags/example_latest_only_with_trigger.py took 0.056 seconds
[2024-03-19T10:43:43.952+0000] {processor.py:161} INFO - Started process (PID=403) to work on /home/airflow/.local/lib/python3.8/site-packages/airflow/example_dags/example_latest_only_with_trigger.py
[2024-03-19T10:43:43.953+0000] {processor.py:830} INFO - Processing file /home/airflow/.local/lib/python3.8/site-packages/airflow/example_dags/example_latest_only_with_trigger.py for tasks to queue
[2024-03-19T10:43:43.954+0000] {logging_mixin.py:188} INFO - [2024-03-19T10:43:43.954+0000] {dagbag.py:540} INFO - Filling up the DagBag from /home/airflow/.local/lib/python3.8/site-packages/airflow/example_dags/example_latest_only_with_trigger.py
[2024-03-19T10:43:43.959+0000] {processor.py:840} INFO - DAG(s) 'latest_only_with_trigger' retrieved from /home/airflow/.local/lib/python3.8/site-packages/airflow/example_dags/example_latest_only_with_trigger.py
[2024-03-19T10:43:43.974+0000] {logging_mixin.py:188} INFO - [2024-03-19T10:43:43.974+0000] {dag.py:3047} INFO - Sync 1 DAGs
[2024-03-19T10:43:43.988+0000] {logging_mixin.py:188} INFO - [2024-03-19T10:43:43.988+0000] {dag.py:3834} INFO - Setting next_dagrun for latest_only_with_trigger to 2024-03-19 04:00:00+00:00, run_after=2024-03-19 08:00:00+00:00
[2024-03-19T10:43:43.999+0000] {processor.py:183} INFO - Processing /home/airflow/.local/lib/python3.8/site-packages/airflow/example_dags/example_latest_only_with_trigger.py took 0.050 seconds
[2024-03-19T10:44:14.349+0000] {processor.py:161} INFO - Started process (PID=459) to work on /home/airflow/.local/lib/python3.8/site-packages/airflow/example_dags/example_latest_only_with_trigger.py
[2024-03-19T10:44:14.350+0000] {processor.py:830} INFO - Processing file /home/airflow/.local/lib/python3.8/site-packages/airflow/example_dags/example_latest_only_with_trigger.py for tasks to queue
[2024-03-19T10:44:14.351+0000] {logging_mixin.py:188} INFO - [2024-03-19T10:44:14.351+0000] {dagbag.py:540} INFO - Filling up the DagBag from /home/airflow/.local/lib/python3.8/site-packages/airflow/example_dags/example_latest_only_with_trigger.py
[2024-03-19T10:44:14.356+0000] {processor.py:840} INFO - DAG(s) 'latest_only_with_trigger' retrieved from /home/airflow/.local/lib/python3.8/site-packages/airflow/example_dags/example_latest_only_with_trigger.py
[2024-03-19T10:44:14.370+0000] {logging_mixin.py:188} INFO - [2024-03-19T10:44:14.370+0000] {dag.py:3047} INFO - Sync 1 DAGs
[2024-03-19T10:44:14.385+0000] {logging_mixin.py:188} INFO - [2024-03-19T10:44:14.385+0000] {dag.py:3834} INFO - Setting next_dagrun for latest_only_with_trigger to 2024-03-19 04:00:00+00:00, run_after=2024-03-19 08:00:00+00:00
[2024-03-19T10:44:14.396+0000] {processor.py:183} INFO - Processing /home/airflow/.local/lib/python3.8/site-packages/airflow/example_dags/example_latest_only_with_trigger.py took 0.050 seconds
[2024-03-19T10:44:45.173+0000] {processor.py:161} INFO - Started process (PID=515) to work on /home/airflow/.local/lib/python3.8/site-packages/airflow/example_dags/example_latest_only_with_trigger.py
[2024-03-19T10:44:45.174+0000] {processor.py:830} INFO - Processing file /home/airflow/.local/lib/python3.8/site-packages/airflow/example_dags/example_latest_only_with_trigger.py for tasks to queue
[2024-03-19T10:44:45.175+0000] {logging_mixin.py:188} INFO - [2024-03-19T10:44:45.175+0000] {dagbag.py:540} INFO - Filling up the DagBag from /home/airflow/.local/lib/python3.8/site-packages/airflow/example_dags/example_latest_only_with_trigger.py
[2024-03-19T10:44:45.180+0000] {processor.py:840} INFO - DAG(s) 'latest_only_with_trigger' retrieved from /home/airflow/.local/lib/python3.8/site-packages/airflow/example_dags/example_latest_only_with_trigger.py
[2024-03-19T10:44:45.195+0000] {logging_mixin.py:188} INFO - [2024-03-19T10:44:45.195+0000] {dag.py:3047} INFO - Sync 1 DAGs
[2024-03-19T10:44:45.209+0000] {logging_mixin.py:188} INFO - [2024-03-19T10:44:45.209+0000] {dag.py:3834} INFO - Setting next_dagrun for latest_only_with_trigger to 2024-03-19 04:00:00+00:00, run_after=2024-03-19 08:00:00+00:00
[2024-03-19T10:44:45.220+0000] {processor.py:183} INFO - Processing /home/airflow/.local/lib/python3.8/site-packages/airflow/example_dags/example_latest_only_with_trigger.py took 0.050 seconds
[2024-03-19T10:45:15.807+0000] {processor.py:161} INFO - Started process (PID=571) to work on /home/airflow/.local/lib/python3.8/site-packages/airflow/example_dags/example_latest_only_with_trigger.py
[2024-03-19T10:45:15.808+0000] {processor.py:830} INFO - Processing file /home/airflow/.local/lib/python3.8/site-packages/airflow/example_dags/example_latest_only_with_trigger.py for tasks to queue
[2024-03-19T10:45:15.809+0000] {logging_mixin.py:188} INFO - [2024-03-19T10:45:15.809+0000] {dagbag.py:540} INFO - Filling up the DagBag from /home/airflow/.local/lib/python3.8/site-packages/airflow/example_dags/example_latest_only_with_trigger.py
[2024-03-19T10:45:15.815+0000] {processor.py:840} INFO - DAG(s) 'latest_only_with_trigger' retrieved from /home/airflow/.local/lib/python3.8/site-packages/airflow/example_dags/example_latest_only_with_trigger.py
[2024-03-19T10:45:15.832+0000] {logging_mixin.py:188} INFO - [2024-03-19T10:45:15.831+0000] {dag.py:3047} INFO - Sync 1 DAGs
[2024-03-19T10:45:15.846+0000] {logging_mixin.py:188} INFO - [2024-03-19T10:45:15.846+0000] {dag.py:3834} INFO - Setting next_dagrun for latest_only_with_trigger to 2024-03-19 04:00:00+00:00, run_after=2024-03-19 08:00:00+00:00
[2024-03-19T10:45:15.858+0000] {processor.py:183} INFO - Processing /home/airflow/.local/lib/python3.8/site-packages/airflow/example_dags/example_latest_only_with_trigger.py took 0.055 seconds
[2024-03-19T10:45:46.693+0000] {processor.py:161} INFO - Started process (PID=627) to work on /home/airflow/.local/lib/python3.8/site-packages/airflow/example_dags/example_latest_only_with_trigger.py
[2024-03-19T10:45:46.694+0000] {processor.py:830} INFO - Processing file /home/airflow/.local/lib/python3.8/site-packages/airflow/example_dags/example_latest_only_with_trigger.py for tasks to queue
[2024-03-19T10:45:46.696+0000] {logging_mixin.py:188} INFO - [2024-03-19T10:45:46.695+0000] {dagbag.py:540} INFO - Filling up the DagBag from /home/airflow/.local/lib/python3.8/site-packages/airflow/example_dags/example_latest_only_with_trigger.py
[2024-03-19T10:45:46.700+0000] {processor.py:840} INFO - DAG(s) 'latest_only_with_trigger' retrieved from /home/airflow/.local/lib/python3.8/site-packages/airflow/example_dags/example_latest_only_with_trigger.py
[2024-03-19T10:45:46.715+0000] {logging_mixin.py:188} INFO - [2024-03-19T10:45:46.715+0000] {dag.py:3047} INFO - Sync 1 DAGs
[2024-03-19T10:45:46.730+0000] {logging_mixin.py:188} INFO - [2024-03-19T10:45:46.730+0000] {dag.py:3834} INFO - Setting next_dagrun for latest_only_with_trigger to 2024-03-19 04:00:00+00:00, run_after=2024-03-19 08:00:00+00:00
[2024-03-19T10:45:46.742+0000] {processor.py:183} INFO - Processing /home/airflow/.local/lib/python3.8/site-packages/airflow/example_dags/example_latest_only_with_trigger.py took 0.052 seconds
[2024-03-19T10:46:17.399+0000] {processor.py:161} INFO - Started process (PID=683) to work on /home/airflow/.local/lib/python3.8/site-packages/airflow/example_dags/example_latest_only_with_trigger.py
[2024-03-19T10:46:17.400+0000] {processor.py:830} INFO - Processing file /home/airflow/.local/lib/python3.8/site-packages/airflow/example_dags/example_latest_only_with_trigger.py for tasks to queue
[2024-03-19T10:46:17.401+0000] {logging_mixin.py:188} INFO - [2024-03-19T10:46:17.401+0000] {dagbag.py:540} INFO - Filling up the DagBag from /home/airflow/.local/lib/python3.8/site-packages/airflow/example_dags/example_latest_only_with_trigger.py
[2024-03-19T10:46:17.406+0000] {processor.py:840} INFO - DAG(s) 'latest_only_with_trigger' retrieved from /home/airflow/.local/lib/python3.8/site-packages/airflow/example_dags/example_latest_only_with_trigger.py
[2024-03-19T10:46:17.423+0000] {logging_mixin.py:188} INFO - [2024-03-19T10:46:17.423+0000] {dag.py:3047} INFO - Sync 1 DAGs
[2024-03-19T10:46:17.440+0000] {logging_mixin.py:188} INFO - [2024-03-19T10:46:17.440+0000] {dag.py:3834} INFO - Setting next_dagrun for latest_only_with_trigger to 2024-03-19 04:00:00+00:00, run_after=2024-03-19 08:00:00+00:00
[2024-03-19T10:46:17.452+0000] {processor.py:183} INFO - Processing /home/airflow/.local/lib/python3.8/site-packages/airflow/example_dags/example_latest_only_with_trigger.py took 0.056 seconds
[2024-03-19T10:46:48.298+0000] {processor.py:161} INFO - Started process (PID=739) to work on /home/airflow/.local/lib/python3.8/site-packages/airflow/example_dags/example_latest_only_with_trigger.py
[2024-03-19T10:46:48.299+0000] {processor.py:830} INFO - Processing file /home/airflow/.local/lib/python3.8/site-packages/airflow/example_dags/example_latest_only_with_trigger.py for tasks to queue
[2024-03-19T10:46:48.301+0000] {logging_mixin.py:188} INFO - [2024-03-19T10:46:48.301+0000] {dagbag.py:540} INFO - Filling up the DagBag from /home/airflow/.local/lib/python3.8/site-packages/airflow/example_dags/example_latest_only_with_trigger.py
[2024-03-19T10:46:48.306+0000] {processor.py:840} INFO - DAG(s) 'latest_only_with_trigger' retrieved from /home/airflow/.local/lib/python3.8/site-packages/airflow/example_dags/example_latest_only_with_trigger.py
[2024-03-19T10:46:48.321+0000] {logging_mixin.py:188} INFO - [2024-03-19T10:46:48.321+0000] {dag.py:3047} INFO - Sync 1 DAGs
[2024-03-19T10:46:48.336+0000] {logging_mixin.py:188} INFO - [2024-03-19T10:46:48.336+0000] {dag.py:3834} INFO - Setting next_dagrun for latest_only_with_trigger to 2024-03-19 04:00:00+00:00, run_after=2024-03-19 08:00:00+00:00
[2024-03-19T10:46:48.348+0000] {processor.py:183} INFO - Processing /home/airflow/.local/lib/python3.8/site-packages/airflow/example_dags/example_latest_only_with_trigger.py took 0.053 seconds
[2024-03-19T10:47:18.676+0000] {processor.py:161} INFO - Started process (PID=795) to work on /home/airflow/.local/lib/python3.8/site-packages/airflow/example_dags/example_latest_only_with_trigger.py
[2024-03-19T10:47:18.678+0000] {processor.py:830} INFO - Processing file /home/airflow/.local/lib/python3.8/site-packages/airflow/example_dags/example_latest_only_with_trigger.py for tasks to queue
[2024-03-19T10:47:18.679+0000] {logging_mixin.py:188} INFO - [2024-03-19T10:47:18.679+0000] {dagbag.py:540} INFO - Filling up the DagBag from /home/airflow/.local/lib/python3.8/site-packages/airflow/example_dags/example_latest_only_with_trigger.py
[2024-03-19T10:47:18.685+0000] {processor.py:840} INFO - DAG(s) 'latest_only_with_trigger' retrieved from /home/airflow/.local/lib/python3.8/site-packages/airflow/example_dags/example_latest_only_with_trigger.py
[2024-03-19T10:47:18.715+0000] {logging_mixin.py:188} INFO - [2024-03-19T10:47:18.715+0000] {dag.py:3047} INFO - Sync 1 DAGs
[2024-03-19T10:47:18.737+0000] {logging_mixin.py:188} INFO - [2024-03-19T10:47:18.737+0000] {dag.py:3834} INFO - Setting next_dagrun for latest_only_with_trigger to 2024-03-19 04:00:00+00:00, run_after=2024-03-19 08:00:00+00:00
[2024-03-19T10:47:18.753+0000] {processor.py:183} INFO - Processing /home/airflow/.local/lib/python3.8/site-packages/airflow/example_dags/example_latest_only_with_trigger.py took 0.080 seconds
[2024-03-19T10:47:48.840+0000] {processor.py:161} INFO - Started process (PID=851) to work on /home/airflow/.local/lib/python3.8/site-packages/airflow/example_dags/example_latest_only_with_trigger.py
[2024-03-19T10:47:48.841+0000] {processor.py:830} INFO - Processing file /home/airflow/.local/lib/python3.8/site-packages/airflow/example_dags/example_latest_only_with_trigger.py for tasks to queue
[2024-03-19T10:47:48.842+0000] {logging_mixin.py:188} INFO - [2024-03-19T10:47:48.842+0000] {dagbag.py:540} INFO - Filling up the DagBag from /home/airflow/.local/lib/python3.8/site-packages/airflow/example_dags/example_latest_only_with_trigger.py
[2024-03-19T10:47:48.847+0000] {processor.py:840} INFO - DAG(s) 'latest_only_with_trigger' retrieved from /home/airflow/.local/lib/python3.8/site-packages/airflow/example_dags/example_latest_only_with_trigger.py
[2024-03-19T10:47:48.863+0000] {logging_mixin.py:188} INFO - [2024-03-19T10:47:48.862+0000] {dag.py:3047} INFO - Sync 1 DAGs
[2024-03-19T10:47:48.877+0000] {logging_mixin.py:188} INFO - [2024-03-19T10:47:48.877+0000] {dag.py:3834} INFO - Setting next_dagrun for latest_only_with_trigger to 2024-03-19 04:00:00+00:00, run_after=2024-03-19 08:00:00+00:00
[2024-03-19T10:47:48.890+0000] {processor.py:183} INFO - Processing /home/airflow/.local/lib/python3.8/site-packages/airflow/example_dags/example_latest_only_with_trigger.py took 0.054 seconds
[2024-03-19T10:48:19.120+0000] {processor.py:161} INFO - Started process (PID=907) to work on /home/airflow/.local/lib/python3.8/site-packages/airflow/example_dags/example_latest_only_with_trigger.py
[2024-03-19T10:48:19.122+0000] {processor.py:830} INFO - Processing file /home/airflow/.local/lib/python3.8/site-packages/airflow/example_dags/example_latest_only_with_trigger.py for tasks to queue
[2024-03-19T10:48:19.123+0000] {logging_mixin.py:188} INFO - [2024-03-19T10:48:19.123+0000] {dagbag.py:540} INFO - Filling up the DagBag from /home/airflow/.local/lib/python3.8/site-packages/airflow/example_dags/example_latest_only_with_trigger.py
[2024-03-19T10:48:19.130+0000] {processor.py:840} INFO - DAG(s) 'latest_only_with_trigger' retrieved from /home/airflow/.local/lib/python3.8/site-packages/airflow/example_dags/example_latest_only_with_trigger.py
[2024-03-19T10:48:19.149+0000] {logging_mixin.py:188} INFO - [2024-03-19T10:48:19.148+0000] {dag.py:3047} INFO - Sync 1 DAGs
[2024-03-19T10:48:19.164+0000] {logging_mixin.py:188} INFO - [2024-03-19T10:48:19.164+0000] {dag.py:3834} INFO - Setting next_dagrun for latest_only_with_trigger to 2024-03-19 04:00:00+00:00, run_after=2024-03-19 08:00:00+00:00
[2024-03-19T10:48:19.175+0000] {processor.py:183} INFO - Processing /home/airflow/.local/lib/python3.8/site-packages/airflow/example_dags/example_latest_only_with_trigger.py took 0.058 seconds
[2024-03-19T10:48:49.374+0000] {processor.py:161} INFO - Started process (PID=963) to work on /home/airflow/.local/lib/python3.8/site-packages/airflow/example_dags/example_latest_only_with_trigger.py
[2024-03-19T10:48:49.375+0000] {processor.py:830} INFO - Processing file /home/airflow/.local/lib/python3.8/site-packages/airflow/example_dags/example_latest_only_with_trigger.py for tasks to queue
[2024-03-19T10:48:49.377+0000] {logging_mixin.py:188} INFO - [2024-03-19T10:48:49.377+0000] {dagbag.py:540} INFO - Filling up the DagBag from /home/airflow/.local/lib/python3.8/site-packages/airflow/example_dags/example_latest_only_with_trigger.py
[2024-03-19T10:48:49.382+0000] {processor.py:840} INFO - DAG(s) 'latest_only_with_trigger' retrieved from /home/airflow/.local/lib/python3.8/site-packages/airflow/example_dags/example_latest_only_with_trigger.py
[2024-03-19T10:48:49.399+0000] {logging_mixin.py:188} INFO - [2024-03-19T10:48:49.399+0000] {dag.py:3047} INFO - Sync 1 DAGs
[2024-03-19T10:48:49.414+0000] {logging_mixin.py:188} INFO - [2024-03-19T10:48:49.414+0000] {dag.py:3834} INFO - Setting next_dagrun for latest_only_with_trigger to 2024-03-19 04:00:00+00:00, run_after=2024-03-19 08:00:00+00:00
[2024-03-19T10:48:49.426+0000] {processor.py:183} INFO - Processing /home/airflow/.local/lib/python3.8/site-packages/airflow/example_dags/example_latest_only_with_trigger.py took 0.055 seconds
[2024-03-19T10:49:19.867+0000] {processor.py:161} INFO - Started process (PID=1019) to work on /home/airflow/.local/lib/python3.8/site-packages/airflow/example_dags/example_latest_only_with_trigger.py
[2024-03-19T10:49:19.869+0000] {processor.py:830} INFO - Processing file /home/airflow/.local/lib/python3.8/site-packages/airflow/example_dags/example_latest_only_with_trigger.py for tasks to queue
[2024-03-19T10:49:19.872+0000] {logging_mixin.py:188} INFO - [2024-03-19T10:49:19.872+0000] {dagbag.py:540} INFO - Filling up the DagBag from /home/airflow/.local/lib/python3.8/site-packages/airflow/example_dags/example_latest_only_with_trigger.py
[2024-03-19T10:49:19.881+0000] {processor.py:840} INFO - DAG(s) 'latest_only_with_trigger' retrieved from /home/airflow/.local/lib/python3.8/site-packages/airflow/example_dags/example_latest_only_with_trigger.py
[2024-03-19T10:49:19.903+0000] {logging_mixin.py:188} INFO - [2024-03-19T10:49:19.903+0000] {dag.py:3047} INFO - Sync 1 DAGs
[2024-03-19T10:49:19.921+0000] {logging_mixin.py:188} INFO - [2024-03-19T10:49:19.920+0000] {dag.py:3834} INFO - Setting next_dagrun for latest_only_with_trigger to 2024-03-19 04:00:00+00:00, run_after=2024-03-19 08:00:00+00:00
[2024-03-19T10:49:19.935+0000] {processor.py:183} INFO - Processing /home/airflow/.local/lib/python3.8/site-packages/airflow/example_dags/example_latest_only_with_trigger.py took 0.072 seconds
