[2024-03-19T10:40:37.463+0000] {processor.py:161} INFO - Started process (PID=44) to work on /home/airflow/.local/lib/python3.8/site-packages/airflow/example_dags/example_xcomargs.py
[2024-03-19T10:40:37.465+0000] {processor.py:830} INFO - Processing file /home/airflow/.local/lib/python3.8/site-packages/airflow/example_dags/example_xcomargs.py for tasks to queue
[2024-03-19T10:40:37.468+0000] {logging_mixin.py:188} INFO - [2024-03-19T10:40:37.468+0000] {dagbag.py:540} INFO - Filling up the DagBag from /home/airflow/.local/lib/python3.8/site-packages/airflow/example_dags/example_xcomargs.py
[2024-03-19T10:40:37.485+0000] {processor.py:840} INFO - DAG(s) 'example_xcom_args', 'example_xcom_args_with_operators' retrieved from /home/airflow/.local/lib/python3.8/site-packages/airflow/example_dags/example_xcomargs.py
[2024-03-19T10:40:37.502+0000] {logging_mixin.py:188} INFO - [2024-03-19T10:40:37.502+0000] {dag.py:3047} INFO - Sync 2 DAGs
[2024-03-19T10:40:37.519+0000] {logging_mixin.py:188} INFO - [2024-03-19T10:40:37.519+0000] {dag.py:3834} INFO - Setting next_dagrun for example_xcom_args to None, run_after=None
[2024-03-19T10:40:37.525+0000] {logging_mixin.py:188} INFO - [2024-03-19T10:40:37.524+0000] {dag.py:3834} INFO - Setting next_dagrun for example_xcom_args_with_operators to None, run_after=None
[2024-03-19T10:40:37.545+0000] {processor.py:183} INFO - Processing /home/airflow/.local/lib/python3.8/site-packages/airflow/example_dags/example_xcomargs.py took 0.088 seconds
[2024-03-19T10:41:07.911+0000] {processor.py:161} INFO - Started process (PID=100) to work on /home/airflow/.local/lib/python3.8/site-packages/airflow/example_dags/example_xcomargs.py
[2024-03-19T10:41:07.913+0000] {processor.py:830} INFO - Processing file /home/airflow/.local/lib/python3.8/site-packages/airflow/example_dags/example_xcomargs.py for tasks to queue
[2024-03-19T10:41:07.914+0000] {logging_mixin.py:188} INFO - [2024-03-19T10:41:07.914+0000] {dagbag.py:540} INFO - Filling up the DagBag from /home/airflow/.local/lib/python3.8/site-packages/airflow/example_dags/example_xcomargs.py
[2024-03-19T10:41:07.921+0000] {processor.py:840} INFO - DAG(s) 'example_xcom_args_with_operators', 'example_xcom_args' retrieved from /home/airflow/.local/lib/python3.8/site-packages/airflow/example_dags/example_xcomargs.py
[2024-03-19T10:41:08.012+0000] {logging_mixin.py:188} INFO - [2024-03-19T10:41:08.012+0000] {dag.py:3047} INFO - Sync 2 DAGs
[2024-03-19T10:41:08.021+0000] {logging_mixin.py:188} INFO - [2024-03-19T10:41:08.020+0000] {dag.py:3834} INFO - Setting next_dagrun for example_xcom_args to None, run_after=None
[2024-03-19T10:41:08.023+0000] {logging_mixin.py:188} INFO - [2024-03-19T10:41:08.023+0000] {dag.py:3834} INFO - Setting next_dagrun for example_xcom_args_with_operators to None, run_after=None
[2024-03-19T10:41:08.034+0000] {processor.py:183} INFO - Processing /home/airflow/.local/lib/python3.8/site-packages/airflow/example_dags/example_xcomargs.py took 0.126 seconds
[2024-03-19T10:41:38.303+0000] {processor.py:161} INFO - Started process (PID=156) to work on /home/airflow/.local/lib/python3.8/site-packages/airflow/example_dags/example_xcomargs.py
[2024-03-19T10:41:38.304+0000] {processor.py:830} INFO - Processing file /home/airflow/.local/lib/python3.8/site-packages/airflow/example_dags/example_xcomargs.py for tasks to queue
[2024-03-19T10:41:38.306+0000] {logging_mixin.py:188} INFO - [2024-03-19T10:41:38.306+0000] {dagbag.py:540} INFO - Filling up the DagBag from /home/airflow/.local/lib/python3.8/site-packages/airflow/example_dags/example_xcomargs.py
[2024-03-19T10:41:38.313+0000] {processor.py:840} INFO - DAG(s) 'example_xcom_args', 'example_xcom_args_with_operators' retrieved from /home/airflow/.local/lib/python3.8/site-packages/airflow/example_dags/example_xcomargs.py
[2024-03-19T10:41:38.333+0000] {logging_mixin.py:188} INFO - [2024-03-19T10:41:38.333+0000] {dag.py:3047} INFO - Sync 2 DAGs
[2024-03-19T10:41:38.342+0000] {logging_mixin.py:188} INFO - [2024-03-19T10:41:38.342+0000] {dag.py:3834} INFO - Setting next_dagrun for example_xcom_args to None, run_after=None
[2024-03-19T10:41:38.345+0000] {logging_mixin.py:188} INFO - [2024-03-19T10:41:38.345+0000] {dag.py:3834} INFO - Setting next_dagrun for example_xcom_args_with_operators to None, run_after=None
[2024-03-19T10:41:38.356+0000] {processor.py:183} INFO - Processing /home/airflow/.local/lib/python3.8/site-packages/airflow/example_dags/example_xcomargs.py took 0.057 seconds
[2024-03-19T10:42:09.310+0000] {processor.py:161} INFO - Started process (PID=212) to work on /home/airflow/.local/lib/python3.8/site-packages/airflow/example_dags/example_xcomargs.py
[2024-03-19T10:42:09.311+0000] {processor.py:830} INFO - Processing file /home/airflow/.local/lib/python3.8/site-packages/airflow/example_dags/example_xcomargs.py for tasks to queue
[2024-03-19T10:42:09.313+0000] {logging_mixin.py:188} INFO - [2024-03-19T10:42:09.313+0000] {dagbag.py:540} INFO - Filling up the DagBag from /home/airflow/.local/lib/python3.8/site-packages/airflow/example_dags/example_xcomargs.py
[2024-03-19T10:42:09.322+0000] {processor.py:840} INFO - DAG(s) 'example_xcom_args_with_operators', 'example_xcom_args' retrieved from /home/airflow/.local/lib/python3.8/site-packages/airflow/example_dags/example_xcomargs.py
[2024-03-19T10:42:09.341+0000] {logging_mixin.py:188} INFO - [2024-03-19T10:42:09.341+0000] {dag.py:3047} INFO - Sync 2 DAGs
[2024-03-19T10:42:09.352+0000] {logging_mixin.py:188} INFO - [2024-03-19T10:42:09.351+0000] {dag.py:3834} INFO - Setting next_dagrun for example_xcom_args to None, run_after=None
[2024-03-19T10:42:09.354+0000] {logging_mixin.py:188} INFO - [2024-03-19T10:42:09.354+0000] {dag.py:3834} INFO - Setting next_dagrun for example_xcom_args_with_operators to None, run_after=None
[2024-03-19T10:42:09.366+0000] {processor.py:183} INFO - Processing /home/airflow/.local/lib/python3.8/site-packages/airflow/example_dags/example_xcomargs.py took 0.059 seconds
[2024-03-19T10:42:40.125+0000] {processor.py:161} INFO - Started process (PID=268) to work on /home/airflow/.local/lib/python3.8/site-packages/airflow/example_dags/example_xcomargs.py
[2024-03-19T10:42:40.126+0000] {processor.py:830} INFO - Processing file /home/airflow/.local/lib/python3.8/site-packages/airflow/example_dags/example_xcomargs.py for tasks to queue
[2024-03-19T10:42:40.127+0000] {logging_mixin.py:188} INFO - [2024-03-19T10:42:40.127+0000] {dagbag.py:540} INFO - Filling up the DagBag from /home/airflow/.local/lib/python3.8/site-packages/airflow/example_dags/example_xcomargs.py
[2024-03-19T10:42:40.134+0000] {processor.py:840} INFO - DAG(s) 'example_xcom_args_with_operators', 'example_xcom_args' retrieved from /home/airflow/.local/lib/python3.8/site-packages/airflow/example_dags/example_xcomargs.py
[2024-03-19T10:42:40.151+0000] {logging_mixin.py:188} INFO - [2024-03-19T10:42:40.151+0000] {dag.py:3047} INFO - Sync 2 DAGs
[2024-03-19T10:42:40.160+0000] {logging_mixin.py:188} INFO - [2024-03-19T10:42:40.160+0000] {dag.py:3834} INFO - Setting next_dagrun for example_xcom_args to None, run_after=None
[2024-03-19T10:42:40.162+0000] {logging_mixin.py:188} INFO - [2024-03-19T10:42:40.162+0000] {dag.py:3834} INFO - Setting next_dagrun for example_xcom_args_with_operators to None, run_after=None
[2024-03-19T10:42:40.172+0000] {processor.py:183} INFO - Processing /home/airflow/.local/lib/python3.8/site-packages/airflow/example_dags/example_xcomargs.py took 0.050 seconds
[2024-03-19T10:43:10.530+0000] {processor.py:161} INFO - Started process (PID=324) to work on /home/airflow/.local/lib/python3.8/site-packages/airflow/example_dags/example_xcomargs.py
[2024-03-19T10:43:10.531+0000] {processor.py:830} INFO - Processing file /home/airflow/.local/lib/python3.8/site-packages/airflow/example_dags/example_xcomargs.py for tasks to queue
[2024-03-19T10:43:10.532+0000] {logging_mixin.py:188} INFO - [2024-03-19T10:43:10.532+0000] {dagbag.py:540} INFO - Filling up the DagBag from /home/airflow/.local/lib/python3.8/site-packages/airflow/example_dags/example_xcomargs.py
[2024-03-19T10:43:10.540+0000] {processor.py:840} INFO - DAG(s) 'example_xcom_args', 'example_xcom_args_with_operators' retrieved from /home/airflow/.local/lib/python3.8/site-packages/airflow/example_dags/example_xcomargs.py
[2024-03-19T10:43:10.565+0000] {logging_mixin.py:188} INFO - [2024-03-19T10:43:10.565+0000] {dag.py:3047} INFO - Sync 2 DAGs
[2024-03-19T10:43:10.575+0000] {logging_mixin.py:188} INFO - [2024-03-19T10:43:10.575+0000] {dag.py:3834} INFO - Setting next_dagrun for example_xcom_args to None, run_after=None
[2024-03-19T10:43:10.577+0000] {logging_mixin.py:188} INFO - [2024-03-19T10:43:10.577+0000] {dag.py:3834} INFO - Setting next_dagrun for example_xcom_args_with_operators to None, run_after=None
[2024-03-19T10:43:10.589+0000] {processor.py:183} INFO - Processing /home/airflow/.local/lib/python3.8/site-packages/airflow/example_dags/example_xcomargs.py took 0.062 seconds
[2024-03-19T10:43:41.091+0000] {processor.py:161} INFO - Started process (PID=380) to work on /home/airflow/.local/lib/python3.8/site-packages/airflow/example_dags/example_xcomargs.py
[2024-03-19T10:43:41.092+0000] {processor.py:830} INFO - Processing file /home/airflow/.local/lib/python3.8/site-packages/airflow/example_dags/example_xcomargs.py for tasks to queue
[2024-03-19T10:43:41.094+0000] {logging_mixin.py:188} INFO - [2024-03-19T10:43:41.094+0000] {dagbag.py:540} INFO - Filling up the DagBag from /home/airflow/.local/lib/python3.8/site-packages/airflow/example_dags/example_xcomargs.py
[2024-03-19T10:43:41.100+0000] {processor.py:840} INFO - DAG(s) 'example_xcom_args_with_operators', 'example_xcom_args' retrieved from /home/airflow/.local/lib/python3.8/site-packages/airflow/example_dags/example_xcomargs.py
[2024-03-19T10:43:41.119+0000] {logging_mixin.py:188} INFO - [2024-03-19T10:43:41.118+0000] {dag.py:3047} INFO - Sync 2 DAGs
[2024-03-19T10:43:41.129+0000] {logging_mixin.py:188} INFO - [2024-03-19T10:43:41.129+0000] {dag.py:3834} INFO - Setting next_dagrun for example_xcom_args to None, run_after=None
[2024-03-19T10:43:41.131+0000] {logging_mixin.py:188} INFO - [2024-03-19T10:43:41.131+0000] {dag.py:3834} INFO - Setting next_dagrun for example_xcom_args_with_operators to None, run_after=None
[2024-03-19T10:43:41.141+0000] {processor.py:183} INFO - Processing /home/airflow/.local/lib/python3.8/site-packages/airflow/example_dags/example_xcomargs.py took 0.053 seconds
[2024-03-19T10:44:11.512+0000] {processor.py:161} INFO - Started process (PID=436) to work on /home/airflow/.local/lib/python3.8/site-packages/airflow/example_dags/example_xcomargs.py
[2024-03-19T10:44:11.513+0000] {processor.py:830} INFO - Processing file /home/airflow/.local/lib/python3.8/site-packages/airflow/example_dags/example_xcomargs.py for tasks to queue
[2024-03-19T10:44:11.514+0000] {logging_mixin.py:188} INFO - [2024-03-19T10:44:11.514+0000] {dagbag.py:540} INFO - Filling up the DagBag from /home/airflow/.local/lib/python3.8/site-packages/airflow/example_dags/example_xcomargs.py
[2024-03-19T10:44:11.521+0000] {processor.py:840} INFO - DAG(s) 'example_xcom_args_with_operators', 'example_xcom_args' retrieved from /home/airflow/.local/lib/python3.8/site-packages/airflow/example_dags/example_xcomargs.py
[2024-03-19T10:44:11.539+0000] {logging_mixin.py:188} INFO - [2024-03-19T10:44:11.538+0000] {dag.py:3047} INFO - Sync 2 DAGs
[2024-03-19T10:44:11.547+0000] {logging_mixin.py:188} INFO - [2024-03-19T10:44:11.547+0000] {dag.py:3834} INFO - Setting next_dagrun for example_xcom_args to None, run_after=None
[2024-03-19T10:44:11.550+0000] {logging_mixin.py:188} INFO - [2024-03-19T10:44:11.550+0000] {dag.py:3834} INFO - Setting next_dagrun for example_xcom_args_with_operators to None, run_after=None
[2024-03-19T10:44:11.561+0000] {processor.py:183} INFO - Processing /home/airflow/.local/lib/python3.8/site-packages/airflow/example_dags/example_xcomargs.py took 0.053 seconds
[2024-03-19T10:44:42.066+0000] {processor.py:161} INFO - Started process (PID=492) to work on /home/airflow/.local/lib/python3.8/site-packages/airflow/example_dags/example_xcomargs.py
[2024-03-19T10:44:42.067+0000] {processor.py:830} INFO - Processing file /home/airflow/.local/lib/python3.8/site-packages/airflow/example_dags/example_xcomargs.py for tasks to queue
[2024-03-19T10:44:42.069+0000] {logging_mixin.py:188} INFO - [2024-03-19T10:44:42.069+0000] {dagbag.py:540} INFO - Filling up the DagBag from /home/airflow/.local/lib/python3.8/site-packages/airflow/example_dags/example_xcomargs.py
[2024-03-19T10:44:42.075+0000] {processor.py:840} INFO - DAG(s) 'example_xcom_args', 'example_xcom_args_with_operators' retrieved from /home/airflow/.local/lib/python3.8/site-packages/airflow/example_dags/example_xcomargs.py
[2024-03-19T10:44:42.099+0000] {logging_mixin.py:188} INFO - [2024-03-19T10:44:42.099+0000] {dag.py:3047} INFO - Sync 2 DAGs
[2024-03-19T10:44:42.109+0000] {logging_mixin.py:188} INFO - [2024-03-19T10:44:42.109+0000] {dag.py:3834} INFO - Setting next_dagrun for example_xcom_args to None, run_after=None
[2024-03-19T10:44:42.112+0000] {logging_mixin.py:188} INFO - [2024-03-19T10:44:42.112+0000] {dag.py:3834} INFO - Setting next_dagrun for example_xcom_args_with_operators to None, run_after=None
[2024-03-19T10:44:42.123+0000] {processor.py:183} INFO - Processing /home/airflow/.local/lib/python3.8/site-packages/airflow/example_dags/example_xcomargs.py took 0.060 seconds
[2024-03-19T10:45:12.771+0000] {processor.py:161} INFO - Started process (PID=548) to work on /home/airflow/.local/lib/python3.8/site-packages/airflow/example_dags/example_xcomargs.py
[2024-03-19T10:45:12.773+0000] {processor.py:830} INFO - Processing file /home/airflow/.local/lib/python3.8/site-packages/airflow/example_dags/example_xcomargs.py for tasks to queue
[2024-03-19T10:45:12.774+0000] {logging_mixin.py:188} INFO - [2024-03-19T10:45:12.774+0000] {dagbag.py:540} INFO - Filling up the DagBag from /home/airflow/.local/lib/python3.8/site-packages/airflow/example_dags/example_xcomargs.py
[2024-03-19T10:45:12.783+0000] {processor.py:840} INFO - DAG(s) 'example_xcom_args', 'example_xcom_args_with_operators' retrieved from /home/airflow/.local/lib/python3.8/site-packages/airflow/example_dags/example_xcomargs.py
[2024-03-19T10:45:12.804+0000] {logging_mixin.py:188} INFO - [2024-03-19T10:45:12.804+0000] {dag.py:3047} INFO - Sync 2 DAGs
[2024-03-19T10:45:12.816+0000] {logging_mixin.py:188} INFO - [2024-03-19T10:45:12.816+0000] {dag.py:3834} INFO - Setting next_dagrun for example_xcom_args to None, run_after=None
[2024-03-19T10:45:12.819+0000] {logging_mixin.py:188} INFO - [2024-03-19T10:45:12.819+0000] {dag.py:3834} INFO - Setting next_dagrun for example_xcom_args_with_operators to None, run_after=None
[2024-03-19T10:45:12.831+0000] {processor.py:183} INFO - Processing /home/airflow/.local/lib/python3.8/site-packages/airflow/example_dags/example_xcomargs.py took 0.063 seconds
[2024-03-19T10:45:43.770+0000] {processor.py:161} INFO - Started process (PID=604) to work on /home/airflow/.local/lib/python3.8/site-packages/airflow/example_dags/example_xcomargs.py
[2024-03-19T10:45:43.771+0000] {processor.py:830} INFO - Processing file /home/airflow/.local/lib/python3.8/site-packages/airflow/example_dags/example_xcomargs.py for tasks to queue
[2024-03-19T10:45:43.773+0000] {logging_mixin.py:188} INFO - [2024-03-19T10:45:43.773+0000] {dagbag.py:540} INFO - Filling up the DagBag from /home/airflow/.local/lib/python3.8/site-packages/airflow/example_dags/example_xcomargs.py
[2024-03-19T10:45:43.780+0000] {processor.py:840} INFO - DAG(s) 'example_xcom_args_with_operators', 'example_xcom_args' retrieved from /home/airflow/.local/lib/python3.8/site-packages/airflow/example_dags/example_xcomargs.py
[2024-03-19T10:45:43.798+0000] {logging_mixin.py:188} INFO - [2024-03-19T10:45:43.798+0000] {dag.py:3047} INFO - Sync 2 DAGs
[2024-03-19T10:45:43.809+0000] {logging_mixin.py:188} INFO - [2024-03-19T10:45:43.808+0000] {dag.py:3834} INFO - Setting next_dagrun for example_xcom_args to None, run_after=None
[2024-03-19T10:45:43.812+0000] {logging_mixin.py:188} INFO - [2024-03-19T10:45:43.812+0000] {dag.py:3834} INFO - Setting next_dagrun for example_xcom_args_with_operators to None, run_after=None
[2024-03-19T10:45:43.822+0000] {processor.py:183} INFO - Processing /home/airflow/.local/lib/python3.8/site-packages/airflow/example_dags/example_xcomargs.py took 0.056 seconds
[2024-03-19T10:46:14.544+0000] {processor.py:161} INFO - Started process (PID=660) to work on /home/airflow/.local/lib/python3.8/site-packages/airflow/example_dags/example_xcomargs.py
[2024-03-19T10:46:14.546+0000] {processor.py:830} INFO - Processing file /home/airflow/.local/lib/python3.8/site-packages/airflow/example_dags/example_xcomargs.py for tasks to queue
[2024-03-19T10:46:14.548+0000] {logging_mixin.py:188} INFO - [2024-03-19T10:46:14.548+0000] {dagbag.py:540} INFO - Filling up the DagBag from /home/airflow/.local/lib/python3.8/site-packages/airflow/example_dags/example_xcomargs.py
[2024-03-19T10:46:14.557+0000] {processor.py:840} INFO - DAG(s) 'example_xcom_args', 'example_xcom_args_with_operators' retrieved from /home/airflow/.local/lib/python3.8/site-packages/airflow/example_dags/example_xcomargs.py
[2024-03-19T10:46:14.581+0000] {logging_mixin.py:188} INFO - [2024-03-19T10:46:14.581+0000] {dag.py:3047} INFO - Sync 2 DAGs
[2024-03-19T10:46:14.596+0000] {logging_mixin.py:188} INFO - [2024-03-19T10:46:14.596+0000] {dag.py:3834} INFO - Setting next_dagrun for example_xcom_args to None, run_after=None
[2024-03-19T10:46:14.601+0000] {logging_mixin.py:188} INFO - [2024-03-19T10:46:14.600+0000] {dag.py:3834} INFO - Setting next_dagrun for example_xcom_args_with_operators to None, run_after=None
[2024-03-19T10:46:14.617+0000] {processor.py:183} INFO - Processing /home/airflow/.local/lib/python3.8/site-packages/airflow/example_dags/example_xcomargs.py took 0.078 seconds
[2024-03-19T10:46:45.137+0000] {processor.py:161} INFO - Started process (PID=716) to work on /home/airflow/.local/lib/python3.8/site-packages/airflow/example_dags/example_xcomargs.py
[2024-03-19T10:46:45.138+0000] {processor.py:830} INFO - Processing file /home/airflow/.local/lib/python3.8/site-packages/airflow/example_dags/example_xcomargs.py for tasks to queue
[2024-03-19T10:46:45.139+0000] {logging_mixin.py:188} INFO - [2024-03-19T10:46:45.139+0000] {dagbag.py:540} INFO - Filling up the DagBag from /home/airflow/.local/lib/python3.8/site-packages/airflow/example_dags/example_xcomargs.py
[2024-03-19T10:46:45.146+0000] {processor.py:840} INFO - DAG(s) 'example_xcom_args', 'example_xcom_args_with_operators' retrieved from /home/airflow/.local/lib/python3.8/site-packages/airflow/example_dags/example_xcomargs.py
[2024-03-19T10:46:45.164+0000] {logging_mixin.py:188} INFO - [2024-03-19T10:46:45.164+0000] {dag.py:3047} INFO - Sync 2 DAGs
[2024-03-19T10:46:45.174+0000] {logging_mixin.py:188} INFO - [2024-03-19T10:46:45.173+0000] {dag.py:3834} INFO - Setting next_dagrun for example_xcom_args to None, run_after=None
[2024-03-19T10:46:45.176+0000] {logging_mixin.py:188} INFO - [2024-03-19T10:46:45.176+0000] {dag.py:3834} INFO - Setting next_dagrun for example_xcom_args_with_operators to None, run_after=None
[2024-03-19T10:46:45.187+0000] {processor.py:183} INFO - Processing /home/airflow/.local/lib/python3.8/site-packages/airflow/example_dags/example_xcomargs.py took 0.053 seconds
[2024-03-19T10:47:15.374+0000] {processor.py:161} INFO - Started process (PID=772) to work on /home/airflow/.local/lib/python3.8/site-packages/airflow/example_dags/example_xcomargs.py
[2024-03-19T10:47:15.375+0000] {processor.py:830} INFO - Processing file /home/airflow/.local/lib/python3.8/site-packages/airflow/example_dags/example_xcomargs.py for tasks to queue
[2024-03-19T10:47:15.377+0000] {logging_mixin.py:188} INFO - [2024-03-19T10:47:15.377+0000] {dagbag.py:540} INFO - Filling up the DagBag from /home/airflow/.local/lib/python3.8/site-packages/airflow/example_dags/example_xcomargs.py
[2024-03-19T10:47:15.383+0000] {processor.py:840} INFO - DAG(s) 'example_xcom_args', 'example_xcom_args_with_operators' retrieved from /home/airflow/.local/lib/python3.8/site-packages/airflow/example_dags/example_xcomargs.py
[2024-03-19T10:47:15.401+0000] {logging_mixin.py:188} INFO - [2024-03-19T10:47:15.400+0000] {dag.py:3047} INFO - Sync 2 DAGs
[2024-03-19T10:47:15.409+0000] {logging_mixin.py:188} INFO - [2024-03-19T10:47:15.409+0000] {dag.py:3834} INFO - Setting next_dagrun for example_xcom_args to None, run_after=None
[2024-03-19T10:47:15.412+0000] {logging_mixin.py:188} INFO - [2024-03-19T10:47:15.412+0000] {dag.py:3834} INFO - Setting next_dagrun for example_xcom_args_with_operators to None, run_after=None
[2024-03-19T10:47:15.422+0000] {processor.py:183} INFO - Processing /home/airflow/.local/lib/python3.8/site-packages/airflow/example_dags/example_xcomargs.py took 0.051 seconds
[2024-03-19T10:47:45.736+0000] {processor.py:161} INFO - Started process (PID=828) to work on /home/airflow/.local/lib/python3.8/site-packages/airflow/example_dags/example_xcomargs.py
[2024-03-19T10:47:45.737+0000] {processor.py:830} INFO - Processing file /home/airflow/.local/lib/python3.8/site-packages/airflow/example_dags/example_xcomargs.py for tasks to queue
[2024-03-19T10:47:45.738+0000] {logging_mixin.py:188} INFO - [2024-03-19T10:47:45.738+0000] {dagbag.py:540} INFO - Filling up the DagBag from /home/airflow/.local/lib/python3.8/site-packages/airflow/example_dags/example_xcomargs.py
[2024-03-19T10:47:45.744+0000] {processor.py:840} INFO - DAG(s) 'example_xcom_args', 'example_xcom_args_with_operators' retrieved from /home/airflow/.local/lib/python3.8/site-packages/airflow/example_dags/example_xcomargs.py
[2024-03-19T10:47:45.761+0000] {logging_mixin.py:188} INFO - [2024-03-19T10:47:45.761+0000] {dag.py:3047} INFO - Sync 2 DAGs
[2024-03-19T10:47:45.770+0000] {logging_mixin.py:188} INFO - [2024-03-19T10:47:45.770+0000] {dag.py:3834} INFO - Setting next_dagrun for example_xcom_args to None, run_after=None
[2024-03-19T10:47:45.772+0000] {logging_mixin.py:188} INFO - [2024-03-19T10:47:45.772+0000] {dag.py:3834} INFO - Setting next_dagrun for example_xcom_args_with_operators to None, run_after=None
[2024-03-19T10:47:45.782+0000] {processor.py:183} INFO - Processing /home/airflow/.local/lib/python3.8/site-packages/airflow/example_dags/example_xcomargs.py took 0.050 seconds
[2024-03-19T10:48:16.039+0000] {processor.py:161} INFO - Started process (PID=884) to work on /home/airflow/.local/lib/python3.8/site-packages/airflow/example_dags/example_xcomargs.py
[2024-03-19T10:48:16.040+0000] {processor.py:830} INFO - Processing file /home/airflow/.local/lib/python3.8/site-packages/airflow/example_dags/example_xcomargs.py for tasks to queue
[2024-03-19T10:48:16.042+0000] {logging_mixin.py:188} INFO - [2024-03-19T10:48:16.041+0000] {dagbag.py:540} INFO - Filling up the DagBag from /home/airflow/.local/lib/python3.8/site-packages/airflow/example_dags/example_xcomargs.py
[2024-03-19T10:48:16.048+0000] {processor.py:840} INFO - DAG(s) 'example_xcom_args', 'example_xcom_args_with_operators' retrieved from /home/airflow/.local/lib/python3.8/site-packages/airflow/example_dags/example_xcomargs.py
[2024-03-19T10:48:16.066+0000] {logging_mixin.py:188} INFO - [2024-03-19T10:48:16.066+0000] {dag.py:3047} INFO - Sync 2 DAGs
[2024-03-19T10:48:16.075+0000] {logging_mixin.py:188} INFO - [2024-03-19T10:48:16.074+0000] {dag.py:3834} INFO - Setting next_dagrun for example_xcom_args to None, run_after=None
[2024-03-19T10:48:16.077+0000] {logging_mixin.py:188} INFO - [2024-03-19T10:48:16.077+0000] {dag.py:3834} INFO - Setting next_dagrun for example_xcom_args_with_operators to None, run_after=None
[2024-03-19T10:48:16.087+0000] {processor.py:183} INFO - Processing /home/airflow/.local/lib/python3.8/site-packages/airflow/example_dags/example_xcomargs.py took 0.051 seconds
[2024-03-19T10:48:46.257+0000] {processor.py:161} INFO - Started process (PID=940) to work on /home/airflow/.local/lib/python3.8/site-packages/airflow/example_dags/example_xcomargs.py
[2024-03-19T10:48:46.258+0000] {processor.py:830} INFO - Processing file /home/airflow/.local/lib/python3.8/site-packages/airflow/example_dags/example_xcomargs.py for tasks to queue
[2024-03-19T10:48:46.259+0000] {logging_mixin.py:188} INFO - [2024-03-19T10:48:46.259+0000] {dagbag.py:540} INFO - Filling up the DagBag from /home/airflow/.local/lib/python3.8/site-packages/airflow/example_dags/example_xcomargs.py
[2024-03-19T10:48:46.266+0000] {processor.py:840} INFO - DAG(s) 'example_xcom_args', 'example_xcom_args_with_operators' retrieved from /home/airflow/.local/lib/python3.8/site-packages/airflow/example_dags/example_xcomargs.py
[2024-03-19T10:48:46.283+0000] {logging_mixin.py:188} INFO - [2024-03-19T10:48:46.283+0000] {dag.py:3047} INFO - Sync 2 DAGs
[2024-03-19T10:48:46.293+0000] {logging_mixin.py:188} INFO - [2024-03-19T10:48:46.292+0000] {dag.py:3834} INFO - Setting next_dagrun for example_xcom_args to None, run_after=None
[2024-03-19T10:48:46.297+0000] {logging_mixin.py:188} INFO - [2024-03-19T10:48:46.297+0000] {dag.py:3834} INFO - Setting next_dagrun for example_xcom_args_with_operators to None, run_after=None
[2024-03-19T10:48:46.313+0000] {processor.py:183} INFO - Processing /home/airflow/.local/lib/python3.8/site-packages/airflow/example_dags/example_xcomargs.py took 0.059 seconds
[2024-03-19T10:49:16.606+0000] {processor.py:161} INFO - Started process (PID=996) to work on /home/airflow/.local/lib/python3.8/site-packages/airflow/example_dags/example_xcomargs.py
[2024-03-19T10:49:16.607+0000] {processor.py:830} INFO - Processing file /home/airflow/.local/lib/python3.8/site-packages/airflow/example_dags/example_xcomargs.py for tasks to queue
[2024-03-19T10:49:16.608+0000] {logging_mixin.py:188} INFO - [2024-03-19T10:49:16.608+0000] {dagbag.py:540} INFO - Filling up the DagBag from /home/airflow/.local/lib/python3.8/site-packages/airflow/example_dags/example_xcomargs.py
[2024-03-19T10:49:16.615+0000] {processor.py:840} INFO - DAG(s) 'example_xcom_args_with_operators', 'example_xcom_args' retrieved from /home/airflow/.local/lib/python3.8/site-packages/airflow/example_dags/example_xcomargs.py
[2024-03-19T10:49:16.632+0000] {logging_mixin.py:188} INFO - [2024-03-19T10:49:16.632+0000] {dag.py:3047} INFO - Sync 2 DAGs
[2024-03-19T10:49:16.641+0000] {logging_mixin.py:188} INFO - [2024-03-19T10:49:16.640+0000] {dag.py:3834} INFO - Setting next_dagrun for example_xcom_args to None, run_after=None
[2024-03-19T10:49:16.643+0000] {logging_mixin.py:188} INFO - [2024-03-19T10:49:16.643+0000] {dag.py:3834} INFO - Setting next_dagrun for example_xcom_args_with_operators to None, run_after=None
[2024-03-19T10:49:16.655+0000] {processor.py:183} INFO - Processing /home/airflow/.local/lib/python3.8/site-packages/airflow/example_dags/example_xcomargs.py took 0.052 seconds
