[2024-03-19T10:40:39.522+0000] {processor.py:161} INFO - Started process (PID=64) to work on /home/airflow/.local/lib/python3.8/site-packages/airflow/example_dags/example_short_circuit_operator.py
[2024-03-19T10:40:39.524+0000] {processor.py:830} INFO - Processing file /home/airflow/.local/lib/python3.8/site-packages/airflow/example_dags/example_short_circuit_operator.py for tasks to queue
[2024-03-19T10:40:39.529+0000] {logging_mixin.py:188} INFO - [2024-03-19T10:40:39.528+0000] {dagbag.py:540} INFO - Filling up the DagBag from /home/airflow/.local/lib/python3.8/site-packages/airflow/example_dags/example_short_circuit_operator.py
[2024-03-19T10:40:39.550+0000] {processor.py:840} INFO - DAG(s) 'example_short_circuit_operator' retrieved from /home/airflow/.local/lib/python3.8/site-packages/airflow/example_dags/example_short_circuit_operator.py
[2024-03-19T10:40:39.574+0000] {logging_mixin.py:188} INFO - [2024-03-19T10:40:39.573+0000] {dag.py:3047} INFO - Sync 1 DAGs
[2024-03-19T10:40:39.616+0000] {logging_mixin.py:188} INFO - [2024-03-19T10:40:39.615+0000] {dag.py:3834} INFO - Setting next_dagrun for example_short_circuit_operator to 2024-03-18 00:00:00+00:00, run_after=2024-03-19 00:00:00+00:00
[2024-03-19T10:40:39.645+0000] {processor.py:183} INFO - Processing /home/airflow/.local/lib/python3.8/site-packages/airflow/example_dags/example_short_circuit_operator.py took 0.133 seconds
[2024-03-19T10:41:10.263+0000] {processor.py:161} INFO - Started process (PID=120) to work on /home/airflow/.local/lib/python3.8/site-packages/airflow/example_dags/example_short_circuit_operator.py
[2024-03-19T10:41:10.264+0000] {processor.py:830} INFO - Processing file /home/airflow/.local/lib/python3.8/site-packages/airflow/example_dags/example_short_circuit_operator.py for tasks to queue
[2024-03-19T10:41:10.266+0000] {logging_mixin.py:188} INFO - [2024-03-19T10:41:10.266+0000] {dagbag.py:540} INFO - Filling up the DagBag from /home/airflow/.local/lib/python3.8/site-packages/airflow/example_dags/example_short_circuit_operator.py
[2024-03-19T10:41:10.272+0000] {processor.py:840} INFO - DAG(s) 'example_short_circuit_operator' retrieved from /home/airflow/.local/lib/python3.8/site-packages/airflow/example_dags/example_short_circuit_operator.py
[2024-03-19T10:41:10.346+0000] {logging_mixin.py:188} INFO - [2024-03-19T10:41:10.346+0000] {dag.py:3047} INFO - Sync 1 DAGs
[2024-03-19T10:41:10.359+0000] {logging_mixin.py:188} INFO - [2024-03-19T10:41:10.359+0000] {dag.py:3834} INFO - Setting next_dagrun for example_short_circuit_operator to 2024-03-18 00:00:00+00:00, run_after=2024-03-19 00:00:00+00:00
[2024-03-19T10:41:10.371+0000] {processor.py:183} INFO - Processing /home/airflow/.local/lib/python3.8/site-packages/airflow/example_dags/example_short_circuit_operator.py took 0.111 seconds
[2024-03-19T10:41:41.261+0000] {processor.py:161} INFO - Started process (PID=176) to work on /home/airflow/.local/lib/python3.8/site-packages/airflow/example_dags/example_short_circuit_operator.py
[2024-03-19T10:41:41.262+0000] {processor.py:830} INFO - Processing file /home/airflow/.local/lib/python3.8/site-packages/airflow/example_dags/example_short_circuit_operator.py for tasks to queue
[2024-03-19T10:41:41.264+0000] {logging_mixin.py:188} INFO - [2024-03-19T10:41:41.264+0000] {dagbag.py:540} INFO - Filling up the DagBag from /home/airflow/.local/lib/python3.8/site-packages/airflow/example_dags/example_short_circuit_operator.py
[2024-03-19T10:41:41.270+0000] {processor.py:840} INFO - DAG(s) 'example_short_circuit_operator' retrieved from /home/airflow/.local/lib/python3.8/site-packages/airflow/example_dags/example_short_circuit_operator.py
[2024-03-19T10:41:41.288+0000] {logging_mixin.py:188} INFO - [2024-03-19T10:41:41.288+0000] {dag.py:3047} INFO - Sync 1 DAGs
[2024-03-19T10:41:41.303+0000] {logging_mixin.py:188} INFO - [2024-03-19T10:41:41.303+0000] {dag.py:3834} INFO - Setting next_dagrun for example_short_circuit_operator to 2024-03-18 00:00:00+00:00, run_after=2024-03-19 00:00:00+00:00
[2024-03-19T10:41:41.315+0000] {processor.py:183} INFO - Processing /home/airflow/.local/lib/python3.8/site-packages/airflow/example_dags/example_short_circuit_operator.py took 0.057 seconds
[2024-03-19T10:42:12.276+0000] {processor.py:161} INFO - Started process (PID=232) to work on /home/airflow/.local/lib/python3.8/site-packages/airflow/example_dags/example_short_circuit_operator.py
[2024-03-19T10:42:12.277+0000] {processor.py:830} INFO - Processing file /home/airflow/.local/lib/python3.8/site-packages/airflow/example_dags/example_short_circuit_operator.py for tasks to queue
[2024-03-19T10:42:12.278+0000] {logging_mixin.py:188} INFO - [2024-03-19T10:42:12.278+0000] {dagbag.py:540} INFO - Filling up the DagBag from /home/airflow/.local/lib/python3.8/site-packages/airflow/example_dags/example_short_circuit_operator.py
[2024-03-19T10:42:12.284+0000] {processor.py:840} INFO - DAG(s) 'example_short_circuit_operator' retrieved from /home/airflow/.local/lib/python3.8/site-packages/airflow/example_dags/example_short_circuit_operator.py
[2024-03-19T10:42:12.303+0000] {logging_mixin.py:188} INFO - [2024-03-19T10:42:12.303+0000] {dag.py:3047} INFO - Sync 1 DAGs
[2024-03-19T10:42:12.318+0000] {logging_mixin.py:188} INFO - [2024-03-19T10:42:12.318+0000] {dag.py:3834} INFO - Setting next_dagrun for example_short_circuit_operator to 2024-03-18 00:00:00+00:00, run_after=2024-03-19 00:00:00+00:00
[2024-03-19T10:42:12.330+0000] {processor.py:183} INFO - Processing /home/airflow/.local/lib/python3.8/site-packages/airflow/example_dags/example_short_circuit_operator.py took 0.058 seconds
[2024-03-19T10:42:43.012+0000] {processor.py:161} INFO - Started process (PID=288) to work on /home/airflow/.local/lib/python3.8/site-packages/airflow/example_dags/example_short_circuit_operator.py
[2024-03-19T10:42:43.013+0000] {processor.py:830} INFO - Processing file /home/airflow/.local/lib/python3.8/site-packages/airflow/example_dags/example_short_circuit_operator.py for tasks to queue
[2024-03-19T10:42:43.014+0000] {logging_mixin.py:188} INFO - [2024-03-19T10:42:43.014+0000] {dagbag.py:540} INFO - Filling up the DagBag from /home/airflow/.local/lib/python3.8/site-packages/airflow/example_dags/example_short_circuit_operator.py
[2024-03-19T10:42:43.021+0000] {processor.py:840} INFO - DAG(s) 'example_short_circuit_operator' retrieved from /home/airflow/.local/lib/python3.8/site-packages/airflow/example_dags/example_short_circuit_operator.py
[2024-03-19T10:42:43.039+0000] {logging_mixin.py:188} INFO - [2024-03-19T10:42:43.039+0000] {dag.py:3047} INFO - Sync 1 DAGs
[2024-03-19T10:42:43.057+0000] {logging_mixin.py:188} INFO - [2024-03-19T10:42:43.056+0000] {dag.py:3834} INFO - Setting next_dagrun for example_short_circuit_operator to 2024-03-18 00:00:00+00:00, run_after=2024-03-19 00:00:00+00:00
[2024-03-19T10:42:43.074+0000] {processor.py:183} INFO - Processing /home/airflow/.local/lib/python3.8/site-packages/airflow/example_dags/example_short_circuit_operator.py took 0.066 seconds
[2024-03-19T10:43:13.424+0000] {processor.py:161} INFO - Started process (PID=344) to work on /home/airflow/.local/lib/python3.8/site-packages/airflow/example_dags/example_short_circuit_operator.py
[2024-03-19T10:43:13.425+0000] {processor.py:830} INFO - Processing file /home/airflow/.local/lib/python3.8/site-packages/airflow/example_dags/example_short_circuit_operator.py for tasks to queue
[2024-03-19T10:43:13.427+0000] {logging_mixin.py:188} INFO - [2024-03-19T10:43:13.426+0000] {dagbag.py:540} INFO - Filling up the DagBag from /home/airflow/.local/lib/python3.8/site-packages/airflow/example_dags/example_short_circuit_operator.py
[2024-03-19T10:43:13.433+0000] {processor.py:840} INFO - DAG(s) 'example_short_circuit_operator' retrieved from /home/airflow/.local/lib/python3.8/site-packages/airflow/example_dags/example_short_circuit_operator.py
[2024-03-19T10:43:13.449+0000] {logging_mixin.py:188} INFO - [2024-03-19T10:43:13.449+0000] {dag.py:3047} INFO - Sync 1 DAGs
[2024-03-19T10:43:13.464+0000] {logging_mixin.py:188} INFO - [2024-03-19T10:43:13.464+0000] {dag.py:3834} INFO - Setting next_dagrun for example_short_circuit_operator to 2024-03-18 00:00:00+00:00, run_after=2024-03-19 00:00:00+00:00
[2024-03-19T10:43:13.475+0000] {processor.py:183} INFO - Processing /home/airflow/.local/lib/python3.8/site-packages/airflow/example_dags/example_short_circuit_operator.py took 0.054 seconds
[2024-03-19T10:43:43.874+0000] {processor.py:161} INFO - Started process (PID=400) to work on /home/airflow/.local/lib/python3.8/site-packages/airflow/example_dags/example_short_circuit_operator.py
[2024-03-19T10:43:43.875+0000] {processor.py:830} INFO - Processing file /home/airflow/.local/lib/python3.8/site-packages/airflow/example_dags/example_short_circuit_operator.py for tasks to queue
[2024-03-19T10:43:43.877+0000] {logging_mixin.py:188} INFO - [2024-03-19T10:43:43.876+0000] {dagbag.py:540} INFO - Filling up the DagBag from /home/airflow/.local/lib/python3.8/site-packages/airflow/example_dags/example_short_circuit_operator.py
[2024-03-19T10:43:43.883+0000] {processor.py:840} INFO - DAG(s) 'example_short_circuit_operator' retrieved from /home/airflow/.local/lib/python3.8/site-packages/airflow/example_dags/example_short_circuit_operator.py
[2024-03-19T10:43:43.899+0000] {logging_mixin.py:188} INFO - [2024-03-19T10:43:43.899+0000] {dag.py:3047} INFO - Sync 1 DAGs
[2024-03-19T10:43:43.914+0000] {logging_mixin.py:188} INFO - [2024-03-19T10:43:43.914+0000] {dag.py:3834} INFO - Setting next_dagrun for example_short_circuit_operator to 2024-03-18 00:00:00+00:00, run_after=2024-03-19 00:00:00+00:00
[2024-03-19T10:43:43.926+0000] {processor.py:183} INFO - Processing /home/airflow/.local/lib/python3.8/site-packages/airflow/example_dags/example_short_circuit_operator.py took 0.055 seconds
[2024-03-19T10:44:14.271+0000] {processor.py:161} INFO - Started process (PID=456) to work on /home/airflow/.local/lib/python3.8/site-packages/airflow/example_dags/example_short_circuit_operator.py
[2024-03-19T10:44:14.272+0000] {processor.py:830} INFO - Processing file /home/airflow/.local/lib/python3.8/site-packages/airflow/example_dags/example_short_circuit_operator.py for tasks to queue
[2024-03-19T10:44:14.274+0000] {logging_mixin.py:188} INFO - [2024-03-19T10:44:14.273+0000] {dagbag.py:540} INFO - Filling up the DagBag from /home/airflow/.local/lib/python3.8/site-packages/airflow/example_dags/example_short_circuit_operator.py
[2024-03-19T10:44:14.280+0000] {processor.py:840} INFO - DAG(s) 'example_short_circuit_operator' retrieved from /home/airflow/.local/lib/python3.8/site-packages/airflow/example_dags/example_short_circuit_operator.py
[2024-03-19T10:44:14.296+0000] {logging_mixin.py:188} INFO - [2024-03-19T10:44:14.296+0000] {dag.py:3047} INFO - Sync 1 DAGs
[2024-03-19T10:44:14.310+0000] {logging_mixin.py:188} INFO - [2024-03-19T10:44:14.310+0000] {dag.py:3834} INFO - Setting next_dagrun for example_short_circuit_operator to 2024-03-18 00:00:00+00:00, run_after=2024-03-19 00:00:00+00:00
[2024-03-19T10:44:14.322+0000] {processor.py:183} INFO - Processing /home/airflow/.local/lib/python3.8/site-packages/airflow/example_dags/example_short_circuit_operator.py took 0.054 seconds
[2024-03-19T10:44:45.003+0000] {processor.py:161} INFO - Started process (PID=512) to work on /home/airflow/.local/lib/python3.8/site-packages/airflow/example_dags/example_short_circuit_operator.py
[2024-03-19T10:44:45.004+0000] {processor.py:830} INFO - Processing file /home/airflow/.local/lib/python3.8/site-packages/airflow/example_dags/example_short_circuit_operator.py for tasks to queue
[2024-03-19T10:44:45.006+0000] {logging_mixin.py:188} INFO - [2024-03-19T10:44:45.006+0000] {dagbag.py:540} INFO - Filling up the DagBag from /home/airflow/.local/lib/python3.8/site-packages/airflow/example_dags/example_short_circuit_operator.py
[2024-03-19T10:44:45.013+0000] {processor.py:840} INFO - DAG(s) 'example_short_circuit_operator' retrieved from /home/airflow/.local/lib/python3.8/site-packages/airflow/example_dags/example_short_circuit_operator.py
[2024-03-19T10:44:45.035+0000] {logging_mixin.py:188} INFO - [2024-03-19T10:44:45.034+0000] {dag.py:3047} INFO - Sync 1 DAGs
[2024-03-19T10:44:45.050+0000] {logging_mixin.py:188} INFO - [2024-03-19T10:44:45.050+0000] {dag.py:3834} INFO - Setting next_dagrun for example_short_circuit_operator to 2024-03-18 00:00:00+00:00, run_after=2024-03-19 00:00:00+00:00
[2024-03-19T10:44:45.063+0000] {processor.py:183} INFO - Processing /home/airflow/.local/lib/python3.8/site-packages/airflow/example_dags/example_short_circuit_operator.py took 0.064 seconds
[2024-03-19T10:45:15.653+0000] {processor.py:161} INFO - Started process (PID=568) to work on /home/airflow/.local/lib/python3.8/site-packages/airflow/example_dags/example_short_circuit_operator.py
[2024-03-19T10:45:15.654+0000] {processor.py:830} INFO - Processing file /home/airflow/.local/lib/python3.8/site-packages/airflow/example_dags/example_short_circuit_operator.py for tasks to queue
[2024-03-19T10:45:15.656+0000] {logging_mixin.py:188} INFO - [2024-03-19T10:45:15.656+0000] {dagbag.py:540} INFO - Filling up the DagBag from /home/airflow/.local/lib/python3.8/site-packages/airflow/example_dags/example_short_circuit_operator.py
[2024-03-19T10:45:15.662+0000] {processor.py:840} INFO - DAG(s) 'example_short_circuit_operator' retrieved from /home/airflow/.local/lib/python3.8/site-packages/airflow/example_dags/example_short_circuit_operator.py
[2024-03-19T10:45:15.681+0000] {logging_mixin.py:188} INFO - [2024-03-19T10:45:15.680+0000] {dag.py:3047} INFO - Sync 1 DAGs
[2024-03-19T10:45:15.696+0000] {logging_mixin.py:188} INFO - [2024-03-19T10:45:15.696+0000] {dag.py:3834} INFO - Setting next_dagrun for example_short_circuit_operator to 2024-03-18 00:00:00+00:00, run_after=2024-03-19 00:00:00+00:00
[2024-03-19T10:45:15.708+0000] {processor.py:183} INFO - Processing /home/airflow/.local/lib/python3.8/site-packages/airflow/example_dags/example_short_circuit_operator.py took 0.057 seconds
[2024-03-19T10:45:46.609+0000] {processor.py:161} INFO - Started process (PID=624) to work on /home/airflow/.local/lib/python3.8/site-packages/airflow/example_dags/example_short_circuit_operator.py
[2024-03-19T10:45:46.610+0000] {processor.py:830} INFO - Processing file /home/airflow/.local/lib/python3.8/site-packages/airflow/example_dags/example_short_circuit_operator.py for tasks to queue
[2024-03-19T10:45:46.612+0000] {logging_mixin.py:188} INFO - [2024-03-19T10:45:46.612+0000] {dagbag.py:540} INFO - Filling up the DagBag from /home/airflow/.local/lib/python3.8/site-packages/airflow/example_dags/example_short_circuit_operator.py
[2024-03-19T10:45:46.619+0000] {processor.py:840} INFO - DAG(s) 'example_short_circuit_operator' retrieved from /home/airflow/.local/lib/python3.8/site-packages/airflow/example_dags/example_short_circuit_operator.py
[2024-03-19T10:45:46.637+0000] {logging_mixin.py:188} INFO - [2024-03-19T10:45:46.637+0000] {dag.py:3047} INFO - Sync 1 DAGs
[2024-03-19T10:45:46.653+0000] {logging_mixin.py:188} INFO - [2024-03-19T10:45:46.652+0000] {dag.py:3834} INFO - Setting next_dagrun for example_short_circuit_operator to 2024-03-18 00:00:00+00:00, run_after=2024-03-19 00:00:00+00:00
[2024-03-19T10:45:46.664+0000] {processor.py:183} INFO - Processing /home/airflow/.local/lib/python3.8/site-packages/airflow/example_dags/example_short_circuit_operator.py took 0.058 seconds
[2024-03-19T10:46:17.237+0000] {processor.py:161} INFO - Started process (PID=680) to work on /home/airflow/.local/lib/python3.8/site-packages/airflow/example_dags/example_short_circuit_operator.py
[2024-03-19T10:46:17.238+0000] {processor.py:830} INFO - Processing file /home/airflow/.local/lib/python3.8/site-packages/airflow/example_dags/example_short_circuit_operator.py for tasks to queue
[2024-03-19T10:46:17.240+0000] {logging_mixin.py:188} INFO - [2024-03-19T10:46:17.239+0000] {dagbag.py:540} INFO - Filling up the DagBag from /home/airflow/.local/lib/python3.8/site-packages/airflow/example_dags/example_short_circuit_operator.py
[2024-03-19T10:46:17.246+0000] {processor.py:840} INFO - DAG(s) 'example_short_circuit_operator' retrieved from /home/airflow/.local/lib/python3.8/site-packages/airflow/example_dags/example_short_circuit_operator.py
[2024-03-19T10:46:17.272+0000] {logging_mixin.py:188} INFO - [2024-03-19T10:46:17.272+0000] {dag.py:3047} INFO - Sync 1 DAGs
[2024-03-19T10:46:17.293+0000] {logging_mixin.py:188} INFO - [2024-03-19T10:46:17.293+0000] {dag.py:3834} INFO - Setting next_dagrun for example_short_circuit_operator to 2024-03-18 00:00:00+00:00, run_after=2024-03-19 00:00:00+00:00
[2024-03-19T10:46:17.306+0000] {processor.py:183} INFO - Processing /home/airflow/.local/lib/python3.8/site-packages/airflow/example_dags/example_short_circuit_operator.py took 0.072 seconds
[2024-03-19T10:46:48.172+0000] {processor.py:161} INFO - Started process (PID=736) to work on /home/airflow/.local/lib/python3.8/site-packages/airflow/example_dags/example_short_circuit_operator.py
[2024-03-19T10:46:48.173+0000] {processor.py:830} INFO - Processing file /home/airflow/.local/lib/python3.8/site-packages/airflow/example_dags/example_short_circuit_operator.py for tasks to queue
[2024-03-19T10:46:48.176+0000] {logging_mixin.py:188} INFO - [2024-03-19T10:46:48.175+0000] {dagbag.py:540} INFO - Filling up the DagBag from /home/airflow/.local/lib/python3.8/site-packages/airflow/example_dags/example_short_circuit_operator.py
[2024-03-19T10:46:48.194+0000] {processor.py:840} INFO - DAG(s) 'example_short_circuit_operator' retrieved from /home/airflow/.local/lib/python3.8/site-packages/airflow/example_dags/example_short_circuit_operator.py
[2024-03-19T10:46:48.229+0000] {logging_mixin.py:188} INFO - [2024-03-19T10:46:48.229+0000] {dag.py:3047} INFO - Sync 1 DAGs
[2024-03-19T10:46:48.247+0000] {logging_mixin.py:188} INFO - [2024-03-19T10:46:48.247+0000] {dag.py:3834} INFO - Setting next_dagrun for example_short_circuit_operator to 2024-03-18 00:00:00+00:00, run_after=2024-03-19 00:00:00+00:00
[2024-03-19T10:46:48.260+0000] {processor.py:183} INFO - Processing /home/airflow/.local/lib/python3.8/site-packages/airflow/example_dags/example_short_circuit_operator.py took 0.093 seconds
[2024-03-19T10:47:18.491+0000] {processor.py:161} INFO - Started process (PID=792) to work on /home/airflow/.local/lib/python3.8/site-packages/airflow/example_dags/example_short_circuit_operator.py
[2024-03-19T10:47:18.492+0000] {processor.py:830} INFO - Processing file /home/airflow/.local/lib/python3.8/site-packages/airflow/example_dags/example_short_circuit_operator.py for tasks to queue
[2024-03-19T10:47:18.494+0000] {logging_mixin.py:188} INFO - [2024-03-19T10:47:18.493+0000] {dagbag.py:540} INFO - Filling up the DagBag from /home/airflow/.local/lib/python3.8/site-packages/airflow/example_dags/example_short_circuit_operator.py
[2024-03-19T10:47:18.501+0000] {processor.py:840} INFO - DAG(s) 'example_short_circuit_operator' retrieved from /home/airflow/.local/lib/python3.8/site-packages/airflow/example_dags/example_short_circuit_operator.py
[2024-03-19T10:47:18.531+0000] {logging_mixin.py:188} INFO - [2024-03-19T10:47:18.530+0000] {dag.py:3047} INFO - Sync 1 DAGs
[2024-03-19T10:47:18.554+0000] {logging_mixin.py:188} INFO - [2024-03-19T10:47:18.553+0000] {dag.py:3834} INFO - Setting next_dagrun for example_short_circuit_operator to 2024-03-18 00:00:00+00:00, run_after=2024-03-19 00:00:00+00:00
[2024-03-19T10:47:18.571+0000] {processor.py:183} INFO - Processing /home/airflow/.local/lib/python3.8/site-packages/airflow/example_dags/example_short_circuit_operator.py took 0.083 seconds
[2024-03-19T10:47:48.737+0000] {processor.py:161} INFO - Started process (PID=848) to work on /home/airflow/.local/lib/python3.8/site-packages/airflow/example_dags/example_short_circuit_operator.py
[2024-03-19T10:47:48.739+0000] {processor.py:830} INFO - Processing file /home/airflow/.local/lib/python3.8/site-packages/airflow/example_dags/example_short_circuit_operator.py for tasks to queue
[2024-03-19T10:47:48.741+0000] {logging_mixin.py:188} INFO - [2024-03-19T10:47:48.740+0000] {dagbag.py:540} INFO - Filling up the DagBag from /home/airflow/.local/lib/python3.8/site-packages/airflow/example_dags/example_short_circuit_operator.py
[2024-03-19T10:47:48.754+0000] {processor.py:840} INFO - DAG(s) 'example_short_circuit_operator' retrieved from /home/airflow/.local/lib/python3.8/site-packages/airflow/example_dags/example_short_circuit_operator.py
[2024-03-19T10:47:48.776+0000] {logging_mixin.py:188} INFO - [2024-03-19T10:47:48.776+0000] {dag.py:3047} INFO - Sync 1 DAGs
[2024-03-19T10:47:48.794+0000] {logging_mixin.py:188} INFO - [2024-03-19T10:47:48.793+0000] {dag.py:3834} INFO - Setting next_dagrun for example_short_circuit_operator to 2024-03-18 00:00:00+00:00, run_after=2024-03-19 00:00:00+00:00
[2024-03-19T10:47:48.807+0000] {processor.py:183} INFO - Processing /home/airflow/.local/lib/python3.8/site-packages/airflow/example_dags/example_short_circuit_operator.py took 0.073 seconds
[2024-03-19T10:48:18.990+0000] {processor.py:161} INFO - Started process (PID=904) to work on /home/airflow/.local/lib/python3.8/site-packages/airflow/example_dags/example_short_circuit_operator.py
[2024-03-19T10:48:18.991+0000] {processor.py:830} INFO - Processing file /home/airflow/.local/lib/python3.8/site-packages/airflow/example_dags/example_short_circuit_operator.py for tasks to queue
[2024-03-19T10:48:18.993+0000] {logging_mixin.py:188} INFO - [2024-03-19T10:48:18.993+0000] {dagbag.py:540} INFO - Filling up the DagBag from /home/airflow/.local/lib/python3.8/site-packages/airflow/example_dags/example_short_circuit_operator.py
[2024-03-19T10:48:18.999+0000] {processor.py:840} INFO - DAG(s) 'example_short_circuit_operator' retrieved from /home/airflow/.local/lib/python3.8/site-packages/airflow/example_dags/example_short_circuit_operator.py
[2024-03-19T10:48:19.016+0000] {logging_mixin.py:188} INFO - [2024-03-19T10:48:19.016+0000] {dag.py:3047} INFO - Sync 1 DAGs
[2024-03-19T10:48:19.030+0000] {logging_mixin.py:188} INFO - [2024-03-19T10:48:19.030+0000] {dag.py:3834} INFO - Setting next_dagrun for example_short_circuit_operator to 2024-03-18 00:00:00+00:00, run_after=2024-03-19 00:00:00+00:00
[2024-03-19T10:48:19.042+0000] {processor.py:183} INFO - Processing /home/airflow/.local/lib/python3.8/site-packages/airflow/example_dags/example_short_circuit_operator.py took 0.055 seconds
[2024-03-19T10:48:49.186+0000] {processor.py:161} INFO - Started process (PID=960) to work on /home/airflow/.local/lib/python3.8/site-packages/airflow/example_dags/example_short_circuit_operator.py
[2024-03-19T10:48:49.187+0000] {processor.py:830} INFO - Processing file /home/airflow/.local/lib/python3.8/site-packages/airflow/example_dags/example_short_circuit_operator.py for tasks to queue
[2024-03-19T10:48:49.189+0000] {logging_mixin.py:188} INFO - [2024-03-19T10:48:49.189+0000] {dagbag.py:540} INFO - Filling up the DagBag from /home/airflow/.local/lib/python3.8/site-packages/airflow/example_dags/example_short_circuit_operator.py
[2024-03-19T10:48:49.196+0000] {processor.py:840} INFO - DAG(s) 'example_short_circuit_operator' retrieved from /home/airflow/.local/lib/python3.8/site-packages/airflow/example_dags/example_short_circuit_operator.py
[2024-03-19T10:48:49.215+0000] {logging_mixin.py:188} INFO - [2024-03-19T10:48:49.215+0000] {dag.py:3047} INFO - Sync 1 DAGs
[2024-03-19T10:48:49.232+0000] {logging_mixin.py:188} INFO - [2024-03-19T10:48:49.231+0000] {dag.py:3834} INFO - Setting next_dagrun for example_short_circuit_operator to 2024-03-18 00:00:00+00:00, run_after=2024-03-19 00:00:00+00:00
[2024-03-19T10:48:49.244+0000] {processor.py:183} INFO - Processing /home/airflow/.local/lib/python3.8/site-packages/airflow/example_dags/example_short_circuit_operator.py took 0.062 seconds
[2024-03-19T10:49:19.706+0000] {processor.py:161} INFO - Started process (PID=1016) to work on /home/airflow/.local/lib/python3.8/site-packages/airflow/example_dags/example_short_circuit_operator.py
[2024-03-19T10:49:19.707+0000] {processor.py:830} INFO - Processing file /home/airflow/.local/lib/python3.8/site-packages/airflow/example_dags/example_short_circuit_operator.py for tasks to queue
[2024-03-19T10:49:19.709+0000] {logging_mixin.py:188} INFO - [2024-03-19T10:49:19.709+0000] {dagbag.py:540} INFO - Filling up the DagBag from /home/airflow/.local/lib/python3.8/site-packages/airflow/example_dags/example_short_circuit_operator.py
[2024-03-19T10:49:19.715+0000] {processor.py:840} INFO - DAG(s) 'example_short_circuit_operator' retrieved from /home/airflow/.local/lib/python3.8/site-packages/airflow/example_dags/example_short_circuit_operator.py
[2024-03-19T10:49:19.735+0000] {logging_mixin.py:188} INFO - [2024-03-19T10:49:19.734+0000] {dag.py:3047} INFO - Sync 1 DAGs
[2024-03-19T10:49:19.757+0000] {logging_mixin.py:188} INFO - [2024-03-19T10:49:19.757+0000] {dag.py:3834} INFO - Setting next_dagrun for example_short_circuit_operator to 2024-03-18 00:00:00+00:00, run_after=2024-03-19 00:00:00+00:00
[2024-03-19T10:49:19.770+0000] {processor.py:183} INFO - Processing /home/airflow/.local/lib/python3.8/site-packages/airflow/example_dags/example_short_circuit_operator.py took 0.067 seconds
