[2024-03-19T10:40:39.359+0000] {processor.py:161} INFO - Started process (PID=62) to work on /home/airflow/.local/lib/python3.8/site-packages/airflow/example_dags/example_nested_branch_dag.py
[2024-03-19T10:40:39.363+0000] {processor.py:830} INFO - Processing file /home/airflow/.local/lib/python3.8/site-packages/airflow/example_dags/example_nested_branch_dag.py for tasks to queue
[2024-03-19T10:40:39.369+0000] {logging_mixin.py:188} INFO - [2024-03-19T10:40:39.369+0000] {dagbag.py:540} INFO - Filling up the DagBag from /home/airflow/.local/lib/python3.8/site-packages/airflow/example_dags/example_nested_branch_dag.py
[2024-03-19T10:40:39.399+0000] {processor.py:840} INFO - DAG(s) 'example_nested_branch_dag' retrieved from /home/airflow/.local/lib/python3.8/site-packages/airflow/example_dags/example_nested_branch_dag.py
[2024-03-19T10:40:39.419+0000] {logging_mixin.py:188} INFO - [2024-03-19T10:40:39.419+0000] {dag.py:3047} INFO - Sync 1 DAGs
[2024-03-19T10:40:39.448+0000] {logging_mixin.py:188} INFO - [2024-03-19T10:40:39.448+0000] {dag.py:3834} INFO - Setting next_dagrun for example_nested_branch_dag to 2024-03-18 00:00:00+00:00, run_after=2024-03-19 00:00:00+00:00
[2024-03-19T10:40:39.469+0000] {processor.py:183} INFO - Processing /home/airflow/.local/lib/python3.8/site-packages/airflow/example_dags/example_nested_branch_dag.py took 0.120 seconds
[2024-03-19T10:41:10.126+0000] {processor.py:161} INFO - Started process (PID=118) to work on /home/airflow/.local/lib/python3.8/site-packages/airflow/example_dags/example_nested_branch_dag.py
[2024-03-19T10:41:10.127+0000] {processor.py:830} INFO - Processing file /home/airflow/.local/lib/python3.8/site-packages/airflow/example_dags/example_nested_branch_dag.py for tasks to queue
[2024-03-19T10:41:10.129+0000] {logging_mixin.py:188} INFO - [2024-03-19T10:41:10.128+0000] {dagbag.py:540} INFO - Filling up the DagBag from /home/airflow/.local/lib/python3.8/site-packages/airflow/example_dags/example_nested_branch_dag.py
[2024-03-19T10:41:10.137+0000] {processor.py:840} INFO - DAG(s) 'example_nested_branch_dag' retrieved from /home/airflow/.local/lib/python3.8/site-packages/airflow/example_dags/example_nested_branch_dag.py
[2024-03-19T10:41:10.218+0000] {logging_mixin.py:188} INFO - [2024-03-19T10:41:10.218+0000] {dag.py:3047} INFO - Sync 1 DAGs
[2024-03-19T10:41:10.232+0000] {logging_mixin.py:188} INFO - [2024-03-19T10:41:10.232+0000] {dag.py:3834} INFO - Setting next_dagrun for example_nested_branch_dag to 2024-03-18 00:00:00+00:00, run_after=2024-03-19 00:00:00+00:00
[2024-03-19T10:41:10.243+0000] {processor.py:183} INFO - Processing /home/airflow/.local/lib/python3.8/site-packages/airflow/example_dags/example_nested_branch_dag.py took 0.121 seconds
[2024-03-19T10:41:41.180+0000] {processor.py:161} INFO - Started process (PID=174) to work on /home/airflow/.local/lib/python3.8/site-packages/airflow/example_dags/example_nested_branch_dag.py
[2024-03-19T10:41:41.182+0000] {processor.py:830} INFO - Processing file /home/airflow/.local/lib/python3.8/site-packages/airflow/example_dags/example_nested_branch_dag.py for tasks to queue
[2024-03-19T10:41:41.185+0000] {logging_mixin.py:188} INFO - [2024-03-19T10:41:41.184+0000] {dagbag.py:540} INFO - Filling up the DagBag from /home/airflow/.local/lib/python3.8/site-packages/airflow/example_dags/example_nested_branch_dag.py
[2024-03-19T10:41:41.195+0000] {processor.py:840} INFO - DAG(s) 'example_nested_branch_dag' retrieved from /home/airflow/.local/lib/python3.8/site-packages/airflow/example_dags/example_nested_branch_dag.py
[2024-03-19T10:41:41.214+0000] {logging_mixin.py:188} INFO - [2024-03-19T10:41:41.214+0000] {dag.py:3047} INFO - Sync 1 DAGs
[2024-03-19T10:41:41.231+0000] {logging_mixin.py:188} INFO - [2024-03-19T10:41:41.231+0000] {dag.py:3834} INFO - Setting next_dagrun for example_nested_branch_dag to 2024-03-18 00:00:00+00:00, run_after=2024-03-19 00:00:00+00:00
[2024-03-19T10:41:41.242+0000] {processor.py:183} INFO - Processing /home/airflow/.local/lib/python3.8/site-packages/airflow/example_dags/example_nested_branch_dag.py took 0.066 seconds
[2024-03-19T10:42:12.191+0000] {processor.py:161} INFO - Started process (PID=230) to work on /home/airflow/.local/lib/python3.8/site-packages/airflow/example_dags/example_nested_branch_dag.py
[2024-03-19T10:42:12.192+0000] {processor.py:830} INFO - Processing file /home/airflow/.local/lib/python3.8/site-packages/airflow/example_dags/example_nested_branch_dag.py for tasks to queue
[2024-03-19T10:42:12.194+0000] {logging_mixin.py:188} INFO - [2024-03-19T10:42:12.193+0000] {dagbag.py:540} INFO - Filling up the DagBag from /home/airflow/.local/lib/python3.8/site-packages/airflow/example_dags/example_nested_branch_dag.py
[2024-03-19T10:42:12.203+0000] {processor.py:840} INFO - DAG(s) 'example_nested_branch_dag' retrieved from /home/airflow/.local/lib/python3.8/site-packages/airflow/example_dags/example_nested_branch_dag.py
[2024-03-19T10:42:12.221+0000] {logging_mixin.py:188} INFO - [2024-03-19T10:42:12.221+0000] {dag.py:3047} INFO - Sync 1 DAGs
[2024-03-19T10:42:12.238+0000] {logging_mixin.py:188} INFO - [2024-03-19T10:42:12.238+0000] {dag.py:3834} INFO - Setting next_dagrun for example_nested_branch_dag to 2024-03-18 00:00:00+00:00, run_after=2024-03-19 00:00:00+00:00
[2024-03-19T10:42:12.251+0000] {processor.py:183} INFO - Processing /home/airflow/.local/lib/python3.8/site-packages/airflow/example_dags/example_nested_branch_dag.py took 0.065 seconds
[2024-03-19T10:42:42.933+0000] {processor.py:161} INFO - Started process (PID=286) to work on /home/airflow/.local/lib/python3.8/site-packages/airflow/example_dags/example_nested_branch_dag.py
[2024-03-19T10:42:42.934+0000] {processor.py:830} INFO - Processing file /home/airflow/.local/lib/python3.8/site-packages/airflow/example_dags/example_nested_branch_dag.py for tasks to queue
[2024-03-19T10:42:42.935+0000] {logging_mixin.py:188} INFO - [2024-03-19T10:42:42.935+0000] {dagbag.py:540} INFO - Filling up the DagBag from /home/airflow/.local/lib/python3.8/site-packages/airflow/example_dags/example_nested_branch_dag.py
[2024-03-19T10:42:42.944+0000] {processor.py:840} INFO - DAG(s) 'example_nested_branch_dag' retrieved from /home/airflow/.local/lib/python3.8/site-packages/airflow/example_dags/example_nested_branch_dag.py
[2024-03-19T10:42:42.962+0000] {logging_mixin.py:188} INFO - [2024-03-19T10:42:42.962+0000] {dag.py:3047} INFO - Sync 1 DAGs
[2024-03-19T10:42:42.979+0000] {logging_mixin.py:188} INFO - [2024-03-19T10:42:42.979+0000] {dag.py:3834} INFO - Setting next_dagrun for example_nested_branch_dag to 2024-03-18 00:00:00+00:00, run_after=2024-03-19 00:00:00+00:00
[2024-03-19T10:42:42.992+0000] {processor.py:183} INFO - Processing /home/airflow/.local/lib/python3.8/site-packages/airflow/example_dags/example_nested_branch_dag.py took 0.064 seconds
[2024-03-19T10:43:13.350+0000] {processor.py:161} INFO - Started process (PID=342) to work on /home/airflow/.local/lib/python3.8/site-packages/airflow/example_dags/example_nested_branch_dag.py
[2024-03-19T10:43:13.351+0000] {processor.py:830} INFO - Processing file /home/airflow/.local/lib/python3.8/site-packages/airflow/example_dags/example_nested_branch_dag.py for tasks to queue
[2024-03-19T10:43:13.353+0000] {logging_mixin.py:188} INFO - [2024-03-19T10:43:13.352+0000] {dagbag.py:540} INFO - Filling up the DagBag from /home/airflow/.local/lib/python3.8/site-packages/airflow/example_dags/example_nested_branch_dag.py
[2024-03-19T10:43:13.364+0000] {processor.py:840} INFO - DAG(s) 'example_nested_branch_dag' retrieved from /home/airflow/.local/lib/python3.8/site-packages/airflow/example_dags/example_nested_branch_dag.py
[2024-03-19T10:43:13.380+0000] {logging_mixin.py:188} INFO - [2024-03-19T10:43:13.380+0000] {dag.py:3047} INFO - Sync 1 DAGs
[2024-03-19T10:43:13.395+0000] {logging_mixin.py:188} INFO - [2024-03-19T10:43:13.395+0000] {dag.py:3834} INFO - Setting next_dagrun for example_nested_branch_dag to 2024-03-18 00:00:00+00:00, run_after=2024-03-19 00:00:00+00:00
[2024-03-19T10:43:13.407+0000] {processor.py:183} INFO - Processing /home/airflow/.local/lib/python3.8/site-packages/airflow/example_dags/example_nested_branch_dag.py took 0.060 seconds
[2024-03-19T10:43:43.805+0000] {processor.py:161} INFO - Started process (PID=398) to work on /home/airflow/.local/lib/python3.8/site-packages/airflow/example_dags/example_nested_branch_dag.py
[2024-03-19T10:43:43.806+0000] {processor.py:830} INFO - Processing file /home/airflow/.local/lib/python3.8/site-packages/airflow/example_dags/example_nested_branch_dag.py for tasks to queue
[2024-03-19T10:43:43.807+0000] {logging_mixin.py:188} INFO - [2024-03-19T10:43:43.807+0000] {dagbag.py:540} INFO - Filling up the DagBag from /home/airflow/.local/lib/python3.8/site-packages/airflow/example_dags/example_nested_branch_dag.py
[2024-03-19T10:43:43.815+0000] {processor.py:840} INFO - DAG(s) 'example_nested_branch_dag' retrieved from /home/airflow/.local/lib/python3.8/site-packages/airflow/example_dags/example_nested_branch_dag.py
[2024-03-19T10:43:43.830+0000] {logging_mixin.py:188} INFO - [2024-03-19T10:43:43.830+0000] {dag.py:3047} INFO - Sync 1 DAGs
[2024-03-19T10:43:43.846+0000] {logging_mixin.py:188} INFO - [2024-03-19T10:43:43.846+0000] {dag.py:3834} INFO - Setting next_dagrun for example_nested_branch_dag to 2024-03-18 00:00:00+00:00, run_after=2024-03-19 00:00:00+00:00
[2024-03-19T10:43:43.857+0000] {processor.py:183} INFO - Processing /home/airflow/.local/lib/python3.8/site-packages/airflow/example_dags/example_nested_branch_dag.py took 0.055 seconds
[2024-03-19T10:44:14.202+0000] {processor.py:161} INFO - Started process (PID=454) to work on /home/airflow/.local/lib/python3.8/site-packages/airflow/example_dags/example_nested_branch_dag.py
[2024-03-19T10:44:14.203+0000] {processor.py:830} INFO - Processing file /home/airflow/.local/lib/python3.8/site-packages/airflow/example_dags/example_nested_branch_dag.py for tasks to queue
[2024-03-19T10:44:14.205+0000] {logging_mixin.py:188} INFO - [2024-03-19T10:44:14.204+0000] {dagbag.py:540} INFO - Filling up the DagBag from /home/airflow/.local/lib/python3.8/site-packages/airflow/example_dags/example_nested_branch_dag.py
[2024-03-19T10:44:14.212+0000] {processor.py:840} INFO - DAG(s) 'example_nested_branch_dag' retrieved from /home/airflow/.local/lib/python3.8/site-packages/airflow/example_dags/example_nested_branch_dag.py
[2024-03-19T10:44:14.228+0000] {logging_mixin.py:188} INFO - [2024-03-19T10:44:14.228+0000] {dag.py:3047} INFO - Sync 1 DAGs
[2024-03-19T10:44:14.243+0000] {logging_mixin.py:188} INFO - [2024-03-19T10:44:14.243+0000] {dag.py:3834} INFO - Setting next_dagrun for example_nested_branch_dag to 2024-03-18 00:00:00+00:00, run_after=2024-03-19 00:00:00+00:00
[2024-03-19T10:44:14.254+0000] {processor.py:183} INFO - Processing /home/airflow/.local/lib/python3.8/site-packages/airflow/example_dags/example_nested_branch_dag.py took 0.055 seconds
[2024-03-19T10:44:44.907+0000] {processor.py:161} INFO - Started process (PID=510) to work on /home/airflow/.local/lib/python3.8/site-packages/airflow/example_dags/example_nested_branch_dag.py
[2024-03-19T10:44:44.908+0000] {processor.py:830} INFO - Processing file /home/airflow/.local/lib/python3.8/site-packages/airflow/example_dags/example_nested_branch_dag.py for tasks to queue
[2024-03-19T10:44:44.910+0000] {logging_mixin.py:188} INFO - [2024-03-19T10:44:44.910+0000] {dagbag.py:540} INFO - Filling up the DagBag from /home/airflow/.local/lib/python3.8/site-packages/airflow/example_dags/example_nested_branch_dag.py
[2024-03-19T10:44:44.918+0000] {processor.py:840} INFO - DAG(s) 'example_nested_branch_dag' retrieved from /home/airflow/.local/lib/python3.8/site-packages/airflow/example_dags/example_nested_branch_dag.py
[2024-03-19T10:44:44.937+0000] {logging_mixin.py:188} INFO - [2024-03-19T10:44:44.936+0000] {dag.py:3047} INFO - Sync 1 DAGs
[2024-03-19T10:44:44.954+0000] {logging_mixin.py:188} INFO - [2024-03-19T10:44:44.954+0000] {dag.py:3834} INFO - Setting next_dagrun for example_nested_branch_dag to 2024-03-18 00:00:00+00:00, run_after=2024-03-19 00:00:00+00:00
[2024-03-19T10:44:44.970+0000] {processor.py:183} INFO - Processing /home/airflow/.local/lib/python3.8/site-packages/airflow/example_dags/example_nested_branch_dag.py took 0.065 seconds
[2024-03-19T10:45:15.563+0000] {processor.py:161} INFO - Started process (PID=566) to work on /home/airflow/.local/lib/python3.8/site-packages/airflow/example_dags/example_nested_branch_dag.py
[2024-03-19T10:45:15.565+0000] {processor.py:830} INFO - Processing file /home/airflow/.local/lib/python3.8/site-packages/airflow/example_dags/example_nested_branch_dag.py for tasks to queue
[2024-03-19T10:45:15.567+0000] {logging_mixin.py:188} INFO - [2024-03-19T10:45:15.567+0000] {dagbag.py:540} INFO - Filling up the DagBag from /home/airflow/.local/lib/python3.8/site-packages/airflow/example_dags/example_nested_branch_dag.py
[2024-03-19T10:45:15.578+0000] {processor.py:840} INFO - DAG(s) 'example_nested_branch_dag' retrieved from /home/airflow/.local/lib/python3.8/site-packages/airflow/example_dags/example_nested_branch_dag.py
[2024-03-19T10:45:15.597+0000] {logging_mixin.py:188} INFO - [2024-03-19T10:45:15.597+0000] {dag.py:3047} INFO - Sync 1 DAGs
[2024-03-19T10:45:15.619+0000] {logging_mixin.py:188} INFO - [2024-03-19T10:45:15.618+0000] {dag.py:3834} INFO - Setting next_dagrun for example_nested_branch_dag to 2024-03-18 00:00:00+00:00, run_after=2024-03-19 00:00:00+00:00
[2024-03-19T10:45:15.630+0000] {processor.py:183} INFO - Processing /home/airflow/.local/lib/python3.8/site-packages/airflow/example_dags/example_nested_branch_dag.py took 0.071 seconds
[2024-03-19T10:45:46.529+0000] {processor.py:161} INFO - Started process (PID=622) to work on /home/airflow/.local/lib/python3.8/site-packages/airflow/example_dags/example_nested_branch_dag.py
[2024-03-19T10:45:46.531+0000] {processor.py:830} INFO - Processing file /home/airflow/.local/lib/python3.8/site-packages/airflow/example_dags/example_nested_branch_dag.py for tasks to queue
[2024-03-19T10:45:46.533+0000] {logging_mixin.py:188} INFO - [2024-03-19T10:45:46.532+0000] {dagbag.py:540} INFO - Filling up the DagBag from /home/airflow/.local/lib/python3.8/site-packages/airflow/example_dags/example_nested_branch_dag.py
[2024-03-19T10:45:46.542+0000] {processor.py:840} INFO - DAG(s) 'example_nested_branch_dag' retrieved from /home/airflow/.local/lib/python3.8/site-packages/airflow/example_dags/example_nested_branch_dag.py
[2024-03-19T10:45:46.559+0000] {logging_mixin.py:188} INFO - [2024-03-19T10:45:46.559+0000] {dag.py:3047} INFO - Sync 1 DAGs
[2024-03-19T10:45:46.576+0000] {logging_mixin.py:188} INFO - [2024-03-19T10:45:46.576+0000] {dag.py:3834} INFO - Setting next_dagrun for example_nested_branch_dag to 2024-03-18 00:00:00+00:00, run_after=2024-03-19 00:00:00+00:00
[2024-03-19T10:45:46.589+0000] {processor.py:183} INFO - Processing /home/airflow/.local/lib/python3.8/site-packages/airflow/example_dags/example_nested_branch_dag.py took 0.063 seconds
[2024-03-19T10:46:17.129+0000] {processor.py:161} INFO - Started process (PID=678) to work on /home/airflow/.local/lib/python3.8/site-packages/airflow/example_dags/example_nested_branch_dag.py
[2024-03-19T10:46:17.130+0000] {processor.py:830} INFO - Processing file /home/airflow/.local/lib/python3.8/site-packages/airflow/example_dags/example_nested_branch_dag.py for tasks to queue
[2024-03-19T10:46:17.132+0000] {logging_mixin.py:188} INFO - [2024-03-19T10:46:17.131+0000] {dagbag.py:540} INFO - Filling up the DagBag from /home/airflow/.local/lib/python3.8/site-packages/airflow/example_dags/example_nested_branch_dag.py
[2024-03-19T10:46:17.155+0000] {processor.py:840} INFO - DAG(s) 'example_nested_branch_dag' retrieved from /home/airflow/.local/lib/python3.8/site-packages/airflow/example_dags/example_nested_branch_dag.py
[2024-03-19T10:46:17.180+0000] {logging_mixin.py:188} INFO - [2024-03-19T10:46:17.180+0000] {dag.py:3047} INFO - Sync 1 DAGs
[2024-03-19T10:46:17.198+0000] {logging_mixin.py:188} INFO - [2024-03-19T10:46:17.197+0000] {dag.py:3834} INFO - Setting next_dagrun for example_nested_branch_dag to 2024-03-18 00:00:00+00:00, run_after=2024-03-19 00:00:00+00:00
[2024-03-19T10:46:17.210+0000] {processor.py:183} INFO - Processing /home/airflow/.local/lib/python3.8/site-packages/airflow/example_dags/example_nested_branch_dag.py took 0.086 seconds
[2024-03-19T10:46:48.053+0000] {processor.py:161} INFO - Started process (PID=734) to work on /home/airflow/.local/lib/python3.8/site-packages/airflow/example_dags/example_nested_branch_dag.py
[2024-03-19T10:46:48.057+0000] {processor.py:830} INFO - Processing file /home/airflow/.local/lib/python3.8/site-packages/airflow/example_dags/example_nested_branch_dag.py for tasks to queue
[2024-03-19T10:46:48.062+0000] {logging_mixin.py:188} INFO - [2024-03-19T10:46:48.062+0000] {dagbag.py:540} INFO - Filling up the DagBag from /home/airflow/.local/lib/python3.8/site-packages/airflow/example_dags/example_nested_branch_dag.py
[2024-03-19T10:46:48.079+0000] {processor.py:840} INFO - DAG(s) 'example_nested_branch_dag' retrieved from /home/airflow/.local/lib/python3.8/site-packages/airflow/example_dags/example_nested_branch_dag.py
[2024-03-19T10:46:48.110+0000] {logging_mixin.py:188} INFO - [2024-03-19T10:46:48.110+0000] {dag.py:3047} INFO - Sync 1 DAGs
[2024-03-19T10:46:48.130+0000] {logging_mixin.py:188} INFO - [2024-03-19T10:46:48.130+0000] {dag.py:3834} INFO - Setting next_dagrun for example_nested_branch_dag to 2024-03-18 00:00:00+00:00, run_after=2024-03-19 00:00:00+00:00
[2024-03-19T10:46:48.143+0000] {processor.py:183} INFO - Processing /home/airflow/.local/lib/python3.8/site-packages/airflow/example_dags/example_nested_branch_dag.py took 0.100 seconds
[2024-03-19T10:47:18.333+0000] {processor.py:161} INFO - Started process (PID=790) to work on /home/airflow/.local/lib/python3.8/site-packages/airflow/example_dags/example_nested_branch_dag.py
[2024-03-19T10:47:18.335+0000] {processor.py:830} INFO - Processing file /home/airflow/.local/lib/python3.8/site-packages/airflow/example_dags/example_nested_branch_dag.py for tasks to queue
[2024-03-19T10:47:18.336+0000] {logging_mixin.py:188} INFO - [2024-03-19T10:47:18.336+0000] {dagbag.py:540} INFO - Filling up the DagBag from /home/airflow/.local/lib/python3.8/site-packages/airflow/example_dags/example_nested_branch_dag.py
[2024-03-19T10:47:18.345+0000] {processor.py:840} INFO - DAG(s) 'example_nested_branch_dag' retrieved from /home/airflow/.local/lib/python3.8/site-packages/airflow/example_dags/example_nested_branch_dag.py
[2024-03-19T10:47:18.363+0000] {logging_mixin.py:188} INFO - [2024-03-19T10:47:18.362+0000] {dag.py:3047} INFO - Sync 1 DAGs
[2024-03-19T10:47:18.379+0000] {logging_mixin.py:188} INFO - [2024-03-19T10:47:18.379+0000] {dag.py:3834} INFO - Setting next_dagrun for example_nested_branch_dag to 2024-03-18 00:00:00+00:00, run_after=2024-03-19 00:00:00+00:00
[2024-03-19T10:47:18.392+0000] {processor.py:183} INFO - Processing /home/airflow/.local/lib/python3.8/site-packages/airflow/example_dags/example_nested_branch_dag.py took 0.062 seconds
[2024-03-19T10:47:48.623+0000] {processor.py:161} INFO - Started process (PID=846) to work on /home/airflow/.local/lib/python3.8/site-packages/airflow/example_dags/example_nested_branch_dag.py
[2024-03-19T10:47:48.625+0000] {processor.py:830} INFO - Processing file /home/airflow/.local/lib/python3.8/site-packages/airflow/example_dags/example_nested_branch_dag.py for tasks to queue
[2024-03-19T10:47:48.627+0000] {logging_mixin.py:188} INFO - [2024-03-19T10:47:48.627+0000] {dagbag.py:540} INFO - Filling up the DagBag from /home/airflow/.local/lib/python3.8/site-packages/airflow/example_dags/example_nested_branch_dag.py
[2024-03-19T10:47:48.641+0000] {processor.py:840} INFO - DAG(s) 'example_nested_branch_dag' retrieved from /home/airflow/.local/lib/python3.8/site-packages/airflow/example_dags/example_nested_branch_dag.py
[2024-03-19T10:47:48.671+0000] {logging_mixin.py:188} INFO - [2024-03-19T10:47:48.670+0000] {dag.py:3047} INFO - Sync 1 DAGs
[2024-03-19T10:47:48.696+0000] {logging_mixin.py:188} INFO - [2024-03-19T10:47:48.696+0000] {dag.py:3834} INFO - Setting next_dagrun for example_nested_branch_dag to 2024-03-18 00:00:00+00:00, run_after=2024-03-19 00:00:00+00:00
[2024-03-19T10:47:48.712+0000] {processor.py:183} INFO - Processing /home/airflow/.local/lib/python3.8/site-packages/airflow/example_dags/example_nested_branch_dag.py took 0.092 seconds
[2024-03-19T10:48:18.852+0000] {processor.py:161} INFO - Started process (PID=902) to work on /home/airflow/.local/lib/python3.8/site-packages/airflow/example_dags/example_nested_branch_dag.py
[2024-03-19T10:48:18.853+0000] {processor.py:830} INFO - Processing file /home/airflow/.local/lib/python3.8/site-packages/airflow/example_dags/example_nested_branch_dag.py for tasks to queue
[2024-03-19T10:48:18.855+0000] {logging_mixin.py:188} INFO - [2024-03-19T10:48:18.855+0000] {dagbag.py:540} INFO - Filling up the DagBag from /home/airflow/.local/lib/python3.8/site-packages/airflow/example_dags/example_nested_branch_dag.py
[2024-03-19T10:48:18.863+0000] {processor.py:840} INFO - DAG(s) 'example_nested_branch_dag' retrieved from /home/airflow/.local/lib/python3.8/site-packages/airflow/example_dags/example_nested_branch_dag.py
[2024-03-19T10:48:18.879+0000] {logging_mixin.py:188} INFO - [2024-03-19T10:48:18.879+0000] {dag.py:3047} INFO - Sync 1 DAGs
[2024-03-19T10:48:18.893+0000] {logging_mixin.py:188} INFO - [2024-03-19T10:48:18.893+0000] {dag.py:3834} INFO - Setting next_dagrun for example_nested_branch_dag to 2024-03-18 00:00:00+00:00, run_after=2024-03-19 00:00:00+00:00
[2024-03-19T10:48:18.904+0000] {processor.py:183} INFO - Processing /home/airflow/.local/lib/python3.8/site-packages/airflow/example_dags/example_nested_branch_dag.py took 0.055 seconds
[2024-03-19T10:48:49.091+0000] {processor.py:161} INFO - Started process (PID=958) to work on /home/airflow/.local/lib/python3.8/site-packages/airflow/example_dags/example_nested_branch_dag.py
[2024-03-19T10:48:49.093+0000] {processor.py:830} INFO - Processing file /home/airflow/.local/lib/python3.8/site-packages/airflow/example_dags/example_nested_branch_dag.py for tasks to queue
[2024-03-19T10:48:49.095+0000] {logging_mixin.py:188} INFO - [2024-03-19T10:48:49.095+0000] {dagbag.py:540} INFO - Filling up the DagBag from /home/airflow/.local/lib/python3.8/site-packages/airflow/example_dags/example_nested_branch_dag.py
[2024-03-19T10:48:49.103+0000] {processor.py:840} INFO - DAG(s) 'example_nested_branch_dag' retrieved from /home/airflow/.local/lib/python3.8/site-packages/airflow/example_dags/example_nested_branch_dag.py
[2024-03-19T10:48:49.119+0000] {logging_mixin.py:188} INFO - [2024-03-19T10:48:49.119+0000] {dag.py:3047} INFO - Sync 1 DAGs
[2024-03-19T10:48:49.142+0000] {logging_mixin.py:188} INFO - [2024-03-19T10:48:49.141+0000] {dag.py:3834} INFO - Setting next_dagrun for example_nested_branch_dag to 2024-03-18 00:00:00+00:00, run_after=2024-03-19 00:00:00+00:00
[2024-03-19T10:48:49.156+0000] {processor.py:183} INFO - Processing /home/airflow/.local/lib/python3.8/site-packages/airflow/example_dags/example_nested_branch_dag.py took 0.068 seconds
[2024-03-19T10:49:19.626+0000] {processor.py:161} INFO - Started process (PID=1014) to work on /home/airflow/.local/lib/python3.8/site-packages/airflow/example_dags/example_nested_branch_dag.py
[2024-03-19T10:49:19.627+0000] {processor.py:830} INFO - Processing file /home/airflow/.local/lib/python3.8/site-packages/airflow/example_dags/example_nested_branch_dag.py for tasks to queue
[2024-03-19T10:49:19.628+0000] {logging_mixin.py:188} INFO - [2024-03-19T10:49:19.628+0000] {dagbag.py:540} INFO - Filling up the DagBag from /home/airflow/.local/lib/python3.8/site-packages/airflow/example_dags/example_nested_branch_dag.py
[2024-03-19T10:49:19.637+0000] {processor.py:840} INFO - DAG(s) 'example_nested_branch_dag' retrieved from /home/airflow/.local/lib/python3.8/site-packages/airflow/example_dags/example_nested_branch_dag.py
[2024-03-19T10:49:19.652+0000] {logging_mixin.py:188} INFO - [2024-03-19T10:49:19.652+0000] {dag.py:3047} INFO - Sync 1 DAGs
[2024-03-19T10:49:19.669+0000] {logging_mixin.py:188} INFO - [2024-03-19T10:49:19.669+0000] {dag.py:3834} INFO - Setting next_dagrun for example_nested_branch_dag to 2024-03-18 00:00:00+00:00, run_after=2024-03-19 00:00:00+00:00
[2024-03-19T10:49:19.684+0000] {processor.py:183} INFO - Processing /home/airflow/.local/lib/python3.8/site-packages/airflow/example_dags/example_nested_branch_dag.py took 0.061 seconds
