[2024-03-19T10:40:38.733+0000] {processor.py:161} INFO - Started process (PID=55) to work on /home/airflow/.local/lib/python3.8/site-packages/airflow/example_dags/example_bash_operator.py
[2024-03-19T10:40:38.735+0000] {processor.py:830} INFO - Processing file /home/airflow/.local/lib/python3.8/site-packages/airflow/example_dags/example_bash_operator.py for tasks to queue
[2024-03-19T10:40:38.740+0000] {logging_mixin.py:188} INFO - [2024-03-19T10:40:38.739+0000] {dagbag.py:540} INFO - Filling up the DagBag from /home/airflow/.local/lib/python3.8/site-packages/airflow/example_dags/example_bash_operator.py
[2024-03-19T10:40:38.778+0000] {processor.py:840} INFO - DAG(s) 'example_bash_operator' retrieved from /home/airflow/.local/lib/python3.8/site-packages/airflow/example_dags/example_bash_operator.py
[2024-03-19T10:40:38.814+0000] {logging_mixin.py:188} INFO - [2024-03-19T10:40:38.814+0000] {dag.py:3047} INFO - Sync 1 DAGs
[2024-03-19T10:40:38.860+0000] {logging_mixin.py:188} INFO - [2024-03-19T10:40:38.859+0000] {dag.py:3834} INFO - Setting next_dagrun for example_bash_operator to 2024-03-18 00:00:00+00:00, run_after=2024-03-19 00:00:00+00:00
[2024-03-19T10:40:38.910+0000] {processor.py:183} INFO - Processing /home/airflow/.local/lib/python3.8/site-packages/airflow/example_dags/example_bash_operator.py took 0.186 seconds
[2024-03-19T10:41:09.600+0000] {processor.py:161} INFO - Started process (PID=111) to work on /home/airflow/.local/lib/python3.8/site-packages/airflow/example_dags/example_bash_operator.py
[2024-03-19T10:41:09.601+0000] {processor.py:830} INFO - Processing file /home/airflow/.local/lib/python3.8/site-packages/airflow/example_dags/example_bash_operator.py for tasks to queue
[2024-03-19T10:41:09.603+0000] {logging_mixin.py:188} INFO - [2024-03-19T10:41:09.603+0000] {dagbag.py:540} INFO - Filling up the DagBag from /home/airflow/.local/lib/python3.8/site-packages/airflow/example_dags/example_bash_operator.py
[2024-03-19T10:41:09.612+0000] {processor.py:840} INFO - DAG(s) 'example_bash_operator' retrieved from /home/airflow/.local/lib/python3.8/site-packages/airflow/example_dags/example_bash_operator.py
[2024-03-19T10:41:09.687+0000] {logging_mixin.py:188} INFO - [2024-03-19T10:41:09.687+0000] {dag.py:3047} INFO - Sync 1 DAGs
[2024-03-19T10:41:09.702+0000] {logging_mixin.py:188} INFO - [2024-03-19T10:41:09.702+0000] {dag.py:3834} INFO - Setting next_dagrun for example_bash_operator to 2024-03-18 00:00:00+00:00, run_after=2024-03-19 00:00:00+00:00
[2024-03-19T10:41:09.714+0000] {processor.py:183} INFO - Processing /home/airflow/.local/lib/python3.8/site-packages/airflow/example_dags/example_bash_operator.py took 0.117 seconds
[2024-03-19T10:41:39.782+0000] {processor.py:161} INFO - Started process (PID=167) to work on /home/airflow/.local/lib/python3.8/site-packages/airflow/example_dags/example_bash_operator.py
[2024-03-19T10:41:39.783+0000] {processor.py:830} INFO - Processing file /home/airflow/.local/lib/python3.8/site-packages/airflow/example_dags/example_bash_operator.py for tasks to queue
[2024-03-19T10:41:39.785+0000] {logging_mixin.py:188} INFO - [2024-03-19T10:41:39.785+0000] {dagbag.py:540} INFO - Filling up the DagBag from /home/airflow/.local/lib/python3.8/site-packages/airflow/example_dags/example_bash_operator.py
[2024-03-19T10:41:39.794+0000] {processor.py:840} INFO - DAG(s) 'example_bash_operator' retrieved from /home/airflow/.local/lib/python3.8/site-packages/airflow/example_dags/example_bash_operator.py
[2024-03-19T10:41:39.815+0000] {logging_mixin.py:188} INFO - [2024-03-19T10:41:39.815+0000] {dag.py:3047} INFO - Sync 1 DAGs
[2024-03-19T10:41:39.831+0000] {logging_mixin.py:188} INFO - [2024-03-19T10:41:39.831+0000] {dag.py:3834} INFO - Setting next_dagrun for example_bash_operator to 2024-03-18 00:00:00+00:00, run_after=2024-03-19 00:00:00+00:00
[2024-03-19T10:41:39.842+0000] {processor.py:183} INFO - Processing /home/airflow/.local/lib/python3.8/site-packages/airflow/example_dags/example_bash_operator.py took 0.064 seconds
[2024-03-19T10:42:10.847+0000] {processor.py:161} INFO - Started process (PID=223) to work on /home/airflow/.local/lib/python3.8/site-packages/airflow/example_dags/example_bash_operator.py
[2024-03-19T10:42:10.849+0000] {processor.py:830} INFO - Processing file /home/airflow/.local/lib/python3.8/site-packages/airflow/example_dags/example_bash_operator.py for tasks to queue
[2024-03-19T10:42:10.851+0000] {logging_mixin.py:188} INFO - [2024-03-19T10:42:10.851+0000] {dagbag.py:540} INFO - Filling up the DagBag from /home/airflow/.local/lib/python3.8/site-packages/airflow/example_dags/example_bash_operator.py
[2024-03-19T10:42:10.860+0000] {processor.py:840} INFO - DAG(s) 'example_bash_operator' retrieved from /home/airflow/.local/lib/python3.8/site-packages/airflow/example_dags/example_bash_operator.py
[2024-03-19T10:42:10.886+0000] {logging_mixin.py:188} INFO - [2024-03-19T10:42:10.886+0000] {dag.py:3047} INFO - Sync 1 DAGs
[2024-03-19T10:42:10.904+0000] {logging_mixin.py:188} INFO - [2024-03-19T10:42:10.904+0000] {dag.py:3834} INFO - Setting next_dagrun for example_bash_operator to 2024-03-18 00:00:00+00:00, run_after=2024-03-19 00:00:00+00:00
[2024-03-19T10:42:10.916+0000] {processor.py:183} INFO - Processing /home/airflow/.local/lib/python3.8/site-packages/airflow/example_dags/example_bash_operator.py took 0.073 seconds
[2024-03-19T10:42:41.596+0000] {processor.py:161} INFO - Started process (PID=279) to work on /home/airflow/.local/lib/python3.8/site-packages/airflow/example_dags/example_bash_operator.py
[2024-03-19T10:42:41.599+0000] {processor.py:830} INFO - Processing file /home/airflow/.local/lib/python3.8/site-packages/airflow/example_dags/example_bash_operator.py for tasks to queue
[2024-03-19T10:42:41.601+0000] {logging_mixin.py:188} INFO - [2024-03-19T10:42:41.600+0000] {dagbag.py:540} INFO - Filling up the DagBag from /home/airflow/.local/lib/python3.8/site-packages/airflow/example_dags/example_bash_operator.py
[2024-03-19T10:42:41.610+0000] {processor.py:840} INFO - DAG(s) 'example_bash_operator' retrieved from /home/airflow/.local/lib/python3.8/site-packages/airflow/example_dags/example_bash_operator.py
[2024-03-19T10:42:41.631+0000] {logging_mixin.py:188} INFO - [2024-03-19T10:42:41.631+0000] {dag.py:3047} INFO - Sync 1 DAGs
[2024-03-19T10:42:41.647+0000] {logging_mixin.py:188} INFO - [2024-03-19T10:42:41.647+0000] {dag.py:3834} INFO - Setting next_dagrun for example_bash_operator to 2024-03-18 00:00:00+00:00, run_after=2024-03-19 00:00:00+00:00
[2024-03-19T10:42:41.659+0000] {processor.py:183} INFO - Processing /home/airflow/.local/lib/python3.8/site-packages/airflow/example_dags/example_bash_operator.py took 0.066 seconds
[2024-03-19T10:43:12.065+0000] {processor.py:161} INFO - Started process (PID=335) to work on /home/airflow/.local/lib/python3.8/site-packages/airflow/example_dags/example_bash_operator.py
[2024-03-19T10:43:12.066+0000] {processor.py:830} INFO - Processing file /home/airflow/.local/lib/python3.8/site-packages/airflow/example_dags/example_bash_operator.py for tasks to queue
[2024-03-19T10:43:12.068+0000] {logging_mixin.py:188} INFO - [2024-03-19T10:43:12.068+0000] {dagbag.py:540} INFO - Filling up the DagBag from /home/airflow/.local/lib/python3.8/site-packages/airflow/example_dags/example_bash_operator.py
[2024-03-19T10:43:12.077+0000] {processor.py:840} INFO - DAG(s) 'example_bash_operator' retrieved from /home/airflow/.local/lib/python3.8/site-packages/airflow/example_dags/example_bash_operator.py
[2024-03-19T10:43:12.097+0000] {logging_mixin.py:188} INFO - [2024-03-19T10:43:12.097+0000] {dag.py:3047} INFO - Sync 1 DAGs
[2024-03-19T10:43:12.113+0000] {logging_mixin.py:188} INFO - [2024-03-19T10:43:12.113+0000] {dag.py:3834} INFO - Setting next_dagrun for example_bash_operator to 2024-03-18 00:00:00+00:00, run_after=2024-03-19 00:00:00+00:00
[2024-03-19T10:43:12.125+0000] {processor.py:183} INFO - Processing /home/airflow/.local/lib/python3.8/site-packages/airflow/example_dags/example_bash_operator.py took 0.062 seconds
[2024-03-19T10:43:42.519+0000] {processor.py:161} INFO - Started process (PID=391) to work on /home/airflow/.local/lib/python3.8/site-packages/airflow/example_dags/example_bash_operator.py
[2024-03-19T10:43:42.520+0000] {processor.py:830} INFO - Processing file /home/airflow/.local/lib/python3.8/site-packages/airflow/example_dags/example_bash_operator.py for tasks to queue
[2024-03-19T10:43:42.521+0000] {logging_mixin.py:188} INFO - [2024-03-19T10:43:42.521+0000] {dagbag.py:540} INFO - Filling up the DagBag from /home/airflow/.local/lib/python3.8/site-packages/airflow/example_dags/example_bash_operator.py
[2024-03-19T10:43:42.530+0000] {processor.py:840} INFO - DAG(s) 'example_bash_operator' retrieved from /home/airflow/.local/lib/python3.8/site-packages/airflow/example_dags/example_bash_operator.py
[2024-03-19T10:43:42.550+0000] {logging_mixin.py:188} INFO - [2024-03-19T10:43:42.550+0000] {dag.py:3047} INFO - Sync 1 DAGs
[2024-03-19T10:43:42.567+0000] {logging_mixin.py:188} INFO - [2024-03-19T10:43:42.567+0000] {dag.py:3834} INFO - Setting next_dagrun for example_bash_operator to 2024-03-18 00:00:00+00:00, run_after=2024-03-19 00:00:00+00:00
[2024-03-19T10:43:42.579+0000] {processor.py:183} INFO - Processing /home/airflow/.local/lib/python3.8/site-packages/airflow/example_dags/example_bash_operator.py took 0.063 seconds
[2024-03-19T10:44:12.909+0000] {processor.py:161} INFO - Started process (PID=447) to work on /home/airflow/.local/lib/python3.8/site-packages/airflow/example_dags/example_bash_operator.py
[2024-03-19T10:44:12.910+0000] {processor.py:830} INFO - Processing file /home/airflow/.local/lib/python3.8/site-packages/airflow/example_dags/example_bash_operator.py for tasks to queue
[2024-03-19T10:44:12.912+0000] {logging_mixin.py:188} INFO - [2024-03-19T10:44:12.911+0000] {dagbag.py:540} INFO - Filling up the DagBag from /home/airflow/.local/lib/python3.8/site-packages/airflow/example_dags/example_bash_operator.py
[2024-03-19T10:44:12.921+0000] {processor.py:840} INFO - DAG(s) 'example_bash_operator' retrieved from /home/airflow/.local/lib/python3.8/site-packages/airflow/example_dags/example_bash_operator.py
[2024-03-19T10:44:12.942+0000] {logging_mixin.py:188} INFO - [2024-03-19T10:44:12.942+0000] {dag.py:3047} INFO - Sync 1 DAGs
[2024-03-19T10:44:12.958+0000] {logging_mixin.py:188} INFO - [2024-03-19T10:44:12.957+0000] {dag.py:3834} INFO - Setting next_dagrun for example_bash_operator to 2024-03-18 00:00:00+00:00, run_after=2024-03-19 00:00:00+00:00
[2024-03-19T10:44:12.969+0000] {processor.py:183} INFO - Processing /home/airflow/.local/lib/python3.8/site-packages/airflow/example_dags/example_bash_operator.py took 0.063 seconds
[2024-03-19T10:44:43.592+0000] {processor.py:161} INFO - Started process (PID=503) to work on /home/airflow/.local/lib/python3.8/site-packages/airflow/example_dags/example_bash_operator.py
[2024-03-19T10:44:43.593+0000] {processor.py:830} INFO - Processing file /home/airflow/.local/lib/python3.8/site-packages/airflow/example_dags/example_bash_operator.py for tasks to queue
[2024-03-19T10:44:43.595+0000] {logging_mixin.py:188} INFO - [2024-03-19T10:44:43.595+0000] {dagbag.py:540} INFO - Filling up the DagBag from /home/airflow/.local/lib/python3.8/site-packages/airflow/example_dags/example_bash_operator.py
[2024-03-19T10:44:43.604+0000] {processor.py:840} INFO - DAG(s) 'example_bash_operator' retrieved from /home/airflow/.local/lib/python3.8/site-packages/airflow/example_dags/example_bash_operator.py
[2024-03-19T10:44:43.625+0000] {logging_mixin.py:188} INFO - [2024-03-19T10:44:43.624+0000] {dag.py:3047} INFO - Sync 1 DAGs
[2024-03-19T10:44:43.640+0000] {logging_mixin.py:188} INFO - [2024-03-19T10:44:43.640+0000] {dag.py:3834} INFO - Setting next_dagrun for example_bash_operator to 2024-03-18 00:00:00+00:00, run_after=2024-03-19 00:00:00+00:00
[2024-03-19T10:44:43.652+0000] {processor.py:183} INFO - Processing /home/airflow/.local/lib/python3.8/site-packages/airflow/example_dags/example_bash_operator.py took 0.063 seconds
[2024-03-19T10:45:14.272+0000] {processor.py:161} INFO - Started process (PID=559) to work on /home/airflow/.local/lib/python3.8/site-packages/airflow/example_dags/example_bash_operator.py
[2024-03-19T10:45:14.273+0000] {processor.py:830} INFO - Processing file /home/airflow/.local/lib/python3.8/site-packages/airflow/example_dags/example_bash_operator.py for tasks to queue
[2024-03-19T10:45:14.275+0000] {logging_mixin.py:188} INFO - [2024-03-19T10:45:14.275+0000] {dagbag.py:540} INFO - Filling up the DagBag from /home/airflow/.local/lib/python3.8/site-packages/airflow/example_dags/example_bash_operator.py
[2024-03-19T10:45:14.284+0000] {processor.py:840} INFO - DAG(s) 'example_bash_operator' retrieved from /home/airflow/.local/lib/python3.8/site-packages/airflow/example_dags/example_bash_operator.py
[2024-03-19T10:45:14.305+0000] {logging_mixin.py:188} INFO - [2024-03-19T10:45:14.305+0000] {dag.py:3047} INFO - Sync 1 DAGs
[2024-03-19T10:45:14.322+0000] {logging_mixin.py:188} INFO - [2024-03-19T10:45:14.322+0000] {dag.py:3834} INFO - Setting next_dagrun for example_bash_operator to 2024-03-18 00:00:00+00:00, run_after=2024-03-19 00:00:00+00:00
[2024-03-19T10:45:14.334+0000] {processor.py:183} INFO - Processing /home/airflow/.local/lib/python3.8/site-packages/airflow/example_dags/example_bash_operator.py took 0.065 seconds
[2024-03-19T10:45:45.204+0000] {processor.py:161} INFO - Started process (PID=615) to work on /home/airflow/.local/lib/python3.8/site-packages/airflow/example_dags/example_bash_operator.py
[2024-03-19T10:45:45.206+0000] {processor.py:830} INFO - Processing file /home/airflow/.local/lib/python3.8/site-packages/airflow/example_dags/example_bash_operator.py for tasks to queue
[2024-03-19T10:45:45.210+0000] {logging_mixin.py:188} INFO - [2024-03-19T10:45:45.209+0000] {dagbag.py:540} INFO - Filling up the DagBag from /home/airflow/.local/lib/python3.8/site-packages/airflow/example_dags/example_bash_operator.py
[2024-03-19T10:45:45.225+0000] {processor.py:840} INFO - DAG(s) 'example_bash_operator' retrieved from /home/airflow/.local/lib/python3.8/site-packages/airflow/example_dags/example_bash_operator.py
[2024-03-19T10:45:45.249+0000] {logging_mixin.py:188} INFO - [2024-03-19T10:45:45.249+0000] {dag.py:3047} INFO - Sync 1 DAGs
[2024-03-19T10:45:45.269+0000] {logging_mixin.py:188} INFO - [2024-03-19T10:45:45.268+0000] {dag.py:3834} INFO - Setting next_dagrun for example_bash_operator to 2024-03-18 00:00:00+00:00, run_after=2024-03-19 00:00:00+00:00
[2024-03-19T10:45:45.280+0000] {processor.py:183} INFO - Processing /home/airflow/.local/lib/python3.8/site-packages/airflow/example_dags/example_bash_operator.py took 0.085 seconds
[2024-03-19T10:46:15.437+0000] {processor.py:161} INFO - Started process (PID=671) to work on /home/airflow/.local/lib/python3.8/site-packages/airflow/example_dags/example_bash_operator.py
[2024-03-19T10:46:15.439+0000] {processor.py:830} INFO - Processing file /home/airflow/.local/lib/python3.8/site-packages/airflow/example_dags/example_bash_operator.py for tasks to queue
[2024-03-19T10:46:15.443+0000] {logging_mixin.py:188} INFO - [2024-03-19T10:46:15.442+0000] {dagbag.py:540} INFO - Filling up the DagBag from /home/airflow/.local/lib/python3.8/site-packages/airflow/example_dags/example_bash_operator.py
[2024-03-19T10:46:15.461+0000] {processor.py:840} INFO - DAG(s) 'example_bash_operator' retrieved from /home/airflow/.local/lib/python3.8/site-packages/airflow/example_dags/example_bash_operator.py
[2024-03-19T10:46:15.500+0000] {logging_mixin.py:188} INFO - [2024-03-19T10:46:15.500+0000] {dag.py:3047} INFO - Sync 1 DAGs
[2024-03-19T10:46:15.526+0000] {logging_mixin.py:188} INFO - [2024-03-19T10:46:15.526+0000] {dag.py:3834} INFO - Setting next_dagrun for example_bash_operator to 2024-03-18 00:00:00+00:00, run_after=2024-03-19 00:00:00+00:00
[2024-03-19T10:46:15.543+0000] {processor.py:183} INFO - Processing /home/airflow/.local/lib/python3.8/site-packages/airflow/example_dags/example_bash_operator.py took 0.116 seconds
[2024-03-19T10:46:45.575+0000] {processor.py:161} INFO - Started process (PID=727) to work on /home/airflow/.local/lib/python3.8/site-packages/airflow/example_dags/example_bash_operator.py
[2024-03-19T10:46:45.576+0000] {processor.py:830} INFO - Processing file /home/airflow/.local/lib/python3.8/site-packages/airflow/example_dags/example_bash_operator.py for tasks to queue
[2024-03-19T10:46:45.578+0000] {logging_mixin.py:188} INFO - [2024-03-19T10:46:45.578+0000] {dagbag.py:540} INFO - Filling up the DagBag from /home/airflow/.local/lib/python3.8/site-packages/airflow/example_dags/example_bash_operator.py
[2024-03-19T10:46:45.588+0000] {processor.py:840} INFO - DAG(s) 'example_bash_operator' retrieved from /home/airflow/.local/lib/python3.8/site-packages/airflow/example_dags/example_bash_operator.py
[2024-03-19T10:46:45.611+0000] {logging_mixin.py:188} INFO - [2024-03-19T10:46:45.610+0000] {dag.py:3047} INFO - Sync 1 DAGs
[2024-03-19T10:46:45.626+0000] {logging_mixin.py:188} INFO - [2024-03-19T10:46:45.626+0000] {dag.py:3834} INFO - Setting next_dagrun for example_bash_operator to 2024-03-18 00:00:00+00:00, run_after=2024-03-19 00:00:00+00:00
[2024-03-19T10:46:45.638+0000] {processor.py:183} INFO - Processing /home/airflow/.local/lib/python3.8/site-packages/airflow/example_dags/example_bash_operator.py took 0.066 seconds
[2024-03-19T10:47:15.879+0000] {processor.py:161} INFO - Started process (PID=783) to work on /home/airflow/.local/lib/python3.8/site-packages/airflow/example_dags/example_bash_operator.py
[2024-03-19T10:47:15.880+0000] {processor.py:830} INFO - Processing file /home/airflow/.local/lib/python3.8/site-packages/airflow/example_dags/example_bash_operator.py for tasks to queue
[2024-03-19T10:47:15.881+0000] {logging_mixin.py:188} INFO - [2024-03-19T10:47:15.881+0000] {dagbag.py:540} INFO - Filling up the DagBag from /home/airflow/.local/lib/python3.8/site-packages/airflow/example_dags/example_bash_operator.py
[2024-03-19T10:47:15.892+0000] {processor.py:840} INFO - DAG(s) 'example_bash_operator' retrieved from /home/airflow/.local/lib/python3.8/site-packages/airflow/example_dags/example_bash_operator.py
[2024-03-19T10:47:15.914+0000] {logging_mixin.py:188} INFO - [2024-03-19T10:47:15.913+0000] {dag.py:3047} INFO - Sync 1 DAGs
[2024-03-19T10:47:15.930+0000] {logging_mixin.py:188} INFO - [2024-03-19T10:47:15.930+0000] {dag.py:3834} INFO - Setting next_dagrun for example_bash_operator to 2024-03-18 00:00:00+00:00, run_after=2024-03-19 00:00:00+00:00
[2024-03-19T10:47:15.942+0000] {processor.py:183} INFO - Processing /home/airflow/.local/lib/python3.8/site-packages/airflow/example_dags/example_bash_operator.py took 0.067 seconds
[2024-03-19T10:47:46.225+0000] {processor.py:161} INFO - Started process (PID=839) to work on /home/airflow/.local/lib/python3.8/site-packages/airflow/example_dags/example_bash_operator.py
[2024-03-19T10:47:46.226+0000] {processor.py:830} INFO - Processing file /home/airflow/.local/lib/python3.8/site-packages/airflow/example_dags/example_bash_operator.py for tasks to queue
[2024-03-19T10:47:46.227+0000] {logging_mixin.py:188} INFO - [2024-03-19T10:47:46.227+0000] {dagbag.py:540} INFO - Filling up the DagBag from /home/airflow/.local/lib/python3.8/site-packages/airflow/example_dags/example_bash_operator.py
[2024-03-19T10:47:46.236+0000] {processor.py:840} INFO - DAG(s) 'example_bash_operator' retrieved from /home/airflow/.local/lib/python3.8/site-packages/airflow/example_dags/example_bash_operator.py
[2024-03-19T10:47:46.256+0000] {logging_mixin.py:188} INFO - [2024-03-19T10:47:46.256+0000] {dag.py:3047} INFO - Sync 1 DAGs
[2024-03-19T10:47:46.271+0000] {logging_mixin.py:188} INFO - [2024-03-19T10:47:46.271+0000] {dag.py:3834} INFO - Setting next_dagrun for example_bash_operator to 2024-03-18 00:00:00+00:00, run_after=2024-03-19 00:00:00+00:00
[2024-03-19T10:47:46.283+0000] {processor.py:183} INFO - Processing /home/airflow/.local/lib/python3.8/site-packages/airflow/example_dags/example_bash_operator.py took 0.062 seconds
[2024-03-19T10:48:16.431+0000] {processor.py:161} INFO - Started process (PID=895) to work on /home/airflow/.local/lib/python3.8/site-packages/airflow/example_dags/example_bash_operator.py
[2024-03-19T10:48:16.433+0000] {processor.py:830} INFO - Processing file /home/airflow/.local/lib/python3.8/site-packages/airflow/example_dags/example_bash_operator.py for tasks to queue
[2024-03-19T10:48:16.435+0000] {logging_mixin.py:188} INFO - [2024-03-19T10:48:16.434+0000] {dagbag.py:540} INFO - Filling up the DagBag from /home/airflow/.local/lib/python3.8/site-packages/airflow/example_dags/example_bash_operator.py
[2024-03-19T10:48:16.443+0000] {processor.py:840} INFO - DAG(s) 'example_bash_operator' retrieved from /home/airflow/.local/lib/python3.8/site-packages/airflow/example_dags/example_bash_operator.py
[2024-03-19T10:48:16.463+0000] {logging_mixin.py:188} INFO - [2024-03-19T10:48:16.462+0000] {dag.py:3047} INFO - Sync 1 DAGs
[2024-03-19T10:48:16.477+0000] {logging_mixin.py:188} INFO - [2024-03-19T10:48:16.477+0000] {dag.py:3834} INFO - Setting next_dagrun for example_bash_operator to 2024-03-18 00:00:00+00:00, run_after=2024-03-19 00:00:00+00:00
[2024-03-19T10:48:16.488+0000] {processor.py:183} INFO - Processing /home/airflow/.local/lib/python3.8/site-packages/airflow/example_dags/example_bash_operator.py took 0.060 seconds
[2024-03-19T10:48:46.681+0000] {processor.py:161} INFO - Started process (PID=951) to work on /home/airflow/.local/lib/python3.8/site-packages/airflow/example_dags/example_bash_operator.py
[2024-03-19T10:48:46.682+0000] {processor.py:830} INFO - Processing file /home/airflow/.local/lib/python3.8/site-packages/airflow/example_dags/example_bash_operator.py for tasks to queue
[2024-03-19T10:48:46.683+0000] {logging_mixin.py:188} INFO - [2024-03-19T10:48:46.683+0000] {dagbag.py:540} INFO - Filling up the DagBag from /home/airflow/.local/lib/python3.8/site-packages/airflow/example_dags/example_bash_operator.py
[2024-03-19T10:48:46.696+0000] {processor.py:840} INFO - DAG(s) 'example_bash_operator' retrieved from /home/airflow/.local/lib/python3.8/site-packages/airflow/example_dags/example_bash_operator.py
[2024-03-19T10:48:46.728+0000] {logging_mixin.py:188} INFO - [2024-03-19T10:48:46.727+0000] {dag.py:3047} INFO - Sync 1 DAGs
[2024-03-19T10:48:46.748+0000] {logging_mixin.py:188} INFO - [2024-03-19T10:48:46.747+0000] {dag.py:3834} INFO - Setting next_dagrun for example_bash_operator to 2024-03-18 00:00:00+00:00, run_after=2024-03-19 00:00:00+00:00
[2024-03-19T10:48:46.759+0000] {processor.py:183} INFO - Processing /home/airflow/.local/lib/python3.8/site-packages/airflow/example_dags/example_bash_operator.py took 0.082 seconds
[2024-03-19T10:49:18.283+0000] {processor.py:161} INFO - Started process (PID=1007) to work on /home/airflow/.local/lib/python3.8/site-packages/airflow/example_dags/example_bash_operator.py
[2024-03-19T10:49:18.284+0000] {processor.py:830} INFO - Processing file /home/airflow/.local/lib/python3.8/site-packages/airflow/example_dags/example_bash_operator.py for tasks to queue
[2024-03-19T10:49:18.286+0000] {logging_mixin.py:188} INFO - [2024-03-19T10:49:18.286+0000] {dagbag.py:540} INFO - Filling up the DagBag from /home/airflow/.local/lib/python3.8/site-packages/airflow/example_dags/example_bash_operator.py
[2024-03-19T10:49:18.298+0000] {processor.py:840} INFO - DAG(s) 'example_bash_operator' retrieved from /home/airflow/.local/lib/python3.8/site-packages/airflow/example_dags/example_bash_operator.py
[2024-03-19T10:49:18.323+0000] {logging_mixin.py:188} INFO - [2024-03-19T10:49:18.323+0000] {dag.py:3047} INFO - Sync 1 DAGs
[2024-03-19T10:49:18.342+0000] {logging_mixin.py:188} INFO - [2024-03-19T10:49:18.341+0000] {dag.py:3834} INFO - Setting next_dagrun for example_bash_operator to 2024-03-18 00:00:00+00:00, run_after=2024-03-19 00:00:00+00:00
[2024-03-19T10:49:18.356+0000] {processor.py:183} INFO - Processing /home/airflow/.local/lib/python3.8/site-packages/airflow/example_dags/example_bash_operator.py took 0.076 seconds
