[2024-03-19T10:40:36.756+0000] {processor.py:161} INFO - Started process (PID=36) to work on /home/airflow/.local/lib/python3.8/site-packages/airflow/example_dags/example_task_group_decorator.py
[2024-03-19T10:40:36.758+0000] {processor.py:830} INFO - Processing file /home/airflow/.local/lib/python3.8/site-packages/airflow/example_dags/example_task_group_decorator.py for tasks to queue
[2024-03-19T10:40:36.761+0000] {logging_mixin.py:188} INFO - [2024-03-19T10:40:36.760+0000] {dagbag.py:540} INFO - Filling up the DagBag from /home/airflow/.local/lib/python3.8/site-packages/airflow/example_dags/example_task_group_decorator.py
[2024-03-19T10:40:36.789+0000] {processor.py:840} INFO - DAG(s) 'example_task_group_decorator' retrieved from /home/airflow/.local/lib/python3.8/site-packages/airflow/example_dags/example_task_group_decorator.py
[2024-03-19T10:40:36.808+0000] {logging_mixin.py:188} INFO - [2024-03-19T10:40:36.807+0000] {dag.py:3047} INFO - Sync 1 DAGs
[2024-03-19T10:40:36.838+0000] {logging_mixin.py:188} INFO - [2024-03-19T10:40:36.837+0000] {dag.py:3834} INFO - Setting next_dagrun for example_task_group_decorator to 2024-03-18 00:00:00+00:00, run_after=2024-03-19 00:00:00+00:00
[2024-03-19T10:40:36.877+0000] {processor.py:183} INFO - Processing /home/airflow/.local/lib/python3.8/site-packages/airflow/example_dags/example_task_group_decorator.py took 0.126 seconds
[2024-03-19T10:41:07.010+0000] {processor.py:161} INFO - Started process (PID=91) to work on /home/airflow/.local/lib/python3.8/site-packages/airflow/example_dags/example_task_group_decorator.py
[2024-03-19T10:41:07.012+0000] {processor.py:830} INFO - Processing file /home/airflow/.local/lib/python3.8/site-packages/airflow/example_dags/example_task_group_decorator.py for tasks to queue
[2024-03-19T10:41:07.018+0000] {logging_mixin.py:188} INFO - [2024-03-19T10:41:07.018+0000] {dagbag.py:540} INFO - Filling up the DagBag from /home/airflow/.local/lib/python3.8/site-packages/airflow/example_dags/example_task_group_decorator.py
[2024-03-19T10:41:07.041+0000] {processor.py:840} INFO - DAG(s) 'example_task_group_decorator' retrieved from /home/airflow/.local/lib/python3.8/site-packages/airflow/example_dags/example_task_group_decorator.py
[2024-03-19T10:41:07.148+0000] {logging_mixin.py:188} INFO - [2024-03-19T10:41:07.148+0000] {dag.py:3047} INFO - Sync 1 DAGs
[2024-03-19T10:41:07.165+0000] {logging_mixin.py:188} INFO - [2024-03-19T10:41:07.165+0000] {dag.py:3834} INFO - Setting next_dagrun for example_task_group_decorator to 2024-03-18 00:00:00+00:00, run_after=2024-03-19 00:00:00+00:00
[2024-03-19T10:41:07.179+0000] {processor.py:183} INFO - Processing /home/airflow/.local/lib/python3.8/site-packages/airflow/example_dags/example_task_group_decorator.py took 0.183 seconds
[2024-03-19T10:41:37.889+0000] {processor.py:161} INFO - Started process (PID=148) to work on /home/airflow/.local/lib/python3.8/site-packages/airflow/example_dags/example_task_group_decorator.py
[2024-03-19T10:41:37.890+0000] {processor.py:830} INFO - Processing file /home/airflow/.local/lib/python3.8/site-packages/airflow/example_dags/example_task_group_decorator.py for tasks to queue
[2024-03-19T10:41:37.891+0000] {logging_mixin.py:188} INFO - [2024-03-19T10:41:37.891+0000] {dagbag.py:540} INFO - Filling up the DagBag from /home/airflow/.local/lib/python3.8/site-packages/airflow/example_dags/example_task_group_decorator.py
[2024-03-19T10:41:37.903+0000] {processor.py:840} INFO - DAG(s) 'example_task_group_decorator' retrieved from /home/airflow/.local/lib/python3.8/site-packages/airflow/example_dags/example_task_group_decorator.py
[2024-03-19T10:41:37.923+0000] {logging_mixin.py:188} INFO - [2024-03-19T10:41:37.923+0000] {dag.py:3047} INFO - Sync 1 DAGs
[2024-03-19T10:41:37.939+0000] {logging_mixin.py:188} INFO - [2024-03-19T10:41:37.938+0000] {dag.py:3834} INFO - Setting next_dagrun for example_task_group_decorator to 2024-03-18 00:00:00+00:00, run_after=2024-03-19 00:00:00+00:00
[2024-03-19T10:41:37.952+0000] {processor.py:183} INFO - Processing /home/airflow/.local/lib/python3.8/site-packages/airflow/example_dags/example_task_group_decorator.py took 0.066 seconds
[2024-03-19T10:42:08.862+0000] {processor.py:161} INFO - Started process (PID=204) to work on /home/airflow/.local/lib/python3.8/site-packages/airflow/example_dags/example_task_group_decorator.py
[2024-03-19T10:42:08.863+0000] {processor.py:830} INFO - Processing file /home/airflow/.local/lib/python3.8/site-packages/airflow/example_dags/example_task_group_decorator.py for tasks to queue
[2024-03-19T10:42:08.864+0000] {logging_mixin.py:188} INFO - [2024-03-19T10:42:08.864+0000] {dagbag.py:540} INFO - Filling up the DagBag from /home/airflow/.local/lib/python3.8/site-packages/airflow/example_dags/example_task_group_decorator.py
[2024-03-19T10:42:08.876+0000] {processor.py:840} INFO - DAG(s) 'example_task_group_decorator' retrieved from /home/airflow/.local/lib/python3.8/site-packages/airflow/example_dags/example_task_group_decorator.py
[2024-03-19T10:42:08.894+0000] {logging_mixin.py:188} INFO - [2024-03-19T10:42:08.894+0000] {dag.py:3047} INFO - Sync 1 DAGs
[2024-03-19T10:42:08.908+0000] {logging_mixin.py:188} INFO - [2024-03-19T10:42:08.908+0000] {dag.py:3834} INFO - Setting next_dagrun for example_task_group_decorator to 2024-03-18 00:00:00+00:00, run_after=2024-03-19 00:00:00+00:00
[2024-03-19T10:42:08.920+0000] {processor.py:183} INFO - Processing /home/airflow/.local/lib/python3.8/site-packages/airflow/example_dags/example_task_group_decorator.py took 0.062 seconds
[2024-03-19T10:42:39.689+0000] {processor.py:161} INFO - Started process (PID=260) to work on /home/airflow/.local/lib/python3.8/site-packages/airflow/example_dags/example_task_group_decorator.py
[2024-03-19T10:42:39.691+0000] {processor.py:830} INFO - Processing file /home/airflow/.local/lib/python3.8/site-packages/airflow/example_dags/example_task_group_decorator.py for tasks to queue
[2024-03-19T10:42:39.693+0000] {logging_mixin.py:188} INFO - [2024-03-19T10:42:39.692+0000] {dagbag.py:540} INFO - Filling up the DagBag from /home/airflow/.local/lib/python3.8/site-packages/airflow/example_dags/example_task_group_decorator.py
[2024-03-19T10:42:39.711+0000] {processor.py:840} INFO - DAG(s) 'example_task_group_decorator' retrieved from /home/airflow/.local/lib/python3.8/site-packages/airflow/example_dags/example_task_group_decorator.py
[2024-03-19T10:42:39.746+0000] {logging_mixin.py:188} INFO - [2024-03-19T10:42:39.746+0000] {dag.py:3047} INFO - Sync 1 DAGs
[2024-03-19T10:42:39.762+0000] {logging_mixin.py:188} INFO - [2024-03-19T10:42:39.762+0000] {dag.py:3834} INFO - Setting next_dagrun for example_task_group_decorator to 2024-03-18 00:00:00+00:00, run_after=2024-03-19 00:00:00+00:00
[2024-03-19T10:42:39.775+0000] {processor.py:183} INFO - Processing /home/airflow/.local/lib/python3.8/site-packages/airflow/example_dags/example_task_group_decorator.py took 0.090 seconds
[2024-03-19T10:43:10.158+0000] {processor.py:161} INFO - Started process (PID=316) to work on /home/airflow/.local/lib/python3.8/site-packages/airflow/example_dags/example_task_group_decorator.py
[2024-03-19T10:43:10.159+0000] {processor.py:830} INFO - Processing file /home/airflow/.local/lib/python3.8/site-packages/airflow/example_dags/example_task_group_decorator.py for tasks to queue
[2024-03-19T10:43:10.161+0000] {logging_mixin.py:188} INFO - [2024-03-19T10:43:10.161+0000] {dagbag.py:540} INFO - Filling up the DagBag from /home/airflow/.local/lib/python3.8/site-packages/airflow/example_dags/example_task_group_decorator.py
[2024-03-19T10:43:10.173+0000] {processor.py:840} INFO - DAG(s) 'example_task_group_decorator' retrieved from /home/airflow/.local/lib/python3.8/site-packages/airflow/example_dags/example_task_group_decorator.py
[2024-03-19T10:43:10.191+0000] {logging_mixin.py:188} INFO - [2024-03-19T10:43:10.191+0000] {dag.py:3047} INFO - Sync 1 DAGs
[2024-03-19T10:43:10.206+0000] {logging_mixin.py:188} INFO - [2024-03-19T10:43:10.205+0000] {dag.py:3834} INFO - Setting next_dagrun for example_task_group_decorator to 2024-03-18 00:00:00+00:00, run_after=2024-03-19 00:00:00+00:00
[2024-03-19T10:43:10.216+0000] {processor.py:183} INFO - Processing /home/airflow/.local/lib/python3.8/site-packages/airflow/example_dags/example_task_group_decorator.py took 0.061 seconds
[2024-03-19T10:43:40.742+0000] {processor.py:161} INFO - Started process (PID=372) to work on /home/airflow/.local/lib/python3.8/site-packages/airflow/example_dags/example_task_group_decorator.py
[2024-03-19T10:43:40.743+0000] {processor.py:830} INFO - Processing file /home/airflow/.local/lib/python3.8/site-packages/airflow/example_dags/example_task_group_decorator.py for tasks to queue
[2024-03-19T10:43:40.745+0000] {logging_mixin.py:188} INFO - [2024-03-19T10:43:40.744+0000] {dagbag.py:540} INFO - Filling up the DagBag from /home/airflow/.local/lib/python3.8/site-packages/airflow/example_dags/example_task_group_decorator.py
[2024-03-19T10:43:40.757+0000] {processor.py:840} INFO - DAG(s) 'example_task_group_decorator' retrieved from /home/airflow/.local/lib/python3.8/site-packages/airflow/example_dags/example_task_group_decorator.py
[2024-03-19T10:43:40.775+0000] {logging_mixin.py:188} INFO - [2024-03-19T10:43:40.775+0000] {dag.py:3047} INFO - Sync 1 DAGs
[2024-03-19T10:43:40.790+0000] {logging_mixin.py:188} INFO - [2024-03-19T10:43:40.789+0000] {dag.py:3834} INFO - Setting next_dagrun for example_task_group_decorator to 2024-03-18 00:00:00+00:00, run_after=2024-03-19 00:00:00+00:00
[2024-03-19T10:43:40.801+0000] {processor.py:183} INFO - Processing /home/airflow/.local/lib/python3.8/site-packages/airflow/example_dags/example_task_group_decorator.py took 0.062 seconds
[2024-03-19T10:44:11.161+0000] {processor.py:161} INFO - Started process (PID=428) to work on /home/airflow/.local/lib/python3.8/site-packages/airflow/example_dags/example_task_group_decorator.py
[2024-03-19T10:44:11.162+0000] {processor.py:830} INFO - Processing file /home/airflow/.local/lib/python3.8/site-packages/airflow/example_dags/example_task_group_decorator.py for tasks to queue
[2024-03-19T10:44:11.163+0000] {logging_mixin.py:188} INFO - [2024-03-19T10:44:11.163+0000] {dagbag.py:540} INFO - Filling up the DagBag from /home/airflow/.local/lib/python3.8/site-packages/airflow/example_dags/example_task_group_decorator.py
[2024-03-19T10:44:11.175+0000] {processor.py:840} INFO - DAG(s) 'example_task_group_decorator' retrieved from /home/airflow/.local/lib/python3.8/site-packages/airflow/example_dags/example_task_group_decorator.py
[2024-03-19T10:44:11.193+0000] {logging_mixin.py:188} INFO - [2024-03-19T10:44:11.193+0000] {dag.py:3047} INFO - Sync 1 DAGs
[2024-03-19T10:44:11.207+0000] {logging_mixin.py:188} INFO - [2024-03-19T10:44:11.207+0000] {dag.py:3834} INFO - Setting next_dagrun for example_task_group_decorator to 2024-03-18 00:00:00+00:00, run_after=2024-03-19 00:00:00+00:00
[2024-03-19T10:44:11.218+0000] {processor.py:183} INFO - Processing /home/airflow/.local/lib/python3.8/site-packages/airflow/example_dags/example_task_group_decorator.py took 0.060 seconds
[2024-03-19T10:44:41.669+0000] {processor.py:161} INFO - Started process (PID=484) to work on /home/airflow/.local/lib/python3.8/site-packages/airflow/example_dags/example_task_group_decorator.py
[2024-03-19T10:44:41.670+0000] {processor.py:830} INFO - Processing file /home/airflow/.local/lib/python3.8/site-packages/airflow/example_dags/example_task_group_decorator.py for tasks to queue
[2024-03-19T10:44:41.672+0000] {logging_mixin.py:188} INFO - [2024-03-19T10:44:41.672+0000] {dagbag.py:540} INFO - Filling up the DagBag from /home/airflow/.local/lib/python3.8/site-packages/airflow/example_dags/example_task_group_decorator.py
[2024-03-19T10:44:41.686+0000] {processor.py:840} INFO - DAG(s) 'example_task_group_decorator' retrieved from /home/airflow/.local/lib/python3.8/site-packages/airflow/example_dags/example_task_group_decorator.py
[2024-03-19T10:44:41.706+0000] {logging_mixin.py:188} INFO - [2024-03-19T10:44:41.706+0000] {dag.py:3047} INFO - Sync 1 DAGs
[2024-03-19T10:44:41.727+0000] {logging_mixin.py:188} INFO - [2024-03-19T10:44:41.727+0000] {dag.py:3834} INFO - Setting next_dagrun for example_task_group_decorator to 2024-03-18 00:00:00+00:00, run_after=2024-03-19 00:00:00+00:00
[2024-03-19T10:44:41.740+0000] {processor.py:183} INFO - Processing /home/airflow/.local/lib/python3.8/site-packages/airflow/example_dags/example_task_group_decorator.py took 0.074 seconds
[2024-03-19T10:45:12.184+0000] {processor.py:161} INFO - Started process (PID=540) to work on /home/airflow/.local/lib/python3.8/site-packages/airflow/example_dags/example_task_group_decorator.py
[2024-03-19T10:45:12.185+0000] {processor.py:830} INFO - Processing file /home/airflow/.local/lib/python3.8/site-packages/airflow/example_dags/example_task_group_decorator.py for tasks to queue
[2024-03-19T10:45:12.187+0000] {logging_mixin.py:188} INFO - [2024-03-19T10:45:12.187+0000] {dagbag.py:540} INFO - Filling up the DagBag from /home/airflow/.local/lib/python3.8/site-packages/airflow/example_dags/example_task_group_decorator.py
[2024-03-19T10:45:12.205+0000] {processor.py:840} INFO - DAG(s) 'example_task_group_decorator' retrieved from /home/airflow/.local/lib/python3.8/site-packages/airflow/example_dags/example_task_group_decorator.py
[2024-03-19T10:45:12.232+0000] {logging_mixin.py:188} INFO - [2024-03-19T10:45:12.231+0000] {dag.py:3047} INFO - Sync 1 DAGs
[2024-03-19T10:45:12.267+0000] {logging_mixin.py:188} INFO - [2024-03-19T10:45:12.266+0000] {dag.py:3834} INFO - Setting next_dagrun for example_task_group_decorator to 2024-03-18 00:00:00+00:00, run_after=2024-03-19 00:00:00+00:00
[2024-03-19T10:45:12.293+0000] {processor.py:183} INFO - Processing /home/airflow/.local/lib/python3.8/site-packages/airflow/example_dags/example_task_group_decorator.py took 0.113 seconds
[2024-03-19T10:45:43.302+0000] {processor.py:161} INFO - Started process (PID=596) to work on /home/airflow/.local/lib/python3.8/site-packages/airflow/example_dags/example_task_group_decorator.py
[2024-03-19T10:45:43.303+0000] {processor.py:830} INFO - Processing file /home/airflow/.local/lib/python3.8/site-packages/airflow/example_dags/example_task_group_decorator.py for tasks to queue
[2024-03-19T10:45:43.305+0000] {logging_mixin.py:188} INFO - [2024-03-19T10:45:43.305+0000] {dagbag.py:540} INFO - Filling up the DagBag from /home/airflow/.local/lib/python3.8/site-packages/airflow/example_dags/example_task_group_decorator.py
[2024-03-19T10:45:43.320+0000] {processor.py:840} INFO - DAG(s) 'example_task_group_decorator' retrieved from /home/airflow/.local/lib/python3.8/site-packages/airflow/example_dags/example_task_group_decorator.py
[2024-03-19T10:45:43.343+0000] {logging_mixin.py:188} INFO - [2024-03-19T10:45:43.343+0000] {dag.py:3047} INFO - Sync 1 DAGs
[2024-03-19T10:45:43.373+0000] {logging_mixin.py:188} INFO - [2024-03-19T10:45:43.373+0000] {dag.py:3834} INFO - Setting next_dagrun for example_task_group_decorator to 2024-03-18 00:00:00+00:00, run_after=2024-03-19 00:00:00+00:00
[2024-03-19T10:45:43.394+0000] {processor.py:183} INFO - Processing /home/airflow/.local/lib/python3.8/site-packages/airflow/example_dags/example_task_group_decorator.py took 0.097 seconds
[2024-03-19T10:46:13.934+0000] {processor.py:161} INFO - Started process (PID=652) to work on /home/airflow/.local/lib/python3.8/site-packages/airflow/example_dags/example_task_group_decorator.py
[2024-03-19T10:46:13.936+0000] {processor.py:830} INFO - Processing file /home/airflow/.local/lib/python3.8/site-packages/airflow/example_dags/example_task_group_decorator.py for tasks to queue
[2024-03-19T10:46:13.938+0000] {logging_mixin.py:188} INFO - [2024-03-19T10:46:13.937+0000] {dagbag.py:540} INFO - Filling up the DagBag from /home/airflow/.local/lib/python3.8/site-packages/airflow/example_dags/example_task_group_decorator.py
[2024-03-19T10:46:13.953+0000] {processor.py:840} INFO - DAG(s) 'example_task_group_decorator' retrieved from /home/airflow/.local/lib/python3.8/site-packages/airflow/example_dags/example_task_group_decorator.py
[2024-03-19T10:46:13.977+0000] {logging_mixin.py:188} INFO - [2024-03-19T10:46:13.977+0000] {dag.py:3047} INFO - Sync 1 DAGs
[2024-03-19T10:46:14.010+0000] {logging_mixin.py:188} INFO - [2024-03-19T10:46:14.010+0000] {dag.py:3834} INFO - Setting next_dagrun for example_task_group_decorator to 2024-03-18 00:00:00+00:00, run_after=2024-03-19 00:00:00+00:00
[2024-03-19T10:46:14.035+0000] {processor.py:183} INFO - Processing /home/airflow/.local/lib/python3.8/site-packages/airflow/example_dags/example_task_group_decorator.py took 0.105 seconds
[2024-03-19T10:46:44.729+0000] {processor.py:161} INFO - Started process (PID=708) to work on /home/airflow/.local/lib/python3.8/site-packages/airflow/example_dags/example_task_group_decorator.py
[2024-03-19T10:46:44.730+0000] {processor.py:830} INFO - Processing file /home/airflow/.local/lib/python3.8/site-packages/airflow/example_dags/example_task_group_decorator.py for tasks to queue
[2024-03-19T10:46:44.732+0000] {logging_mixin.py:188} INFO - [2024-03-19T10:46:44.732+0000] {dagbag.py:540} INFO - Filling up the DagBag from /home/airflow/.local/lib/python3.8/site-packages/airflow/example_dags/example_task_group_decorator.py
[2024-03-19T10:46:44.751+0000] {processor.py:840} INFO - DAG(s) 'example_task_group_decorator' retrieved from /home/airflow/.local/lib/python3.8/site-packages/airflow/example_dags/example_task_group_decorator.py
[2024-03-19T10:46:44.777+0000] {logging_mixin.py:188} INFO - [2024-03-19T10:46:44.776+0000] {dag.py:3047} INFO - Sync 1 DAGs
[2024-03-19T10:46:44.797+0000] {logging_mixin.py:188} INFO - [2024-03-19T10:46:44.797+0000] {dag.py:3834} INFO - Setting next_dagrun for example_task_group_decorator to 2024-03-18 00:00:00+00:00, run_after=2024-03-19 00:00:00+00:00
[2024-03-19T10:46:44.812+0000] {processor.py:183} INFO - Processing /home/airflow/.local/lib/python3.8/site-packages/airflow/example_dags/example_task_group_decorator.py took 0.086 seconds
[2024-03-19T10:47:14.928+0000] {processor.py:161} INFO - Started process (PID=764) to work on /home/airflow/.local/lib/python3.8/site-packages/airflow/example_dags/example_task_group_decorator.py
[2024-03-19T10:47:14.932+0000] {processor.py:830} INFO - Processing file /home/airflow/.local/lib/python3.8/site-packages/airflow/example_dags/example_task_group_decorator.py for tasks to queue
[2024-03-19T10:47:14.936+0000] {logging_mixin.py:188} INFO - [2024-03-19T10:47:14.935+0000] {dagbag.py:540} INFO - Filling up the DagBag from /home/airflow/.local/lib/python3.8/site-packages/airflow/example_dags/example_task_group_decorator.py
[2024-03-19T10:47:14.958+0000] {processor.py:840} INFO - DAG(s) 'example_task_group_decorator' retrieved from /home/airflow/.local/lib/python3.8/site-packages/airflow/example_dags/example_task_group_decorator.py
[2024-03-19T10:47:14.984+0000] {logging_mixin.py:188} INFO - [2024-03-19T10:47:14.984+0000] {dag.py:3047} INFO - Sync 1 DAGs
[2024-03-19T10:47:15.023+0000] {logging_mixin.py:188} INFO - [2024-03-19T10:47:15.022+0000] {dag.py:3834} INFO - Setting next_dagrun for example_task_group_decorator to 2024-03-18 00:00:00+00:00, run_after=2024-03-19 00:00:00+00:00
[2024-03-19T10:47:15.038+0000] {processor.py:183} INFO - Processing /home/airflow/.local/lib/python3.8/site-packages/airflow/example_dags/example_task_group_decorator.py took 0.117 seconds
[2024-03-19T10:47:45.365+0000] {processor.py:161} INFO - Started process (PID=820) to work on /home/airflow/.local/lib/python3.8/site-packages/airflow/example_dags/example_task_group_decorator.py
[2024-03-19T10:47:45.366+0000] {processor.py:830} INFO - Processing file /home/airflow/.local/lib/python3.8/site-packages/airflow/example_dags/example_task_group_decorator.py for tasks to queue
[2024-03-19T10:47:45.367+0000] {logging_mixin.py:188} INFO - [2024-03-19T10:47:45.367+0000] {dagbag.py:540} INFO - Filling up the DagBag from /home/airflow/.local/lib/python3.8/site-packages/airflow/example_dags/example_task_group_decorator.py
[2024-03-19T10:47:45.380+0000] {processor.py:840} INFO - DAG(s) 'example_task_group_decorator' retrieved from /home/airflow/.local/lib/python3.8/site-packages/airflow/example_dags/example_task_group_decorator.py
[2024-03-19T10:47:45.399+0000] {logging_mixin.py:188} INFO - [2024-03-19T10:47:45.399+0000] {dag.py:3047} INFO - Sync 1 DAGs
[2024-03-19T10:47:45.414+0000] {logging_mixin.py:188} INFO - [2024-03-19T10:47:45.413+0000] {dag.py:3834} INFO - Setting next_dagrun for example_task_group_decorator to 2024-03-18 00:00:00+00:00, run_after=2024-03-19 00:00:00+00:00
[2024-03-19T10:47:45.425+0000] {processor.py:183} INFO - Processing /home/airflow/.local/lib/python3.8/site-packages/airflow/example_dags/example_task_group_decorator.py took 0.064 seconds
[2024-03-19T10:48:15.682+0000] {processor.py:161} INFO - Started process (PID=876) to work on /home/airflow/.local/lib/python3.8/site-packages/airflow/example_dags/example_task_group_decorator.py
[2024-03-19T10:48:15.683+0000] {processor.py:830} INFO - Processing file /home/airflow/.local/lib/python3.8/site-packages/airflow/example_dags/example_task_group_decorator.py for tasks to queue
[2024-03-19T10:48:15.684+0000] {logging_mixin.py:188} INFO - [2024-03-19T10:48:15.684+0000] {dagbag.py:540} INFO - Filling up the DagBag from /home/airflow/.local/lib/python3.8/site-packages/airflow/example_dags/example_task_group_decorator.py
[2024-03-19T10:48:15.697+0000] {processor.py:840} INFO - DAG(s) 'example_task_group_decorator' retrieved from /home/airflow/.local/lib/python3.8/site-packages/airflow/example_dags/example_task_group_decorator.py
[2024-03-19T10:48:15.715+0000] {logging_mixin.py:188} INFO - [2024-03-19T10:48:15.715+0000] {dag.py:3047} INFO - Sync 1 DAGs
[2024-03-19T10:48:15.730+0000] {logging_mixin.py:188} INFO - [2024-03-19T10:48:15.730+0000] {dag.py:3834} INFO - Setting next_dagrun for example_task_group_decorator to 2024-03-18 00:00:00+00:00, run_after=2024-03-19 00:00:00+00:00
[2024-03-19T10:48:15.744+0000] {processor.py:183} INFO - Processing /home/airflow/.local/lib/python3.8/site-packages/airflow/example_dags/example_task_group_decorator.py took 0.066 seconds
[2024-03-19T10:48:45.881+0000] {processor.py:161} INFO - Started process (PID=932) to work on /home/airflow/.local/lib/python3.8/site-packages/airflow/example_dags/example_task_group_decorator.py
[2024-03-19T10:48:45.882+0000] {processor.py:830} INFO - Processing file /home/airflow/.local/lib/python3.8/site-packages/airflow/example_dags/example_task_group_decorator.py for tasks to queue
[2024-03-19T10:48:45.883+0000] {logging_mixin.py:188} INFO - [2024-03-19T10:48:45.883+0000] {dagbag.py:540} INFO - Filling up the DagBag from /home/airflow/.local/lib/python3.8/site-packages/airflow/example_dags/example_task_group_decorator.py
[2024-03-19T10:48:45.900+0000] {processor.py:840} INFO - DAG(s) 'example_task_group_decorator' retrieved from /home/airflow/.local/lib/python3.8/site-packages/airflow/example_dags/example_task_group_decorator.py
[2024-03-19T10:48:45.921+0000] {logging_mixin.py:188} INFO - [2024-03-19T10:48:45.921+0000] {dag.py:3047} INFO - Sync 1 DAGs
[2024-03-19T10:48:45.937+0000] {logging_mixin.py:188} INFO - [2024-03-19T10:48:45.937+0000] {dag.py:3834} INFO - Setting next_dagrun for example_task_group_decorator to 2024-03-18 00:00:00+00:00, run_after=2024-03-19 00:00:00+00:00
[2024-03-19T10:48:45.951+0000] {processor.py:183} INFO - Processing /home/airflow/.local/lib/python3.8/site-packages/airflow/example_dags/example_task_group_decorator.py took 0.073 seconds
[2024-03-19T10:49:16.242+0000] {processor.py:161} INFO - Started process (PID=988) to work on /home/airflow/.local/lib/python3.8/site-packages/airflow/example_dags/example_task_group_decorator.py
[2024-03-19T10:49:16.243+0000] {processor.py:830} INFO - Processing file /home/airflow/.local/lib/python3.8/site-packages/airflow/example_dags/example_task_group_decorator.py for tasks to queue
[2024-03-19T10:49:16.244+0000] {logging_mixin.py:188} INFO - [2024-03-19T10:49:16.244+0000] {dagbag.py:540} INFO - Filling up the DagBag from /home/airflow/.local/lib/python3.8/site-packages/airflow/example_dags/example_task_group_decorator.py
[2024-03-19T10:49:16.256+0000] {processor.py:840} INFO - DAG(s) 'example_task_group_decorator' retrieved from /home/airflow/.local/lib/python3.8/site-packages/airflow/example_dags/example_task_group_decorator.py
[2024-03-19T10:49:16.275+0000] {logging_mixin.py:188} INFO - [2024-03-19T10:49:16.275+0000] {dag.py:3047} INFO - Sync 1 DAGs
[2024-03-19T10:49:16.289+0000] {logging_mixin.py:188} INFO - [2024-03-19T10:49:16.289+0000] {dag.py:3834} INFO - Setting next_dagrun for example_task_group_decorator to 2024-03-18 00:00:00+00:00, run_after=2024-03-19 00:00:00+00:00
[2024-03-19T10:49:16.301+0000] {processor.py:183} INFO - Processing /home/airflow/.local/lib/python3.8/site-packages/airflow/example_dags/example_task_group_decorator.py took 0.062 seconds
