[2024-03-19T10:40:37.199+0000] {processor.py:161} INFO - Started process (PID=40) to work on /home/airflow/.local/lib/python3.8/site-packages/airflow/example_dags/example_sensor_decorator.py
[2024-03-19T10:40:37.200+0000] {processor.py:830} INFO - Processing file /home/airflow/.local/lib/python3.8/site-packages/airflow/example_dags/example_sensor_decorator.py for tasks to queue
[2024-03-19T10:40:37.213+0000] {logging_mixin.py:188} INFO - [2024-03-19T10:40:37.212+0000] {dagbag.py:540} INFO - Filling up the DagBag from /home/airflow/.local/lib/python3.8/site-packages/airflow/example_dags/example_sensor_decorator.py
[2024-03-19T10:40:37.227+0000] {processor.py:840} INFO - DAG(s) 'example_sensor_decorator' retrieved from /home/airflow/.local/lib/python3.8/site-packages/airflow/example_dags/example_sensor_decorator.py
[2024-03-19T10:40:37.248+0000] {logging_mixin.py:188} INFO - [2024-03-19T10:40:37.248+0000] {dag.py:3047} INFO - Sync 1 DAGs
[2024-03-19T10:40:37.266+0000] {logging_mixin.py:188} INFO - [2024-03-19T10:40:37.265+0000] {dag.py:3834} INFO - Setting next_dagrun for example_sensor_decorator to None, run_after=None
[2024-03-19T10:40:37.289+0000] {processor.py:183} INFO - Processing /home/airflow/.local/lib/python3.8/site-packages/airflow/example_dags/example_sensor_decorator.py took 0.095 seconds
[2024-03-19T10:41:07.511+0000] {processor.py:161} INFO - Started process (PID=96) to work on /home/airflow/.local/lib/python3.8/site-packages/airflow/example_dags/example_sensor_decorator.py
[2024-03-19T10:41:07.512+0000] {processor.py:830} INFO - Processing file /home/airflow/.local/lib/python3.8/site-packages/airflow/example_dags/example_sensor_decorator.py for tasks to queue
[2024-03-19T10:41:07.513+0000] {logging_mixin.py:188} INFO - [2024-03-19T10:41:07.513+0000] {dagbag.py:540} INFO - Filling up the DagBag from /home/airflow/.local/lib/python3.8/site-packages/airflow/example_dags/example_sensor_decorator.py
[2024-03-19T10:41:07.518+0000] {processor.py:840} INFO - DAG(s) 'example_sensor_decorator' retrieved from /home/airflow/.local/lib/python3.8/site-packages/airflow/example_dags/example_sensor_decorator.py
[2024-03-19T10:41:07.593+0000] {logging_mixin.py:188} INFO - [2024-03-19T10:41:07.593+0000] {dag.py:3047} INFO - Sync 1 DAGs
[2024-03-19T10:41:07.600+0000] {logging_mixin.py:188} INFO - [2024-03-19T10:41:07.600+0000] {dag.py:3834} INFO - Setting next_dagrun for example_sensor_decorator to None, run_after=None
[2024-03-19T10:41:07.613+0000] {processor.py:183} INFO - Processing /home/airflow/.local/lib/python3.8/site-packages/airflow/example_dags/example_sensor_decorator.py took 0.105 seconds
[2024-03-19T10:41:38.044+0000] {processor.py:161} INFO - Started process (PID=152) to work on /home/airflow/.local/lib/python3.8/site-packages/airflow/example_dags/example_sensor_decorator.py
[2024-03-19T10:41:38.046+0000] {processor.py:830} INFO - Processing file /home/airflow/.local/lib/python3.8/site-packages/airflow/example_dags/example_sensor_decorator.py for tasks to queue
[2024-03-19T10:41:38.047+0000] {logging_mixin.py:188} INFO - [2024-03-19T10:41:38.047+0000] {dagbag.py:540} INFO - Filling up the DagBag from /home/airflow/.local/lib/python3.8/site-packages/airflow/example_dags/example_sensor_decorator.py
[2024-03-19T10:41:38.052+0000] {processor.py:840} INFO - DAG(s) 'example_sensor_decorator' retrieved from /home/airflow/.local/lib/python3.8/site-packages/airflow/example_dags/example_sensor_decorator.py
[2024-03-19T10:41:38.068+0000] {logging_mixin.py:188} INFO - [2024-03-19T10:41:38.067+0000] {dag.py:3047} INFO - Sync 1 DAGs
[2024-03-19T10:41:38.076+0000] {logging_mixin.py:188} INFO - [2024-03-19T10:41:38.076+0000] {dag.py:3834} INFO - Setting next_dagrun for example_sensor_decorator to None, run_after=None
[2024-03-19T10:41:38.088+0000] {processor.py:183} INFO - Processing /home/airflow/.local/lib/python3.8/site-packages/airflow/example_dags/example_sensor_decorator.py took 0.047 seconds
[2024-03-19T10:42:09.129+0000] {processor.py:161} INFO - Started process (PID=208) to work on /home/airflow/.local/lib/python3.8/site-packages/airflow/example_dags/example_sensor_decorator.py
[2024-03-19T10:42:09.130+0000] {processor.py:830} INFO - Processing file /home/airflow/.local/lib/python3.8/site-packages/airflow/example_dags/example_sensor_decorator.py for tasks to queue
[2024-03-19T10:42:09.132+0000] {logging_mixin.py:188} INFO - [2024-03-19T10:42:09.132+0000] {dagbag.py:540} INFO - Filling up the DagBag from /home/airflow/.local/lib/python3.8/site-packages/airflow/example_dags/example_sensor_decorator.py
[2024-03-19T10:42:09.139+0000] {processor.py:840} INFO - DAG(s) 'example_sensor_decorator' retrieved from /home/airflow/.local/lib/python3.8/site-packages/airflow/example_dags/example_sensor_decorator.py
[2024-03-19T10:42:09.158+0000] {logging_mixin.py:188} INFO - [2024-03-19T10:42:09.158+0000] {dag.py:3047} INFO - Sync 1 DAGs
[2024-03-19T10:42:09.168+0000] {logging_mixin.py:188} INFO - [2024-03-19T10:42:09.168+0000] {dag.py:3834} INFO - Setting next_dagrun for example_sensor_decorator to None, run_after=None
[2024-03-19T10:42:09.181+0000] {processor.py:183} INFO - Processing /home/airflow/.local/lib/python3.8/site-packages/airflow/example_dags/example_sensor_decorator.py took 0.058 seconds
[2024-03-19T10:42:39.864+0000] {processor.py:161} INFO - Started process (PID=264) to work on /home/airflow/.local/lib/python3.8/site-packages/airflow/example_dags/example_sensor_decorator.py
[2024-03-19T10:42:39.866+0000] {processor.py:830} INFO - Processing file /home/airflow/.local/lib/python3.8/site-packages/airflow/example_dags/example_sensor_decorator.py for tasks to queue
[2024-03-19T10:42:39.868+0000] {logging_mixin.py:188} INFO - [2024-03-19T10:42:39.868+0000] {dagbag.py:540} INFO - Filling up the DagBag from /home/airflow/.local/lib/python3.8/site-packages/airflow/example_dags/example_sensor_decorator.py
[2024-03-19T10:42:39.875+0000] {processor.py:840} INFO - DAG(s) 'example_sensor_decorator' retrieved from /home/airflow/.local/lib/python3.8/site-packages/airflow/example_dags/example_sensor_decorator.py
[2024-03-19T10:42:39.892+0000] {logging_mixin.py:188} INFO - [2024-03-19T10:42:39.891+0000] {dag.py:3047} INFO - Sync 1 DAGs
[2024-03-19T10:42:39.900+0000] {logging_mixin.py:188} INFO - [2024-03-19T10:42:39.900+0000] {dag.py:3834} INFO - Setting next_dagrun for example_sensor_decorator to None, run_after=None
[2024-03-19T10:42:39.912+0000] {processor.py:183} INFO - Processing /home/airflow/.local/lib/python3.8/site-packages/airflow/example_dags/example_sensor_decorator.py took 0.052 seconds
[2024-03-19T10:43:10.369+0000] {processor.py:161} INFO - Started process (PID=320) to work on /home/airflow/.local/lib/python3.8/site-packages/airflow/example_dags/example_sensor_decorator.py
[2024-03-19T10:43:10.370+0000] {processor.py:830} INFO - Processing file /home/airflow/.local/lib/python3.8/site-packages/airflow/example_dags/example_sensor_decorator.py for tasks to queue
[2024-03-19T10:43:10.372+0000] {logging_mixin.py:188} INFO - [2024-03-19T10:43:10.371+0000] {dagbag.py:540} INFO - Filling up the DagBag from /home/airflow/.local/lib/python3.8/site-packages/airflow/example_dags/example_sensor_decorator.py
[2024-03-19T10:43:10.377+0000] {processor.py:840} INFO - DAG(s) 'example_sensor_decorator' retrieved from /home/airflow/.local/lib/python3.8/site-packages/airflow/example_dags/example_sensor_decorator.py
[2024-03-19T10:43:10.391+0000] {logging_mixin.py:188} INFO - [2024-03-19T10:43:10.391+0000] {dag.py:3047} INFO - Sync 1 DAGs
[2024-03-19T10:43:10.402+0000] {logging_mixin.py:188} INFO - [2024-03-19T10:43:10.402+0000] {dag.py:3834} INFO - Setting next_dagrun for example_sensor_decorator to None, run_after=None
[2024-03-19T10:43:10.414+0000] {processor.py:183} INFO - Processing /home/airflow/.local/lib/python3.8/site-packages/airflow/example_dags/example_sensor_decorator.py took 0.048 seconds
[2024-03-19T10:43:40.948+0000] {processor.py:161} INFO - Started process (PID=376) to work on /home/airflow/.local/lib/python3.8/site-packages/airflow/example_dags/example_sensor_decorator.py
[2024-03-19T10:43:40.949+0000] {processor.py:830} INFO - Processing file /home/airflow/.local/lib/python3.8/site-packages/airflow/example_dags/example_sensor_decorator.py for tasks to queue
[2024-03-19T10:43:40.951+0000] {logging_mixin.py:188} INFO - [2024-03-19T10:43:40.951+0000] {dagbag.py:540} INFO - Filling up the DagBag from /home/airflow/.local/lib/python3.8/site-packages/airflow/example_dags/example_sensor_decorator.py
[2024-03-19T10:43:40.956+0000] {processor.py:840} INFO - DAG(s) 'example_sensor_decorator' retrieved from /home/airflow/.local/lib/python3.8/site-packages/airflow/example_dags/example_sensor_decorator.py
[2024-03-19T10:43:40.971+0000] {logging_mixin.py:188} INFO - [2024-03-19T10:43:40.971+0000] {dag.py:3047} INFO - Sync 1 DAGs
[2024-03-19T10:43:40.980+0000] {logging_mixin.py:188} INFO - [2024-03-19T10:43:40.979+0000] {dag.py:3834} INFO - Setting next_dagrun for example_sensor_decorator to None, run_after=None
[2024-03-19T10:43:40.991+0000] {processor.py:183} INFO - Processing /home/airflow/.local/lib/python3.8/site-packages/airflow/example_dags/example_sensor_decorator.py took 0.046 seconds
[2024-03-19T10:44:11.365+0000] {processor.py:161} INFO - Started process (PID=432) to work on /home/airflow/.local/lib/python3.8/site-packages/airflow/example_dags/example_sensor_decorator.py
[2024-03-19T10:44:11.366+0000] {processor.py:830} INFO - Processing file /home/airflow/.local/lib/python3.8/site-packages/airflow/example_dags/example_sensor_decorator.py for tasks to queue
[2024-03-19T10:44:11.368+0000] {logging_mixin.py:188} INFO - [2024-03-19T10:44:11.368+0000] {dagbag.py:540} INFO - Filling up the DagBag from /home/airflow/.local/lib/python3.8/site-packages/airflow/example_dags/example_sensor_decorator.py
[2024-03-19T10:44:11.373+0000] {processor.py:840} INFO - DAG(s) 'example_sensor_decorator' retrieved from /home/airflow/.local/lib/python3.8/site-packages/airflow/example_dags/example_sensor_decorator.py
[2024-03-19T10:44:11.388+0000] {logging_mixin.py:188} INFO - [2024-03-19T10:44:11.388+0000] {dag.py:3047} INFO - Sync 1 DAGs
[2024-03-19T10:44:11.397+0000] {logging_mixin.py:188} INFO - [2024-03-19T10:44:11.396+0000] {dag.py:3834} INFO - Setting next_dagrun for example_sensor_decorator to None, run_after=None
[2024-03-19T10:44:11.408+0000] {processor.py:183} INFO - Processing /home/airflow/.local/lib/python3.8/site-packages/airflow/example_dags/example_sensor_decorator.py took 0.045 seconds
[2024-03-19T10:44:41.907+0000] {processor.py:161} INFO - Started process (PID=488) to work on /home/airflow/.local/lib/python3.8/site-packages/airflow/example_dags/example_sensor_decorator.py
[2024-03-19T10:44:41.908+0000] {processor.py:830} INFO - Processing file /home/airflow/.local/lib/python3.8/site-packages/airflow/example_dags/example_sensor_decorator.py for tasks to queue
[2024-03-19T10:44:41.910+0000] {logging_mixin.py:188} INFO - [2024-03-19T10:44:41.909+0000] {dagbag.py:540} INFO - Filling up the DagBag from /home/airflow/.local/lib/python3.8/site-packages/airflow/example_dags/example_sensor_decorator.py
[2024-03-19T10:44:41.915+0000] {processor.py:840} INFO - DAG(s) 'example_sensor_decorator' retrieved from /home/airflow/.local/lib/python3.8/site-packages/airflow/example_dags/example_sensor_decorator.py
[2024-03-19T10:44:41.931+0000] {logging_mixin.py:188} INFO - [2024-03-19T10:44:41.931+0000] {dag.py:3047} INFO - Sync 1 DAGs
[2024-03-19T10:44:41.940+0000] {logging_mixin.py:188} INFO - [2024-03-19T10:44:41.940+0000] {dag.py:3834} INFO - Setting next_dagrun for example_sensor_decorator to None, run_after=None
[2024-03-19T10:44:41.956+0000] {processor.py:183} INFO - Processing /home/airflow/.local/lib/python3.8/site-packages/airflow/example_dags/example_sensor_decorator.py took 0.052 seconds
[2024-03-19T10:45:12.411+0000] {processor.py:161} INFO - Started process (PID=544) to work on /home/airflow/.local/lib/python3.8/site-packages/airflow/example_dags/example_sensor_decorator.py
[2024-03-19T10:45:12.413+0000] {processor.py:830} INFO - Processing file /home/airflow/.local/lib/python3.8/site-packages/airflow/example_dags/example_sensor_decorator.py for tasks to queue
[2024-03-19T10:45:12.415+0000] {logging_mixin.py:188} INFO - [2024-03-19T10:45:12.415+0000] {dagbag.py:540} INFO - Filling up the DagBag from /home/airflow/.local/lib/python3.8/site-packages/airflow/example_dags/example_sensor_decorator.py
[2024-03-19T10:45:12.421+0000] {processor.py:840} INFO - DAG(s) 'example_sensor_decorator' retrieved from /home/airflow/.local/lib/python3.8/site-packages/airflow/example_dags/example_sensor_decorator.py
[2024-03-19T10:45:12.439+0000] {logging_mixin.py:188} INFO - [2024-03-19T10:45:12.439+0000] {dag.py:3047} INFO - Sync 1 DAGs
[2024-03-19T10:45:12.450+0000] {logging_mixin.py:188} INFO - [2024-03-19T10:45:12.449+0000] {dag.py:3834} INFO - Setting next_dagrun for example_sensor_decorator to None, run_after=None
[2024-03-19T10:45:12.465+0000] {processor.py:183} INFO - Processing /home/airflow/.local/lib/python3.8/site-packages/airflow/example_dags/example_sensor_decorator.py took 0.057 seconds
[2024-03-19T10:45:43.614+0000] {processor.py:161} INFO - Started process (PID=600) to work on /home/airflow/.local/lib/python3.8/site-packages/airflow/example_dags/example_sensor_decorator.py
[2024-03-19T10:45:43.615+0000] {processor.py:830} INFO - Processing file /home/airflow/.local/lib/python3.8/site-packages/airflow/example_dags/example_sensor_decorator.py for tasks to queue
[2024-03-19T10:45:43.617+0000] {logging_mixin.py:188} INFO - [2024-03-19T10:45:43.617+0000] {dagbag.py:540} INFO - Filling up the DagBag from /home/airflow/.local/lib/python3.8/site-packages/airflow/example_dags/example_sensor_decorator.py
[2024-03-19T10:45:43.622+0000] {processor.py:840} INFO - DAG(s) 'example_sensor_decorator' retrieved from /home/airflow/.local/lib/python3.8/site-packages/airflow/example_dags/example_sensor_decorator.py
[2024-03-19T10:45:43.638+0000] {logging_mixin.py:188} INFO - [2024-03-19T10:45:43.638+0000] {dag.py:3047} INFO - Sync 1 DAGs
[2024-03-19T10:45:43.647+0000] {logging_mixin.py:188} INFO - [2024-03-19T10:45:43.647+0000] {dag.py:3834} INFO - Setting next_dagrun for example_sensor_decorator to None, run_after=None
[2024-03-19T10:45:43.658+0000] {processor.py:183} INFO - Processing /home/airflow/.local/lib/python3.8/site-packages/airflow/example_dags/example_sensor_decorator.py took 0.047 seconds
[2024-03-19T10:46:14.159+0000] {processor.py:161} INFO - Started process (PID=656) to work on /home/airflow/.local/lib/python3.8/site-packages/airflow/example_dags/example_sensor_decorator.py
[2024-03-19T10:46:14.161+0000] {processor.py:830} INFO - Processing file /home/airflow/.local/lib/python3.8/site-packages/airflow/example_dags/example_sensor_decorator.py for tasks to queue
[2024-03-19T10:46:14.162+0000] {logging_mixin.py:188} INFO - [2024-03-19T10:46:14.162+0000] {dagbag.py:540} INFO - Filling up the DagBag from /home/airflow/.local/lib/python3.8/site-packages/airflow/example_dags/example_sensor_decorator.py
[2024-03-19T10:46:14.169+0000] {processor.py:840} INFO - DAG(s) 'example_sensor_decorator' retrieved from /home/airflow/.local/lib/python3.8/site-packages/airflow/example_dags/example_sensor_decorator.py
[2024-03-19T10:46:14.192+0000] {logging_mixin.py:188} INFO - [2024-03-19T10:46:14.192+0000] {dag.py:3047} INFO - Sync 1 DAGs
[2024-03-19T10:46:14.203+0000] {logging_mixin.py:188} INFO - [2024-03-19T10:46:14.203+0000] {dag.py:3834} INFO - Setting next_dagrun for example_sensor_decorator to None, run_after=None
[2024-03-19T10:46:14.220+0000] {processor.py:183} INFO - Processing /home/airflow/.local/lib/python3.8/site-packages/airflow/example_dags/example_sensor_decorator.py took 0.065 seconds
[2024-03-19T10:46:44.982+0000] {processor.py:161} INFO - Started process (PID=712) to work on /home/airflow/.local/lib/python3.8/site-packages/airflow/example_dags/example_sensor_decorator.py
[2024-03-19T10:46:44.984+0000] {processor.py:830} INFO - Processing file /home/airflow/.local/lib/python3.8/site-packages/airflow/example_dags/example_sensor_decorator.py for tasks to queue
[2024-03-19T10:46:44.985+0000] {logging_mixin.py:188} INFO - [2024-03-19T10:46:44.985+0000] {dagbag.py:540} INFO - Filling up the DagBag from /home/airflow/.local/lib/python3.8/site-packages/airflow/example_dags/example_sensor_decorator.py
[2024-03-19T10:46:44.991+0000] {processor.py:840} INFO - DAG(s) 'example_sensor_decorator' retrieved from /home/airflow/.local/lib/python3.8/site-packages/airflow/example_dags/example_sensor_decorator.py
[2024-03-19T10:46:45.008+0000] {logging_mixin.py:188} INFO - [2024-03-19T10:46:45.008+0000] {dag.py:3047} INFO - Sync 1 DAGs
[2024-03-19T10:46:45.017+0000] {logging_mixin.py:188} INFO - [2024-03-19T10:46:45.017+0000] {dag.py:3834} INFO - Setting next_dagrun for example_sensor_decorator to None, run_after=None
[2024-03-19T10:46:45.030+0000] {processor.py:183} INFO - Processing /home/airflow/.local/lib/python3.8/site-packages/airflow/example_dags/example_sensor_decorator.py took 0.051 seconds
[2024-03-19T10:47:15.128+0000] {processor.py:161} INFO - Started process (PID=768) to work on /home/airflow/.local/lib/python3.8/site-packages/airflow/example_dags/example_sensor_decorator.py
[2024-03-19T10:47:15.129+0000] {processor.py:830} INFO - Processing file /home/airflow/.local/lib/python3.8/site-packages/airflow/example_dags/example_sensor_decorator.py for tasks to queue
[2024-03-19T10:47:15.131+0000] {logging_mixin.py:188} INFO - [2024-03-19T10:47:15.131+0000] {dagbag.py:540} INFO - Filling up the DagBag from /home/airflow/.local/lib/python3.8/site-packages/airflow/example_dags/example_sensor_decorator.py
[2024-03-19T10:47:15.136+0000] {processor.py:840} INFO - DAG(s) 'example_sensor_decorator' retrieved from /home/airflow/.local/lib/python3.8/site-packages/airflow/example_dags/example_sensor_decorator.py
[2024-03-19T10:47:15.151+0000] {logging_mixin.py:188} INFO - [2024-03-19T10:47:15.151+0000] {dag.py:3047} INFO - Sync 1 DAGs
[2024-03-19T10:47:15.159+0000] {logging_mixin.py:188} INFO - [2024-03-19T10:47:15.159+0000] {dag.py:3834} INFO - Setting next_dagrun for example_sensor_decorator to None, run_after=None
[2024-03-19T10:47:15.174+0000] {processor.py:183} INFO - Processing /home/airflow/.local/lib/python3.8/site-packages/airflow/example_dags/example_sensor_decorator.py took 0.050 seconds
[2024-03-19T10:47:45.578+0000] {processor.py:161} INFO - Started process (PID=824) to work on /home/airflow/.local/lib/python3.8/site-packages/airflow/example_dags/example_sensor_decorator.py
[2024-03-19T10:47:45.580+0000] {processor.py:830} INFO - Processing file /home/airflow/.local/lib/python3.8/site-packages/airflow/example_dags/example_sensor_decorator.py for tasks to queue
[2024-03-19T10:47:45.581+0000] {logging_mixin.py:188} INFO - [2024-03-19T10:47:45.581+0000] {dagbag.py:540} INFO - Filling up the DagBag from /home/airflow/.local/lib/python3.8/site-packages/airflow/example_dags/example_sensor_decorator.py
[2024-03-19T10:47:45.586+0000] {processor.py:840} INFO - DAG(s) 'example_sensor_decorator' retrieved from /home/airflow/.local/lib/python3.8/site-packages/airflow/example_dags/example_sensor_decorator.py
[2024-03-19T10:47:45.601+0000] {logging_mixin.py:188} INFO - [2024-03-19T10:47:45.601+0000] {dag.py:3047} INFO - Sync 1 DAGs
[2024-03-19T10:47:45.609+0000] {logging_mixin.py:188} INFO - [2024-03-19T10:47:45.609+0000] {dag.py:3834} INFO - Setting next_dagrun for example_sensor_decorator to None, run_after=None
[2024-03-19T10:47:45.621+0000] {processor.py:183} INFO - Processing /home/airflow/.local/lib/python3.8/site-packages/airflow/example_dags/example_sensor_decorator.py took 0.045 seconds
[2024-03-19T10:48:15.895+0000] {processor.py:161} INFO - Started process (PID=880) to work on /home/airflow/.local/lib/python3.8/site-packages/airflow/example_dags/example_sensor_decorator.py
[2024-03-19T10:48:15.896+0000] {processor.py:830} INFO - Processing file /home/airflow/.local/lib/python3.8/site-packages/airflow/example_dags/example_sensor_decorator.py for tasks to queue
[2024-03-19T10:48:15.898+0000] {logging_mixin.py:188} INFO - [2024-03-19T10:48:15.897+0000] {dagbag.py:540} INFO - Filling up the DagBag from /home/airflow/.local/lib/python3.8/site-packages/airflow/example_dags/example_sensor_decorator.py
[2024-03-19T10:48:15.903+0000] {processor.py:840} INFO - DAG(s) 'example_sensor_decorator' retrieved from /home/airflow/.local/lib/python3.8/site-packages/airflow/example_dags/example_sensor_decorator.py
[2024-03-19T10:48:15.918+0000] {logging_mixin.py:188} INFO - [2024-03-19T10:48:15.918+0000] {dag.py:3047} INFO - Sync 1 DAGs
[2024-03-19T10:48:15.927+0000] {logging_mixin.py:188} INFO - [2024-03-19T10:48:15.926+0000] {dag.py:3834} INFO - Setting next_dagrun for example_sensor_decorator to None, run_after=None
[2024-03-19T10:48:15.938+0000] {processor.py:183} INFO - Processing /home/airflow/.local/lib/python3.8/site-packages/airflow/example_dags/example_sensor_decorator.py took 0.046 seconds
[2024-03-19T10:48:46.112+0000] {processor.py:161} INFO - Started process (PID=936) to work on /home/airflow/.local/lib/python3.8/site-packages/airflow/example_dags/example_sensor_decorator.py
[2024-03-19T10:48:46.113+0000] {processor.py:830} INFO - Processing file /home/airflow/.local/lib/python3.8/site-packages/airflow/example_dags/example_sensor_decorator.py for tasks to queue
[2024-03-19T10:48:46.114+0000] {logging_mixin.py:188} INFO - [2024-03-19T10:48:46.114+0000] {dagbag.py:540} INFO - Filling up the DagBag from /home/airflow/.local/lib/python3.8/site-packages/airflow/example_dags/example_sensor_decorator.py
[2024-03-19T10:48:46.121+0000] {processor.py:840} INFO - DAG(s) 'example_sensor_decorator' retrieved from /home/airflow/.local/lib/python3.8/site-packages/airflow/example_dags/example_sensor_decorator.py
[2024-03-19T10:48:46.137+0000] {logging_mixin.py:188} INFO - [2024-03-19T10:48:46.137+0000] {dag.py:3047} INFO - Sync 1 DAGs
[2024-03-19T10:48:46.145+0000] {logging_mixin.py:188} INFO - [2024-03-19T10:48:46.145+0000] {dag.py:3834} INFO - Setting next_dagrun for example_sensor_decorator to None, run_after=None
[2024-03-19T10:48:46.157+0000] {processor.py:183} INFO - Processing /home/airflow/.local/lib/python3.8/site-packages/airflow/example_dags/example_sensor_decorator.py took 0.049 seconds
[2024-03-19T10:49:16.455+0000] {processor.py:161} INFO - Started process (PID=992) to work on /home/airflow/.local/lib/python3.8/site-packages/airflow/example_dags/example_sensor_decorator.py
[2024-03-19T10:49:16.456+0000] {processor.py:830} INFO - Processing file /home/airflow/.local/lib/python3.8/site-packages/airflow/example_dags/example_sensor_decorator.py for tasks to queue
[2024-03-19T10:49:16.458+0000] {logging_mixin.py:188} INFO - [2024-03-19T10:49:16.457+0000] {dagbag.py:540} INFO - Filling up the DagBag from /home/airflow/.local/lib/python3.8/site-packages/airflow/example_dags/example_sensor_decorator.py
[2024-03-19T10:49:16.463+0000] {processor.py:840} INFO - DAG(s) 'example_sensor_decorator' retrieved from /home/airflow/.local/lib/python3.8/site-packages/airflow/example_dags/example_sensor_decorator.py
[2024-03-19T10:49:16.478+0000] {logging_mixin.py:188} INFO - [2024-03-19T10:49:16.478+0000] {dag.py:3047} INFO - Sync 1 DAGs
[2024-03-19T10:49:16.487+0000] {logging_mixin.py:188} INFO - [2024-03-19T10:49:16.487+0000] {dag.py:3834} INFO - Setting next_dagrun for example_sensor_decorator to None, run_after=None
[2024-03-19T10:49:16.500+0000] {processor.py:183} INFO - Processing /home/airflow/.local/lib/python3.8/site-packages/airflow/example_dags/example_sensor_decorator.py took 0.049 seconds
