[2024-03-19T10:40:37.320+0000] {processor.py:161} INFO - Started process (PID=42) to work on /home/airflow/.local/lib/python3.8/site-packages/airflow/example_dags/example_branch_operator.py
[2024-03-19T10:40:37.322+0000] {processor.py:830} INFO - Processing file /home/airflow/.local/lib/python3.8/site-packages/airflow/example_dags/example_branch_operator.py for tasks to queue
[2024-03-19T10:40:37.325+0000] {logging_mixin.py:188} INFO - [2024-03-19T10:40:37.324+0000] {dagbag.py:540} INFO - Filling up the DagBag from /home/airflow/.local/lib/python3.8/site-packages/airflow/example_dags/example_branch_operator.py
[2024-03-19T10:40:37.352+0000] {processor.py:840} INFO - DAG(s) 'example_branch_operator' retrieved from /home/airflow/.local/lib/python3.8/site-packages/airflow/example_dags/example_branch_operator.py
[2024-03-19T10:40:37.369+0000] {logging_mixin.py:188} INFO - [2024-03-19T10:40:37.369+0000] {dag.py:3047} INFO - Sync 1 DAGs
[2024-03-19T10:40:37.398+0000] {logging_mixin.py:188} INFO - [2024-03-19T10:40:37.398+0000] {dag.py:3834} INFO - Setting next_dagrun for example_branch_operator to 2024-03-18 00:00:00+00:00, run_after=2024-03-19 00:00:00+00:00
[2024-03-19T10:40:37.423+0000] {processor.py:183} INFO - Processing /home/airflow/.local/lib/python3.8/site-packages/airflow/example_dags/example_branch_operator.py took 0.108 seconds
[2024-03-19T10:41:07.778+0000] {processor.py:161} INFO - Started process (PID=98) to work on /home/airflow/.local/lib/python3.8/site-packages/airflow/example_dags/example_branch_operator.py
[2024-03-19T10:41:07.779+0000] {processor.py:830} INFO - Processing file /home/airflow/.local/lib/python3.8/site-packages/airflow/example_dags/example_branch_operator.py for tasks to queue
[2024-03-19T10:41:07.781+0000] {logging_mixin.py:188} INFO - [2024-03-19T10:41:07.781+0000] {dagbag.py:540} INFO - Filling up the DagBag from /home/airflow/.local/lib/python3.8/site-packages/airflow/example_dags/example_branch_operator.py
[2024-03-19T10:41:07.795+0000] {processor.py:840} INFO - DAG(s) 'example_branch_operator' retrieved from /home/airflow/.local/lib/python3.8/site-packages/airflow/example_dags/example_branch_operator.py
[2024-03-19T10:41:07.866+0000] {logging_mixin.py:188} INFO - [2024-03-19T10:41:07.866+0000] {dag.py:3047} INFO - Sync 1 DAGs
[2024-03-19T10:41:07.880+0000] {logging_mixin.py:188} INFO - [2024-03-19T10:41:07.880+0000] {dag.py:3834} INFO - Setting next_dagrun for example_branch_operator to 2024-03-18 00:00:00+00:00, run_after=2024-03-19 00:00:00+00:00
[2024-03-19T10:41:07.893+0000] {processor.py:183} INFO - Processing /home/airflow/.local/lib/python3.8/site-packages/airflow/example_dags/example_branch_operator.py took 0.118 seconds
[2024-03-19T10:41:38.215+0000] {processor.py:161} INFO - Started process (PID=154) to work on /home/airflow/.local/lib/python3.8/site-packages/airflow/example_dags/example_branch_operator.py
[2024-03-19T10:41:38.216+0000] {processor.py:830} INFO - Processing file /home/airflow/.local/lib/python3.8/site-packages/airflow/example_dags/example_branch_operator.py for tasks to queue
[2024-03-19T10:41:38.218+0000] {logging_mixin.py:188} INFO - [2024-03-19T10:41:38.217+0000] {dagbag.py:540} INFO - Filling up the DagBag from /home/airflow/.local/lib/python3.8/site-packages/airflow/example_dags/example_branch_operator.py
[2024-03-19T10:41:38.232+0000] {processor.py:840} INFO - DAG(s) 'example_branch_operator' retrieved from /home/airflow/.local/lib/python3.8/site-packages/airflow/example_dags/example_branch_operator.py
[2024-03-19T10:41:38.252+0000] {logging_mixin.py:188} INFO - [2024-03-19T10:41:38.252+0000] {dag.py:3047} INFO - Sync 1 DAGs
[2024-03-19T10:41:38.268+0000] {logging_mixin.py:188} INFO - [2024-03-19T10:41:38.268+0000] {dag.py:3834} INFO - Setting next_dagrun for example_branch_operator to 2024-03-18 00:00:00+00:00, run_after=2024-03-19 00:00:00+00:00
[2024-03-19T10:41:38.283+0000] {processor.py:183} INFO - Processing /home/airflow/.local/lib/python3.8/site-packages/airflow/example_dags/example_branch_operator.py took 0.072 seconds
[2024-03-19T10:42:09.207+0000] {processor.py:161} INFO - Started process (PID=210) to work on /home/airflow/.local/lib/python3.8/site-packages/airflow/example_dags/example_branch_operator.py
[2024-03-19T10:42:09.208+0000] {processor.py:830} INFO - Processing file /home/airflow/.local/lib/python3.8/site-packages/airflow/example_dags/example_branch_operator.py for tasks to queue
[2024-03-19T10:42:09.210+0000] {logging_mixin.py:188} INFO - [2024-03-19T10:42:09.210+0000] {dagbag.py:540} INFO - Filling up the DagBag from /home/airflow/.local/lib/python3.8/site-packages/airflow/example_dags/example_branch_operator.py
[2024-03-19T10:42:09.227+0000] {processor.py:840} INFO - DAG(s) 'example_branch_operator' retrieved from /home/airflow/.local/lib/python3.8/site-packages/airflow/example_dags/example_branch_operator.py
[2024-03-19T10:42:09.253+0000] {logging_mixin.py:188} INFO - [2024-03-19T10:42:09.252+0000] {dag.py:3047} INFO - Sync 1 DAGs
[2024-03-19T10:42:09.275+0000] {logging_mixin.py:188} INFO - [2024-03-19T10:42:09.275+0000] {dag.py:3834} INFO - Setting next_dagrun for example_branch_operator to 2024-03-18 00:00:00+00:00, run_after=2024-03-19 00:00:00+00:00
[2024-03-19T10:42:09.289+0000] {processor.py:183} INFO - Processing /home/airflow/.local/lib/python3.8/site-packages/airflow/example_dags/example_branch_operator.py took 0.086 seconds
[2024-03-19T10:42:40.038+0000] {processor.py:161} INFO - Started process (PID=266) to work on /home/airflow/.local/lib/python3.8/site-packages/airflow/example_dags/example_branch_operator.py
[2024-03-19T10:42:40.039+0000] {processor.py:830} INFO - Processing file /home/airflow/.local/lib/python3.8/site-packages/airflow/example_dags/example_branch_operator.py for tasks to queue
[2024-03-19T10:42:40.041+0000] {logging_mixin.py:188} INFO - [2024-03-19T10:42:40.041+0000] {dagbag.py:540} INFO - Filling up the DagBag from /home/airflow/.local/lib/python3.8/site-packages/airflow/example_dags/example_branch_operator.py
[2024-03-19T10:42:40.061+0000] {processor.py:840} INFO - DAG(s) 'example_branch_operator' retrieved from /home/airflow/.local/lib/python3.8/site-packages/airflow/example_dags/example_branch_operator.py
[2024-03-19T10:42:40.080+0000] {logging_mixin.py:188} INFO - [2024-03-19T10:42:40.080+0000] {dag.py:3047} INFO - Sync 1 DAGs
[2024-03-19T10:42:40.095+0000] {logging_mixin.py:188} INFO - [2024-03-19T10:42:40.095+0000] {dag.py:3834} INFO - Setting next_dagrun for example_branch_operator to 2024-03-18 00:00:00+00:00, run_after=2024-03-19 00:00:00+00:00
[2024-03-19T10:42:40.108+0000] {processor.py:183} INFO - Processing /home/airflow/.local/lib/python3.8/site-packages/airflow/example_dags/example_branch_operator.py took 0.073 seconds
[2024-03-19T10:43:10.437+0000] {processor.py:161} INFO - Started process (PID=322) to work on /home/airflow/.local/lib/python3.8/site-packages/airflow/example_dags/example_branch_operator.py
[2024-03-19T10:43:10.438+0000] {processor.py:830} INFO - Processing file /home/airflow/.local/lib/python3.8/site-packages/airflow/example_dags/example_branch_operator.py for tasks to queue
[2024-03-19T10:43:10.440+0000] {logging_mixin.py:188} INFO - [2024-03-19T10:43:10.439+0000] {dagbag.py:540} INFO - Filling up the DagBag from /home/airflow/.local/lib/python3.8/site-packages/airflow/example_dags/example_branch_operator.py
[2024-03-19T10:43:10.453+0000] {processor.py:840} INFO - DAG(s) 'example_branch_operator' retrieved from /home/airflow/.local/lib/python3.8/site-packages/airflow/example_dags/example_branch_operator.py
[2024-03-19T10:43:10.474+0000] {logging_mixin.py:188} INFO - [2024-03-19T10:43:10.474+0000] {dag.py:3047} INFO - Sync 1 DAGs
[2024-03-19T10:43:10.490+0000] {logging_mixin.py:188} INFO - [2024-03-19T10:43:10.490+0000] {dag.py:3834} INFO - Setting next_dagrun for example_branch_operator to 2024-03-18 00:00:00+00:00, run_after=2024-03-19 00:00:00+00:00
[2024-03-19T10:43:10.502+0000] {processor.py:183} INFO - Processing /home/airflow/.local/lib/python3.8/site-packages/airflow/example_dags/example_branch_operator.py took 0.068 seconds
[2024-03-19T10:43:41.008+0000] {processor.py:161} INFO - Started process (PID=378) to work on /home/airflow/.local/lib/python3.8/site-packages/airflow/example_dags/example_branch_operator.py
[2024-03-19T10:43:41.010+0000] {processor.py:830} INFO - Processing file /home/airflow/.local/lib/python3.8/site-packages/airflow/example_dags/example_branch_operator.py for tasks to queue
[2024-03-19T10:43:41.011+0000] {logging_mixin.py:188} INFO - [2024-03-19T10:43:41.011+0000] {dagbag.py:540} INFO - Filling up the DagBag from /home/airflow/.local/lib/python3.8/site-packages/airflow/example_dags/example_branch_operator.py
[2024-03-19T10:43:41.025+0000] {processor.py:840} INFO - DAG(s) 'example_branch_operator' retrieved from /home/airflow/.local/lib/python3.8/site-packages/airflow/example_dags/example_branch_operator.py
[2024-03-19T10:43:41.044+0000] {logging_mixin.py:188} INFO - [2024-03-19T10:43:41.044+0000] {dag.py:3047} INFO - Sync 1 DAGs
[2024-03-19T10:43:41.062+0000] {logging_mixin.py:188} INFO - [2024-03-19T10:43:41.062+0000] {dag.py:3834} INFO - Setting next_dagrun for example_branch_operator to 2024-03-18 00:00:00+00:00, run_after=2024-03-19 00:00:00+00:00
[2024-03-19T10:43:41.074+0000] {processor.py:183} INFO - Processing /home/airflow/.local/lib/python3.8/site-packages/airflow/example_dags/example_branch_operator.py took 0.068 seconds
[2024-03-19T10:44:11.425+0000] {processor.py:161} INFO - Started process (PID=434) to work on /home/airflow/.local/lib/python3.8/site-packages/airflow/example_dags/example_branch_operator.py
[2024-03-19T10:44:11.426+0000] {processor.py:830} INFO - Processing file /home/airflow/.local/lib/python3.8/site-packages/airflow/example_dags/example_branch_operator.py for tasks to queue
[2024-03-19T10:44:11.428+0000] {logging_mixin.py:188} INFO - [2024-03-19T10:44:11.427+0000] {dagbag.py:540} INFO - Filling up the DagBag from /home/airflow/.local/lib/python3.8/site-packages/airflow/example_dags/example_branch_operator.py
[2024-03-19T10:44:11.441+0000] {processor.py:840} INFO - DAG(s) 'example_branch_operator' retrieved from /home/airflow/.local/lib/python3.8/site-packages/airflow/example_dags/example_branch_operator.py
[2024-03-19T10:44:11.461+0000] {logging_mixin.py:188} INFO - [2024-03-19T10:44:11.461+0000] {dag.py:3047} INFO - Sync 1 DAGs
[2024-03-19T10:44:11.482+0000] {logging_mixin.py:188} INFO - [2024-03-19T10:44:11.482+0000] {dag.py:3834} INFO - Setting next_dagrun for example_branch_operator to 2024-03-18 00:00:00+00:00, run_after=2024-03-19 00:00:00+00:00
[2024-03-19T10:44:11.494+0000] {processor.py:183} INFO - Processing /home/airflow/.local/lib/python3.8/site-packages/airflow/example_dags/example_branch_operator.py took 0.071 seconds
[2024-03-19T10:44:41.982+0000] {processor.py:161} INFO - Started process (PID=490) to work on /home/airflow/.local/lib/python3.8/site-packages/airflow/example_dags/example_branch_operator.py
[2024-03-19T10:44:41.983+0000] {processor.py:830} INFO - Processing file /home/airflow/.local/lib/python3.8/site-packages/airflow/example_dags/example_branch_operator.py for tasks to queue
[2024-03-19T10:44:41.985+0000] {logging_mixin.py:188} INFO - [2024-03-19T10:44:41.985+0000] {dagbag.py:540} INFO - Filling up the DagBag from /home/airflow/.local/lib/python3.8/site-packages/airflow/example_dags/example_branch_operator.py
[2024-03-19T10:44:42.000+0000] {processor.py:840} INFO - DAG(s) 'example_branch_operator' retrieved from /home/airflow/.local/lib/python3.8/site-packages/airflow/example_dags/example_branch_operator.py
[2024-03-19T10:44:42.020+0000] {logging_mixin.py:188} INFO - [2024-03-19T10:44:42.020+0000] {dag.py:3047} INFO - Sync 1 DAGs
[2024-03-19T10:44:42.036+0000] {logging_mixin.py:188} INFO - [2024-03-19T10:44:42.036+0000] {dag.py:3834} INFO - Setting next_dagrun for example_branch_operator to 2024-03-18 00:00:00+00:00, run_after=2024-03-19 00:00:00+00:00
[2024-03-19T10:44:42.048+0000] {processor.py:183} INFO - Processing /home/airflow/.local/lib/python3.8/site-packages/airflow/example_dags/example_branch_operator.py took 0.070 seconds
[2024-03-19T10:45:12.656+0000] {processor.py:161} INFO - Started process (PID=546) to work on /home/airflow/.local/lib/python3.8/site-packages/airflow/example_dags/example_branch_operator.py
[2024-03-19T10:45:12.659+0000] {processor.py:830} INFO - Processing file /home/airflow/.local/lib/python3.8/site-packages/airflow/example_dags/example_branch_operator.py for tasks to queue
[2024-03-19T10:45:12.660+0000] {logging_mixin.py:188} INFO - [2024-03-19T10:45:12.660+0000] {dagbag.py:540} INFO - Filling up the DagBag from /home/airflow/.local/lib/python3.8/site-packages/airflow/example_dags/example_branch_operator.py
[2024-03-19T10:45:12.678+0000] {processor.py:840} INFO - DAG(s) 'example_branch_operator' retrieved from /home/airflow/.local/lib/python3.8/site-packages/airflow/example_dags/example_branch_operator.py
[2024-03-19T10:45:12.703+0000] {logging_mixin.py:188} INFO - [2024-03-19T10:45:12.703+0000] {dag.py:3047} INFO - Sync 1 DAGs
[2024-03-19T10:45:12.723+0000] {logging_mixin.py:188} INFO - [2024-03-19T10:45:12.723+0000] {dag.py:3834} INFO - Setting next_dagrun for example_branch_operator to 2024-03-18 00:00:00+00:00, run_after=2024-03-19 00:00:00+00:00
[2024-03-19T10:45:12.745+0000] {processor.py:183} INFO - Processing /home/airflow/.local/lib/python3.8/site-packages/airflow/example_dags/example_branch_operator.py took 0.092 seconds
[2024-03-19T10:45:43.677+0000] {processor.py:161} INFO - Started process (PID=602) to work on /home/airflow/.local/lib/python3.8/site-packages/airflow/example_dags/example_branch_operator.py
[2024-03-19T10:45:43.678+0000] {processor.py:830} INFO - Processing file /home/airflow/.local/lib/python3.8/site-packages/airflow/example_dags/example_branch_operator.py for tasks to queue
[2024-03-19T10:45:43.680+0000] {logging_mixin.py:188} INFO - [2024-03-19T10:45:43.679+0000] {dagbag.py:540} INFO - Filling up the DagBag from /home/airflow/.local/lib/python3.8/site-packages/airflow/example_dags/example_branch_operator.py
[2024-03-19T10:45:43.693+0000] {processor.py:840} INFO - DAG(s) 'example_branch_operator' retrieved from /home/airflow/.local/lib/python3.8/site-packages/airflow/example_dags/example_branch_operator.py
[2024-03-19T10:45:43.714+0000] {logging_mixin.py:188} INFO - [2024-03-19T10:45:43.714+0000] {dag.py:3047} INFO - Sync 1 DAGs
[2024-03-19T10:45:43.730+0000] {logging_mixin.py:188} INFO - [2024-03-19T10:45:43.730+0000] {dag.py:3834} INFO - Setting next_dagrun for example_branch_operator to 2024-03-18 00:00:00+00:00, run_after=2024-03-19 00:00:00+00:00
[2024-03-19T10:45:43.748+0000] {processor.py:183} INFO - Processing /home/airflow/.local/lib/python3.8/site-packages/airflow/example_dags/example_branch_operator.py took 0.074 seconds
[2024-03-19T10:46:14.396+0000] {processor.py:161} INFO - Started process (PID=658) to work on /home/airflow/.local/lib/python3.8/site-packages/airflow/example_dags/example_branch_operator.py
[2024-03-19T10:46:14.398+0000] {processor.py:830} INFO - Processing file /home/airflow/.local/lib/python3.8/site-packages/airflow/example_dags/example_branch_operator.py for tasks to queue
[2024-03-19T10:46:14.400+0000] {logging_mixin.py:188} INFO - [2024-03-19T10:46:14.400+0000] {dagbag.py:540} INFO - Filling up the DagBag from /home/airflow/.local/lib/python3.8/site-packages/airflow/example_dags/example_branch_operator.py
[2024-03-19T10:46:14.420+0000] {processor.py:840} INFO - DAG(s) 'example_branch_operator' retrieved from /home/airflow/.local/lib/python3.8/site-packages/airflow/example_dags/example_branch_operator.py
[2024-03-19T10:46:14.467+0000] {logging_mixin.py:188} INFO - [2024-03-19T10:46:14.467+0000] {dag.py:3047} INFO - Sync 1 DAGs
[2024-03-19T10:46:14.499+0000] {logging_mixin.py:188} INFO - [2024-03-19T10:46:14.498+0000] {dag.py:3834} INFO - Setting next_dagrun for example_branch_operator to 2024-03-18 00:00:00+00:00, run_after=2024-03-19 00:00:00+00:00
[2024-03-19T10:46:14.518+0000] {processor.py:183} INFO - Processing /home/airflow/.local/lib/python3.8/site-packages/airflow/example_dags/example_branch_operator.py took 0.126 seconds
[2024-03-19T10:46:45.048+0000] {processor.py:161} INFO - Started process (PID=714) to work on /home/airflow/.local/lib/python3.8/site-packages/airflow/example_dags/example_branch_operator.py
[2024-03-19T10:46:45.050+0000] {processor.py:830} INFO - Processing file /home/airflow/.local/lib/python3.8/site-packages/airflow/example_dags/example_branch_operator.py for tasks to queue
[2024-03-19T10:46:45.051+0000] {logging_mixin.py:188} INFO - [2024-03-19T10:46:45.051+0000] {dagbag.py:540} INFO - Filling up the DagBag from /home/airflow/.local/lib/python3.8/site-packages/airflow/example_dags/example_branch_operator.py
[2024-03-19T10:46:45.069+0000] {processor.py:840} INFO - DAG(s) 'example_branch_operator' retrieved from /home/airflow/.local/lib/python3.8/site-packages/airflow/example_dags/example_branch_operator.py
[2024-03-19T10:46:45.091+0000] {logging_mixin.py:188} INFO - [2024-03-19T10:46:45.091+0000] {dag.py:3047} INFO - Sync 1 DAGs
[2024-03-19T10:46:45.107+0000] {logging_mixin.py:188} INFO - [2024-03-19T10:46:45.107+0000] {dag.py:3834} INFO - Setting next_dagrun for example_branch_operator to 2024-03-18 00:00:00+00:00, run_after=2024-03-19 00:00:00+00:00
[2024-03-19T10:46:45.118+0000] {processor.py:183} INFO - Processing /home/airflow/.local/lib/python3.8/site-packages/airflow/example_dags/example_branch_operator.py took 0.073 seconds
[2024-03-19T10:47:15.292+0000] {processor.py:161} INFO - Started process (PID=770) to work on /home/airflow/.local/lib/python3.8/site-packages/airflow/example_dags/example_branch_operator.py
[2024-03-19T10:47:15.293+0000] {processor.py:830} INFO - Processing file /home/airflow/.local/lib/python3.8/site-packages/airflow/example_dags/example_branch_operator.py for tasks to queue
[2024-03-19T10:47:15.294+0000] {logging_mixin.py:188} INFO - [2024-03-19T10:47:15.294+0000] {dagbag.py:540} INFO - Filling up the DagBag from /home/airflow/.local/lib/python3.8/site-packages/airflow/example_dags/example_branch_operator.py
[2024-03-19T10:47:15.308+0000] {processor.py:840} INFO - DAG(s) 'example_branch_operator' retrieved from /home/airflow/.local/lib/python3.8/site-packages/airflow/example_dags/example_branch_operator.py
[2024-03-19T10:47:15.329+0000] {logging_mixin.py:188} INFO - [2024-03-19T10:47:15.328+0000] {dag.py:3047} INFO - Sync 1 DAGs
[2024-03-19T10:47:15.344+0000] {logging_mixin.py:188} INFO - [2024-03-19T10:47:15.344+0000] {dag.py:3834} INFO - Setting next_dagrun for example_branch_operator to 2024-03-18 00:00:00+00:00, run_after=2024-03-19 00:00:00+00:00
[2024-03-19T10:47:15.357+0000] {processor.py:183} INFO - Processing /home/airflow/.local/lib/python3.8/site-packages/airflow/example_dags/example_branch_operator.py took 0.069 seconds
[2024-03-19T10:47:45.645+0000] {processor.py:161} INFO - Started process (PID=826) to work on /home/airflow/.local/lib/python3.8/site-packages/airflow/example_dags/example_branch_operator.py
[2024-03-19T10:47:45.646+0000] {processor.py:830} INFO - Processing file /home/airflow/.local/lib/python3.8/site-packages/airflow/example_dags/example_branch_operator.py for tasks to queue
[2024-03-19T10:47:45.647+0000] {logging_mixin.py:188} INFO - [2024-03-19T10:47:45.647+0000] {dagbag.py:540} INFO - Filling up the DagBag from /home/airflow/.local/lib/python3.8/site-packages/airflow/example_dags/example_branch_operator.py
[2024-03-19T10:47:45.661+0000] {processor.py:840} INFO - DAG(s) 'example_branch_operator' retrieved from /home/airflow/.local/lib/python3.8/site-packages/airflow/example_dags/example_branch_operator.py
[2024-03-19T10:47:45.680+0000] {logging_mixin.py:188} INFO - [2024-03-19T10:47:45.680+0000] {dag.py:3047} INFO - Sync 1 DAGs
[2024-03-19T10:47:45.696+0000] {logging_mixin.py:188} INFO - [2024-03-19T10:47:45.695+0000] {dag.py:3834} INFO - Setting next_dagrun for example_branch_operator to 2024-03-18 00:00:00+00:00, run_after=2024-03-19 00:00:00+00:00
[2024-03-19T10:47:45.709+0000] {processor.py:183} INFO - Processing /home/airflow/.local/lib/python3.8/site-packages/airflow/example_dags/example_branch_operator.py took 0.067 seconds
[2024-03-19T10:48:15.956+0000] {processor.py:161} INFO - Started process (PID=882) to work on /home/airflow/.local/lib/python3.8/site-packages/airflow/example_dags/example_branch_operator.py
[2024-03-19T10:48:15.957+0000] {processor.py:830} INFO - Processing file /home/airflow/.local/lib/python3.8/site-packages/airflow/example_dags/example_branch_operator.py for tasks to queue
[2024-03-19T10:48:15.958+0000] {logging_mixin.py:188} INFO - [2024-03-19T10:48:15.958+0000] {dagbag.py:540} INFO - Filling up the DagBag from /home/airflow/.local/lib/python3.8/site-packages/airflow/example_dags/example_branch_operator.py
[2024-03-19T10:48:15.972+0000] {processor.py:840} INFO - DAG(s) 'example_branch_operator' retrieved from /home/airflow/.local/lib/python3.8/site-packages/airflow/example_dags/example_branch_operator.py
[2024-03-19T10:48:15.992+0000] {logging_mixin.py:188} INFO - [2024-03-19T10:48:15.992+0000] {dag.py:3047} INFO - Sync 1 DAGs
[2024-03-19T10:48:16.010+0000] {logging_mixin.py:188} INFO - [2024-03-19T10:48:16.009+0000] {dag.py:3834} INFO - Setting next_dagrun for example_branch_operator to 2024-03-18 00:00:00+00:00, run_after=2024-03-19 00:00:00+00:00
[2024-03-19T10:48:16.021+0000] {processor.py:183} INFO - Processing /home/airflow/.local/lib/python3.8/site-packages/airflow/example_dags/example_branch_operator.py took 0.069 seconds
[2024-03-19T10:48:46.175+0000] {processor.py:161} INFO - Started process (PID=938) to work on /home/airflow/.local/lib/python3.8/site-packages/airflow/example_dags/example_branch_operator.py
[2024-03-19T10:48:46.176+0000] {processor.py:830} INFO - Processing file /home/airflow/.local/lib/python3.8/site-packages/airflow/example_dags/example_branch_operator.py for tasks to queue
[2024-03-19T10:48:46.177+0000] {logging_mixin.py:188} INFO - [2024-03-19T10:48:46.177+0000] {dagbag.py:540} INFO - Filling up the DagBag from /home/airflow/.local/lib/python3.8/site-packages/airflow/example_dags/example_branch_operator.py
[2024-03-19T10:48:46.191+0000] {processor.py:840} INFO - DAG(s) 'example_branch_operator' retrieved from /home/airflow/.local/lib/python3.8/site-packages/airflow/example_dags/example_branch_operator.py
[2024-03-19T10:48:46.211+0000] {logging_mixin.py:188} INFO - [2024-03-19T10:48:46.211+0000] {dag.py:3047} INFO - Sync 1 DAGs
[2024-03-19T10:48:46.227+0000] {logging_mixin.py:188} INFO - [2024-03-19T10:48:46.227+0000] {dag.py:3834} INFO - Setting next_dagrun for example_branch_operator to 2024-03-18 00:00:00+00:00, run_after=2024-03-19 00:00:00+00:00
[2024-03-19T10:48:46.239+0000] {processor.py:183} INFO - Processing /home/airflow/.local/lib/python3.8/site-packages/airflow/example_dags/example_branch_operator.py took 0.067 seconds
[2024-03-19T10:49:16.521+0000] {processor.py:161} INFO - Started process (PID=994) to work on /home/airflow/.local/lib/python3.8/site-packages/airflow/example_dags/example_branch_operator.py
[2024-03-19T10:49:16.523+0000] {processor.py:830} INFO - Processing file /home/airflow/.local/lib/python3.8/site-packages/airflow/example_dags/example_branch_operator.py for tasks to queue
[2024-03-19T10:49:16.524+0000] {logging_mixin.py:188} INFO - [2024-03-19T10:49:16.524+0000] {dagbag.py:540} INFO - Filling up the DagBag from /home/airflow/.local/lib/python3.8/site-packages/airflow/example_dags/example_branch_operator.py
[2024-03-19T10:49:16.540+0000] {processor.py:840} INFO - DAG(s) 'example_branch_operator' retrieved from /home/airflow/.local/lib/python3.8/site-packages/airflow/example_dags/example_branch_operator.py
[2024-03-19T10:49:16.560+0000] {logging_mixin.py:188} INFO - [2024-03-19T10:49:16.559+0000] {dag.py:3047} INFO - Sync 1 DAGs
[2024-03-19T10:49:16.576+0000] {logging_mixin.py:188} INFO - [2024-03-19T10:49:16.575+0000] {dag.py:3834} INFO - Setting next_dagrun for example_branch_operator to 2024-03-18 00:00:00+00:00, run_after=2024-03-19 00:00:00+00:00
[2024-03-19T10:49:16.588+0000] {processor.py:183} INFO - Processing /home/airflow/.local/lib/python3.8/site-packages/airflow/example_dags/example_branch_operator.py took 0.070 seconds
