[2024-03-19T10:40:41.319+0000] {processor.py:161} INFO - Started process (PID=78) to work on /home/airflow/.local/lib/python3.8/site-packages/airflow/example_dags/example_task_group.py
[2024-03-19T10:40:41.322+0000] {processor.py:830} INFO - Processing file /home/airflow/.local/lib/python3.8/site-packages/airflow/example_dags/example_task_group.py for tasks to queue
[2024-03-19T10:40:41.327+0000] {logging_mixin.py:188} INFO - [2024-03-19T10:40:41.326+0000] {dagbag.py:540} INFO - Filling up the DagBag from /home/airflow/.local/lib/python3.8/site-packages/airflow/example_dags/example_task_group.py
[2024-03-19T10:40:41.346+0000] {processor.py:840} INFO - DAG(s) 'example_task_group' retrieved from /home/airflow/.local/lib/python3.8/site-packages/airflow/example_dags/example_task_group.py
[2024-03-19T10:40:41.369+0000] {logging_mixin.py:188} INFO - [2024-03-19T10:40:41.369+0000] {dag.py:3047} INFO - Sync 1 DAGs
[2024-03-19T10:40:41.434+0000] {logging_mixin.py:188} INFO - [2024-03-19T10:40:41.434+0000] {dag.py:3834} INFO - Setting next_dagrun for example_task_group to 2024-03-18 00:00:00+00:00, run_after=2024-03-19 00:00:00+00:00
[2024-03-19T10:40:41.474+0000] {processor.py:183} INFO - Processing /home/airflow/.local/lib/python3.8/site-packages/airflow/example_dags/example_task_group.py took 0.163 seconds
[2024-03-19T10:41:12.260+0000] {processor.py:161} INFO - Started process (PID=134) to work on /home/airflow/.local/lib/python3.8/site-packages/airflow/example_dags/example_task_group.py
[2024-03-19T10:41:12.262+0000] {processor.py:830} INFO - Processing file /home/airflow/.local/lib/python3.8/site-packages/airflow/example_dags/example_task_group.py for tasks to queue
[2024-03-19T10:41:12.264+0000] {logging_mixin.py:188} INFO - [2024-03-19T10:41:12.264+0000] {dagbag.py:540} INFO - Filling up the DagBag from /home/airflow/.local/lib/python3.8/site-packages/airflow/example_dags/example_task_group.py
[2024-03-19T10:41:12.271+0000] {processor.py:840} INFO - DAG(s) 'example_task_group' retrieved from /home/airflow/.local/lib/python3.8/site-packages/airflow/example_dags/example_task_group.py
[2024-03-19T10:41:12.343+0000] {logging_mixin.py:188} INFO - [2024-03-19T10:41:12.343+0000] {dag.py:3047} INFO - Sync 1 DAGs
[2024-03-19T10:41:12.357+0000] {logging_mixin.py:188} INFO - [2024-03-19T10:41:12.357+0000] {dag.py:3834} INFO - Setting next_dagrun for example_task_group to 2024-03-18 00:00:00+00:00, run_after=2024-03-19 00:00:00+00:00
[2024-03-19T10:41:12.369+0000] {processor.py:183} INFO - Processing /home/airflow/.local/lib/python3.8/site-packages/airflow/example_dags/example_task_group.py took 0.113 seconds
[2024-03-19T10:41:43.158+0000] {processor.py:161} INFO - Started process (PID=190) to work on /home/airflow/.local/lib/python3.8/site-packages/airflow/example_dags/example_task_group.py
[2024-03-19T10:41:43.159+0000] {processor.py:830} INFO - Processing file /home/airflow/.local/lib/python3.8/site-packages/airflow/example_dags/example_task_group.py for tasks to queue
[2024-03-19T10:41:43.161+0000] {logging_mixin.py:188} INFO - [2024-03-19T10:41:43.161+0000] {dagbag.py:540} INFO - Filling up the DagBag from /home/airflow/.local/lib/python3.8/site-packages/airflow/example_dags/example_task_group.py
[2024-03-19T10:41:43.175+0000] {processor.py:840} INFO - DAG(s) 'example_task_group' retrieved from /home/airflow/.local/lib/python3.8/site-packages/airflow/example_dags/example_task_group.py
[2024-03-19T10:41:43.199+0000] {logging_mixin.py:188} INFO - [2024-03-19T10:41:43.199+0000] {dag.py:3047} INFO - Sync 1 DAGs
[2024-03-19T10:41:43.217+0000] {logging_mixin.py:188} INFO - [2024-03-19T10:41:43.217+0000] {dag.py:3834} INFO - Setting next_dagrun for example_task_group to 2024-03-18 00:00:00+00:00, run_after=2024-03-19 00:00:00+00:00
[2024-03-19T10:41:43.230+0000] {processor.py:183} INFO - Processing /home/airflow/.local/lib/python3.8/site-packages/airflow/example_dags/example_task_group.py took 0.077 seconds
[2024-03-19T10:42:13.987+0000] {processor.py:161} INFO - Started process (PID=246) to work on /home/airflow/.local/lib/python3.8/site-packages/airflow/example_dags/example_task_group.py
[2024-03-19T10:42:13.988+0000] {processor.py:830} INFO - Processing file /home/airflow/.local/lib/python3.8/site-packages/airflow/example_dags/example_task_group.py for tasks to queue
[2024-03-19T10:42:13.989+0000] {logging_mixin.py:188} INFO - [2024-03-19T10:42:13.989+0000] {dagbag.py:540} INFO - Filling up the DagBag from /home/airflow/.local/lib/python3.8/site-packages/airflow/example_dags/example_task_group.py
[2024-03-19T10:42:13.996+0000] {processor.py:840} INFO - DAG(s) 'example_task_group' retrieved from /home/airflow/.local/lib/python3.8/site-packages/airflow/example_dags/example_task_group.py
[2024-03-19T10:42:14.014+0000] {logging_mixin.py:188} INFO - [2024-03-19T10:42:14.013+0000] {dag.py:3047} INFO - Sync 1 DAGs
[2024-03-19T10:42:14.030+0000] {logging_mixin.py:188} INFO - [2024-03-19T10:42:14.030+0000] {dag.py:3834} INFO - Setting next_dagrun for example_task_group to 2024-03-18 00:00:00+00:00, run_after=2024-03-19 00:00:00+00:00
[2024-03-19T10:42:14.041+0000] {processor.py:183} INFO - Processing /home/airflow/.local/lib/python3.8/site-packages/airflow/example_dags/example_task_group.py took 0.058 seconds
[2024-03-19T10:42:44.570+0000] {processor.py:161} INFO - Started process (PID=302) to work on /home/airflow/.local/lib/python3.8/site-packages/airflow/example_dags/example_task_group.py
[2024-03-19T10:42:44.571+0000] {processor.py:830} INFO - Processing file /home/airflow/.local/lib/python3.8/site-packages/airflow/example_dags/example_task_group.py for tasks to queue
[2024-03-19T10:42:44.573+0000] {logging_mixin.py:188} INFO - [2024-03-19T10:42:44.572+0000] {dagbag.py:540} INFO - Filling up the DagBag from /home/airflow/.local/lib/python3.8/site-packages/airflow/example_dags/example_task_group.py
[2024-03-19T10:42:44.578+0000] {processor.py:840} INFO - DAG(s) 'example_task_group' retrieved from /home/airflow/.local/lib/python3.8/site-packages/airflow/example_dags/example_task_group.py
[2024-03-19T10:42:44.594+0000] {logging_mixin.py:188} INFO - [2024-03-19T10:42:44.594+0000] {dag.py:3047} INFO - Sync 1 DAGs
[2024-03-19T10:42:44.608+0000] {logging_mixin.py:188} INFO - [2024-03-19T10:42:44.608+0000] {dag.py:3834} INFO - Setting next_dagrun for example_task_group to 2024-03-18 00:00:00+00:00, run_after=2024-03-19 00:00:00+00:00
[2024-03-19T10:42:44.623+0000] {processor.py:183} INFO - Processing /home/airflow/.local/lib/python3.8/site-packages/airflow/example_dags/example_task_group.py took 0.056 seconds
[2024-03-19T10:43:15.064+0000] {processor.py:161} INFO - Started process (PID=358) to work on /home/airflow/.local/lib/python3.8/site-packages/airflow/example_dags/example_task_group.py
[2024-03-19T10:43:15.065+0000] {processor.py:830} INFO - Processing file /home/airflow/.local/lib/python3.8/site-packages/airflow/example_dags/example_task_group.py for tasks to queue
[2024-03-19T10:43:15.067+0000] {logging_mixin.py:188} INFO - [2024-03-19T10:43:15.067+0000] {dagbag.py:540} INFO - Filling up the DagBag from /home/airflow/.local/lib/python3.8/site-packages/airflow/example_dags/example_task_group.py
[2024-03-19T10:43:15.073+0000] {processor.py:840} INFO - DAG(s) 'example_task_group' retrieved from /home/airflow/.local/lib/python3.8/site-packages/airflow/example_dags/example_task_group.py
[2024-03-19T10:43:15.089+0000] {logging_mixin.py:188} INFO - [2024-03-19T10:43:15.089+0000] {dag.py:3047} INFO - Sync 1 DAGs
[2024-03-19T10:43:15.104+0000] {logging_mixin.py:188} INFO - [2024-03-19T10:43:15.104+0000] {dag.py:3834} INFO - Setting next_dagrun for example_task_group to 2024-03-18 00:00:00+00:00, run_after=2024-03-19 00:00:00+00:00
[2024-03-19T10:43:15.116+0000] {processor.py:183} INFO - Processing /home/airflow/.local/lib/python3.8/site-packages/airflow/example_dags/example_task_group.py took 0.054 seconds
[2024-03-19T10:43:45.524+0000] {processor.py:161} INFO - Started process (PID=414) to work on /home/airflow/.local/lib/python3.8/site-packages/airflow/example_dags/example_task_group.py
[2024-03-19T10:43:45.525+0000] {processor.py:830} INFO - Processing file /home/airflow/.local/lib/python3.8/site-packages/airflow/example_dags/example_task_group.py for tasks to queue
[2024-03-19T10:43:45.527+0000] {logging_mixin.py:188} INFO - [2024-03-19T10:43:45.527+0000] {dagbag.py:540} INFO - Filling up the DagBag from /home/airflow/.local/lib/python3.8/site-packages/airflow/example_dags/example_task_group.py
[2024-03-19T10:43:45.533+0000] {processor.py:840} INFO - DAG(s) 'example_task_group' retrieved from /home/airflow/.local/lib/python3.8/site-packages/airflow/example_dags/example_task_group.py
[2024-03-19T10:43:45.550+0000] {logging_mixin.py:188} INFO - [2024-03-19T10:43:45.550+0000] {dag.py:3047} INFO - Sync 1 DAGs
[2024-03-19T10:43:45.566+0000] {logging_mixin.py:188} INFO - [2024-03-19T10:43:45.566+0000] {dag.py:3834} INFO - Setting next_dagrun for example_task_group to 2024-03-18 00:00:00+00:00, run_after=2024-03-19 00:00:00+00:00
[2024-03-19T10:43:45.578+0000] {processor.py:183} INFO - Processing /home/airflow/.local/lib/python3.8/site-packages/airflow/example_dags/example_task_group.py took 0.057 seconds
[2024-03-19T10:44:15.902+0000] {processor.py:161} INFO - Started process (PID=470) to work on /home/airflow/.local/lib/python3.8/site-packages/airflow/example_dags/example_task_group.py
[2024-03-19T10:44:15.903+0000] {processor.py:830} INFO - Processing file /home/airflow/.local/lib/python3.8/site-packages/airflow/example_dags/example_task_group.py for tasks to queue
[2024-03-19T10:44:15.905+0000] {logging_mixin.py:188} INFO - [2024-03-19T10:44:15.905+0000] {dagbag.py:540} INFO - Filling up the DagBag from /home/airflow/.local/lib/python3.8/site-packages/airflow/example_dags/example_task_group.py
[2024-03-19T10:44:15.913+0000] {processor.py:840} INFO - DAG(s) 'example_task_group' retrieved from /home/airflow/.local/lib/python3.8/site-packages/airflow/example_dags/example_task_group.py
[2024-03-19T10:44:15.930+0000] {logging_mixin.py:188} INFO - [2024-03-19T10:44:15.930+0000] {dag.py:3047} INFO - Sync 1 DAGs
[2024-03-19T10:44:15.946+0000] {logging_mixin.py:188} INFO - [2024-03-19T10:44:15.946+0000] {dag.py:3834} INFO - Setting next_dagrun for example_task_group to 2024-03-18 00:00:00+00:00, run_after=2024-03-19 00:00:00+00:00
[2024-03-19T10:44:15.958+0000] {processor.py:183} INFO - Processing /home/airflow/.local/lib/python3.8/site-packages/airflow/example_dags/example_task_group.py took 0.060 seconds
[2024-03-19T10:44:46.690+0000] {processor.py:161} INFO - Started process (PID=526) to work on /home/airflow/.local/lib/python3.8/site-packages/airflow/example_dags/example_task_group.py
[2024-03-19T10:44:46.691+0000] {processor.py:830} INFO - Processing file /home/airflow/.local/lib/python3.8/site-packages/airflow/example_dags/example_task_group.py for tasks to queue
[2024-03-19T10:44:46.692+0000] {logging_mixin.py:188} INFO - [2024-03-19T10:44:46.692+0000] {dagbag.py:540} INFO - Filling up the DagBag from /home/airflow/.local/lib/python3.8/site-packages/airflow/example_dags/example_task_group.py
[2024-03-19T10:44:46.698+0000] {processor.py:840} INFO - DAG(s) 'example_task_group' retrieved from /home/airflow/.local/lib/python3.8/site-packages/airflow/example_dags/example_task_group.py
[2024-03-19T10:44:46.714+0000] {logging_mixin.py:188} INFO - [2024-03-19T10:44:46.714+0000] {dag.py:3047} INFO - Sync 1 DAGs
[2024-03-19T10:44:46.729+0000] {logging_mixin.py:188} INFO - [2024-03-19T10:44:46.729+0000] {dag.py:3834} INFO - Setting next_dagrun for example_task_group to 2024-03-18 00:00:00+00:00, run_after=2024-03-19 00:00:00+00:00
[2024-03-19T10:44:46.741+0000] {processor.py:183} INFO - Processing /home/airflow/.local/lib/python3.8/site-packages/airflow/example_dags/example_task_group.py took 0.055 seconds
[2024-03-19T10:45:17.488+0000] {processor.py:161} INFO - Started process (PID=582) to work on /home/airflow/.local/lib/python3.8/site-packages/airflow/example_dags/example_task_group.py
[2024-03-19T10:45:17.489+0000] {processor.py:830} INFO - Processing file /home/airflow/.local/lib/python3.8/site-packages/airflow/example_dags/example_task_group.py for tasks to queue
[2024-03-19T10:45:17.491+0000] {logging_mixin.py:188} INFO - [2024-03-19T10:45:17.491+0000] {dagbag.py:540} INFO - Filling up the DagBag from /home/airflow/.local/lib/python3.8/site-packages/airflow/example_dags/example_task_group.py
[2024-03-19T10:45:17.497+0000] {processor.py:840} INFO - DAG(s) 'example_task_group' retrieved from /home/airflow/.local/lib/python3.8/site-packages/airflow/example_dags/example_task_group.py
[2024-03-19T10:45:17.514+0000] {logging_mixin.py:188} INFO - [2024-03-19T10:45:17.514+0000] {dag.py:3047} INFO - Sync 1 DAGs
[2024-03-19T10:45:17.529+0000] {logging_mixin.py:188} INFO - [2024-03-19T10:45:17.529+0000] {dag.py:3834} INFO - Setting next_dagrun for example_task_group to 2024-03-18 00:00:00+00:00, run_after=2024-03-19 00:00:00+00:00
[2024-03-19T10:45:17.540+0000] {processor.py:183} INFO - Processing /home/airflow/.local/lib/python3.8/site-packages/airflow/example_dags/example_task_group.py took 0.057 seconds
[2024-03-19T10:45:48.293+0000] {processor.py:161} INFO - Started process (PID=638) to work on /home/airflow/.local/lib/python3.8/site-packages/airflow/example_dags/example_task_group.py
[2024-03-19T10:45:48.294+0000] {processor.py:830} INFO - Processing file /home/airflow/.local/lib/python3.8/site-packages/airflow/example_dags/example_task_group.py for tasks to queue
[2024-03-19T10:45:48.295+0000] {logging_mixin.py:188} INFO - [2024-03-19T10:45:48.295+0000] {dagbag.py:540} INFO - Filling up the DagBag from /home/airflow/.local/lib/python3.8/site-packages/airflow/example_dags/example_task_group.py
[2024-03-19T10:45:48.301+0000] {processor.py:840} INFO - DAG(s) 'example_task_group' retrieved from /home/airflow/.local/lib/python3.8/site-packages/airflow/example_dags/example_task_group.py
[2024-03-19T10:45:48.317+0000] {logging_mixin.py:188} INFO - [2024-03-19T10:45:48.317+0000] {dag.py:3047} INFO - Sync 1 DAGs
[2024-03-19T10:45:48.332+0000] {logging_mixin.py:188} INFO - [2024-03-19T10:45:48.332+0000] {dag.py:3834} INFO - Setting next_dagrun for example_task_group to 2024-03-18 00:00:00+00:00, run_after=2024-03-19 00:00:00+00:00
[2024-03-19T10:45:48.345+0000] {processor.py:183} INFO - Processing /home/airflow/.local/lib/python3.8/site-packages/airflow/example_dags/example_task_group.py took 0.055 seconds
[2024-03-19T10:46:19.029+0000] {processor.py:161} INFO - Started process (PID=694) to work on /home/airflow/.local/lib/python3.8/site-packages/airflow/example_dags/example_task_group.py
[2024-03-19T10:46:19.030+0000] {processor.py:830} INFO - Processing file /home/airflow/.local/lib/python3.8/site-packages/airflow/example_dags/example_task_group.py for tasks to queue
[2024-03-19T10:46:19.032+0000] {logging_mixin.py:188} INFO - [2024-03-19T10:46:19.032+0000] {dagbag.py:540} INFO - Filling up the DagBag from /home/airflow/.local/lib/python3.8/site-packages/airflow/example_dags/example_task_group.py
[2024-03-19T10:46:19.042+0000] {processor.py:840} INFO - DAG(s) 'example_task_group' retrieved from /home/airflow/.local/lib/python3.8/site-packages/airflow/example_dags/example_task_group.py
[2024-03-19T10:46:19.061+0000] {logging_mixin.py:188} INFO - [2024-03-19T10:46:19.061+0000] {dag.py:3047} INFO - Sync 1 DAGs
[2024-03-19T10:46:19.077+0000] {logging_mixin.py:188} INFO - [2024-03-19T10:46:19.077+0000] {dag.py:3834} INFO - Setting next_dagrun for example_task_group to 2024-03-18 00:00:00+00:00, run_after=2024-03-19 00:00:00+00:00
[2024-03-19T10:46:19.090+0000] {processor.py:183} INFO - Processing /home/airflow/.local/lib/python3.8/site-packages/airflow/example_dags/example_task_group.py took 0.064 seconds
[2024-03-19T10:46:49.864+0000] {processor.py:161} INFO - Started process (PID=750) to work on /home/airflow/.local/lib/python3.8/site-packages/airflow/example_dags/example_task_group.py
[2024-03-19T10:46:49.865+0000] {processor.py:830} INFO - Processing file /home/airflow/.local/lib/python3.8/site-packages/airflow/example_dags/example_task_group.py for tasks to queue
[2024-03-19T10:46:49.866+0000] {logging_mixin.py:188} INFO - [2024-03-19T10:46:49.866+0000] {dagbag.py:540} INFO - Filling up the DagBag from /home/airflow/.local/lib/python3.8/site-packages/airflow/example_dags/example_task_group.py
[2024-03-19T10:46:49.873+0000] {processor.py:840} INFO - DAG(s) 'example_task_group' retrieved from /home/airflow/.local/lib/python3.8/site-packages/airflow/example_dags/example_task_group.py
[2024-03-19T10:46:49.889+0000] {logging_mixin.py:188} INFO - [2024-03-19T10:46:49.889+0000] {dag.py:3047} INFO - Sync 1 DAGs
[2024-03-19T10:46:49.905+0000] {logging_mixin.py:188} INFO - [2024-03-19T10:46:49.905+0000] {dag.py:3834} INFO - Setting next_dagrun for example_task_group to 2024-03-18 00:00:00+00:00, run_after=2024-03-19 00:00:00+00:00
[2024-03-19T10:46:49.922+0000] {processor.py:183} INFO - Processing /home/airflow/.local/lib/python3.8/site-packages/airflow/example_dags/example_task_group.py took 0.062 seconds
[2024-03-19T10:47:20.354+0000] {processor.py:161} INFO - Started process (PID=806) to work on /home/airflow/.local/lib/python3.8/site-packages/airflow/example_dags/example_task_group.py
[2024-03-19T10:47:20.355+0000] {processor.py:830} INFO - Processing file /home/airflow/.local/lib/python3.8/site-packages/airflow/example_dags/example_task_group.py for tasks to queue
[2024-03-19T10:47:20.356+0000] {logging_mixin.py:188} INFO - [2024-03-19T10:47:20.356+0000] {dagbag.py:540} INFO - Filling up the DagBag from /home/airflow/.local/lib/python3.8/site-packages/airflow/example_dags/example_task_group.py
[2024-03-19T10:47:20.362+0000] {processor.py:840} INFO - DAG(s) 'example_task_group' retrieved from /home/airflow/.local/lib/python3.8/site-packages/airflow/example_dags/example_task_group.py
[2024-03-19T10:47:20.379+0000] {logging_mixin.py:188} INFO - [2024-03-19T10:47:20.379+0000] {dag.py:3047} INFO - Sync 1 DAGs
[2024-03-19T10:47:20.394+0000] {logging_mixin.py:188} INFO - [2024-03-19T10:47:20.394+0000] {dag.py:3834} INFO - Setting next_dagrun for example_task_group to 2024-03-18 00:00:00+00:00, run_after=2024-03-19 00:00:00+00:00
[2024-03-19T10:47:20.408+0000] {processor.py:183} INFO - Processing /home/airflow/.local/lib/python3.8/site-packages/airflow/example_dags/example_task_group.py took 0.057 seconds
[2024-03-19T10:47:51.517+0000] {processor.py:161} INFO - Started process (PID=862) to work on /home/airflow/.local/lib/python3.8/site-packages/airflow/example_dags/example_task_group.py
[2024-03-19T10:47:51.519+0000] {processor.py:830} INFO - Processing file /home/airflow/.local/lib/python3.8/site-packages/airflow/example_dags/example_task_group.py for tasks to queue
[2024-03-19T10:47:51.521+0000] {logging_mixin.py:188} INFO - [2024-03-19T10:47:51.521+0000] {dagbag.py:540} INFO - Filling up the DagBag from /home/airflow/.local/lib/python3.8/site-packages/airflow/example_dags/example_task_group.py
[2024-03-19T10:47:51.528+0000] {processor.py:840} INFO - DAG(s) 'example_task_group' retrieved from /home/airflow/.local/lib/python3.8/site-packages/airflow/example_dags/example_task_group.py
[2024-03-19T10:47:51.549+0000] {logging_mixin.py:188} INFO - [2024-03-19T10:47:51.549+0000] {dag.py:3047} INFO - Sync 1 DAGs
[2024-03-19T10:47:51.568+0000] {logging_mixin.py:188} INFO - [2024-03-19T10:47:51.568+0000] {dag.py:3834} INFO - Setting next_dagrun for example_task_group to 2024-03-18 00:00:00+00:00, run_after=2024-03-19 00:00:00+00:00
[2024-03-19T10:47:51.582+0000] {processor.py:183} INFO - Processing /home/airflow/.local/lib/python3.8/site-packages/airflow/example_dags/example_task_group.py took 0.069 seconds
[2024-03-19T10:48:21.836+0000] {processor.py:161} INFO - Started process (PID=918) to work on /home/airflow/.local/lib/python3.8/site-packages/airflow/example_dags/example_task_group.py
[2024-03-19T10:48:21.838+0000] {processor.py:830} INFO - Processing file /home/airflow/.local/lib/python3.8/site-packages/airflow/example_dags/example_task_group.py for tasks to queue
[2024-03-19T10:48:21.840+0000] {logging_mixin.py:188} INFO - [2024-03-19T10:48:21.840+0000] {dagbag.py:540} INFO - Filling up the DagBag from /home/airflow/.local/lib/python3.8/site-packages/airflow/example_dags/example_task_group.py
[2024-03-19T10:48:21.850+0000] {processor.py:840} INFO - DAG(s) 'example_task_group' retrieved from /home/airflow/.local/lib/python3.8/site-packages/airflow/example_dags/example_task_group.py
[2024-03-19T10:48:21.878+0000] {logging_mixin.py:188} INFO - [2024-03-19T10:48:21.877+0000] {dag.py:3047} INFO - Sync 1 DAGs
[2024-03-19T10:48:21.893+0000] {logging_mixin.py:188} INFO - [2024-03-19T10:48:21.893+0000] {dag.py:3834} INFO - Setting next_dagrun for example_task_group to 2024-03-18 00:00:00+00:00, run_after=2024-03-19 00:00:00+00:00
[2024-03-19T10:48:21.905+0000] {processor.py:183} INFO - Processing /home/airflow/.local/lib/python3.8/site-packages/airflow/example_dags/example_task_group.py took 0.072 seconds
[2024-03-19T10:48:52.377+0000] {processor.py:161} INFO - Started process (PID=980) to work on /home/airflow/.local/lib/python3.8/site-packages/airflow/example_dags/example_task_group.py
[2024-03-19T10:48:52.378+0000] {processor.py:830} INFO - Processing file /home/airflow/.local/lib/python3.8/site-packages/airflow/example_dags/example_task_group.py for tasks to queue
[2024-03-19T10:48:52.380+0000] {logging_mixin.py:188} INFO - [2024-03-19T10:48:52.379+0000] {dagbag.py:540} INFO - Filling up the DagBag from /home/airflow/.local/lib/python3.8/site-packages/airflow/example_dags/example_task_group.py
[2024-03-19T10:48:52.386+0000] {processor.py:840} INFO - DAG(s) 'example_task_group' retrieved from /home/airflow/.local/lib/python3.8/site-packages/airflow/example_dags/example_task_group.py
[2024-03-19T10:48:52.403+0000] {logging_mixin.py:188} INFO - [2024-03-19T10:48:52.403+0000] {dag.py:3047} INFO - Sync 1 DAGs
[2024-03-19T10:48:52.418+0000] {logging_mixin.py:188} INFO - [2024-03-19T10:48:52.418+0000] {dag.py:3834} INFO - Setting next_dagrun for example_task_group to 2024-03-18 00:00:00+00:00, run_after=2024-03-19 00:00:00+00:00
[2024-03-19T10:48:52.430+0000] {processor.py:183} INFO - Processing /home/airflow/.local/lib/python3.8/site-packages/airflow/example_dags/example_task_group.py took 0.057 seconds
[2024-03-19T10:49:22.568+0000] {processor.py:161} INFO - Started process (PID=1036) to work on /home/airflow/.local/lib/python3.8/site-packages/airflow/example_dags/example_task_group.py
[2024-03-19T10:49:22.569+0000] {processor.py:830} INFO - Processing file /home/airflow/.local/lib/python3.8/site-packages/airflow/example_dags/example_task_group.py for tasks to queue
[2024-03-19T10:49:22.571+0000] {logging_mixin.py:188} INFO - [2024-03-19T10:49:22.570+0000] {dagbag.py:540} INFO - Filling up the DagBag from /home/airflow/.local/lib/python3.8/site-packages/airflow/example_dags/example_task_group.py
[2024-03-19T10:49:22.577+0000] {processor.py:840} INFO - DAG(s) 'example_task_group' retrieved from /home/airflow/.local/lib/python3.8/site-packages/airflow/example_dags/example_task_group.py
[2024-03-19T10:49:22.598+0000] {logging_mixin.py:188} INFO - [2024-03-19T10:49:22.597+0000] {dag.py:3047} INFO - Sync 1 DAGs
[2024-03-19T10:49:22.616+0000] {logging_mixin.py:188} INFO - [2024-03-19T10:49:22.616+0000] {dag.py:3834} INFO - Setting next_dagrun for example_task_group to 2024-03-18 00:00:00+00:00, run_after=2024-03-19 00:00:00+00:00
[2024-03-19T10:49:22.629+0000] {processor.py:183} INFO - Processing /home/airflow/.local/lib/python3.8/site-packages/airflow/example_dags/example_task_group.py took 0.065 seconds
