[2024-03-19T10:40:40.290+0000] {processor.py:161} INFO - Started process (PID=70) to work on /home/airflow/.local/lib/python3.8/site-packages/airflow/example_dags/example_sla_dag.py
[2024-03-19T10:40:40.293+0000] {processor.py:830} INFO - Processing file /home/airflow/.local/lib/python3.8/site-packages/airflow/example_dags/example_sla_dag.py for tasks to queue
[2024-03-19T10:40:40.297+0000] {logging_mixin.py:188} INFO - [2024-03-19T10:40:40.297+0000] {dagbag.py:540} INFO - Filling up the DagBag from /home/airflow/.local/lib/python3.8/site-packages/airflow/example_dags/example_sla_dag.py
[2024-03-19T10:40:40.332+0000] {processor.py:840} INFO - DAG(s) 'example_sla_dag' retrieved from /home/airflow/.local/lib/python3.8/site-packages/airflow/example_dags/example_sla_dag.py
[2024-03-19T10:40:40.368+0000] {logging_mixin.py:188} INFO - [2024-03-19T10:40:40.367+0000] {dag.py:3047} INFO - Sync 1 DAGs
[2024-03-19T10:40:40.418+0000] {logging_mixin.py:188} INFO - [2024-03-19T10:40:40.418+0000] {dag.py:3834} INFO - Setting next_dagrun for example_sla_dag to 2024-03-19 10:38:00+00:00, run_after=2024-03-19 10:40:00+00:00
[2024-03-19T10:40:40.440+0000] {processor.py:183} INFO - Processing /home/airflow/.local/lib/python3.8/site-packages/airflow/example_dags/example_sla_dag.py took 0.157 seconds
[2024-03-19T10:41:10.634+0000] {processor.py:161} INFO - Started process (PID=126) to work on /home/airflow/.local/lib/python3.8/site-packages/airflow/example_dags/example_sla_dag.py
[2024-03-19T10:41:10.635+0000] {processor.py:830} INFO - Processing file /home/airflow/.local/lib/python3.8/site-packages/airflow/example_dags/example_sla_dag.py for tasks to queue
[2024-03-19T10:41:10.637+0000] {logging_mixin.py:188} INFO - [2024-03-19T10:41:10.636+0000] {dagbag.py:540} INFO - Filling up the DagBag from /home/airflow/.local/lib/python3.8/site-packages/airflow/example_dags/example_sla_dag.py
[2024-03-19T10:41:10.646+0000] {processor.py:840} INFO - DAG(s) 'example_sla_dag' retrieved from /home/airflow/.local/lib/python3.8/site-packages/airflow/example_dags/example_sla_dag.py
[2024-03-19T10:41:10.728+0000] {logging_mixin.py:188} INFO - [2024-03-19T10:41:10.728+0000] {dag.py:3047} INFO - Sync 1 DAGs
[2024-03-19T10:41:10.743+0000] {logging_mixin.py:188} INFO - [2024-03-19T10:41:10.743+0000] {dag.py:3834} INFO - Setting next_dagrun for example_sla_dag to 2024-03-19 10:38:00+00:00, run_after=2024-03-19 10:40:00+00:00
[2024-03-19T10:41:10.754+0000] {processor.py:183} INFO - Processing /home/airflow/.local/lib/python3.8/site-packages/airflow/example_dags/example_sla_dag.py took 0.124 seconds
[2024-03-19T10:41:41.465+0000] {processor.py:161} INFO - Started process (PID=182) to work on /home/airflow/.local/lib/python3.8/site-packages/airflow/example_dags/example_sla_dag.py
[2024-03-19T10:41:41.466+0000] {processor.py:830} INFO - Processing file /home/airflow/.local/lib/python3.8/site-packages/airflow/example_dags/example_sla_dag.py for tasks to queue
[2024-03-19T10:41:41.467+0000] {logging_mixin.py:188} INFO - [2024-03-19T10:41:41.467+0000] {dagbag.py:540} INFO - Filling up the DagBag from /home/airflow/.local/lib/python3.8/site-packages/airflow/example_dags/example_sla_dag.py
[2024-03-19T10:41:41.475+0000] {processor.py:840} INFO - DAG(s) 'example_sla_dag' retrieved from /home/airflow/.local/lib/python3.8/site-packages/airflow/example_dags/example_sla_dag.py
[2024-03-19T10:41:41.489+0000] {logging_mixin.py:188} INFO - [2024-03-19T10:41:41.489+0000] {dag.py:3047} INFO - Sync 1 DAGs
[2024-03-19T10:41:41.506+0000] {logging_mixin.py:188} INFO - [2024-03-19T10:41:41.506+0000] {dag.py:3834} INFO - Setting next_dagrun for example_sla_dag to 2024-03-19 10:38:00+00:00, run_after=2024-03-19 10:40:00+00:00
[2024-03-19T10:41:41.517+0000] {processor.py:183} INFO - Processing /home/airflow/.local/lib/python3.8/site-packages/airflow/example_dags/example_sla_dag.py took 0.056 seconds
[2024-03-19T10:42:12.545+0000] {processor.py:161} INFO - Started process (PID=238) to work on /home/airflow/.local/lib/python3.8/site-packages/airflow/example_dags/example_sla_dag.py
[2024-03-19T10:42:12.546+0000] {processor.py:830} INFO - Processing file /home/airflow/.local/lib/python3.8/site-packages/airflow/example_dags/example_sla_dag.py for tasks to queue
[2024-03-19T10:42:12.547+0000] {logging_mixin.py:188} INFO - [2024-03-19T10:42:12.547+0000] {dagbag.py:540} INFO - Filling up the DagBag from /home/airflow/.local/lib/python3.8/site-packages/airflow/example_dags/example_sla_dag.py
[2024-03-19T10:42:12.554+0000] {processor.py:840} INFO - DAG(s) 'example_sla_dag' retrieved from /home/airflow/.local/lib/python3.8/site-packages/airflow/example_dags/example_sla_dag.py
[2024-03-19T10:42:12.569+0000] {logging_mixin.py:188} INFO - [2024-03-19T10:42:12.569+0000] {dag.py:3047} INFO - Sync 1 DAGs
[2024-03-19T10:42:12.586+0000] {logging_mixin.py:188} INFO - [2024-03-19T10:42:12.586+0000] {dag.py:3834} INFO - Setting next_dagrun for example_sla_dag to 2024-03-19 10:40:00+00:00, run_after=2024-03-19 10:42:00+00:00
[2024-03-19T10:42:12.599+0000] {processor.py:183} INFO - Processing /home/airflow/.local/lib/python3.8/site-packages/airflow/example_dags/example_sla_dag.py took 0.058 seconds
[2024-03-19T10:42:43.228+0000] {processor.py:161} INFO - Started process (PID=294) to work on /home/airflow/.local/lib/python3.8/site-packages/airflow/example_dags/example_sla_dag.py
[2024-03-19T10:42:43.229+0000] {processor.py:830} INFO - Processing file /home/airflow/.local/lib/python3.8/site-packages/airflow/example_dags/example_sla_dag.py for tasks to queue
[2024-03-19T10:42:43.230+0000] {logging_mixin.py:188} INFO - [2024-03-19T10:42:43.230+0000] {dagbag.py:540} INFO - Filling up the DagBag from /home/airflow/.local/lib/python3.8/site-packages/airflow/example_dags/example_sla_dag.py
[2024-03-19T10:42:43.238+0000] {processor.py:840} INFO - DAG(s) 'example_sla_dag' retrieved from /home/airflow/.local/lib/python3.8/site-packages/airflow/example_dags/example_sla_dag.py
[2024-03-19T10:42:43.252+0000] {logging_mixin.py:188} INFO - [2024-03-19T10:42:43.252+0000] {dag.py:3047} INFO - Sync 1 DAGs
[2024-03-19T10:42:43.269+0000] {logging_mixin.py:188} INFO - [2024-03-19T10:42:43.269+0000] {dag.py:3834} INFO - Setting next_dagrun for example_sla_dag to 2024-03-19 10:40:00+00:00, run_after=2024-03-19 10:42:00+00:00
[2024-03-19T10:42:43.280+0000] {processor.py:183} INFO - Processing /home/airflow/.local/lib/python3.8/site-packages/airflow/example_dags/example_sla_dag.py took 0.055 seconds
[2024-03-19T10:43:13.628+0000] {processor.py:161} INFO - Started process (PID=350) to work on /home/airflow/.local/lib/python3.8/site-packages/airflow/example_dags/example_sla_dag.py
[2024-03-19T10:43:13.629+0000] {processor.py:830} INFO - Processing file /home/airflow/.local/lib/python3.8/site-packages/airflow/example_dags/example_sla_dag.py for tasks to queue
[2024-03-19T10:43:13.630+0000] {logging_mixin.py:188} INFO - [2024-03-19T10:43:13.630+0000] {dagbag.py:540} INFO - Filling up the DagBag from /home/airflow/.local/lib/python3.8/site-packages/airflow/example_dags/example_sla_dag.py
[2024-03-19T10:43:13.637+0000] {processor.py:840} INFO - DAG(s) 'example_sla_dag' retrieved from /home/airflow/.local/lib/python3.8/site-packages/airflow/example_dags/example_sla_dag.py
[2024-03-19T10:43:13.652+0000] {logging_mixin.py:188} INFO - [2024-03-19T10:43:13.652+0000] {dag.py:3047} INFO - Sync 1 DAGs
[2024-03-19T10:43:13.668+0000] {logging_mixin.py:188} INFO - [2024-03-19T10:43:13.668+0000] {dag.py:3834} INFO - Setting next_dagrun for example_sla_dag to 2024-03-19 10:40:00+00:00, run_after=2024-03-19 10:42:00+00:00
[2024-03-19T10:43:13.679+0000] {processor.py:183} INFO - Processing /home/airflow/.local/lib/python3.8/site-packages/airflow/example_dags/example_sla_dag.py took 0.054 seconds
[2024-03-19T10:43:44.071+0000] {processor.py:161} INFO - Started process (PID=406) to work on /home/airflow/.local/lib/python3.8/site-packages/airflow/example_dags/example_sla_dag.py
[2024-03-19T10:43:44.072+0000] {processor.py:830} INFO - Processing file /home/airflow/.local/lib/python3.8/site-packages/airflow/example_dags/example_sla_dag.py for tasks to queue
[2024-03-19T10:43:44.074+0000] {logging_mixin.py:188} INFO - [2024-03-19T10:43:44.073+0000] {dagbag.py:540} INFO - Filling up the DagBag from /home/airflow/.local/lib/python3.8/site-packages/airflow/example_dags/example_sla_dag.py
[2024-03-19T10:43:44.081+0000] {processor.py:840} INFO - DAG(s) 'example_sla_dag' retrieved from /home/airflow/.local/lib/python3.8/site-packages/airflow/example_dags/example_sla_dag.py
[2024-03-19T10:43:44.095+0000] {logging_mixin.py:188} INFO - [2024-03-19T10:43:44.095+0000] {dag.py:3047} INFO - Sync 1 DAGs
[2024-03-19T10:43:44.111+0000] {logging_mixin.py:188} INFO - [2024-03-19T10:43:44.111+0000] {dag.py:3834} INFO - Setting next_dagrun for example_sla_dag to 2024-03-19 10:40:00+00:00, run_after=2024-03-19 10:42:00+00:00
[2024-03-19T10:43:44.123+0000] {processor.py:183} INFO - Processing /home/airflow/.local/lib/python3.8/site-packages/airflow/example_dags/example_sla_dag.py took 0.055 seconds
[2024-03-19T10:44:14.472+0000] {processor.py:161} INFO - Started process (PID=462) to work on /home/airflow/.local/lib/python3.8/site-packages/airflow/example_dags/example_sla_dag.py
[2024-03-19T10:44:14.473+0000] {processor.py:830} INFO - Processing file /home/airflow/.local/lib/python3.8/site-packages/airflow/example_dags/example_sla_dag.py for tasks to queue
[2024-03-19T10:44:14.474+0000] {logging_mixin.py:188} INFO - [2024-03-19T10:44:14.474+0000] {dagbag.py:540} INFO - Filling up the DagBag from /home/airflow/.local/lib/python3.8/site-packages/airflow/example_dags/example_sla_dag.py
[2024-03-19T10:44:14.484+0000] {processor.py:840} INFO - DAG(s) 'example_sla_dag' retrieved from /home/airflow/.local/lib/python3.8/site-packages/airflow/example_dags/example_sla_dag.py
[2024-03-19T10:44:14.499+0000] {logging_mixin.py:188} INFO - [2024-03-19T10:44:14.499+0000] {dag.py:3047} INFO - Sync 1 DAGs
[2024-03-19T10:44:14.515+0000] {logging_mixin.py:188} INFO - [2024-03-19T10:44:14.515+0000] {dag.py:3834} INFO - Setting next_dagrun for example_sla_dag to 2024-03-19 10:42:00+00:00, run_after=2024-03-19 10:44:00+00:00
[2024-03-19T10:44:14.527+0000] {processor.py:183} INFO - Processing /home/airflow/.local/lib/python3.8/site-packages/airflow/example_dags/example_sla_dag.py took 0.059 seconds
[2024-03-19T10:44:45.306+0000] {processor.py:161} INFO - Started process (PID=518) to work on /home/airflow/.local/lib/python3.8/site-packages/airflow/example_dags/example_sla_dag.py
[2024-03-19T10:44:45.307+0000] {processor.py:830} INFO - Processing file /home/airflow/.local/lib/python3.8/site-packages/airflow/example_dags/example_sla_dag.py for tasks to queue
[2024-03-19T10:44:45.309+0000] {logging_mixin.py:188} INFO - [2024-03-19T10:44:45.309+0000] {dagbag.py:540} INFO - Filling up the DagBag from /home/airflow/.local/lib/python3.8/site-packages/airflow/example_dags/example_sla_dag.py
[2024-03-19T10:44:45.316+0000] {processor.py:840} INFO - DAG(s) 'example_sla_dag' retrieved from /home/airflow/.local/lib/python3.8/site-packages/airflow/example_dags/example_sla_dag.py
[2024-03-19T10:44:45.330+0000] {logging_mixin.py:188} INFO - [2024-03-19T10:44:45.330+0000] {dag.py:3047} INFO - Sync 1 DAGs
[2024-03-19T10:44:45.348+0000] {logging_mixin.py:188} INFO - [2024-03-19T10:44:45.347+0000] {dag.py:3834} INFO - Setting next_dagrun for example_sla_dag to 2024-03-19 10:42:00+00:00, run_after=2024-03-19 10:44:00+00:00
[2024-03-19T10:44:45.359+0000] {processor.py:183} INFO - Processing /home/airflow/.local/lib/python3.8/site-packages/airflow/example_dags/example_sla_dag.py took 0.056 seconds
[2024-03-19T10:45:15.936+0000] {processor.py:161} INFO - Started process (PID=574) to work on /home/airflow/.local/lib/python3.8/site-packages/airflow/example_dags/example_sla_dag.py
[2024-03-19T10:45:15.937+0000] {processor.py:830} INFO - Processing file /home/airflow/.local/lib/python3.8/site-packages/airflow/example_dags/example_sla_dag.py for tasks to queue
[2024-03-19T10:45:15.939+0000] {logging_mixin.py:188} INFO - [2024-03-19T10:45:15.939+0000] {dagbag.py:540} INFO - Filling up the DagBag from /home/airflow/.local/lib/python3.8/site-packages/airflow/example_dags/example_sla_dag.py
[2024-03-19T10:45:15.946+0000] {processor.py:840} INFO - DAG(s) 'example_sla_dag' retrieved from /home/airflow/.local/lib/python3.8/site-packages/airflow/example_dags/example_sla_dag.py
[2024-03-19T10:45:15.964+0000] {logging_mixin.py:188} INFO - [2024-03-19T10:45:15.964+0000] {dag.py:3047} INFO - Sync 1 DAGs
[2024-03-19T10:45:15.982+0000] {logging_mixin.py:188} INFO - [2024-03-19T10:45:15.982+0000] {dag.py:3834} INFO - Setting next_dagrun for example_sla_dag to 2024-03-19 10:42:00+00:00, run_after=2024-03-19 10:44:00+00:00
[2024-03-19T10:45:15.994+0000] {processor.py:183} INFO - Processing /home/airflow/.local/lib/python3.8/site-packages/airflow/example_dags/example_sla_dag.py took 0.060 seconds
[2024-03-19T10:45:46.836+0000] {processor.py:161} INFO - Started process (PID=630) to work on /home/airflow/.local/lib/python3.8/site-packages/airflow/example_dags/example_sla_dag.py
[2024-03-19T10:45:46.837+0000] {processor.py:830} INFO - Processing file /home/airflow/.local/lib/python3.8/site-packages/airflow/example_dags/example_sla_dag.py for tasks to queue
[2024-03-19T10:45:46.839+0000] {logging_mixin.py:188} INFO - [2024-03-19T10:45:46.839+0000] {dagbag.py:540} INFO - Filling up the DagBag from /home/airflow/.local/lib/python3.8/site-packages/airflow/example_dags/example_sla_dag.py
[2024-03-19T10:45:46.847+0000] {processor.py:840} INFO - DAG(s) 'example_sla_dag' retrieved from /home/airflow/.local/lib/python3.8/site-packages/airflow/example_dags/example_sla_dag.py
[2024-03-19T10:45:46.864+0000] {logging_mixin.py:188} INFO - [2024-03-19T10:45:46.863+0000] {dag.py:3047} INFO - Sync 1 DAGs
[2024-03-19T10:45:46.885+0000] {logging_mixin.py:188} INFO - [2024-03-19T10:45:46.885+0000] {dag.py:3834} INFO - Setting next_dagrun for example_sla_dag to 2024-03-19 10:42:00+00:00, run_after=2024-03-19 10:44:00+00:00
[2024-03-19T10:45:46.898+0000] {processor.py:183} INFO - Processing /home/airflow/.local/lib/python3.8/site-packages/airflow/example_dags/example_sla_dag.py took 0.065 seconds
[2024-03-19T10:46:17.618+0000] {processor.py:161} INFO - Started process (PID=686) to work on /home/airflow/.local/lib/python3.8/site-packages/airflow/example_dags/example_sla_dag.py
[2024-03-19T10:46:17.619+0000] {processor.py:830} INFO - Processing file /home/airflow/.local/lib/python3.8/site-packages/airflow/example_dags/example_sla_dag.py for tasks to queue
[2024-03-19T10:46:17.621+0000] {logging_mixin.py:188} INFO - [2024-03-19T10:46:17.620+0000] {dagbag.py:540} INFO - Filling up the DagBag from /home/airflow/.local/lib/python3.8/site-packages/airflow/example_dags/example_sla_dag.py
[2024-03-19T10:46:17.629+0000] {processor.py:840} INFO - DAG(s) 'example_sla_dag' retrieved from /home/airflow/.local/lib/python3.8/site-packages/airflow/example_dags/example_sla_dag.py
[2024-03-19T10:46:17.664+0000] {logging_mixin.py:188} INFO - [2024-03-19T10:46:17.664+0000] {dag.py:3047} INFO - Sync 1 DAGs
[2024-03-19T10:46:17.682+0000] {logging_mixin.py:188} INFO - [2024-03-19T10:46:17.682+0000] {dag.py:3834} INFO - Setting next_dagrun for example_sla_dag to 2024-03-19 10:44:00+00:00, run_after=2024-03-19 10:46:00+00:00
[2024-03-19T10:46:17.694+0000] {processor.py:183} INFO - Processing /home/airflow/.local/lib/python3.8/site-packages/airflow/example_dags/example_sla_dag.py took 0.080 seconds
[2024-03-19T10:46:48.416+0000] {processor.py:161} INFO - Started process (PID=742) to work on /home/airflow/.local/lib/python3.8/site-packages/airflow/example_dags/example_sla_dag.py
[2024-03-19T10:46:48.417+0000] {processor.py:830} INFO - Processing file /home/airflow/.local/lib/python3.8/site-packages/airflow/example_dags/example_sla_dag.py for tasks to queue
[2024-03-19T10:46:48.418+0000] {logging_mixin.py:188} INFO - [2024-03-19T10:46:48.418+0000] {dagbag.py:540} INFO - Filling up the DagBag from /home/airflow/.local/lib/python3.8/site-packages/airflow/example_dags/example_sla_dag.py
[2024-03-19T10:46:48.425+0000] {processor.py:840} INFO - DAG(s) 'example_sla_dag' retrieved from /home/airflow/.local/lib/python3.8/site-packages/airflow/example_dags/example_sla_dag.py
[2024-03-19T10:46:48.440+0000] {logging_mixin.py:188} INFO - [2024-03-19T10:46:48.440+0000] {dag.py:3047} INFO - Sync 1 DAGs
[2024-03-19T10:46:48.457+0000] {logging_mixin.py:188} INFO - [2024-03-19T10:46:48.457+0000] {dag.py:3834} INFO - Setting next_dagrun for example_sla_dag to 2024-03-19 10:44:00+00:00, run_after=2024-03-19 10:46:00+00:00
[2024-03-19T10:46:48.469+0000] {processor.py:183} INFO - Processing /home/airflow/.local/lib/python3.8/site-packages/airflow/example_dags/example_sla_dag.py took 0.056 seconds
[2024-03-19T10:47:18.858+0000] {processor.py:161} INFO - Started process (PID=798) to work on /home/airflow/.local/lib/python3.8/site-packages/airflow/example_dags/example_sla_dag.py
[2024-03-19T10:47:18.859+0000] {processor.py:830} INFO - Processing file /home/airflow/.local/lib/python3.8/site-packages/airflow/example_dags/example_sla_dag.py for tasks to queue
[2024-03-19T10:47:18.860+0000] {logging_mixin.py:188} INFO - [2024-03-19T10:47:18.860+0000] {dagbag.py:540} INFO - Filling up the DagBag from /home/airflow/.local/lib/python3.8/site-packages/airflow/example_dags/example_sla_dag.py
[2024-03-19T10:47:18.868+0000] {processor.py:840} INFO - DAG(s) 'example_sla_dag' retrieved from /home/airflow/.local/lib/python3.8/site-packages/airflow/example_dags/example_sla_dag.py
[2024-03-19T10:47:18.888+0000] {logging_mixin.py:188} INFO - [2024-03-19T10:47:18.888+0000] {dag.py:3047} INFO - Sync 1 DAGs
[2024-03-19T10:47:18.909+0000] {logging_mixin.py:188} INFO - [2024-03-19T10:47:18.908+0000] {dag.py:3834} INFO - Setting next_dagrun for example_sla_dag to 2024-03-19 10:44:00+00:00, run_after=2024-03-19 10:46:00+00:00
[2024-03-19T10:47:18.923+0000] {processor.py:183} INFO - Processing /home/airflow/.local/lib/python3.8/site-packages/airflow/example_dags/example_sla_dag.py took 0.069 seconds
[2024-03-19T10:47:48.972+0000] {processor.py:161} INFO - Started process (PID=854) to work on /home/airflow/.local/lib/python3.8/site-packages/airflow/example_dags/example_sla_dag.py
[2024-03-19T10:47:48.973+0000] {processor.py:830} INFO - Processing file /home/airflow/.local/lib/python3.8/site-packages/airflow/example_dags/example_sla_dag.py for tasks to queue
[2024-03-19T10:47:48.975+0000] {logging_mixin.py:188} INFO - [2024-03-19T10:47:48.974+0000] {dagbag.py:540} INFO - Filling up the DagBag from /home/airflow/.local/lib/python3.8/site-packages/airflow/example_dags/example_sla_dag.py
[2024-03-19T10:47:48.982+0000] {processor.py:840} INFO - DAG(s) 'example_sla_dag' retrieved from /home/airflow/.local/lib/python3.8/site-packages/airflow/example_dags/example_sla_dag.py
[2024-03-19T10:47:48.997+0000] {logging_mixin.py:188} INFO - [2024-03-19T10:47:48.996+0000] {dag.py:3047} INFO - Sync 1 DAGs
[2024-03-19T10:47:49.013+0000] {logging_mixin.py:188} INFO - [2024-03-19T10:47:49.013+0000] {dag.py:3834} INFO - Setting next_dagrun for example_sla_dag to 2024-03-19 10:44:00+00:00, run_after=2024-03-19 10:46:00+00:00
[2024-03-19T10:47:49.024+0000] {processor.py:183} INFO - Processing /home/airflow/.local/lib/python3.8/site-packages/airflow/example_dags/example_sla_dag.py took 0.055 seconds
[2024-03-19T10:48:19.276+0000] {processor.py:161} INFO - Started process (PID=910) to work on /home/airflow/.local/lib/python3.8/site-packages/airflow/example_dags/example_sla_dag.py
[2024-03-19T10:48:19.277+0000] {processor.py:830} INFO - Processing file /home/airflow/.local/lib/python3.8/site-packages/airflow/example_dags/example_sla_dag.py for tasks to queue
[2024-03-19T10:48:19.279+0000] {logging_mixin.py:188} INFO - [2024-03-19T10:48:19.279+0000] {dagbag.py:540} INFO - Filling up the DagBag from /home/airflow/.local/lib/python3.8/site-packages/airflow/example_dags/example_sla_dag.py
[2024-03-19T10:48:19.289+0000] {processor.py:840} INFO - DAG(s) 'example_sla_dag' retrieved from /home/airflow/.local/lib/python3.8/site-packages/airflow/example_dags/example_sla_dag.py
[2024-03-19T10:48:19.313+0000] {logging_mixin.py:188} INFO - [2024-03-19T10:48:19.313+0000] {dag.py:3047} INFO - Sync 1 DAGs
[2024-03-19T10:48:19.331+0000] {logging_mixin.py:188} INFO - [2024-03-19T10:48:19.331+0000] {dag.py:3834} INFO - Setting next_dagrun for example_sla_dag to 2024-03-19 10:46:00+00:00, run_after=2024-03-19 10:48:00+00:00
[2024-03-19T10:48:19.351+0000] {processor.py:183} INFO - Processing /home/airflow/.local/lib/python3.8/site-packages/airflow/example_dags/example_sla_dag.py took 0.080 seconds
[2024-03-19T10:48:49.547+0000] {processor.py:161} INFO - Started process (PID=966) to work on /home/airflow/.local/lib/python3.8/site-packages/airflow/example_dags/example_sla_dag.py
[2024-03-19T10:48:49.549+0000] {processor.py:830} INFO - Processing file /home/airflow/.local/lib/python3.8/site-packages/airflow/example_dags/example_sla_dag.py for tasks to queue
[2024-03-19T10:48:49.551+0000] {logging_mixin.py:188} INFO - [2024-03-19T10:48:49.550+0000] {dagbag.py:540} INFO - Filling up the DagBag from /home/airflow/.local/lib/python3.8/site-packages/airflow/example_dags/example_sla_dag.py
[2024-03-19T10:48:49.559+0000] {processor.py:840} INFO - DAG(s) 'example_sla_dag' retrieved from /home/airflow/.local/lib/python3.8/site-packages/airflow/example_dags/example_sla_dag.py
[2024-03-19T10:48:49.577+0000] {logging_mixin.py:188} INFO - [2024-03-19T10:48:49.577+0000] {dag.py:3047} INFO - Sync 1 DAGs
[2024-03-19T10:48:49.596+0000] {logging_mixin.py:188} INFO - [2024-03-19T10:48:49.595+0000] {dag.py:3834} INFO - Setting next_dagrun for example_sla_dag to 2024-03-19 10:46:00+00:00, run_after=2024-03-19 10:48:00+00:00
[2024-03-19T10:48:49.607+0000] {processor.py:183} INFO - Processing /home/airflow/.local/lib/python3.8/site-packages/airflow/example_dags/example_sla_dag.py took 0.066 seconds
[2024-03-19T10:49:20.035+0000] {processor.py:161} INFO - Started process (PID=1022) to work on /home/airflow/.local/lib/python3.8/site-packages/airflow/example_dags/example_sla_dag.py
[2024-03-19T10:49:20.036+0000] {processor.py:830} INFO - Processing file /home/airflow/.local/lib/python3.8/site-packages/airflow/example_dags/example_sla_dag.py for tasks to queue
[2024-03-19T10:49:20.038+0000] {logging_mixin.py:188} INFO - [2024-03-19T10:49:20.038+0000] {dagbag.py:540} INFO - Filling up the DagBag from /home/airflow/.local/lib/python3.8/site-packages/airflow/example_dags/example_sla_dag.py
[2024-03-19T10:49:20.046+0000] {processor.py:840} INFO - DAG(s) 'example_sla_dag' retrieved from /home/airflow/.local/lib/python3.8/site-packages/airflow/example_dags/example_sla_dag.py
[2024-03-19T10:49:20.061+0000] {logging_mixin.py:188} INFO - [2024-03-19T10:49:20.061+0000] {dag.py:3047} INFO - Sync 1 DAGs
[2024-03-19T10:49:20.079+0000] {logging_mixin.py:188} INFO - [2024-03-19T10:49:20.078+0000] {dag.py:3834} INFO - Setting next_dagrun for example_sla_dag to 2024-03-19 10:46:00+00:00, run_after=2024-03-19 10:48:00+00:00
[2024-03-19T10:49:20.090+0000] {processor.py:183} INFO - Processing /home/airflow/.local/lib/python3.8/site-packages/airflow/example_dags/example_sla_dag.py took 0.057 seconds
