[2024-03-19T10:40:41.101+0000] {processor.py:161} INFO - Started process (PID=76) to work on /home/airflow/.local/lib/python3.8/site-packages/airflow/example_dags/example_datasets.py
[2024-03-19T10:40:41.104+0000] {processor.py:830} INFO - Processing file /home/airflow/.local/lib/python3.8/site-packages/airflow/example_dags/example_datasets.py for tasks to queue
[2024-03-19T10:40:41.107+0000] {logging_mixin.py:188} INFO - [2024-03-19T10:40:41.107+0000] {dagbag.py:540} INFO - Filling up the DagBag from /home/airflow/.local/lib/python3.8/site-packages/airflow/example_dags/example_datasets.py
[2024-03-19T10:40:41.131+0000] {processor.py:840} INFO - DAG(s) 'dataset_produces_2', 'dataset_consumes_1', 'dataset_consumes_unknown_never_scheduled', 'dataset_consumes_1_and_2', 'dataset_produces_1', 'dataset_consumes_1_never_scheduled' retrieved from /home/airflow/.local/lib/python3.8/site-packages/airflow/example_dags/example_datasets.py
[2024-03-19T10:40:41.172+0000] {logging_mixin.py:188} INFO - [2024-03-19T10:40:41.171+0000] {dag.py:3047} INFO - Sync 6 DAGs
[2024-03-19T10:40:41.210+0000] {logging_mixin.py:188} INFO - [2024-03-19T10:40:41.210+0000] {dag.py:3834} INFO - Setting next_dagrun for dataset_consumes_1 to None, run_after=None
[2024-03-19T10:40:41.214+0000] {logging_mixin.py:188} INFO - [2024-03-19T10:40:41.214+0000] {dag.py:3834} INFO - Setting next_dagrun for dataset_consumes_1_and_2 to None, run_after=None
[2024-03-19T10:40:41.217+0000] {logging_mixin.py:188} INFO - [2024-03-19T10:40:41.217+0000] {dag.py:3834} INFO - Setting next_dagrun for dataset_consumes_1_never_scheduled to None, run_after=None
[2024-03-19T10:40:41.219+0000] {logging_mixin.py:188} INFO - [2024-03-19T10:40:41.218+0000] {dag.py:3834} INFO - Setting next_dagrun for dataset_consumes_unknown_never_scheduled to None, run_after=None
[2024-03-19T10:40:41.224+0000] {logging_mixin.py:188} INFO - [2024-03-19T10:40:41.223+0000] {dag.py:3834} INFO - Setting next_dagrun for dataset_produces_1 to 2024-03-18 00:00:00+00:00, run_after=2024-03-19 00:00:00+00:00
[2024-03-19T10:40:41.226+0000] {logging_mixin.py:188} INFO - [2024-03-19T10:40:41.225+0000] {dag.py:3834} INFO - Setting next_dagrun for dataset_produces_2 to None, run_after=None
[2024-03-19T10:40:41.287+0000] {processor.py:183} INFO - Processing /home/airflow/.local/lib/python3.8/site-packages/airflow/example_dags/example_datasets.py took 0.194 seconds
[2024-03-19T10:41:12.083+0000] {processor.py:161} INFO - Started process (PID=132) to work on /home/airflow/.local/lib/python3.8/site-packages/airflow/example_dags/example_datasets.py
[2024-03-19T10:41:12.084+0000] {processor.py:830} INFO - Processing file /home/airflow/.local/lib/python3.8/site-packages/airflow/example_dags/example_datasets.py for tasks to queue
[2024-03-19T10:41:12.086+0000] {logging_mixin.py:188} INFO - [2024-03-19T10:41:12.085+0000] {dagbag.py:540} INFO - Filling up the DagBag from /home/airflow/.local/lib/python3.8/site-packages/airflow/example_dags/example_datasets.py
[2024-03-19T10:41:12.094+0000] {processor.py:840} INFO - DAG(s) 'dataset_produces_1', 'dataset_produces_2', 'dataset_consumes_unknown_never_scheduled', 'dataset_consumes_1_and_2', 'dataset_consumes_1_never_scheduled', 'dataset_consumes_1' retrieved from /home/airflow/.local/lib/python3.8/site-packages/airflow/example_dags/example_datasets.py
[2024-03-19T10:41:12.198+0000] {logging_mixin.py:188} INFO - [2024-03-19T10:41:12.198+0000] {dag.py:3047} INFO - Sync 6 DAGs
[2024-03-19T10:41:12.214+0000] {logging_mixin.py:188} INFO - [2024-03-19T10:41:12.214+0000] {dag.py:3834} INFO - Setting next_dagrun for dataset_consumes_1 to None, run_after=None
[2024-03-19T10:41:12.216+0000] {logging_mixin.py:188} INFO - [2024-03-19T10:41:12.216+0000] {dag.py:3834} INFO - Setting next_dagrun for dataset_consumes_1_and_2 to None, run_after=None
[2024-03-19T10:41:12.217+0000] {logging_mixin.py:188} INFO - [2024-03-19T10:41:12.217+0000] {dag.py:3834} INFO - Setting next_dagrun for dataset_consumes_1_never_scheduled to None, run_after=None
[2024-03-19T10:41:12.218+0000] {logging_mixin.py:188} INFO - [2024-03-19T10:41:12.217+0000] {dag.py:3834} INFO - Setting next_dagrun for dataset_consumes_unknown_never_scheduled to None, run_after=None
[2024-03-19T10:41:12.220+0000] {logging_mixin.py:188} INFO - [2024-03-19T10:41:12.220+0000] {dag.py:3834} INFO - Setting next_dagrun for dataset_produces_1 to 2024-03-18 00:00:00+00:00, run_after=2024-03-19 00:00:00+00:00
[2024-03-19T10:41:12.221+0000] {logging_mixin.py:188} INFO - [2024-03-19T10:41:12.220+0000] {dag.py:3834} INFO - Setting next_dagrun for dataset_produces_2 to None, run_after=None
[2024-03-19T10:41:12.241+0000] {processor.py:183} INFO - Processing /home/airflow/.local/lib/python3.8/site-packages/airflow/example_dags/example_datasets.py took 0.162 seconds
[2024-03-19T10:41:42.928+0000] {processor.py:161} INFO - Started process (PID=188) to work on /home/airflow/.local/lib/python3.8/site-packages/airflow/example_dags/example_datasets.py
[2024-03-19T10:41:42.935+0000] {processor.py:830} INFO - Processing file /home/airflow/.local/lib/python3.8/site-packages/airflow/example_dags/example_datasets.py for tasks to queue
[2024-03-19T10:41:42.947+0000] {logging_mixin.py:188} INFO - [2024-03-19T10:41:42.946+0000] {dagbag.py:540} INFO - Filling up the DagBag from /home/airflow/.local/lib/python3.8/site-packages/airflow/example_dags/example_datasets.py
[2024-03-19T10:41:42.966+0000] {processor.py:840} INFO - DAG(s) 'dataset_produces_1', 'dataset_consumes_1_and_2', 'dataset_consumes_1', 'dataset_consumes_unknown_never_scheduled', 'dataset_produces_2', 'dataset_consumes_1_never_scheduled' retrieved from /home/airflow/.local/lib/python3.8/site-packages/airflow/example_dags/example_datasets.py
[2024-03-19T10:41:43.047+0000] {logging_mixin.py:188} INFO - [2024-03-19T10:41:43.046+0000] {dag.py:3047} INFO - Sync 6 DAGs
[2024-03-19T10:41:43.077+0000] {logging_mixin.py:188} INFO - [2024-03-19T10:41:43.076+0000] {dag.py:3834} INFO - Setting next_dagrun for dataset_consumes_1 to None, run_after=None
[2024-03-19T10:41:43.085+0000] {logging_mixin.py:188} INFO - [2024-03-19T10:41:43.084+0000] {dag.py:3834} INFO - Setting next_dagrun for dataset_consumes_1_and_2 to None, run_after=None
[2024-03-19T10:41:43.088+0000] {logging_mixin.py:188} INFO - [2024-03-19T10:41:43.087+0000] {dag.py:3834} INFO - Setting next_dagrun for dataset_consumes_1_never_scheduled to None, run_after=None
[2024-03-19T10:41:43.089+0000] {logging_mixin.py:188} INFO - [2024-03-19T10:41:43.089+0000] {dag.py:3834} INFO - Setting next_dagrun for dataset_consumes_unknown_never_scheduled to None, run_after=None
[2024-03-19T10:41:43.092+0000] {logging_mixin.py:188} INFO - [2024-03-19T10:41:43.092+0000] {dag.py:3834} INFO - Setting next_dagrun for dataset_produces_1 to 2024-03-18 00:00:00+00:00, run_after=2024-03-19 00:00:00+00:00
[2024-03-19T10:41:43.094+0000] {logging_mixin.py:188} INFO - [2024-03-19T10:41:43.094+0000] {dag.py:3834} INFO - Setting next_dagrun for dataset_produces_2 to None, run_after=None
[2024-03-19T10:41:43.127+0000] {processor.py:183} INFO - Processing /home/airflow/.local/lib/python3.8/site-packages/airflow/example_dags/example_datasets.py took 0.209 seconds
[2024-03-19T10:42:13.864+0000] {processor.py:161} INFO - Started process (PID=244) to work on /home/airflow/.local/lib/python3.8/site-packages/airflow/example_dags/example_datasets.py
[2024-03-19T10:42:13.865+0000] {processor.py:830} INFO - Processing file /home/airflow/.local/lib/python3.8/site-packages/airflow/example_dags/example_datasets.py for tasks to queue
[2024-03-19T10:42:13.866+0000] {logging_mixin.py:188} INFO - [2024-03-19T10:42:13.866+0000] {dagbag.py:540} INFO - Filling up the DagBag from /home/airflow/.local/lib/python3.8/site-packages/airflow/example_dags/example_datasets.py
[2024-03-19T10:42:13.874+0000] {processor.py:840} INFO - DAG(s) 'dataset_produces_1', 'dataset_consumes_1_never_scheduled', 'dataset_consumes_1_and_2', 'dataset_consumes_unknown_never_scheduled', 'dataset_produces_2', 'dataset_consumes_1' retrieved from /home/airflow/.local/lib/python3.8/site-packages/airflow/example_dags/example_datasets.py
[2024-03-19T10:42:13.913+0000] {logging_mixin.py:188} INFO - [2024-03-19T10:42:13.912+0000] {dag.py:3047} INFO - Sync 6 DAGs
[2024-03-19T10:42:13.934+0000] {logging_mixin.py:188} INFO - [2024-03-19T10:42:13.934+0000] {dag.py:3834} INFO - Setting next_dagrun for dataset_consumes_1 to None, run_after=None
[2024-03-19T10:42:13.938+0000] {logging_mixin.py:188} INFO - [2024-03-19T10:42:13.938+0000] {dag.py:3834} INFO - Setting next_dagrun for dataset_consumes_1_and_2 to None, run_after=None
[2024-03-19T10:42:13.940+0000] {logging_mixin.py:188} INFO - [2024-03-19T10:42:13.940+0000] {dag.py:3834} INFO - Setting next_dagrun for dataset_consumes_1_never_scheduled to None, run_after=None
[2024-03-19T10:42:13.942+0000] {logging_mixin.py:188} INFO - [2024-03-19T10:42:13.942+0000] {dag.py:3834} INFO - Setting next_dagrun for dataset_consumes_unknown_never_scheduled to None, run_after=None
[2024-03-19T10:42:13.945+0000] {logging_mixin.py:188} INFO - [2024-03-19T10:42:13.945+0000] {dag.py:3834} INFO - Setting next_dagrun for dataset_produces_1 to 2024-03-18 00:00:00+00:00, run_after=2024-03-19 00:00:00+00:00
[2024-03-19T10:42:13.946+0000] {logging_mixin.py:188} INFO - [2024-03-19T10:42:13.946+0000] {dag.py:3834} INFO - Setting next_dagrun for dataset_produces_2 to None, run_after=None
[2024-03-19T10:42:13.968+0000] {processor.py:183} INFO - Processing /home/airflow/.local/lib/python3.8/site-packages/airflow/example_dags/example_datasets.py took 0.108 seconds
[2024-03-19T10:42:44.468+0000] {processor.py:161} INFO - Started process (PID=300) to work on /home/airflow/.local/lib/python3.8/site-packages/airflow/example_dags/example_datasets.py
[2024-03-19T10:42:44.470+0000] {processor.py:830} INFO - Processing file /home/airflow/.local/lib/python3.8/site-packages/airflow/example_dags/example_datasets.py for tasks to queue
[2024-03-19T10:42:44.472+0000] {logging_mixin.py:188} INFO - [2024-03-19T10:42:44.471+0000] {dagbag.py:540} INFO - Filling up the DagBag from /home/airflow/.local/lib/python3.8/site-packages/airflow/example_dags/example_datasets.py
[2024-03-19T10:42:44.482+0000] {processor.py:840} INFO - DAG(s) 'dataset_consumes_1_and_2', 'dataset_produces_1', 'dataset_consumes_1_never_scheduled', 'dataset_produces_2', 'dataset_consumes_1', 'dataset_consumes_unknown_never_scheduled' retrieved from /home/airflow/.local/lib/python3.8/site-packages/airflow/example_dags/example_datasets.py
[2024-03-19T10:42:44.509+0000] {logging_mixin.py:188} INFO - [2024-03-19T10:42:44.508+0000] {dag.py:3047} INFO - Sync 6 DAGs
[2024-03-19T10:42:44.524+0000] {logging_mixin.py:188} INFO - [2024-03-19T10:42:44.524+0000] {dag.py:3834} INFO - Setting next_dagrun for dataset_consumes_1 to None, run_after=None
[2024-03-19T10:42:44.527+0000] {logging_mixin.py:188} INFO - [2024-03-19T10:42:44.527+0000] {dag.py:3834} INFO - Setting next_dagrun for dataset_consumes_1_and_2 to None, run_after=None
[2024-03-19T10:42:44.528+0000] {logging_mixin.py:188} INFO - [2024-03-19T10:42:44.528+0000] {dag.py:3834} INFO - Setting next_dagrun for dataset_consumes_1_never_scheduled to None, run_after=None
[2024-03-19T10:42:44.529+0000] {logging_mixin.py:188} INFO - [2024-03-19T10:42:44.529+0000] {dag.py:3834} INFO - Setting next_dagrun for dataset_consumes_unknown_never_scheduled to None, run_after=None
[2024-03-19T10:42:44.531+0000] {logging_mixin.py:188} INFO - [2024-03-19T10:42:44.531+0000] {dag.py:3834} INFO - Setting next_dagrun for dataset_produces_1 to 2024-03-18 00:00:00+00:00, run_after=2024-03-19 00:00:00+00:00
[2024-03-19T10:42:44.532+0000] {logging_mixin.py:188} INFO - [2024-03-19T10:42:44.532+0000] {dag.py:3834} INFO - Setting next_dagrun for dataset_produces_2 to None, run_after=None
[2024-03-19T10:42:44.553+0000] {processor.py:183} INFO - Processing /home/airflow/.local/lib/python3.8/site-packages/airflow/example_dags/example_datasets.py took 0.087 seconds
[2024-03-19T10:43:14.949+0000] {processor.py:161} INFO - Started process (PID=356) to work on /home/airflow/.local/lib/python3.8/site-packages/airflow/example_dags/example_datasets.py
[2024-03-19T10:43:14.951+0000] {processor.py:830} INFO - Processing file /home/airflow/.local/lib/python3.8/site-packages/airflow/example_dags/example_datasets.py for tasks to queue
[2024-03-19T10:43:14.953+0000] {logging_mixin.py:188} INFO - [2024-03-19T10:43:14.953+0000] {dagbag.py:540} INFO - Filling up the DagBag from /home/airflow/.local/lib/python3.8/site-packages/airflow/example_dags/example_datasets.py
[2024-03-19T10:43:14.963+0000] {processor.py:840} INFO - DAG(s) 'dataset_consumes_1_never_scheduled', 'dataset_consumes_1', 'dataset_produces_2', 'dataset_produces_1', 'dataset_consumes_1_and_2', 'dataset_consumes_unknown_never_scheduled' retrieved from /home/airflow/.local/lib/python3.8/site-packages/airflow/example_dags/example_datasets.py
[2024-03-19T10:43:14.998+0000] {logging_mixin.py:188} INFO - [2024-03-19T10:43:14.998+0000] {dag.py:3047} INFO - Sync 6 DAGs
[2024-03-19T10:43:15.018+0000] {logging_mixin.py:188} INFO - [2024-03-19T10:43:15.018+0000] {dag.py:3834} INFO - Setting next_dagrun for dataset_consumes_1 to None, run_after=None
[2024-03-19T10:43:15.021+0000] {logging_mixin.py:188} INFO - [2024-03-19T10:43:15.021+0000] {dag.py:3834} INFO - Setting next_dagrun for dataset_consumes_1_and_2 to None, run_after=None
[2024-03-19T10:43:15.022+0000] {logging_mixin.py:188} INFO - [2024-03-19T10:43:15.022+0000] {dag.py:3834} INFO - Setting next_dagrun for dataset_consumes_1_never_scheduled to None, run_after=None
[2024-03-19T10:43:15.023+0000] {logging_mixin.py:188} INFO - [2024-03-19T10:43:15.023+0000] {dag.py:3834} INFO - Setting next_dagrun for dataset_consumes_unknown_never_scheduled to None, run_after=None
[2024-03-19T10:43:15.025+0000] {logging_mixin.py:188} INFO - [2024-03-19T10:43:15.025+0000] {dag.py:3834} INFO - Setting next_dagrun for dataset_produces_1 to 2024-03-18 00:00:00+00:00, run_after=2024-03-19 00:00:00+00:00
[2024-03-19T10:43:15.026+0000] {logging_mixin.py:188} INFO - [2024-03-19T10:43:15.026+0000] {dag.py:3834} INFO - Setting next_dagrun for dataset_produces_2 to None, run_after=None
[2024-03-19T10:43:15.046+0000] {processor.py:183} INFO - Processing /home/airflow/.local/lib/python3.8/site-packages/airflow/example_dags/example_datasets.py took 0.101 seconds
[2024-03-19T10:43:45.418+0000] {processor.py:161} INFO - Started process (PID=412) to work on /home/airflow/.local/lib/python3.8/site-packages/airflow/example_dags/example_datasets.py
[2024-03-19T10:43:45.419+0000] {processor.py:830} INFO - Processing file /home/airflow/.local/lib/python3.8/site-packages/airflow/example_dags/example_datasets.py for tasks to queue
[2024-03-19T10:43:45.421+0000] {logging_mixin.py:188} INFO - [2024-03-19T10:43:45.421+0000] {dagbag.py:540} INFO - Filling up the DagBag from /home/airflow/.local/lib/python3.8/site-packages/airflow/example_dags/example_datasets.py
[2024-03-19T10:43:45.432+0000] {processor.py:840} INFO - DAG(s) 'dataset_consumes_1_never_scheduled', 'dataset_consumes_1', 'dataset_produces_2', 'dataset_consumes_1_and_2', 'dataset_produces_1', 'dataset_consumes_unknown_never_scheduled' retrieved from /home/airflow/.local/lib/python3.8/site-packages/airflow/example_dags/example_datasets.py
[2024-03-19T10:43:45.461+0000] {logging_mixin.py:188} INFO - [2024-03-19T10:43:45.461+0000] {dag.py:3047} INFO - Sync 6 DAGs
[2024-03-19T10:43:45.479+0000] {logging_mixin.py:188} INFO - [2024-03-19T10:43:45.479+0000] {dag.py:3834} INFO - Setting next_dagrun for dataset_consumes_1 to None, run_after=None
[2024-03-19T10:43:45.481+0000] {logging_mixin.py:188} INFO - [2024-03-19T10:43:45.481+0000] {dag.py:3834} INFO - Setting next_dagrun for dataset_consumes_1_and_2 to None, run_after=None
[2024-03-19T10:43:45.482+0000] {logging_mixin.py:188} INFO - [2024-03-19T10:43:45.482+0000] {dag.py:3834} INFO - Setting next_dagrun for dataset_consumes_1_never_scheduled to None, run_after=None
[2024-03-19T10:43:45.483+0000] {logging_mixin.py:188} INFO - [2024-03-19T10:43:45.483+0000] {dag.py:3834} INFO - Setting next_dagrun for dataset_consumes_unknown_never_scheduled to None, run_after=None
[2024-03-19T10:43:45.485+0000] {logging_mixin.py:188} INFO - [2024-03-19T10:43:45.485+0000] {dag.py:3834} INFO - Setting next_dagrun for dataset_produces_1 to 2024-03-18 00:00:00+00:00, run_after=2024-03-19 00:00:00+00:00
[2024-03-19T10:43:45.486+0000] {logging_mixin.py:188} INFO - [2024-03-19T10:43:45.486+0000] {dag.py:3834} INFO - Setting next_dagrun for dataset_produces_2 to None, run_after=None
[2024-03-19T10:43:45.507+0000] {processor.py:183} INFO - Processing /home/airflow/.local/lib/python3.8/site-packages/airflow/example_dags/example_datasets.py took 0.093 seconds
[2024-03-19T10:44:15.792+0000] {processor.py:161} INFO - Started process (PID=468) to work on /home/airflow/.local/lib/python3.8/site-packages/airflow/example_dags/example_datasets.py
[2024-03-19T10:44:15.793+0000] {processor.py:830} INFO - Processing file /home/airflow/.local/lib/python3.8/site-packages/airflow/example_dags/example_datasets.py for tasks to queue
[2024-03-19T10:44:15.794+0000] {logging_mixin.py:188} INFO - [2024-03-19T10:44:15.794+0000] {dagbag.py:540} INFO - Filling up the DagBag from /home/airflow/.local/lib/python3.8/site-packages/airflow/example_dags/example_datasets.py
[2024-03-19T10:44:15.802+0000] {processor.py:840} INFO - DAG(s) 'dataset_produces_1', 'dataset_consumes_1', 'dataset_consumes_unknown_never_scheduled', 'dataset_consumes_1_never_scheduled', 'dataset_consumes_1_and_2', 'dataset_produces_2' retrieved from /home/airflow/.local/lib/python3.8/site-packages/airflow/example_dags/example_datasets.py
[2024-03-19T10:44:15.828+0000] {logging_mixin.py:188} INFO - [2024-03-19T10:44:15.828+0000] {dag.py:3047} INFO - Sync 6 DAGs
[2024-03-19T10:44:15.846+0000] {logging_mixin.py:188} INFO - [2024-03-19T10:44:15.846+0000] {dag.py:3834} INFO - Setting next_dagrun for dataset_consumes_1 to None, run_after=None
[2024-03-19T10:44:15.849+0000] {logging_mixin.py:188} INFO - [2024-03-19T10:44:15.849+0000] {dag.py:3834} INFO - Setting next_dagrun for dataset_consumes_1_and_2 to None, run_after=None
[2024-03-19T10:44:15.850+0000] {logging_mixin.py:188} INFO - [2024-03-19T10:44:15.850+0000] {dag.py:3834} INFO - Setting next_dagrun for dataset_consumes_1_never_scheduled to None, run_after=None
[2024-03-19T10:44:15.851+0000] {logging_mixin.py:188} INFO - [2024-03-19T10:44:15.851+0000] {dag.py:3834} INFO - Setting next_dagrun for dataset_consumes_unknown_never_scheduled to None, run_after=None
[2024-03-19T10:44:15.857+0000] {logging_mixin.py:188} INFO - [2024-03-19T10:44:15.857+0000] {dag.py:3834} INFO - Setting next_dagrun for dataset_produces_1 to 2024-03-18 00:00:00+00:00, run_after=2024-03-19 00:00:00+00:00
[2024-03-19T10:44:15.859+0000] {logging_mixin.py:188} INFO - [2024-03-19T10:44:15.859+0000] {dag.py:3834} INFO - Setting next_dagrun for dataset_produces_2 to None, run_after=None
[2024-03-19T10:44:15.881+0000] {processor.py:183} INFO - Processing /home/airflow/.local/lib/python3.8/site-packages/airflow/example_dags/example_datasets.py took 0.093 seconds
[2024-03-19T10:44:46.577+0000] {processor.py:161} INFO - Started process (PID=524) to work on /home/airflow/.local/lib/python3.8/site-packages/airflow/example_dags/example_datasets.py
[2024-03-19T10:44:46.578+0000] {processor.py:830} INFO - Processing file /home/airflow/.local/lib/python3.8/site-packages/airflow/example_dags/example_datasets.py for tasks to queue
[2024-03-19T10:44:46.580+0000] {logging_mixin.py:188} INFO - [2024-03-19T10:44:46.580+0000] {dagbag.py:540} INFO - Filling up the DagBag from /home/airflow/.local/lib/python3.8/site-packages/airflow/example_dags/example_datasets.py
[2024-03-19T10:44:46.589+0000] {processor.py:840} INFO - DAG(s) 'dataset_consumes_1', 'dataset_consumes_1_never_scheduled', 'dataset_produces_1', 'dataset_consumes_unknown_never_scheduled', 'dataset_consumes_1_and_2', 'dataset_produces_2' retrieved from /home/airflow/.local/lib/python3.8/site-packages/airflow/example_dags/example_datasets.py
[2024-03-19T10:44:46.615+0000] {logging_mixin.py:188} INFO - [2024-03-19T10:44:46.615+0000] {dag.py:3047} INFO - Sync 6 DAGs
[2024-03-19T10:44:46.641+0000] {logging_mixin.py:188} INFO - [2024-03-19T10:44:46.641+0000] {dag.py:3834} INFO - Setting next_dagrun for dataset_consumes_1 to None, run_after=None
[2024-03-19T10:44:46.644+0000] {logging_mixin.py:188} INFO - [2024-03-19T10:44:46.644+0000] {dag.py:3834} INFO - Setting next_dagrun for dataset_consumes_1_and_2 to None, run_after=None
[2024-03-19T10:44:46.645+0000] {logging_mixin.py:188} INFO - [2024-03-19T10:44:46.645+0000] {dag.py:3834} INFO - Setting next_dagrun for dataset_consumes_1_never_scheduled to None, run_after=None
[2024-03-19T10:44:46.646+0000] {logging_mixin.py:188} INFO - [2024-03-19T10:44:46.646+0000] {dag.py:3834} INFO - Setting next_dagrun for dataset_consumes_unknown_never_scheduled to None, run_after=None
[2024-03-19T10:44:46.649+0000] {logging_mixin.py:188} INFO - [2024-03-19T10:44:46.648+0000] {dag.py:3834} INFO - Setting next_dagrun for dataset_produces_1 to 2024-03-18 00:00:00+00:00, run_after=2024-03-19 00:00:00+00:00
[2024-03-19T10:44:46.649+0000] {logging_mixin.py:188} INFO - [2024-03-19T10:44:46.649+0000] {dag.py:3834} INFO - Setting next_dagrun for dataset_produces_2 to None, run_after=None
[2024-03-19T10:44:46.671+0000] {processor.py:183} INFO - Processing /home/airflow/.local/lib/python3.8/site-packages/airflow/example_dags/example_datasets.py took 0.097 seconds
[2024-03-19T10:45:17.383+0000] {processor.py:161} INFO - Started process (PID=580) to work on /home/airflow/.local/lib/python3.8/site-packages/airflow/example_dags/example_datasets.py
[2024-03-19T10:45:17.384+0000] {processor.py:830} INFO - Processing file /home/airflow/.local/lib/python3.8/site-packages/airflow/example_dags/example_datasets.py for tasks to queue
[2024-03-19T10:45:17.385+0000] {logging_mixin.py:188} INFO - [2024-03-19T10:45:17.385+0000] {dagbag.py:540} INFO - Filling up the DagBag from /home/airflow/.local/lib/python3.8/site-packages/airflow/example_dags/example_datasets.py
[2024-03-19T10:45:17.394+0000] {processor.py:840} INFO - DAG(s) 'dataset_produces_1', 'dataset_consumes_1', 'dataset_produces_2', 'dataset_consumes_1_never_scheduled', 'dataset_consumes_unknown_never_scheduled', 'dataset_consumes_1_and_2' retrieved from /home/airflow/.local/lib/python3.8/site-packages/airflow/example_dags/example_datasets.py
[2024-03-19T10:45:17.421+0000] {logging_mixin.py:188} INFO - [2024-03-19T10:45:17.421+0000] {dag.py:3047} INFO - Sync 6 DAGs
[2024-03-19T10:45:17.438+0000] {logging_mixin.py:188} INFO - [2024-03-19T10:45:17.438+0000] {dag.py:3834} INFO - Setting next_dagrun for dataset_consumes_1 to None, run_after=None
[2024-03-19T10:45:17.441+0000] {logging_mixin.py:188} INFO - [2024-03-19T10:45:17.441+0000] {dag.py:3834} INFO - Setting next_dagrun for dataset_consumes_1_and_2 to None, run_after=None
[2024-03-19T10:45:17.442+0000] {logging_mixin.py:188} INFO - [2024-03-19T10:45:17.442+0000] {dag.py:3834} INFO - Setting next_dagrun for dataset_consumes_1_never_scheduled to None, run_after=None
[2024-03-19T10:45:17.443+0000] {logging_mixin.py:188} INFO - [2024-03-19T10:45:17.443+0000] {dag.py:3834} INFO - Setting next_dagrun for dataset_consumes_unknown_never_scheduled to None, run_after=None
[2024-03-19T10:45:17.445+0000] {logging_mixin.py:188} INFO - [2024-03-19T10:45:17.445+0000] {dag.py:3834} INFO - Setting next_dagrun for dataset_produces_1 to 2024-03-18 00:00:00+00:00, run_after=2024-03-19 00:00:00+00:00
[2024-03-19T10:45:17.446+0000] {logging_mixin.py:188} INFO - [2024-03-19T10:45:17.446+0000] {dag.py:3834} INFO - Setting next_dagrun for dataset_produces_2 to None, run_after=None
[2024-03-19T10:45:17.466+0000] {processor.py:183} INFO - Processing /home/airflow/.local/lib/python3.8/site-packages/airflow/example_dags/example_datasets.py took 0.086 seconds
[2024-03-19T10:45:48.193+0000] {processor.py:161} INFO - Started process (PID=636) to work on /home/airflow/.local/lib/python3.8/site-packages/airflow/example_dags/example_datasets.py
[2024-03-19T10:45:48.194+0000] {processor.py:830} INFO - Processing file /home/airflow/.local/lib/python3.8/site-packages/airflow/example_dags/example_datasets.py for tasks to queue
[2024-03-19T10:45:48.196+0000] {logging_mixin.py:188} INFO - [2024-03-19T10:45:48.196+0000] {dagbag.py:540} INFO - Filling up the DagBag from /home/airflow/.local/lib/python3.8/site-packages/airflow/example_dags/example_datasets.py
[2024-03-19T10:45:48.204+0000] {processor.py:840} INFO - DAG(s) 'dataset_produces_2', 'dataset_consumes_1', 'dataset_consumes_1_and_2', 'dataset_produces_1', 'dataset_consumes_unknown_never_scheduled', 'dataset_consumes_1_never_scheduled' retrieved from /home/airflow/.local/lib/python3.8/site-packages/airflow/example_dags/example_datasets.py
[2024-03-19T10:45:48.230+0000] {logging_mixin.py:188} INFO - [2024-03-19T10:45:48.229+0000] {dag.py:3047} INFO - Sync 6 DAGs
[2024-03-19T10:45:48.247+0000] {logging_mixin.py:188} INFO - [2024-03-19T10:45:48.246+0000] {dag.py:3834} INFO - Setting next_dagrun for dataset_consumes_1 to None, run_after=None
[2024-03-19T10:45:48.249+0000] {logging_mixin.py:188} INFO - [2024-03-19T10:45:48.249+0000] {dag.py:3834} INFO - Setting next_dagrun for dataset_consumes_1_and_2 to None, run_after=None
[2024-03-19T10:45:48.250+0000] {logging_mixin.py:188} INFO - [2024-03-19T10:45:48.250+0000] {dag.py:3834} INFO - Setting next_dagrun for dataset_consumes_1_never_scheduled to None, run_after=None
[2024-03-19T10:45:48.251+0000] {logging_mixin.py:188} INFO - [2024-03-19T10:45:48.251+0000] {dag.py:3834} INFO - Setting next_dagrun for dataset_consumes_unknown_never_scheduled to None, run_after=None
[2024-03-19T10:45:48.253+0000] {logging_mixin.py:188} INFO - [2024-03-19T10:45:48.253+0000] {dag.py:3834} INFO - Setting next_dagrun for dataset_produces_1 to 2024-03-18 00:00:00+00:00, run_after=2024-03-19 00:00:00+00:00
[2024-03-19T10:45:48.254+0000] {logging_mixin.py:188} INFO - [2024-03-19T10:45:48.254+0000] {dag.py:3834} INFO - Setting next_dagrun for dataset_produces_2 to None, run_after=None
[2024-03-19T10:45:48.274+0000] {processor.py:183} INFO - Processing /home/airflow/.local/lib/python3.8/site-packages/airflow/example_dags/example_datasets.py took 0.085 seconds
[2024-03-19T10:46:18.930+0000] {processor.py:161} INFO - Started process (PID=692) to work on /home/airflow/.local/lib/python3.8/site-packages/airflow/example_dags/example_datasets.py
[2024-03-19T10:46:18.932+0000] {processor.py:830} INFO - Processing file /home/airflow/.local/lib/python3.8/site-packages/airflow/example_dags/example_datasets.py for tasks to queue
[2024-03-19T10:46:18.933+0000] {logging_mixin.py:188} INFO - [2024-03-19T10:46:18.933+0000] {dagbag.py:540} INFO - Filling up the DagBag from /home/airflow/.local/lib/python3.8/site-packages/airflow/example_dags/example_datasets.py
[2024-03-19T10:46:18.942+0000] {processor.py:840} INFO - DAG(s) 'dataset_consumes_1_and_2', 'dataset_produces_2', 'dataset_consumes_unknown_never_scheduled', 'dataset_consumes_1', 'dataset_consumes_1_never_scheduled', 'dataset_produces_1' retrieved from /home/airflow/.local/lib/python3.8/site-packages/airflow/example_dags/example_datasets.py
[2024-03-19T10:46:18.967+0000] {logging_mixin.py:188} INFO - [2024-03-19T10:46:18.967+0000] {dag.py:3047} INFO - Sync 6 DAGs
[2024-03-19T10:46:18.983+0000] {logging_mixin.py:188} INFO - [2024-03-19T10:46:18.983+0000] {dag.py:3834} INFO - Setting next_dagrun for dataset_consumes_1 to None, run_after=None
[2024-03-19T10:46:18.986+0000] {logging_mixin.py:188} INFO - [2024-03-19T10:46:18.986+0000] {dag.py:3834} INFO - Setting next_dagrun for dataset_consumes_1_and_2 to None, run_after=None
[2024-03-19T10:46:18.988+0000] {logging_mixin.py:188} INFO - [2024-03-19T10:46:18.987+0000] {dag.py:3834} INFO - Setting next_dagrun for dataset_consumes_1_never_scheduled to None, run_after=None
[2024-03-19T10:46:18.988+0000] {logging_mixin.py:188} INFO - [2024-03-19T10:46:18.988+0000] {dag.py:3834} INFO - Setting next_dagrun for dataset_consumes_unknown_never_scheduled to None, run_after=None
[2024-03-19T10:46:18.991+0000] {logging_mixin.py:188} INFO - [2024-03-19T10:46:18.990+0000] {dag.py:3834} INFO - Setting next_dagrun for dataset_produces_1 to 2024-03-18 00:00:00+00:00, run_after=2024-03-19 00:00:00+00:00
[2024-03-19T10:46:18.991+0000] {logging_mixin.py:188} INFO - [2024-03-19T10:46:18.991+0000] {dag.py:3834} INFO - Setting next_dagrun for dataset_produces_2 to None, run_after=None
[2024-03-19T10:46:19.011+0000] {processor.py:183} INFO - Processing /home/airflow/.local/lib/python3.8/site-packages/airflow/example_dags/example_datasets.py took 0.085 seconds
[2024-03-19T10:46:49.723+0000] {processor.py:161} INFO - Started process (PID=748) to work on /home/airflow/.local/lib/python3.8/site-packages/airflow/example_dags/example_datasets.py
[2024-03-19T10:46:49.724+0000] {processor.py:830} INFO - Processing file /home/airflow/.local/lib/python3.8/site-packages/airflow/example_dags/example_datasets.py for tasks to queue
[2024-03-19T10:46:49.726+0000] {logging_mixin.py:188} INFO - [2024-03-19T10:46:49.726+0000] {dagbag.py:540} INFO - Filling up the DagBag from /home/airflow/.local/lib/python3.8/site-packages/airflow/example_dags/example_datasets.py
[2024-03-19T10:46:49.734+0000] {processor.py:840} INFO - DAG(s) 'dataset_produces_2', 'dataset_consumes_1', 'dataset_produces_1', 'dataset_consumes_unknown_never_scheduled', 'dataset_consumes_1_never_scheduled', 'dataset_consumes_1_and_2' retrieved from /home/airflow/.local/lib/python3.8/site-packages/airflow/example_dags/example_datasets.py
[2024-03-19T10:46:49.776+0000] {logging_mixin.py:188} INFO - [2024-03-19T10:46:49.776+0000] {dag.py:3047} INFO - Sync 6 DAGs
[2024-03-19T10:46:49.810+0000] {logging_mixin.py:188} INFO - [2024-03-19T10:46:49.810+0000] {dag.py:3834} INFO - Setting next_dagrun for dataset_consumes_1 to None, run_after=None
[2024-03-19T10:46:49.814+0000] {logging_mixin.py:188} INFO - [2024-03-19T10:46:49.813+0000] {dag.py:3834} INFO - Setting next_dagrun for dataset_consumes_1_and_2 to None, run_after=None
[2024-03-19T10:46:49.815+0000] {logging_mixin.py:188} INFO - [2024-03-19T10:46:49.815+0000] {dag.py:3834} INFO - Setting next_dagrun for dataset_consumes_1_never_scheduled to None, run_after=None
[2024-03-19T10:46:49.816+0000] {logging_mixin.py:188} INFO - [2024-03-19T10:46:49.816+0000] {dag.py:3834} INFO - Setting next_dagrun for dataset_consumes_unknown_never_scheduled to None, run_after=None
[2024-03-19T10:46:49.818+0000] {logging_mixin.py:188} INFO - [2024-03-19T10:46:49.818+0000] {dag.py:3834} INFO - Setting next_dagrun for dataset_produces_1 to 2024-03-18 00:00:00+00:00, run_after=2024-03-19 00:00:00+00:00
[2024-03-19T10:46:49.819+0000] {logging_mixin.py:188} INFO - [2024-03-19T10:46:49.819+0000] {dag.py:3834} INFO - Setting next_dagrun for dataset_produces_2 to None, run_after=None
[2024-03-19T10:46:49.845+0000] {processor.py:183} INFO - Processing /home/airflow/.local/lib/python3.8/site-packages/airflow/example_dags/example_datasets.py took 0.124 seconds
[2024-03-19T10:47:20.256+0000] {processor.py:161} INFO - Started process (PID=804) to work on /home/airflow/.local/lib/python3.8/site-packages/airflow/example_dags/example_datasets.py
[2024-03-19T10:47:20.258+0000] {processor.py:830} INFO - Processing file /home/airflow/.local/lib/python3.8/site-packages/airflow/example_dags/example_datasets.py for tasks to queue
[2024-03-19T10:47:20.259+0000] {logging_mixin.py:188} INFO - [2024-03-19T10:47:20.259+0000] {dagbag.py:540} INFO - Filling up the DagBag from /home/airflow/.local/lib/python3.8/site-packages/airflow/example_dags/example_datasets.py
[2024-03-19T10:47:20.267+0000] {processor.py:840} INFO - DAG(s) 'dataset_consumes_1_and_2', 'dataset_consumes_1', 'dataset_produces_2', 'dataset_consumes_1_never_scheduled', 'dataset_produces_1', 'dataset_consumes_unknown_never_scheduled' retrieved from /home/airflow/.local/lib/python3.8/site-packages/airflow/example_dags/example_datasets.py
[2024-03-19T10:47:20.293+0000] {logging_mixin.py:188} INFO - [2024-03-19T10:47:20.293+0000] {dag.py:3047} INFO - Sync 6 DAGs
[2024-03-19T10:47:20.310+0000] {logging_mixin.py:188} INFO - [2024-03-19T10:47:20.309+0000] {dag.py:3834} INFO - Setting next_dagrun for dataset_consumes_1 to None, run_after=None
[2024-03-19T10:47:20.312+0000] {logging_mixin.py:188} INFO - [2024-03-19T10:47:20.312+0000] {dag.py:3834} INFO - Setting next_dagrun for dataset_consumes_1_and_2 to None, run_after=None
[2024-03-19T10:47:20.313+0000] {logging_mixin.py:188} INFO - [2024-03-19T10:47:20.313+0000] {dag.py:3834} INFO - Setting next_dagrun for dataset_consumes_1_never_scheduled to None, run_after=None
[2024-03-19T10:47:20.314+0000] {logging_mixin.py:188} INFO - [2024-03-19T10:47:20.314+0000] {dag.py:3834} INFO - Setting next_dagrun for dataset_consumes_unknown_never_scheduled to None, run_after=None
[2024-03-19T10:47:20.316+0000] {logging_mixin.py:188} INFO - [2024-03-19T10:47:20.316+0000] {dag.py:3834} INFO - Setting next_dagrun for dataset_produces_1 to 2024-03-18 00:00:00+00:00, run_after=2024-03-19 00:00:00+00:00
[2024-03-19T10:47:20.317+0000] {logging_mixin.py:188} INFO - [2024-03-19T10:47:20.317+0000] {dag.py:3834} INFO - Setting next_dagrun for dataset_produces_2 to None, run_after=None
[2024-03-19T10:47:20.336+0000] {processor.py:183} INFO - Processing /home/airflow/.local/lib/python3.8/site-packages/airflow/example_dags/example_datasets.py took 0.083 seconds
[2024-03-19T10:47:51.374+0000] {processor.py:161} INFO - Started process (PID=860) to work on /home/airflow/.local/lib/python3.8/site-packages/airflow/example_dags/example_datasets.py
[2024-03-19T10:47:51.376+0000] {processor.py:830} INFO - Processing file /home/airflow/.local/lib/python3.8/site-packages/airflow/example_dags/example_datasets.py for tasks to queue
[2024-03-19T10:47:51.378+0000] {logging_mixin.py:188} INFO - [2024-03-19T10:47:51.377+0000] {dagbag.py:540} INFO - Filling up the DagBag from /home/airflow/.local/lib/python3.8/site-packages/airflow/example_dags/example_datasets.py
[2024-03-19T10:47:51.391+0000] {processor.py:840} INFO - DAG(s) 'dataset_produces_2', 'dataset_consumes_unknown_never_scheduled', 'dataset_produces_1', 'dataset_consumes_1', 'dataset_consumes_1_never_scheduled', 'dataset_consumes_1_and_2' retrieved from /home/airflow/.local/lib/python3.8/site-packages/airflow/example_dags/example_datasets.py
[2024-03-19T10:47:51.422+0000] {logging_mixin.py:188} INFO - [2024-03-19T10:47:51.422+0000] {dag.py:3047} INFO - Sync 6 DAGs
[2024-03-19T10:47:51.441+0000] {logging_mixin.py:188} INFO - [2024-03-19T10:47:51.441+0000] {dag.py:3834} INFO - Setting next_dagrun for dataset_consumes_1 to None, run_after=None
[2024-03-19T10:47:51.444+0000] {logging_mixin.py:188} INFO - [2024-03-19T10:47:51.443+0000] {dag.py:3834} INFO - Setting next_dagrun for dataset_consumes_1_and_2 to None, run_after=None
[2024-03-19T10:47:51.445+0000] {logging_mixin.py:188} INFO - [2024-03-19T10:47:51.445+0000] {dag.py:3834} INFO - Setting next_dagrun for dataset_consumes_1_never_scheduled to None, run_after=None
[2024-03-19T10:47:51.446+0000] {logging_mixin.py:188} INFO - [2024-03-19T10:47:51.446+0000] {dag.py:3834} INFO - Setting next_dagrun for dataset_consumes_unknown_never_scheduled to None, run_after=None
[2024-03-19T10:47:51.448+0000] {logging_mixin.py:188} INFO - [2024-03-19T10:47:51.448+0000] {dag.py:3834} INFO - Setting next_dagrun for dataset_produces_1 to 2024-03-18 00:00:00+00:00, run_after=2024-03-19 00:00:00+00:00
[2024-03-19T10:47:51.450+0000] {logging_mixin.py:188} INFO - [2024-03-19T10:47:51.450+0000] {dag.py:3834} INFO - Setting next_dagrun for dataset_produces_2 to None, run_after=None
[2024-03-19T10:47:51.494+0000] {processor.py:183} INFO - Processing /home/airflow/.local/lib/python3.8/site-packages/airflow/example_dags/example_datasets.py took 0.123 seconds
[2024-03-19T10:48:21.696+0000] {processor.py:161} INFO - Started process (PID=916) to work on /home/airflow/.local/lib/python3.8/site-packages/airflow/example_dags/example_datasets.py
[2024-03-19T10:48:21.697+0000] {processor.py:830} INFO - Processing file /home/airflow/.local/lib/python3.8/site-packages/airflow/example_dags/example_datasets.py for tasks to queue
[2024-03-19T10:48:21.699+0000] {logging_mixin.py:188} INFO - [2024-03-19T10:48:21.698+0000] {dagbag.py:540} INFO - Filling up the DagBag from /home/airflow/.local/lib/python3.8/site-packages/airflow/example_dags/example_datasets.py
[2024-03-19T10:48:21.708+0000] {processor.py:840} INFO - DAG(s) 'dataset_consumes_1', 'dataset_consumes_unknown_never_scheduled', 'dataset_produces_2', 'dataset_consumes_1_and_2', 'dataset_produces_1', 'dataset_consumes_1_never_scheduled' retrieved from /home/airflow/.local/lib/python3.8/site-packages/airflow/example_dags/example_datasets.py
[2024-03-19T10:48:21.744+0000] {logging_mixin.py:188} INFO - [2024-03-19T10:48:21.744+0000] {dag.py:3047} INFO - Sync 6 DAGs
[2024-03-19T10:48:21.774+0000] {logging_mixin.py:188} INFO - [2024-03-19T10:48:21.774+0000] {dag.py:3834} INFO - Setting next_dagrun for dataset_consumes_1 to None, run_after=None
[2024-03-19T10:48:21.780+0000] {logging_mixin.py:188} INFO - [2024-03-19T10:48:21.780+0000] {dag.py:3834} INFO - Setting next_dagrun for dataset_consumes_1_and_2 to None, run_after=None
[2024-03-19T10:48:21.782+0000] {logging_mixin.py:188} INFO - [2024-03-19T10:48:21.782+0000] {dag.py:3834} INFO - Setting next_dagrun for dataset_consumes_1_never_scheduled to None, run_after=None
[2024-03-19T10:48:21.783+0000] {logging_mixin.py:188} INFO - [2024-03-19T10:48:21.783+0000] {dag.py:3834} INFO - Setting next_dagrun for dataset_consumes_unknown_never_scheduled to None, run_after=None
[2024-03-19T10:48:21.786+0000] {logging_mixin.py:188} INFO - [2024-03-19T10:48:21.785+0000] {dag.py:3834} INFO - Setting next_dagrun for dataset_produces_1 to 2024-03-18 00:00:00+00:00, run_after=2024-03-19 00:00:00+00:00
[2024-03-19T10:48:21.787+0000] {logging_mixin.py:188} INFO - [2024-03-19T10:48:21.786+0000] {dag.py:3834} INFO - Setting next_dagrun for dataset_produces_2 to None, run_after=None
[2024-03-19T10:48:21.811+0000] {processor.py:183} INFO - Processing /home/airflow/.local/lib/python3.8/site-packages/airflow/example_dags/example_datasets.py took 0.118 seconds
[2024-03-19T10:48:52.000+0000] {processor.py:161} INFO - Started process (PID=972) to work on /home/airflow/.local/lib/python3.8/site-packages/airflow/example_dags/example_datasets.py
[2024-03-19T10:48:52.002+0000] {processor.py:830} INFO - Processing file /home/airflow/.local/lib/python3.8/site-packages/airflow/example_dags/example_datasets.py for tasks to queue
[2024-03-19T10:48:52.005+0000] {logging_mixin.py:188} INFO - [2024-03-19T10:48:52.004+0000] {dagbag.py:540} INFO - Filling up the DagBag from /home/airflow/.local/lib/python3.8/site-packages/airflow/example_dags/example_datasets.py
[2024-03-19T10:48:52.017+0000] {processor.py:840} INFO - DAG(s) 'dataset_consumes_1_and_2', 'dataset_consumes_1', 'dataset_consumes_1_never_scheduled', 'dataset_produces_2', 'dataset_consumes_unknown_never_scheduled', 'dataset_produces_1' retrieved from /home/airflow/.local/lib/python3.8/site-packages/airflow/example_dags/example_datasets.py
[2024-03-19T10:48:52.069+0000] {logging_mixin.py:188} INFO - [2024-03-19T10:48:52.068+0000] {dag.py:3047} INFO - Sync 6 DAGs
[2024-03-19T10:48:52.102+0000] {logging_mixin.py:188} INFO - [2024-03-19T10:48:52.102+0000] {dag.py:3834} INFO - Setting next_dagrun for dataset_consumes_1 to None, run_after=None
[2024-03-19T10:48:52.106+0000] {logging_mixin.py:188} INFO - [2024-03-19T10:48:52.106+0000] {dag.py:3834} INFO - Setting next_dagrun for dataset_consumes_1_and_2 to None, run_after=None
[2024-03-19T10:48:52.108+0000] {logging_mixin.py:188} INFO - [2024-03-19T10:48:52.108+0000] {dag.py:3834} INFO - Setting next_dagrun for dataset_consumes_1_never_scheduled to None, run_after=None
[2024-03-19T10:48:52.110+0000] {logging_mixin.py:188} INFO - [2024-03-19T10:48:52.109+0000] {dag.py:3834} INFO - Setting next_dagrun for dataset_consumes_unknown_never_scheduled to None, run_after=None
[2024-03-19T10:48:52.114+0000] {logging_mixin.py:188} INFO - [2024-03-19T10:48:52.114+0000] {dag.py:3834} INFO - Setting next_dagrun for dataset_produces_1 to 2024-03-18 00:00:00+00:00, run_after=2024-03-19 00:00:00+00:00
[2024-03-19T10:48:52.118+0000] {logging_mixin.py:188} INFO - [2024-03-19T10:48:52.117+0000] {dag.py:3834} INFO - Setting next_dagrun for dataset_produces_2 to None, run_after=None
[2024-03-19T10:48:52.317+0000] {processor.py:183} INFO - Processing /home/airflow/.local/lib/python3.8/site-packages/airflow/example_dags/example_datasets.py took 0.324 seconds
[2024-03-19T10:49:22.396+0000] {processor.py:161} INFO - Started process (PID=1034) to work on /home/airflow/.local/lib/python3.8/site-packages/airflow/example_dags/example_datasets.py
[2024-03-19T10:49:22.397+0000] {processor.py:830} INFO - Processing file /home/airflow/.local/lib/python3.8/site-packages/airflow/example_dags/example_datasets.py for tasks to queue
[2024-03-19T10:49:22.399+0000] {logging_mixin.py:188} INFO - [2024-03-19T10:49:22.399+0000] {dagbag.py:540} INFO - Filling up the DagBag from /home/airflow/.local/lib/python3.8/site-packages/airflow/example_dags/example_datasets.py
[2024-03-19T10:49:22.409+0000] {processor.py:840} INFO - DAG(s) 'dataset_produces_1', 'dataset_consumes_1_and_2', 'dataset_consumes_unknown_never_scheduled', 'dataset_consumes_1', 'dataset_produces_2', 'dataset_consumes_1_never_scheduled' retrieved from /home/airflow/.local/lib/python3.8/site-packages/airflow/example_dags/example_datasets.py
[2024-03-19T10:49:22.482+0000] {logging_mixin.py:188} INFO - [2024-03-19T10:49:22.482+0000] {dag.py:3047} INFO - Sync 6 DAGs
[2024-03-19T10:49:22.513+0000] {logging_mixin.py:188} INFO - [2024-03-19T10:49:22.513+0000] {dag.py:3834} INFO - Setting next_dagrun for dataset_consumes_1 to None, run_after=None
[2024-03-19T10:49:22.517+0000] {logging_mixin.py:188} INFO - [2024-03-19T10:49:22.517+0000] {dag.py:3834} INFO - Setting next_dagrun for dataset_consumes_1_and_2 to None, run_after=None
[2024-03-19T10:49:22.518+0000] {logging_mixin.py:188} INFO - [2024-03-19T10:49:22.518+0000] {dag.py:3834} INFO - Setting next_dagrun for dataset_consumes_1_never_scheduled to None, run_after=None
[2024-03-19T10:49:22.519+0000] {logging_mixin.py:188} INFO - [2024-03-19T10:49:22.518+0000] {dag.py:3834} INFO - Setting next_dagrun for dataset_consumes_unknown_never_scheduled to None, run_after=None
[2024-03-19T10:49:22.521+0000] {logging_mixin.py:188} INFO - [2024-03-19T10:49:22.521+0000] {dag.py:3834} INFO - Setting next_dagrun for dataset_produces_1 to 2024-03-18 00:00:00+00:00, run_after=2024-03-19 00:00:00+00:00
[2024-03-19T10:49:22.522+0000] {logging_mixin.py:188} INFO - [2024-03-19T10:49:22.522+0000] {dag.py:3834} INFO - Setting next_dagrun for dataset_produces_2 to None, run_after=None
[2024-03-19T10:49:22.547+0000] {processor.py:183} INFO - Processing /home/airflow/.local/lib/python3.8/site-packages/airflow/example_dags/example_datasets.py took 0.155 seconds
