[2024-03-19T10:40:36.478+0000] {processor.py:161} INFO - Started process (PID=35) to work on /home/airflow/.local/lib/python3.8/site-packages/airflow/example_dags/example_dynamic_task_mapping_with_no_taskflow_operators.py
[2024-03-19T10:40:36.480+0000] {processor.py:830} INFO - Processing file /home/airflow/.local/lib/python3.8/site-packages/airflow/example_dags/example_dynamic_task_mapping_with_no_taskflow_operators.py for tasks to queue
[2024-03-19T10:40:36.484+0000] {logging_mixin.py:188} INFO - [2024-03-19T10:40:36.483+0000] {dagbag.py:540} INFO - Filling up the DagBag from /home/airflow/.local/lib/python3.8/site-packages/airflow/example_dags/example_dynamic_task_mapping_with_no_taskflow_operators.py
[2024-03-19T10:40:36.542+0000] {processor.py:840} INFO - DAG(s) 'example_dynamic_task_mapping_with_no_taskflow_operators' retrieved from /home/airflow/.local/lib/python3.8/site-packages/airflow/example_dags/example_dynamic_task_mapping_with_no_taskflow_operators.py
[2024-03-19T10:40:36.595+0000] {logging_mixin.py:188} INFO - [2024-03-19T10:40:36.594+0000] {dag.py:3047} INFO - Sync 1 DAGs
[2024-03-19T10:40:36.636+0000] {logging_mixin.py:188} INFO - [2024-03-19T10:40:36.636+0000] {dag.py:3834} INFO - Setting next_dagrun for example_dynamic_task_mapping_with_no_taskflow_operators to 2024-03-18 00:00:00+00:00, run_after=2024-03-19 00:00:00+00:00
[2024-03-19T10:40:36.686+0000] {processor.py:183} INFO - Processing /home/airflow/.local/lib/python3.8/site-packages/airflow/example_dags/example_dynamic_task_mapping_with_no_taskflow_operators.py took 0.216 seconds
[2024-03-19T10:41:07.002+0000] {processor.py:161} INFO - Started process (PID=90) to work on /home/airflow/.local/lib/python3.8/site-packages/airflow/example_dags/example_dynamic_task_mapping_with_no_taskflow_operators.py
[2024-03-19T10:41:07.009+0000] {processor.py:830} INFO - Processing file /home/airflow/.local/lib/python3.8/site-packages/airflow/example_dags/example_dynamic_task_mapping_with_no_taskflow_operators.py for tasks to queue
[2024-03-19T10:41:07.018+0000] {logging_mixin.py:188} INFO - [2024-03-19T10:41:07.018+0000] {dagbag.py:540} INFO - Filling up the DagBag from /home/airflow/.local/lib/python3.8/site-packages/airflow/example_dags/example_dynamic_task_mapping_with_no_taskflow_operators.py
[2024-03-19T10:41:07.032+0000] {processor.py:840} INFO - DAG(s) 'example_dynamic_task_mapping_with_no_taskflow_operators' retrieved from /home/airflow/.local/lib/python3.8/site-packages/airflow/example_dags/example_dynamic_task_mapping_with_no_taskflow_operators.py
[2024-03-19T10:41:07.148+0000] {logging_mixin.py:188} INFO - [2024-03-19T10:41:07.148+0000] {dag.py:3047} INFO - Sync 1 DAGs
[2024-03-19T10:41:07.165+0000] {logging_mixin.py:188} INFO - [2024-03-19T10:41:07.165+0000] {dag.py:3834} INFO - Setting next_dagrun for example_dynamic_task_mapping_with_no_taskflow_operators to 2024-03-18 00:00:00+00:00, run_after=2024-03-19 00:00:00+00:00
[2024-03-19T10:41:07.179+0000] {processor.py:183} INFO - Processing /home/airflow/.local/lib/python3.8/site-packages/airflow/example_dags/example_dynamic_task_mapping_with_no_taskflow_operators.py took 0.189 seconds
[2024-03-19T10:41:37.787+0000] {processor.py:161} INFO - Started process (PID=147) to work on /home/airflow/.local/lib/python3.8/site-packages/airflow/example_dags/example_dynamic_task_mapping_with_no_taskflow_operators.py
[2024-03-19T10:41:37.789+0000] {processor.py:830} INFO - Processing file /home/airflow/.local/lib/python3.8/site-packages/airflow/example_dags/example_dynamic_task_mapping_with_no_taskflow_operators.py for tasks to queue
[2024-03-19T10:41:37.791+0000] {logging_mixin.py:188} INFO - [2024-03-19T10:41:37.791+0000] {dagbag.py:540} INFO - Filling up the DagBag from /home/airflow/.local/lib/python3.8/site-packages/airflow/example_dags/example_dynamic_task_mapping_with_no_taskflow_operators.py
[2024-03-19T10:41:37.801+0000] {processor.py:840} INFO - DAG(s) 'example_dynamic_task_mapping_with_no_taskflow_operators' retrieved from /home/airflow/.local/lib/python3.8/site-packages/airflow/example_dags/example_dynamic_task_mapping_with_no_taskflow_operators.py
[2024-03-19T10:41:37.839+0000] {logging_mixin.py:188} INFO - [2024-03-19T10:41:37.839+0000] {dag.py:3047} INFO - Sync 1 DAGs
[2024-03-19T10:41:37.861+0000] {logging_mixin.py:188} INFO - [2024-03-19T10:41:37.861+0000] {dag.py:3834} INFO - Setting next_dagrun for example_dynamic_task_mapping_with_no_taskflow_operators to 2024-03-18 00:00:00+00:00, run_after=2024-03-19 00:00:00+00:00
[2024-03-19T10:41:37.877+0000] {processor.py:183} INFO - Processing /home/airflow/.local/lib/python3.8/site-packages/airflow/example_dags/example_dynamic_task_mapping_with_no_taskflow_operators.py took 0.094 seconds
[2024-03-19T10:42:08.760+0000] {processor.py:161} INFO - Started process (PID=203) to work on /home/airflow/.local/lib/python3.8/site-packages/airflow/example_dags/example_dynamic_task_mapping_with_no_taskflow_operators.py
[2024-03-19T10:42:08.761+0000] {processor.py:830} INFO - Processing file /home/airflow/.local/lib/python3.8/site-packages/airflow/example_dags/example_dynamic_task_mapping_with_no_taskflow_operators.py for tasks to queue
[2024-03-19T10:42:08.764+0000] {logging_mixin.py:188} INFO - [2024-03-19T10:42:08.763+0000] {dagbag.py:540} INFO - Filling up the DagBag from /home/airflow/.local/lib/python3.8/site-packages/airflow/example_dags/example_dynamic_task_mapping_with_no_taskflow_operators.py
[2024-03-19T10:42:08.780+0000] {processor.py:840} INFO - DAG(s) 'example_dynamic_task_mapping_with_no_taskflow_operators' retrieved from /home/airflow/.local/lib/python3.8/site-packages/airflow/example_dags/example_dynamic_task_mapping_with_no_taskflow_operators.py
[2024-03-19T10:42:08.813+0000] {logging_mixin.py:188} INFO - [2024-03-19T10:42:08.813+0000] {dag.py:3047} INFO - Sync 1 DAGs
[2024-03-19T10:42:08.837+0000] {logging_mixin.py:188} INFO - [2024-03-19T10:42:08.837+0000] {dag.py:3834} INFO - Setting next_dagrun for example_dynamic_task_mapping_with_no_taskflow_operators to 2024-03-18 00:00:00+00:00, run_after=2024-03-19 00:00:00+00:00
[2024-03-19T10:42:08.850+0000] {processor.py:183} INFO - Processing /home/airflow/.local/lib/python3.8/site-packages/airflow/example_dags/example_dynamic_task_mapping_with_no_taskflow_operators.py took 0.094 seconds
[2024-03-19T10:42:39.555+0000] {processor.py:161} INFO - Started process (PID=259) to work on /home/airflow/.local/lib/python3.8/site-packages/airflow/example_dags/example_dynamic_task_mapping_with_no_taskflow_operators.py
[2024-03-19T10:42:39.557+0000] {processor.py:830} INFO - Processing file /home/airflow/.local/lib/python3.8/site-packages/airflow/example_dags/example_dynamic_task_mapping_with_no_taskflow_operators.py for tasks to queue
[2024-03-19T10:42:39.559+0000] {logging_mixin.py:188} INFO - [2024-03-19T10:42:39.559+0000] {dagbag.py:540} INFO - Filling up the DagBag from /home/airflow/.local/lib/python3.8/site-packages/airflow/example_dags/example_dynamic_task_mapping_with_no_taskflow_operators.py
[2024-03-19T10:42:39.568+0000] {processor.py:840} INFO - DAG(s) 'example_dynamic_task_mapping_with_no_taskflow_operators' retrieved from /home/airflow/.local/lib/python3.8/site-packages/airflow/example_dags/example_dynamic_task_mapping_with_no_taskflow_operators.py
[2024-03-19T10:42:39.611+0000] {logging_mixin.py:188} INFO - [2024-03-19T10:42:39.611+0000] {dag.py:3047} INFO - Sync 1 DAGs
[2024-03-19T10:42:39.634+0000] {logging_mixin.py:188} INFO - [2024-03-19T10:42:39.634+0000] {dag.py:3834} INFO - Setting next_dagrun for example_dynamic_task_mapping_with_no_taskflow_operators to 2024-03-18 00:00:00+00:00, run_after=2024-03-19 00:00:00+00:00
[2024-03-19T10:42:39.661+0000] {processor.py:183} INFO - Processing /home/airflow/.local/lib/python3.8/site-packages/airflow/example_dags/example_dynamic_task_mapping_with_no_taskflow_operators.py took 0.110 seconds
[2024-03-19T10:43:10.051+0000] {processor.py:161} INFO - Started process (PID=315) to work on /home/airflow/.local/lib/python3.8/site-packages/airflow/example_dags/example_dynamic_task_mapping_with_no_taskflow_operators.py
[2024-03-19T10:43:10.053+0000] {processor.py:830} INFO - Processing file /home/airflow/.local/lib/python3.8/site-packages/airflow/example_dags/example_dynamic_task_mapping_with_no_taskflow_operators.py for tasks to queue
[2024-03-19T10:43:10.055+0000] {logging_mixin.py:188} INFO - [2024-03-19T10:43:10.055+0000] {dagbag.py:540} INFO - Filling up the DagBag from /home/airflow/.local/lib/python3.8/site-packages/airflow/example_dags/example_dynamic_task_mapping_with_no_taskflow_operators.py
[2024-03-19T10:43:10.064+0000] {processor.py:840} INFO - DAG(s) 'example_dynamic_task_mapping_with_no_taskflow_operators' retrieved from /home/airflow/.local/lib/python3.8/site-packages/airflow/example_dags/example_dynamic_task_mapping_with_no_taskflow_operators.py
[2024-03-19T10:43:10.112+0000] {logging_mixin.py:188} INFO - [2024-03-19T10:43:10.112+0000] {dag.py:3047} INFO - Sync 1 DAGs
[2024-03-19T10:43:10.133+0000] {logging_mixin.py:188} INFO - [2024-03-19T10:43:10.133+0000] {dag.py:3834} INFO - Setting next_dagrun for example_dynamic_task_mapping_with_no_taskflow_operators to 2024-03-18 00:00:00+00:00, run_after=2024-03-19 00:00:00+00:00
[2024-03-19T10:43:10.147+0000] {processor.py:183} INFO - Processing /home/airflow/.local/lib/python3.8/site-packages/airflow/example_dags/example_dynamic_task_mapping_with_no_taskflow_operators.py took 0.100 seconds
[2024-03-19T10:43:40.647+0000] {processor.py:161} INFO - Started process (PID=371) to work on /home/airflow/.local/lib/python3.8/site-packages/airflow/example_dags/example_dynamic_task_mapping_with_no_taskflow_operators.py
[2024-03-19T10:43:40.648+0000] {processor.py:830} INFO - Processing file /home/airflow/.local/lib/python3.8/site-packages/airflow/example_dags/example_dynamic_task_mapping_with_no_taskflow_operators.py for tasks to queue
[2024-03-19T10:43:40.651+0000] {logging_mixin.py:188} INFO - [2024-03-19T10:43:40.650+0000] {dagbag.py:540} INFO - Filling up the DagBag from /home/airflow/.local/lib/python3.8/site-packages/airflow/example_dags/example_dynamic_task_mapping_with_no_taskflow_operators.py
[2024-03-19T10:43:40.660+0000] {processor.py:840} INFO - DAG(s) 'example_dynamic_task_mapping_with_no_taskflow_operators' retrieved from /home/airflow/.local/lib/python3.8/site-packages/airflow/example_dags/example_dynamic_task_mapping_with_no_taskflow_operators.py
[2024-03-19T10:43:40.689+0000] {logging_mixin.py:188} INFO - [2024-03-19T10:43:40.689+0000] {dag.py:3047} INFO - Sync 1 DAGs
[2024-03-19T10:43:40.710+0000] {logging_mixin.py:188} INFO - [2024-03-19T10:43:40.710+0000] {dag.py:3834} INFO - Setting next_dagrun for example_dynamic_task_mapping_with_no_taskflow_operators to 2024-03-18 00:00:00+00:00, run_after=2024-03-19 00:00:00+00:00
[2024-03-19T10:43:40.728+0000] {processor.py:183} INFO - Processing /home/airflow/.local/lib/python3.8/site-packages/airflow/example_dags/example_dynamic_task_mapping_with_no_taskflow_operators.py took 0.086 seconds
[2024-03-19T10:44:11.059+0000] {processor.py:161} INFO - Started process (PID=427) to work on /home/airflow/.local/lib/python3.8/site-packages/airflow/example_dags/example_dynamic_task_mapping_with_no_taskflow_operators.py
[2024-03-19T10:44:11.061+0000] {processor.py:830} INFO - Processing file /home/airflow/.local/lib/python3.8/site-packages/airflow/example_dags/example_dynamic_task_mapping_with_no_taskflow_operators.py for tasks to queue
[2024-03-19T10:44:11.062+0000] {logging_mixin.py:188} INFO - [2024-03-19T10:44:11.062+0000] {dagbag.py:540} INFO - Filling up the DagBag from /home/airflow/.local/lib/python3.8/site-packages/airflow/example_dags/example_dynamic_task_mapping_with_no_taskflow_operators.py
[2024-03-19T10:44:11.073+0000] {processor.py:840} INFO - DAG(s) 'example_dynamic_task_mapping_with_no_taskflow_operators' retrieved from /home/airflow/.local/lib/python3.8/site-packages/airflow/example_dags/example_dynamic_task_mapping_with_no_taskflow_operators.py
[2024-03-19T10:44:11.101+0000] {logging_mixin.py:188} INFO - [2024-03-19T10:44:11.101+0000] {dag.py:3047} INFO - Sync 1 DAGs
[2024-03-19T10:44:11.134+0000] {logging_mixin.py:188} INFO - [2024-03-19T10:44:11.133+0000] {dag.py:3834} INFO - Setting next_dagrun for example_dynamic_task_mapping_with_no_taskflow_operators to 2024-03-18 00:00:00+00:00, run_after=2024-03-19 00:00:00+00:00
[2024-03-19T10:44:11.148+0000] {processor.py:183} INFO - Processing /home/airflow/.local/lib/python3.8/site-packages/airflow/example_dags/example_dynamic_task_mapping_with_no_taskflow_operators.py took 0.093 seconds
[2024-03-19T10:44:41.550+0000] {processor.py:161} INFO - Started process (PID=483) to work on /home/airflow/.local/lib/python3.8/site-packages/airflow/example_dags/example_dynamic_task_mapping_with_no_taskflow_operators.py
[2024-03-19T10:44:41.553+0000] {processor.py:830} INFO - Processing file /home/airflow/.local/lib/python3.8/site-packages/airflow/example_dags/example_dynamic_task_mapping_with_no_taskflow_operators.py for tasks to queue
[2024-03-19T10:44:41.558+0000] {logging_mixin.py:188} INFO - [2024-03-19T10:44:41.557+0000] {dagbag.py:540} INFO - Filling up the DagBag from /home/airflow/.local/lib/python3.8/site-packages/airflow/example_dags/example_dynamic_task_mapping_with_no_taskflow_operators.py
[2024-03-19T10:44:41.573+0000] {processor.py:840} INFO - DAG(s) 'example_dynamic_task_mapping_with_no_taskflow_operators' retrieved from /home/airflow/.local/lib/python3.8/site-packages/airflow/example_dags/example_dynamic_task_mapping_with_no_taskflow_operators.py
[2024-03-19T10:44:41.619+0000] {logging_mixin.py:188} INFO - [2024-03-19T10:44:41.619+0000] {dag.py:3047} INFO - Sync 1 DAGs
[2024-03-19T10:44:41.642+0000] {logging_mixin.py:188} INFO - [2024-03-19T10:44:41.642+0000] {dag.py:3834} INFO - Setting next_dagrun for example_dynamic_task_mapping_with_no_taskflow_operators to 2024-03-18 00:00:00+00:00, run_after=2024-03-19 00:00:00+00:00
[2024-03-19T10:44:41.657+0000] {processor.py:183} INFO - Processing /home/airflow/.local/lib/python3.8/site-packages/airflow/example_dags/example_dynamic_task_mapping_with_no_taskflow_operators.py took 0.118 seconds
[2024-03-19T10:45:11.988+0000] {processor.py:161} INFO - Started process (PID=539) to work on /home/airflow/.local/lib/python3.8/site-packages/airflow/example_dags/example_dynamic_task_mapping_with_no_taskflow_operators.py
[2024-03-19T10:45:11.991+0000] {processor.py:830} INFO - Processing file /home/airflow/.local/lib/python3.8/site-packages/airflow/example_dags/example_dynamic_task_mapping_with_no_taskflow_operators.py for tasks to queue
[2024-03-19T10:45:11.994+0000] {logging_mixin.py:188} INFO - [2024-03-19T10:45:11.994+0000] {dagbag.py:540} INFO - Filling up the DagBag from /home/airflow/.local/lib/python3.8/site-packages/airflow/example_dags/example_dynamic_task_mapping_with_no_taskflow_operators.py
[2024-03-19T10:45:12.025+0000] {processor.py:840} INFO - DAG(s) 'example_dynamic_task_mapping_with_no_taskflow_operators' retrieved from /home/airflow/.local/lib/python3.8/site-packages/airflow/example_dags/example_dynamic_task_mapping_with_no_taskflow_operators.py
[2024-03-19T10:45:12.099+0000] {logging_mixin.py:188} INFO - [2024-03-19T10:45:12.099+0000] {dag.py:3047} INFO - Sync 1 DAGs
[2024-03-19T10:45:12.153+0000] {logging_mixin.py:188} INFO - [2024-03-19T10:45:12.153+0000] {dag.py:3834} INFO - Setting next_dagrun for example_dynamic_task_mapping_with_no_taskflow_operators to 2024-03-18 00:00:00+00:00, run_after=2024-03-19 00:00:00+00:00
[2024-03-19T10:45:12.173+0000] {processor.py:183} INFO - Processing /home/airflow/.local/lib/python3.8/site-packages/airflow/example_dags/example_dynamic_task_mapping_with_no_taskflow_operators.py took 0.191 seconds
[2024-03-19T10:45:43.153+0000] {processor.py:161} INFO - Started process (PID=595) to work on /home/airflow/.local/lib/python3.8/site-packages/airflow/example_dags/example_dynamic_task_mapping_with_no_taskflow_operators.py
[2024-03-19T10:45:43.156+0000] {processor.py:830} INFO - Processing file /home/airflow/.local/lib/python3.8/site-packages/airflow/example_dags/example_dynamic_task_mapping_with_no_taskflow_operators.py for tasks to queue
[2024-03-19T10:45:43.159+0000] {logging_mixin.py:188} INFO - [2024-03-19T10:45:43.158+0000] {dagbag.py:540} INFO - Filling up the DagBag from /home/airflow/.local/lib/python3.8/site-packages/airflow/example_dags/example_dynamic_task_mapping_with_no_taskflow_operators.py
[2024-03-19T10:45:43.174+0000] {processor.py:840} INFO - DAG(s) 'example_dynamic_task_mapping_with_no_taskflow_operators' retrieved from /home/airflow/.local/lib/python3.8/site-packages/airflow/example_dags/example_dynamic_task_mapping_with_no_taskflow_operators.py
[2024-03-19T10:45:43.219+0000] {logging_mixin.py:188} INFO - [2024-03-19T10:45:43.219+0000] {dag.py:3047} INFO - Sync 1 DAGs
[2024-03-19T10:45:43.250+0000] {logging_mixin.py:188} INFO - [2024-03-19T10:45:43.250+0000] {dag.py:3834} INFO - Setting next_dagrun for example_dynamic_task_mapping_with_no_taskflow_operators to 2024-03-18 00:00:00+00:00, run_after=2024-03-19 00:00:00+00:00
[2024-03-19T10:45:43.282+0000] {processor.py:183} INFO - Processing /home/airflow/.local/lib/python3.8/site-packages/airflow/example_dags/example_dynamic_task_mapping_with_no_taskflow_operators.py took 0.135 seconds
[2024-03-19T10:46:13.808+0000] {processor.py:161} INFO - Started process (PID=651) to work on /home/airflow/.local/lib/python3.8/site-packages/airflow/example_dags/example_dynamic_task_mapping_with_no_taskflow_operators.py
[2024-03-19T10:46:13.810+0000] {processor.py:830} INFO - Processing file /home/airflow/.local/lib/python3.8/site-packages/airflow/example_dags/example_dynamic_task_mapping_with_no_taskflow_operators.py for tasks to queue
[2024-03-19T10:46:13.812+0000] {logging_mixin.py:188} INFO - [2024-03-19T10:46:13.812+0000] {dagbag.py:540} INFO - Filling up the DagBag from /home/airflow/.local/lib/python3.8/site-packages/airflow/example_dags/example_dynamic_task_mapping_with_no_taskflow_operators.py
[2024-03-19T10:46:13.823+0000] {processor.py:840} INFO - DAG(s) 'example_dynamic_task_mapping_with_no_taskflow_operators' retrieved from /home/airflow/.local/lib/python3.8/site-packages/airflow/example_dags/example_dynamic_task_mapping_with_no_taskflow_operators.py
[2024-03-19T10:46:13.876+0000] {logging_mixin.py:188} INFO - [2024-03-19T10:46:13.876+0000] {dag.py:3047} INFO - Sync 1 DAGs
[2024-03-19T10:46:13.901+0000] {logging_mixin.py:188} INFO - [2024-03-19T10:46:13.901+0000] {dag.py:3834} INFO - Setting next_dagrun for example_dynamic_task_mapping_with_no_taskflow_operators to 2024-03-18 00:00:00+00:00, run_after=2024-03-19 00:00:00+00:00
[2024-03-19T10:46:13.921+0000] {processor.py:183} INFO - Processing /home/airflow/.local/lib/python3.8/site-packages/airflow/example_dags/example_dynamic_task_mapping_with_no_taskflow_operators.py took 0.119 seconds
[2024-03-19T10:46:44.631+0000] {processor.py:161} INFO - Started process (PID=707) to work on /home/airflow/.local/lib/python3.8/site-packages/airflow/example_dags/example_dynamic_task_mapping_with_no_taskflow_operators.py
[2024-03-19T10:46:44.635+0000] {processor.py:830} INFO - Processing file /home/airflow/.local/lib/python3.8/site-packages/airflow/example_dags/example_dynamic_task_mapping_with_no_taskflow_operators.py for tasks to queue
[2024-03-19T10:46:44.639+0000] {logging_mixin.py:188} INFO - [2024-03-19T10:46:44.638+0000] {dagbag.py:540} INFO - Filling up the DagBag from /home/airflow/.local/lib/python3.8/site-packages/airflow/example_dags/example_dynamic_task_mapping_with_no_taskflow_operators.py
[2024-03-19T10:46:44.650+0000] {processor.py:840} INFO - DAG(s) 'example_dynamic_task_mapping_with_no_taskflow_operators' retrieved from /home/airflow/.local/lib/python3.8/site-packages/airflow/example_dags/example_dynamic_task_mapping_with_no_taskflow_operators.py
[2024-03-19T10:46:44.682+0000] {logging_mixin.py:188} INFO - [2024-03-19T10:46:44.682+0000] {dag.py:3047} INFO - Sync 1 DAGs
[2024-03-19T10:46:44.703+0000] {logging_mixin.py:188} INFO - [2024-03-19T10:46:44.703+0000] {dag.py:3834} INFO - Setting next_dagrun for example_dynamic_task_mapping_with_no_taskflow_operators to 2024-03-18 00:00:00+00:00, run_after=2024-03-19 00:00:00+00:00
[2024-03-19T10:46:44.717+0000] {processor.py:183} INFO - Processing /home/airflow/.local/lib/python3.8/site-packages/airflow/example_dags/example_dynamic_task_mapping_with_no_taskflow_operators.py took 0.097 seconds
[2024-03-19T10:47:14.889+0000] {processor.py:161} INFO - Started process (PID=763) to work on /home/airflow/.local/lib/python3.8/site-packages/airflow/example_dags/example_dynamic_task_mapping_with_no_taskflow_operators.py
[2024-03-19T10:47:14.890+0000] {processor.py:830} INFO - Processing file /home/airflow/.local/lib/python3.8/site-packages/airflow/example_dags/example_dynamic_task_mapping_with_no_taskflow_operators.py for tasks to queue
[2024-03-19T10:47:14.903+0000] {logging_mixin.py:188} INFO - [2024-03-19T10:47:14.896+0000] {dagbag.py:540} INFO - Filling up the DagBag from /home/airflow/.local/lib/python3.8/site-packages/airflow/example_dags/example_dynamic_task_mapping_with_no_taskflow_operators.py
[2024-03-19T10:47:14.924+0000] {processor.py:840} INFO - DAG(s) 'example_dynamic_task_mapping_with_no_taskflow_operators' retrieved from /home/airflow/.local/lib/python3.8/site-packages/airflow/example_dags/example_dynamic_task_mapping_with_no_taskflow_operators.py
[2024-03-19T10:47:14.962+0000] {logging_mixin.py:188} INFO - [2024-03-19T10:47:14.962+0000] {dag.py:3047} INFO - Sync 1 DAGs
[2024-03-19T10:47:14.985+0000] {logging_mixin.py:188} INFO - [2024-03-19T10:47:14.985+0000] {dag.py:3834} INFO - Setting next_dagrun for example_dynamic_task_mapping_with_no_taskflow_operators to 2024-03-18 00:00:00+00:00, run_after=2024-03-19 00:00:00+00:00
[2024-03-19T10:47:15.017+0000] {processor.py:183} INFO - Processing /home/airflow/.local/lib/python3.8/site-packages/airflow/example_dags/example_dynamic_task_mapping_with_no_taskflow_operators.py took 0.133 seconds
[2024-03-19T10:47:45.277+0000] {processor.py:161} INFO - Started process (PID=819) to work on /home/airflow/.local/lib/python3.8/site-packages/airflow/example_dags/example_dynamic_task_mapping_with_no_taskflow_operators.py
[2024-03-19T10:47:45.278+0000] {processor.py:830} INFO - Processing file /home/airflow/.local/lib/python3.8/site-packages/airflow/example_dags/example_dynamic_task_mapping_with_no_taskflow_operators.py for tasks to queue
[2024-03-19T10:47:45.280+0000] {logging_mixin.py:188} INFO - [2024-03-19T10:47:45.280+0000] {dagbag.py:540} INFO - Filling up the DagBag from /home/airflow/.local/lib/python3.8/site-packages/airflow/example_dags/example_dynamic_task_mapping_with_no_taskflow_operators.py
[2024-03-19T10:47:45.290+0000] {processor.py:840} INFO - DAG(s) 'example_dynamic_task_mapping_with_no_taskflow_operators' retrieved from /home/airflow/.local/lib/python3.8/site-packages/airflow/example_dags/example_dynamic_task_mapping_with_no_taskflow_operators.py
[2024-03-19T10:47:45.315+0000] {logging_mixin.py:188} INFO - [2024-03-19T10:47:45.315+0000] {dag.py:3047} INFO - Sync 1 DAGs
[2024-03-19T10:47:45.336+0000] {logging_mixin.py:188} INFO - [2024-03-19T10:47:45.336+0000] {dag.py:3834} INFO - Setting next_dagrun for example_dynamic_task_mapping_with_no_taskflow_operators to 2024-03-18 00:00:00+00:00, run_after=2024-03-19 00:00:00+00:00
[2024-03-19T10:47:45.351+0000] {processor.py:183} INFO - Processing /home/airflow/.local/lib/python3.8/site-packages/airflow/example_dags/example_dynamic_task_mapping_with_no_taskflow_operators.py took 0.079 seconds
[2024-03-19T10:48:15.581+0000] {processor.py:161} INFO - Started process (PID=875) to work on /home/airflow/.local/lib/python3.8/site-packages/airflow/example_dags/example_dynamic_task_mapping_with_no_taskflow_operators.py
[2024-03-19T10:48:15.582+0000] {processor.py:830} INFO - Processing file /home/airflow/.local/lib/python3.8/site-packages/airflow/example_dags/example_dynamic_task_mapping_with_no_taskflow_operators.py for tasks to queue
[2024-03-19T10:48:15.587+0000] {logging_mixin.py:188} INFO - [2024-03-19T10:48:15.586+0000] {dagbag.py:540} INFO - Filling up the DagBag from /home/airflow/.local/lib/python3.8/site-packages/airflow/example_dags/example_dynamic_task_mapping_with_no_taskflow_operators.py
[2024-03-19T10:48:15.600+0000] {processor.py:840} INFO - DAG(s) 'example_dynamic_task_mapping_with_no_taskflow_operators' retrieved from /home/airflow/.local/lib/python3.8/site-packages/airflow/example_dags/example_dynamic_task_mapping_with_no_taskflow_operators.py
[2024-03-19T10:48:15.628+0000] {logging_mixin.py:188} INFO - [2024-03-19T10:48:15.628+0000] {dag.py:3047} INFO - Sync 1 DAGs
[2024-03-19T10:48:15.648+0000] {logging_mixin.py:188} INFO - [2024-03-19T10:48:15.648+0000] {dag.py:3834} INFO - Setting next_dagrun for example_dynamic_task_mapping_with_no_taskflow_operators to 2024-03-18 00:00:00+00:00, run_after=2024-03-19 00:00:00+00:00
[2024-03-19T10:48:15.668+0000] {processor.py:183} INFO - Processing /home/airflow/.local/lib/python3.8/site-packages/airflow/example_dags/example_dynamic_task_mapping_with_no_taskflow_operators.py took 0.097 seconds
[2024-03-19T10:48:45.781+0000] {processor.py:161} INFO - Started process (PID=931) to work on /home/airflow/.local/lib/python3.8/site-packages/airflow/example_dags/example_dynamic_task_mapping_with_no_taskflow_operators.py
[2024-03-19T10:48:45.783+0000] {processor.py:830} INFO - Processing file /home/airflow/.local/lib/python3.8/site-packages/airflow/example_dags/example_dynamic_task_mapping_with_no_taskflow_operators.py for tasks to queue
[2024-03-19T10:48:45.790+0000] {logging_mixin.py:188} INFO - [2024-03-19T10:48:45.789+0000] {dagbag.py:540} INFO - Filling up the DagBag from /home/airflow/.local/lib/python3.8/site-packages/airflow/example_dags/example_dynamic_task_mapping_with_no_taskflow_operators.py
[2024-03-19T10:48:45.808+0000] {processor.py:840} INFO - DAG(s) 'example_dynamic_task_mapping_with_no_taskflow_operators' retrieved from /home/airflow/.local/lib/python3.8/site-packages/airflow/example_dags/example_dynamic_task_mapping_with_no_taskflow_operators.py
[2024-03-19T10:48:45.834+0000] {logging_mixin.py:188} INFO - [2024-03-19T10:48:45.834+0000] {dag.py:3047} INFO - Sync 1 DAGs
[2024-03-19T10:48:45.855+0000] {logging_mixin.py:188} INFO - [2024-03-19T10:48:45.855+0000] {dag.py:3834} INFO - Setting next_dagrun for example_dynamic_task_mapping_with_no_taskflow_operators to 2024-03-18 00:00:00+00:00, run_after=2024-03-19 00:00:00+00:00
[2024-03-19T10:48:45.869+0000] {processor.py:183} INFO - Processing /home/airflow/.local/lib/python3.8/site-packages/airflow/example_dags/example_dynamic_task_mapping_with_no_taskflow_operators.py took 0.092 seconds
[2024-03-19T10:49:16.137+0000] {processor.py:161} INFO - Started process (PID=987) to work on /home/airflow/.local/lib/python3.8/site-packages/airflow/example_dags/example_dynamic_task_mapping_with_no_taskflow_operators.py
[2024-03-19T10:49:16.138+0000] {processor.py:830} INFO - Processing file /home/airflow/.local/lib/python3.8/site-packages/airflow/example_dags/example_dynamic_task_mapping_with_no_taskflow_operators.py for tasks to queue
[2024-03-19T10:49:16.141+0000] {logging_mixin.py:188} INFO - [2024-03-19T10:49:16.141+0000] {dagbag.py:540} INFO - Filling up the DagBag from /home/airflow/.local/lib/python3.8/site-packages/airflow/example_dags/example_dynamic_task_mapping_with_no_taskflow_operators.py
[2024-03-19T10:49:16.150+0000] {processor.py:840} INFO - DAG(s) 'example_dynamic_task_mapping_with_no_taskflow_operators' retrieved from /home/airflow/.local/lib/python3.8/site-packages/airflow/example_dags/example_dynamic_task_mapping_with_no_taskflow_operators.py
[2024-03-19T10:49:16.193+0000] {logging_mixin.py:188} INFO - [2024-03-19T10:49:16.193+0000] {dag.py:3047} INFO - Sync 1 DAGs
[2024-03-19T10:49:16.215+0000] {logging_mixin.py:188} INFO - [2024-03-19T10:49:16.215+0000] {dag.py:3834} INFO - Setting next_dagrun for example_dynamic_task_mapping_with_no_taskflow_operators to 2024-03-18 00:00:00+00:00, run_after=2024-03-19 00:00:00+00:00
[2024-03-19T10:49:16.229+0000] {processor.py:183} INFO - Processing /home/airflow/.local/lib/python3.8/site-packages/airflow/example_dags/example_dynamic_task_mapping_with_no_taskflow_operators.py took 0.097 seconds
