[2024-03-19T10:40:39.204+0000] {processor.py:161} INFO - Started process (PID=60) to work on /home/airflow/.local/lib/python3.8/site-packages/airflow/example_dags/example_branch_labels.py
[2024-03-19T10:40:39.207+0000] {processor.py:830} INFO - Processing file /home/airflow/.local/lib/python3.8/site-packages/airflow/example_dags/example_branch_labels.py for tasks to queue
[2024-03-19T10:40:39.210+0000] {logging_mixin.py:188} INFO - [2024-03-19T10:40:39.210+0000] {dagbag.py:540} INFO - Filling up the DagBag from /home/airflow/.local/lib/python3.8/site-packages/airflow/example_dags/example_branch_labels.py
[2024-03-19T10:40:39.229+0000] {processor.py:840} INFO - DAG(s) 'example_branch_labels' retrieved from /home/airflow/.local/lib/python3.8/site-packages/airflow/example_dags/example_branch_labels.py
[2024-03-19T10:40:39.254+0000] {logging_mixin.py:188} INFO - [2024-03-19T10:40:39.254+0000] {dag.py:3047} INFO - Sync 1 DAGs
[2024-03-19T10:40:39.288+0000] {logging_mixin.py:188} INFO - [2024-03-19T10:40:39.288+0000] {dag.py:3834} INFO - Setting next_dagrun for example_branch_labels to 2024-03-18 00:00:00+00:00, run_after=2024-03-19 00:00:00+00:00
[2024-03-19T10:40:39.313+0000] {processor.py:183} INFO - Processing /home/airflow/.local/lib/python3.8/site-packages/airflow/example_dags/example_branch_labels.py took 0.116 seconds
[2024-03-19T10:41:09.961+0000] {processor.py:161} INFO - Started process (PID=116) to work on /home/airflow/.local/lib/python3.8/site-packages/airflow/example_dags/example_branch_labels.py
[2024-03-19T10:41:09.963+0000] {processor.py:830} INFO - Processing file /home/airflow/.local/lib/python3.8/site-packages/airflow/example_dags/example_branch_labels.py for tasks to queue
[2024-03-19T10:41:09.965+0000] {logging_mixin.py:188} INFO - [2024-03-19T10:41:09.965+0000] {dagbag.py:540} INFO - Filling up the DagBag from /home/airflow/.local/lib/python3.8/site-packages/airflow/example_dags/example_branch_labels.py
[2024-03-19T10:41:09.973+0000] {processor.py:840} INFO - DAG(s) 'example_branch_labels' retrieved from /home/airflow/.local/lib/python3.8/site-packages/airflow/example_dags/example_branch_labels.py
[2024-03-19T10:41:10.076+0000] {logging_mixin.py:188} INFO - [2024-03-19T10:41:10.076+0000] {dag.py:3047} INFO - Sync 1 DAGs
[2024-03-19T10:41:10.093+0000] {logging_mixin.py:188} INFO - [2024-03-19T10:41:10.093+0000] {dag.py:3834} INFO - Setting next_dagrun for example_branch_labels to 2024-03-18 00:00:00+00:00, run_after=2024-03-19 00:00:00+00:00
[2024-03-19T10:41:10.106+0000] {processor.py:183} INFO - Processing /home/airflow/.local/lib/python3.8/site-packages/airflow/example_dags/example_branch_labels.py took 0.148 seconds
[2024-03-19T10:41:41.113+0000] {processor.py:161} INFO - Started process (PID=172) to work on /home/airflow/.local/lib/python3.8/site-packages/airflow/example_dags/example_branch_labels.py
[2024-03-19T10:41:41.115+0000] {processor.py:830} INFO - Processing file /home/airflow/.local/lib/python3.8/site-packages/airflow/example_dags/example_branch_labels.py for tasks to queue
[2024-03-19T10:41:41.117+0000] {logging_mixin.py:188} INFO - [2024-03-19T10:41:41.116+0000] {dagbag.py:540} INFO - Filling up the DagBag from /home/airflow/.local/lib/python3.8/site-packages/airflow/example_dags/example_branch_labels.py
[2024-03-19T10:41:41.123+0000] {processor.py:840} INFO - DAG(s) 'example_branch_labels' retrieved from /home/airflow/.local/lib/python3.8/site-packages/airflow/example_dags/example_branch_labels.py
[2024-03-19T10:41:41.141+0000] {logging_mixin.py:188} INFO - [2024-03-19T10:41:41.141+0000] {dag.py:3047} INFO - Sync 1 DAGs
[2024-03-19T10:41:41.157+0000] {logging_mixin.py:188} INFO - [2024-03-19T10:41:41.157+0000] {dag.py:3834} INFO - Setting next_dagrun for example_branch_labels to 2024-03-18 00:00:00+00:00, run_after=2024-03-19 00:00:00+00:00
[2024-03-19T10:41:41.170+0000] {processor.py:183} INFO - Processing /home/airflow/.local/lib/python3.8/site-packages/airflow/example_dags/example_branch_labels.py took 0.061 seconds
[2024-03-19T10:42:12.089+0000] {processor.py:161} INFO - Started process (PID=228) to work on /home/airflow/.local/lib/python3.8/site-packages/airflow/example_dags/example_branch_labels.py
[2024-03-19T10:42:12.092+0000] {processor.py:830} INFO - Processing file /home/airflow/.local/lib/python3.8/site-packages/airflow/example_dags/example_branch_labels.py for tasks to queue
[2024-03-19T10:42:12.094+0000] {logging_mixin.py:188} INFO - [2024-03-19T10:42:12.094+0000] {dagbag.py:540} INFO - Filling up the DagBag from /home/airflow/.local/lib/python3.8/site-packages/airflow/example_dags/example_branch_labels.py
[2024-03-19T10:42:12.105+0000] {processor.py:840} INFO - DAG(s) 'example_branch_labels' retrieved from /home/airflow/.local/lib/python3.8/site-packages/airflow/example_dags/example_branch_labels.py
[2024-03-19T10:42:12.138+0000] {logging_mixin.py:188} INFO - [2024-03-19T10:42:12.138+0000] {dag.py:3047} INFO - Sync 1 DAGs
[2024-03-19T10:42:12.158+0000] {logging_mixin.py:188} INFO - [2024-03-19T10:42:12.158+0000] {dag.py:3834} INFO - Setting next_dagrun for example_branch_labels to 2024-03-18 00:00:00+00:00, run_after=2024-03-19 00:00:00+00:00
[2024-03-19T10:42:12.174+0000] {processor.py:183} INFO - Processing /home/airflow/.local/lib/python3.8/site-packages/airflow/example_dags/example_branch_labels.py took 0.092 seconds
[2024-03-19T10:42:42.833+0000] {processor.py:161} INFO - Started process (PID=284) to work on /home/airflow/.local/lib/python3.8/site-packages/airflow/example_dags/example_branch_labels.py
[2024-03-19T10:42:42.834+0000] {processor.py:830} INFO - Processing file /home/airflow/.local/lib/python3.8/site-packages/airflow/example_dags/example_branch_labels.py for tasks to queue
[2024-03-19T10:42:42.839+0000] {logging_mixin.py:188} INFO - [2024-03-19T10:42:42.838+0000] {dagbag.py:540} INFO - Filling up the DagBag from /home/airflow/.local/lib/python3.8/site-packages/airflow/example_dags/example_branch_labels.py
[2024-03-19T10:42:42.852+0000] {processor.py:840} INFO - DAG(s) 'example_branch_labels' retrieved from /home/airflow/.local/lib/python3.8/site-packages/airflow/example_dags/example_branch_labels.py
[2024-03-19T10:42:42.879+0000] {logging_mixin.py:188} INFO - [2024-03-19T10:42:42.879+0000] {dag.py:3047} INFO - Sync 1 DAGs
[2024-03-19T10:42:42.903+0000] {logging_mixin.py:188} INFO - [2024-03-19T10:42:42.903+0000] {dag.py:3834} INFO - Setting next_dagrun for example_branch_labels to 2024-03-18 00:00:00+00:00, run_after=2024-03-19 00:00:00+00:00
[2024-03-19T10:42:42.919+0000] {processor.py:183} INFO - Processing /home/airflow/.local/lib/python3.8/site-packages/airflow/example_dags/example_branch_labels.py took 0.092 seconds
[2024-03-19T10:43:13.283+0000] {processor.py:161} INFO - Started process (PID=340) to work on /home/airflow/.local/lib/python3.8/site-packages/airflow/example_dags/example_branch_labels.py
[2024-03-19T10:43:13.285+0000] {processor.py:830} INFO - Processing file /home/airflow/.local/lib/python3.8/site-packages/airflow/example_dags/example_branch_labels.py for tasks to queue
[2024-03-19T10:43:13.287+0000] {logging_mixin.py:188} INFO - [2024-03-19T10:43:13.287+0000] {dagbag.py:540} INFO - Filling up the DagBag from /home/airflow/.local/lib/python3.8/site-packages/airflow/example_dags/example_branch_labels.py
[2024-03-19T10:43:13.295+0000] {processor.py:840} INFO - DAG(s) 'example_branch_labels' retrieved from /home/airflow/.local/lib/python3.8/site-packages/airflow/example_dags/example_branch_labels.py
[2024-03-19T10:43:13.313+0000] {logging_mixin.py:188} INFO - [2024-03-19T10:43:13.313+0000] {dag.py:3047} INFO - Sync 1 DAGs
[2024-03-19T10:43:13.329+0000] {logging_mixin.py:188} INFO - [2024-03-19T10:43:13.329+0000] {dag.py:3834} INFO - Setting next_dagrun for example_branch_labels to 2024-03-18 00:00:00+00:00, run_after=2024-03-19 00:00:00+00:00
[2024-03-19T10:43:13.340+0000] {processor.py:183} INFO - Processing /home/airflow/.local/lib/python3.8/site-packages/airflow/example_dags/example_branch_labels.py took 0.062 seconds
[2024-03-19T10:43:43.736+0000] {processor.py:161} INFO - Started process (PID=396) to work on /home/airflow/.local/lib/python3.8/site-packages/airflow/example_dags/example_branch_labels.py
[2024-03-19T10:43:43.737+0000] {processor.py:830} INFO - Processing file /home/airflow/.local/lib/python3.8/site-packages/airflow/example_dags/example_branch_labels.py for tasks to queue
[2024-03-19T10:43:43.739+0000] {logging_mixin.py:188} INFO - [2024-03-19T10:43:43.739+0000] {dagbag.py:540} INFO - Filling up the DagBag from /home/airflow/.local/lib/python3.8/site-packages/airflow/example_dags/example_branch_labels.py
[2024-03-19T10:43:43.751+0000] {processor.py:840} INFO - DAG(s) 'example_branch_labels' retrieved from /home/airflow/.local/lib/python3.8/site-packages/airflow/example_dags/example_branch_labels.py
[2024-03-19T10:43:43.768+0000] {logging_mixin.py:188} INFO - [2024-03-19T10:43:43.768+0000] {dag.py:3047} INFO - Sync 1 DAGs
[2024-03-19T10:43:43.784+0000] {logging_mixin.py:188} INFO - [2024-03-19T10:43:43.784+0000] {dag.py:3834} INFO - Setting next_dagrun for example_branch_labels to 2024-03-18 00:00:00+00:00, run_after=2024-03-19 00:00:00+00:00
[2024-03-19T10:43:43.795+0000] {processor.py:183} INFO - Processing /home/airflow/.local/lib/python3.8/site-packages/airflow/example_dags/example_branch_labels.py took 0.065 seconds
[2024-03-19T10:44:14.137+0000] {processor.py:161} INFO - Started process (PID=452) to work on /home/airflow/.local/lib/python3.8/site-packages/airflow/example_dags/example_branch_labels.py
[2024-03-19T10:44:14.139+0000] {processor.py:830} INFO - Processing file /home/airflow/.local/lib/python3.8/site-packages/airflow/example_dags/example_branch_labels.py for tasks to queue
[2024-03-19T10:44:14.142+0000] {logging_mixin.py:188} INFO - [2024-03-19T10:44:14.141+0000] {dagbag.py:540} INFO - Filling up the DagBag from /home/airflow/.local/lib/python3.8/site-packages/airflow/example_dags/example_branch_labels.py
[2024-03-19T10:44:14.150+0000] {processor.py:840} INFO - DAG(s) 'example_branch_labels' retrieved from /home/airflow/.local/lib/python3.8/site-packages/airflow/example_dags/example_branch_labels.py
[2024-03-19T10:44:14.167+0000] {logging_mixin.py:188} INFO - [2024-03-19T10:44:14.167+0000] {dag.py:3047} INFO - Sync 1 DAGs
[2024-03-19T10:44:14.182+0000] {logging_mixin.py:188} INFO - [2024-03-19T10:44:14.182+0000] {dag.py:3834} INFO - Setting next_dagrun for example_branch_labels to 2024-03-18 00:00:00+00:00, run_after=2024-03-19 00:00:00+00:00
[2024-03-19T10:44:14.193+0000] {processor.py:183} INFO - Processing /home/airflow/.local/lib/python3.8/site-packages/airflow/example_dags/example_branch_labels.py took 0.062 seconds
[2024-03-19T10:44:44.831+0000] {processor.py:161} INFO - Started process (PID=508) to work on /home/airflow/.local/lib/python3.8/site-packages/airflow/example_dags/example_branch_labels.py
[2024-03-19T10:44:44.833+0000] {processor.py:830} INFO - Processing file /home/airflow/.local/lib/python3.8/site-packages/airflow/example_dags/example_branch_labels.py for tasks to queue
[2024-03-19T10:44:44.835+0000] {logging_mixin.py:188} INFO - [2024-03-19T10:44:44.834+0000] {dagbag.py:540} INFO - Filling up the DagBag from /home/airflow/.local/lib/python3.8/site-packages/airflow/example_dags/example_branch_labels.py
[2024-03-19T10:44:44.845+0000] {processor.py:840} INFO - DAG(s) 'example_branch_labels' retrieved from /home/airflow/.local/lib/python3.8/site-packages/airflow/example_dags/example_branch_labels.py
[2024-03-19T10:44:44.867+0000] {logging_mixin.py:188} INFO - [2024-03-19T10:44:44.867+0000] {dag.py:3047} INFO - Sync 1 DAGs
[2024-03-19T10:44:44.884+0000] {logging_mixin.py:188} INFO - [2024-03-19T10:44:44.884+0000] {dag.py:3834} INFO - Setting next_dagrun for example_branch_labels to 2024-03-18 00:00:00+00:00, run_after=2024-03-19 00:00:00+00:00
[2024-03-19T10:44:44.897+0000] {processor.py:183} INFO - Processing /home/airflow/.local/lib/python3.8/site-packages/airflow/example_dags/example_branch_labels.py took 0.070 seconds
[2024-03-19T10:45:15.477+0000] {processor.py:161} INFO - Started process (PID=564) to work on /home/airflow/.local/lib/python3.8/site-packages/airflow/example_dags/example_branch_labels.py
[2024-03-19T10:45:15.479+0000] {processor.py:830} INFO - Processing file /home/airflow/.local/lib/python3.8/site-packages/airflow/example_dags/example_branch_labels.py for tasks to queue
[2024-03-19T10:45:15.481+0000] {logging_mixin.py:188} INFO - [2024-03-19T10:45:15.481+0000] {dagbag.py:540} INFO - Filling up the DagBag from /home/airflow/.local/lib/python3.8/site-packages/airflow/example_dags/example_branch_labels.py
[2024-03-19T10:45:15.491+0000] {processor.py:840} INFO - DAG(s) 'example_branch_labels' retrieved from /home/airflow/.local/lib/python3.8/site-packages/airflow/example_dags/example_branch_labels.py
[2024-03-19T10:45:15.514+0000] {logging_mixin.py:188} INFO - [2024-03-19T10:45:15.514+0000] {dag.py:3047} INFO - Sync 1 DAGs
[2024-03-19T10:45:15.536+0000] {logging_mixin.py:188} INFO - [2024-03-19T10:45:15.536+0000] {dag.py:3834} INFO - Setting next_dagrun for example_branch_labels to 2024-03-18 00:00:00+00:00, run_after=2024-03-19 00:00:00+00:00
[2024-03-19T10:45:15.549+0000] {processor.py:183} INFO - Processing /home/airflow/.local/lib/python3.8/site-packages/airflow/example_dags/example_branch_labels.py took 0.076 seconds
[2024-03-19T10:45:46.456+0000] {processor.py:161} INFO - Started process (PID=620) to work on /home/airflow/.local/lib/python3.8/site-packages/airflow/example_dags/example_branch_labels.py
[2024-03-19T10:45:46.458+0000] {processor.py:830} INFO - Processing file /home/airflow/.local/lib/python3.8/site-packages/airflow/example_dags/example_branch_labels.py for tasks to queue
[2024-03-19T10:45:46.461+0000] {logging_mixin.py:188} INFO - [2024-03-19T10:45:46.461+0000] {dagbag.py:540} INFO - Filling up the DagBag from /home/airflow/.local/lib/python3.8/site-packages/airflow/example_dags/example_branch_labels.py
[2024-03-19T10:45:46.471+0000] {processor.py:840} INFO - DAG(s) 'example_branch_labels' retrieved from /home/airflow/.local/lib/python3.8/site-packages/airflow/example_dags/example_branch_labels.py
[2024-03-19T10:45:46.490+0000] {logging_mixin.py:188} INFO - [2024-03-19T10:45:46.490+0000] {dag.py:3047} INFO - Sync 1 DAGs
[2024-03-19T10:45:46.506+0000] {logging_mixin.py:188} INFO - [2024-03-19T10:45:46.506+0000] {dag.py:3834} INFO - Setting next_dagrun for example_branch_labels to 2024-03-18 00:00:00+00:00, run_after=2024-03-19 00:00:00+00:00
[2024-03-19T10:45:46.519+0000] {processor.py:183} INFO - Processing /home/airflow/.local/lib/python3.8/site-packages/airflow/example_dags/example_branch_labels.py took 0.071 seconds
[2024-03-19T10:46:16.955+0000] {processor.py:161} INFO - Started process (PID=676) to work on /home/airflow/.local/lib/python3.8/site-packages/airflow/example_dags/example_branch_labels.py
[2024-03-19T10:46:16.958+0000] {processor.py:830} INFO - Processing file /home/airflow/.local/lib/python3.8/site-packages/airflow/example_dags/example_branch_labels.py for tasks to queue
[2024-03-19T10:46:16.962+0000] {logging_mixin.py:188} INFO - [2024-03-19T10:46:16.962+0000] {dagbag.py:540} INFO - Filling up the DagBag from /home/airflow/.local/lib/python3.8/site-packages/airflow/example_dags/example_branch_labels.py
[2024-03-19T10:46:16.976+0000] {processor.py:840} INFO - DAG(s) 'example_branch_labels' retrieved from /home/airflow/.local/lib/python3.8/site-packages/airflow/example_dags/example_branch_labels.py
[2024-03-19T10:46:17.052+0000] {logging_mixin.py:188} INFO - [2024-03-19T10:46:17.052+0000] {dag.py:3047} INFO - Sync 1 DAGs
[2024-03-19T10:46:17.083+0000] {logging_mixin.py:188} INFO - [2024-03-19T10:46:17.083+0000] {dag.py:3834} INFO - Setting next_dagrun for example_branch_labels to 2024-03-18 00:00:00+00:00, run_after=2024-03-19 00:00:00+00:00
[2024-03-19T10:46:17.111+0000] {processor.py:183} INFO - Processing /home/airflow/.local/lib/python3.8/site-packages/airflow/example_dags/example_branch_labels.py took 0.168 seconds
[2024-03-19T10:46:47.909+0000] {processor.py:161} INFO - Started process (PID=732) to work on /home/airflow/.local/lib/python3.8/site-packages/airflow/example_dags/example_branch_labels.py
[2024-03-19T10:46:47.911+0000] {processor.py:830} INFO - Processing file /home/airflow/.local/lib/python3.8/site-packages/airflow/example_dags/example_branch_labels.py for tasks to queue
[2024-03-19T10:46:47.914+0000] {logging_mixin.py:188} INFO - [2024-03-19T10:46:47.914+0000] {dagbag.py:540} INFO - Filling up the DagBag from /home/airflow/.local/lib/python3.8/site-packages/airflow/example_dags/example_branch_labels.py
[2024-03-19T10:46:47.926+0000] {processor.py:840} INFO - DAG(s) 'example_branch_labels' retrieved from /home/airflow/.local/lib/python3.8/site-packages/airflow/example_dags/example_branch_labels.py
[2024-03-19T10:46:47.957+0000] {logging_mixin.py:188} INFO - [2024-03-19T10:46:47.956+0000] {dag.py:3047} INFO - Sync 1 DAGs
[2024-03-19T10:46:48.006+0000] {logging_mixin.py:188} INFO - [2024-03-19T10:46:48.006+0000] {dag.py:3834} INFO - Setting next_dagrun for example_branch_labels to 2024-03-18 00:00:00+00:00, run_after=2024-03-19 00:00:00+00:00
[2024-03-19T10:46:48.032+0000] {processor.py:183} INFO - Processing /home/airflow/.local/lib/python3.8/site-packages/airflow/example_dags/example_branch_labels.py took 0.129 seconds
[2024-03-19T10:47:18.239+0000] {processor.py:161} INFO - Started process (PID=788) to work on /home/airflow/.local/lib/python3.8/site-packages/airflow/example_dags/example_branch_labels.py
[2024-03-19T10:47:18.241+0000] {processor.py:830} INFO - Processing file /home/airflow/.local/lib/python3.8/site-packages/airflow/example_dags/example_branch_labels.py for tasks to queue
[2024-03-19T10:47:18.243+0000] {logging_mixin.py:188} INFO - [2024-03-19T10:47:18.243+0000] {dagbag.py:540} INFO - Filling up the DagBag from /home/airflow/.local/lib/python3.8/site-packages/airflow/example_dags/example_branch_labels.py
[2024-03-19T10:47:18.252+0000] {processor.py:840} INFO - DAG(s) 'example_branch_labels' retrieved from /home/airflow/.local/lib/python3.8/site-packages/airflow/example_dags/example_branch_labels.py
[2024-03-19T10:47:18.277+0000] {logging_mixin.py:188} INFO - [2024-03-19T10:47:18.276+0000] {dag.py:3047} INFO - Sync 1 DAGs
[2024-03-19T10:47:18.304+0000] {logging_mixin.py:188} INFO - [2024-03-19T10:47:18.304+0000] {dag.py:3834} INFO - Setting next_dagrun for example_branch_labels to 2024-03-18 00:00:00+00:00, run_after=2024-03-19 00:00:00+00:00
[2024-03-19T10:47:18.320+0000] {processor.py:183} INFO - Processing /home/airflow/.local/lib/python3.8/site-packages/airflow/example_dags/example_branch_labels.py took 0.085 seconds
[2024-03-19T10:47:48.530+0000] {processor.py:161} INFO - Started process (PID=844) to work on /home/airflow/.local/lib/python3.8/site-packages/airflow/example_dags/example_branch_labels.py
[2024-03-19T10:47:48.532+0000] {processor.py:830} INFO - Processing file /home/airflow/.local/lib/python3.8/site-packages/airflow/example_dags/example_branch_labels.py for tasks to queue
[2024-03-19T10:47:48.535+0000] {logging_mixin.py:188} INFO - [2024-03-19T10:47:48.535+0000] {dagbag.py:540} INFO - Filling up the DagBag from /home/airflow/.local/lib/python3.8/site-packages/airflow/example_dags/example_branch_labels.py
[2024-03-19T10:47:48.548+0000] {processor.py:840} INFO - DAG(s) 'example_branch_labels' retrieved from /home/airflow/.local/lib/python3.8/site-packages/airflow/example_dags/example_branch_labels.py
[2024-03-19T10:47:48.572+0000] {logging_mixin.py:188} INFO - [2024-03-19T10:47:48.572+0000] {dag.py:3047} INFO - Sync 1 DAGs
[2024-03-19T10:47:48.594+0000] {logging_mixin.py:188} INFO - [2024-03-19T10:47:48.594+0000] {dag.py:3834} INFO - Setting next_dagrun for example_branch_labels to 2024-03-18 00:00:00+00:00, run_after=2024-03-19 00:00:00+00:00
[2024-03-19T10:47:48.612+0000] {processor.py:183} INFO - Processing /home/airflow/.local/lib/python3.8/site-packages/airflow/example_dags/example_branch_labels.py took 0.088 seconds
[2024-03-19T10:48:18.781+0000] {processor.py:161} INFO - Started process (PID=900) to work on /home/airflow/.local/lib/python3.8/site-packages/airflow/example_dags/example_branch_labels.py
[2024-03-19T10:48:18.783+0000] {processor.py:830} INFO - Processing file /home/airflow/.local/lib/python3.8/site-packages/airflow/example_dags/example_branch_labels.py for tasks to queue
[2024-03-19T10:48:18.786+0000] {logging_mixin.py:188} INFO - [2024-03-19T10:48:18.786+0000] {dagbag.py:540} INFO - Filling up the DagBag from /home/airflow/.local/lib/python3.8/site-packages/airflow/example_dags/example_branch_labels.py
[2024-03-19T10:48:18.795+0000] {processor.py:840} INFO - DAG(s) 'example_branch_labels' retrieved from /home/airflow/.local/lib/python3.8/site-packages/airflow/example_dags/example_branch_labels.py
[2024-03-19T10:48:18.814+0000] {logging_mixin.py:188} INFO - [2024-03-19T10:48:18.814+0000] {dag.py:3047} INFO - Sync 1 DAGs
[2024-03-19T10:48:18.830+0000] {logging_mixin.py:188} INFO - [2024-03-19T10:48:18.830+0000] {dag.py:3834} INFO - Setting next_dagrun for example_branch_labels to 2024-03-18 00:00:00+00:00, run_after=2024-03-19 00:00:00+00:00
[2024-03-19T10:48:18.841+0000] {processor.py:183} INFO - Processing /home/airflow/.local/lib/python3.8/site-packages/airflow/example_dags/example_branch_labels.py took 0.066 seconds
[2024-03-19T10:48:49.023+0000] {processor.py:161} INFO - Started process (PID=956) to work on /home/airflow/.local/lib/python3.8/site-packages/airflow/example_dags/example_branch_labels.py
[2024-03-19T10:48:49.025+0000] {processor.py:830} INFO - Processing file /home/airflow/.local/lib/python3.8/site-packages/airflow/example_dags/example_branch_labels.py for tasks to queue
[2024-03-19T10:48:49.027+0000] {logging_mixin.py:188} INFO - [2024-03-19T10:48:49.026+0000] {dagbag.py:540} INFO - Filling up the DagBag from /home/airflow/.local/lib/python3.8/site-packages/airflow/example_dags/example_branch_labels.py
[2024-03-19T10:48:49.034+0000] {processor.py:840} INFO - DAG(s) 'example_branch_labels' retrieved from /home/airflow/.local/lib/python3.8/site-packages/airflow/example_dags/example_branch_labels.py
[2024-03-19T10:48:49.053+0000] {logging_mixin.py:188} INFO - [2024-03-19T10:48:49.053+0000] {dag.py:3047} INFO - Sync 1 DAGs
[2024-03-19T10:48:49.069+0000] {logging_mixin.py:188} INFO - [2024-03-19T10:48:49.069+0000] {dag.py:3834} INFO - Setting next_dagrun for example_branch_labels to 2024-03-18 00:00:00+00:00, run_after=2024-03-19 00:00:00+00:00
[2024-03-19T10:48:49.081+0000] {processor.py:183} INFO - Processing /home/airflow/.local/lib/python3.8/site-packages/airflow/example_dags/example_branch_labels.py took 0.063 seconds
[2024-03-19T10:49:19.553+0000] {processor.py:161} INFO - Started process (PID=1012) to work on /home/airflow/.local/lib/python3.8/site-packages/airflow/example_dags/example_branch_labels.py
[2024-03-19T10:49:19.555+0000] {processor.py:830} INFO - Processing file /home/airflow/.local/lib/python3.8/site-packages/airflow/example_dags/example_branch_labels.py for tasks to queue
[2024-03-19T10:49:19.558+0000] {logging_mixin.py:188} INFO - [2024-03-19T10:49:19.557+0000] {dagbag.py:540} INFO - Filling up the DagBag from /home/airflow/.local/lib/python3.8/site-packages/airflow/example_dags/example_branch_labels.py
[2024-03-19T10:49:19.568+0000] {processor.py:840} INFO - DAG(s) 'example_branch_labels' retrieved from /home/airflow/.local/lib/python3.8/site-packages/airflow/example_dags/example_branch_labels.py
[2024-03-19T10:49:19.587+0000] {logging_mixin.py:188} INFO - [2024-03-19T10:49:19.587+0000] {dag.py:3047} INFO - Sync 1 DAGs
[2024-03-19T10:49:19.605+0000] {logging_mixin.py:188} INFO - [2024-03-19T10:49:19.605+0000] {dag.py:3834} INFO - Setting next_dagrun for example_branch_labels to 2024-03-18 00:00:00+00:00, run_after=2024-03-19 00:00:00+00:00
[2024-03-19T10:49:19.617+0000] {processor.py:183} INFO - Processing /home/airflow/.local/lib/python3.8/site-packages/airflow/example_dags/example_branch_labels.py took 0.070 seconds
