[2024-03-19T10:40:38.460+0000] {processor.py:161} INFO - Started process (PID=53) to work on /home/airflow/.local/lib/python3.8/site-packages/airflow/example_dags/example_subdag_operator.py
[2024-03-19T10:40:38.463+0000] {processor.py:830} INFO - Processing file /home/airflow/.local/lib/python3.8/site-packages/airflow/example_dags/example_subdag_operator.py for tasks to queue
[2024-03-19T10:40:38.467+0000] {logging_mixin.py:188} INFO - [2024-03-19T10:40:38.466+0000] {dagbag.py:540} INFO - Filling up the DagBag from /home/airflow/.local/lib/python3.8/site-packages/airflow/example_dags/example_subdag_operator.py
[2024-03-19T10:40:38.546+0000] {processor.py:840} INFO - DAG(s) 'example_subdag_operator.section-1', 'example_subdag_operator.section-2', 'example_subdag_operator' retrieved from /home/airflow/.local/lib/python3.8/site-packages/airflow/example_dags/example_subdag_operator.py
[2024-03-19T10:40:38.554+0000] {logging_mixin.py:188} INFO - [2024-03-19T10:40:38.553+0000] {dag.py:3047} INFO - Sync 3 DAGs
[2024-03-19T10:40:38.613+0000] {logging_mixin.py:188} INFO - [2024-03-19T10:40:38.610+0000] {dag.py:3834} INFO - Setting next_dagrun for example_subdag_operator to 2022-01-01 00:00:00+00:00, run_after=2022-01-01 00:00:00+00:00
[2024-03-19T10:40:38.621+0000] {logging_mixin.py:188} INFO - [2024-03-19T10:40:38.621+0000] {dag.py:3834} INFO - Setting next_dagrun for example_subdag_operator.section-1 to None, run_after=None
[2024-03-19T10:40:38.623+0000] {logging_mixin.py:188} INFO - [2024-03-19T10:40:38.623+0000] {dag.py:3834} INFO - Setting next_dagrun for example_subdag_operator.section-2 to None, run_after=None
[2024-03-19T10:40:38.638+0000] {logging_mixin.py:188} INFO - [2024-03-19T10:40:38.638+0000] {dag.py:3047} INFO - Sync 2 DAGs
[2024-03-19T10:40:38.646+0000] {logging_mixin.py:188} INFO - [2024-03-19T10:40:38.646+0000] {dag.py:3834} INFO - Setting next_dagrun for example_subdag_operator.section-1 to None, run_after=None
[2024-03-19T10:40:38.647+0000] {logging_mixin.py:188} INFO - [2024-03-19T10:40:38.647+0000] {dag.py:3834} INFO - Setting next_dagrun for example_subdag_operator.section-2 to None, run_after=None
[2024-03-19T10:40:38.673+0000] {processor.py:183} INFO - Processing /home/airflow/.local/lib/python3.8/site-packages/airflow/example_dags/example_subdag_operator.py took 0.223 seconds
[2024-03-19T10:41:09.460+0000] {processor.py:161} INFO - Started process (PID=109) to work on /home/airflow/.local/lib/python3.8/site-packages/airflow/example_dags/example_subdag_operator.py
[2024-03-19T10:41:09.461+0000] {processor.py:830} INFO - Processing file /home/airflow/.local/lib/python3.8/site-packages/airflow/example_dags/example_subdag_operator.py for tasks to queue
[2024-03-19T10:41:09.463+0000] {logging_mixin.py:188} INFO - [2024-03-19T10:41:09.463+0000] {dagbag.py:540} INFO - Filling up the DagBag from /home/airflow/.local/lib/python3.8/site-packages/airflow/example_dags/example_subdag_operator.py
[2024-03-19T10:41:09.484+0000] {processor.py:840} INFO - DAG(s) 'example_subdag_operator.section-1', 'example_subdag_operator.section-2', 'example_subdag_operator' retrieved from /home/airflow/.local/lib/python3.8/site-packages/airflow/example_dags/example_subdag_operator.py
[2024-03-19T10:41:09.547+0000] {logging_mixin.py:188} INFO - [2024-03-19T10:41:09.547+0000] {dag.py:3047} INFO - Sync 3 DAGs
[2024-03-19T10:41:09.562+0000] {logging_mixin.py:188} INFO - [2024-03-19T10:41:09.561+0000] {dag.py:3834} INFO - Setting next_dagrun for example_subdag_operator to 2022-01-01 00:00:00+00:00, run_after=2022-01-01 00:00:00+00:00
[2024-03-19T10:41:09.563+0000] {logging_mixin.py:188} INFO - [2024-03-19T10:41:09.563+0000] {dag.py:3834} INFO - Setting next_dagrun for example_subdag_operator.section-1 to None, run_after=None
[2024-03-19T10:41:09.565+0000] {logging_mixin.py:188} INFO - [2024-03-19T10:41:09.564+0000] {dag.py:3834} INFO - Setting next_dagrun for example_subdag_operator.section-2 to None, run_after=None
[2024-03-19T10:41:09.571+0000] {logging_mixin.py:188} INFO - [2024-03-19T10:41:09.570+0000] {dag.py:3047} INFO - Sync 2 DAGs
[2024-03-19T10:41:09.574+0000] {logging_mixin.py:188} INFO - [2024-03-19T10:41:09.574+0000] {dag.py:3834} INFO - Setting next_dagrun for example_subdag_operator.section-1 to None, run_after=None
[2024-03-19T10:41:09.574+0000] {logging_mixin.py:188} INFO - [2024-03-19T10:41:09.574+0000] {dag.py:3834} INFO - Setting next_dagrun for example_subdag_operator.section-2 to None, run_after=None
[2024-03-19T10:41:09.582+0000] {processor.py:183} INFO - Processing /home/airflow/.local/lib/python3.8/site-packages/airflow/example_dags/example_subdag_operator.py took 0.126 seconds
[2024-03-19T10:41:39.688+0000] {processor.py:161} INFO - Started process (PID=165) to work on /home/airflow/.local/lib/python3.8/site-packages/airflow/example_dags/example_subdag_operator.py
[2024-03-19T10:41:39.689+0000] {processor.py:830} INFO - Processing file /home/airflow/.local/lib/python3.8/site-packages/airflow/example_dags/example_subdag_operator.py for tasks to queue
[2024-03-19T10:41:39.691+0000] {logging_mixin.py:188} INFO - [2024-03-19T10:41:39.691+0000] {dagbag.py:540} INFO - Filling up the DagBag from /home/airflow/.local/lib/python3.8/site-packages/airflow/example_dags/example_subdag_operator.py
[2024-03-19T10:41:39.710+0000] {processor.py:840} INFO - DAG(s) 'example_subdag_operator.section-1', 'example_subdag_operator.section-2', 'example_subdag_operator' retrieved from /home/airflow/.local/lib/python3.8/site-packages/airflow/example_dags/example_subdag_operator.py
[2024-03-19T10:41:39.721+0000] {logging_mixin.py:188} INFO - [2024-03-19T10:41:39.720+0000] {dag.py:3047} INFO - Sync 3 DAGs
[2024-03-19T10:41:39.736+0000] {logging_mixin.py:188} INFO - [2024-03-19T10:41:39.736+0000] {dag.py:3834} INFO - Setting next_dagrun for example_subdag_operator to 2022-01-01 00:00:00+00:00, run_after=2022-01-01 00:00:00+00:00
[2024-03-19T10:41:39.740+0000] {logging_mixin.py:188} INFO - [2024-03-19T10:41:39.740+0000] {dag.py:3834} INFO - Setting next_dagrun for example_subdag_operator.section-1 to None, run_after=None
[2024-03-19T10:41:39.742+0000] {logging_mixin.py:188} INFO - [2024-03-19T10:41:39.742+0000] {dag.py:3834} INFO - Setting next_dagrun for example_subdag_operator.section-2 to None, run_after=None
[2024-03-19T10:41:39.750+0000] {logging_mixin.py:188} INFO - [2024-03-19T10:41:39.750+0000] {dag.py:3047} INFO - Sync 2 DAGs
[2024-03-19T10:41:39.754+0000] {logging_mixin.py:188} INFO - [2024-03-19T10:41:39.754+0000] {dag.py:3834} INFO - Setting next_dagrun for example_subdag_operator.section-1 to None, run_after=None
[2024-03-19T10:41:39.754+0000] {logging_mixin.py:188} INFO - [2024-03-19T10:41:39.754+0000] {dag.py:3834} INFO - Setting next_dagrun for example_subdag_operator.section-2 to None, run_after=None
[2024-03-19T10:41:39.762+0000] {processor.py:183} INFO - Processing /home/airflow/.local/lib/python3.8/site-packages/airflow/example_dags/example_subdag_operator.py took 0.077 seconds
[2024-03-19T10:42:10.730+0000] {processor.py:161} INFO - Started process (PID=221) to work on /home/airflow/.local/lib/python3.8/site-packages/airflow/example_dags/example_subdag_operator.py
[2024-03-19T10:42:10.732+0000] {processor.py:830} INFO - Processing file /home/airflow/.local/lib/python3.8/site-packages/airflow/example_dags/example_subdag_operator.py for tasks to queue
[2024-03-19T10:42:10.734+0000] {logging_mixin.py:188} INFO - [2024-03-19T10:42:10.734+0000] {dagbag.py:540} INFO - Filling up the DagBag from /home/airflow/.local/lib/python3.8/site-packages/airflow/example_dags/example_subdag_operator.py
[2024-03-19T10:42:10.767+0000] {processor.py:840} INFO - DAG(s) 'example_subdag_operator.section-1', 'example_subdag_operator.section-2', 'example_subdag_operator' retrieved from /home/airflow/.local/lib/python3.8/site-packages/airflow/example_dags/example_subdag_operator.py
[2024-03-19T10:42:10.781+0000] {logging_mixin.py:188} INFO - [2024-03-19T10:42:10.781+0000] {dag.py:3047} INFO - Sync 3 DAGs
[2024-03-19T10:42:10.800+0000] {logging_mixin.py:188} INFO - [2024-03-19T10:42:10.800+0000] {dag.py:3834} INFO - Setting next_dagrun for example_subdag_operator to 2022-01-01 00:00:00+00:00, run_after=2022-01-01 00:00:00+00:00
[2024-03-19T10:42:10.804+0000] {logging_mixin.py:188} INFO - [2024-03-19T10:42:10.804+0000] {dag.py:3834} INFO - Setting next_dagrun for example_subdag_operator.section-1 to None, run_after=None
[2024-03-19T10:42:10.805+0000] {logging_mixin.py:188} INFO - [2024-03-19T10:42:10.805+0000] {dag.py:3834} INFO - Setting next_dagrun for example_subdag_operator.section-2 to None, run_after=None
[2024-03-19T10:42:10.810+0000] {logging_mixin.py:188} INFO - [2024-03-19T10:42:10.810+0000] {dag.py:3047} INFO - Sync 2 DAGs
[2024-03-19T10:42:10.814+0000] {logging_mixin.py:188} INFO - [2024-03-19T10:42:10.814+0000] {dag.py:3834} INFO - Setting next_dagrun for example_subdag_operator.section-1 to None, run_after=None
[2024-03-19T10:42:10.815+0000] {logging_mixin.py:188} INFO - [2024-03-19T10:42:10.815+0000] {dag.py:3834} INFO - Setting next_dagrun for example_subdag_operator.section-2 to None, run_after=None
[2024-03-19T10:42:10.825+0000] {processor.py:183} INFO - Processing /home/airflow/.local/lib/python3.8/site-packages/airflow/example_dags/example_subdag_operator.py took 0.099 seconds
[2024-03-19T10:42:41.507+0000] {processor.py:161} INFO - Started process (PID=277) to work on /home/airflow/.local/lib/python3.8/site-packages/airflow/example_dags/example_subdag_operator.py
[2024-03-19T10:42:41.510+0000] {processor.py:830} INFO - Processing file /home/airflow/.local/lib/python3.8/site-packages/airflow/example_dags/example_subdag_operator.py for tasks to queue
[2024-03-19T10:42:41.512+0000] {logging_mixin.py:188} INFO - [2024-03-19T10:42:41.512+0000] {dagbag.py:540} INFO - Filling up the DagBag from /home/airflow/.local/lib/python3.8/site-packages/airflow/example_dags/example_subdag_operator.py
[2024-03-19T10:42:41.532+0000] {processor.py:840} INFO - DAG(s) 'example_subdag_operator.section-1', 'example_subdag_operator.section-2', 'example_subdag_operator' retrieved from /home/airflow/.local/lib/python3.8/site-packages/airflow/example_dags/example_subdag_operator.py
[2024-03-19T10:42:41.543+0000] {logging_mixin.py:188} INFO - [2024-03-19T10:42:41.542+0000] {dag.py:3047} INFO - Sync 3 DAGs
[2024-03-19T10:42:41.558+0000] {logging_mixin.py:188} INFO - [2024-03-19T10:42:41.558+0000] {dag.py:3834} INFO - Setting next_dagrun for example_subdag_operator to 2022-01-01 00:00:00+00:00, run_after=2022-01-01 00:00:00+00:00
[2024-03-19T10:42:41.560+0000] {logging_mixin.py:188} INFO - [2024-03-19T10:42:41.560+0000] {dag.py:3834} INFO - Setting next_dagrun for example_subdag_operator.section-1 to None, run_after=None
[2024-03-19T10:42:41.561+0000] {logging_mixin.py:188} INFO - [2024-03-19T10:42:41.561+0000] {dag.py:3834} INFO - Setting next_dagrun for example_subdag_operator.section-2 to None, run_after=None
[2024-03-19T10:42:41.566+0000] {logging_mixin.py:188} INFO - [2024-03-19T10:42:41.566+0000] {dag.py:3047} INFO - Sync 2 DAGs
[2024-03-19T10:42:41.570+0000] {logging_mixin.py:188} INFO - [2024-03-19T10:42:41.570+0000] {dag.py:3834} INFO - Setting next_dagrun for example_subdag_operator.section-1 to None, run_after=None
[2024-03-19T10:42:41.570+0000] {logging_mixin.py:188} INFO - [2024-03-19T10:42:41.570+0000] {dag.py:3834} INFO - Setting next_dagrun for example_subdag_operator.section-2 to None, run_after=None
[2024-03-19T10:42:41.577+0000] {processor.py:183} INFO - Processing /home/airflow/.local/lib/python3.8/site-packages/airflow/example_dags/example_subdag_operator.py took 0.074 seconds
[2024-03-19T10:43:11.982+0000] {processor.py:161} INFO - Started process (PID=333) to work on /home/airflow/.local/lib/python3.8/site-packages/airflow/example_dags/example_subdag_operator.py
[2024-03-19T10:43:11.984+0000] {processor.py:830} INFO - Processing file /home/airflow/.local/lib/python3.8/site-packages/airflow/example_dags/example_subdag_operator.py for tasks to queue
[2024-03-19T10:43:11.986+0000] {logging_mixin.py:188} INFO - [2024-03-19T10:43:11.985+0000] {dagbag.py:540} INFO - Filling up the DagBag from /home/airflow/.local/lib/python3.8/site-packages/airflow/example_dags/example_subdag_operator.py
[2024-03-19T10:43:12.004+0000] {processor.py:840} INFO - DAG(s) 'example_subdag_operator.section-1', 'example_subdag_operator.section-2', 'example_subdag_operator' retrieved from /home/airflow/.local/lib/python3.8/site-packages/airflow/example_dags/example_subdag_operator.py
[2024-03-19T10:43:12.015+0000] {logging_mixin.py:188} INFO - [2024-03-19T10:43:12.015+0000] {dag.py:3047} INFO - Sync 3 DAGs
[2024-03-19T10:43:12.029+0000] {logging_mixin.py:188} INFO - [2024-03-19T10:43:12.029+0000] {dag.py:3834} INFO - Setting next_dagrun for example_subdag_operator to 2022-01-01 00:00:00+00:00, run_after=2022-01-01 00:00:00+00:00
[2024-03-19T10:43:12.032+0000] {logging_mixin.py:188} INFO - [2024-03-19T10:43:12.032+0000] {dag.py:3834} INFO - Setting next_dagrun for example_subdag_operator.section-1 to None, run_after=None
[2024-03-19T10:43:12.033+0000] {logging_mixin.py:188} INFO - [2024-03-19T10:43:12.033+0000] {dag.py:3834} INFO - Setting next_dagrun for example_subdag_operator.section-2 to None, run_after=None
[2024-03-19T10:43:12.037+0000] {logging_mixin.py:188} INFO - [2024-03-19T10:43:12.037+0000] {dag.py:3047} INFO - Sync 2 DAGs
[2024-03-19T10:43:12.041+0000] {logging_mixin.py:188} INFO - [2024-03-19T10:43:12.041+0000] {dag.py:3834} INFO - Setting next_dagrun for example_subdag_operator.section-1 to None, run_after=None
[2024-03-19T10:43:12.041+0000] {logging_mixin.py:188} INFO - [2024-03-19T10:43:12.041+0000] {dag.py:3834} INFO - Setting next_dagrun for example_subdag_operator.section-2 to None, run_after=None
[2024-03-19T10:43:12.048+0000] {processor.py:183} INFO - Processing /home/airflow/.local/lib/python3.8/site-packages/airflow/example_dags/example_subdag_operator.py took 0.070 seconds
[2024-03-19T10:43:42.435+0000] {processor.py:161} INFO - Started process (PID=389) to work on /home/airflow/.local/lib/python3.8/site-packages/airflow/example_dags/example_subdag_operator.py
[2024-03-19T10:43:42.437+0000] {processor.py:830} INFO - Processing file /home/airflow/.local/lib/python3.8/site-packages/airflow/example_dags/example_subdag_operator.py for tasks to queue
[2024-03-19T10:43:42.439+0000] {logging_mixin.py:188} INFO - [2024-03-19T10:43:42.439+0000] {dagbag.py:540} INFO - Filling up the DagBag from /home/airflow/.local/lib/python3.8/site-packages/airflow/example_dags/example_subdag_operator.py
[2024-03-19T10:43:42.457+0000] {processor.py:840} INFO - DAG(s) 'example_subdag_operator.section-1', 'example_subdag_operator.section-2', 'example_subdag_operator' retrieved from /home/airflow/.local/lib/python3.8/site-packages/airflow/example_dags/example_subdag_operator.py
[2024-03-19T10:43:42.468+0000] {logging_mixin.py:188} INFO - [2024-03-19T10:43:42.468+0000] {dag.py:3047} INFO - Sync 3 DAGs
[2024-03-19T10:43:42.482+0000] {logging_mixin.py:188} INFO - [2024-03-19T10:43:42.482+0000] {dag.py:3834} INFO - Setting next_dagrun for example_subdag_operator to 2022-01-01 00:00:00+00:00, run_after=2022-01-01 00:00:00+00:00
[2024-03-19T10:43:42.484+0000] {logging_mixin.py:188} INFO - [2024-03-19T10:43:42.484+0000] {dag.py:3834} INFO - Setting next_dagrun for example_subdag_operator.section-1 to None, run_after=None
[2024-03-19T10:43:42.485+0000] {logging_mixin.py:188} INFO - [2024-03-19T10:43:42.485+0000] {dag.py:3834} INFO - Setting next_dagrun for example_subdag_operator.section-2 to None, run_after=None
[2024-03-19T10:43:42.491+0000] {logging_mixin.py:188} INFO - [2024-03-19T10:43:42.491+0000] {dag.py:3047} INFO - Sync 2 DAGs
[2024-03-19T10:43:42.494+0000] {logging_mixin.py:188} INFO - [2024-03-19T10:43:42.494+0000] {dag.py:3834} INFO - Setting next_dagrun for example_subdag_operator.section-1 to None, run_after=None
[2024-03-19T10:43:42.495+0000] {logging_mixin.py:188} INFO - [2024-03-19T10:43:42.495+0000] {dag.py:3834} INFO - Setting next_dagrun for example_subdag_operator.section-2 to None, run_after=None
[2024-03-19T10:43:42.501+0000] {processor.py:183} INFO - Processing /home/airflow/.local/lib/python3.8/site-packages/airflow/example_dags/example_subdag_operator.py took 0.070 seconds
[2024-03-19T10:44:12.825+0000] {processor.py:161} INFO - Started process (PID=445) to work on /home/airflow/.local/lib/python3.8/site-packages/airflow/example_dags/example_subdag_operator.py
[2024-03-19T10:44:12.827+0000] {processor.py:830} INFO - Processing file /home/airflow/.local/lib/python3.8/site-packages/airflow/example_dags/example_subdag_operator.py for tasks to queue
[2024-03-19T10:44:12.829+0000] {logging_mixin.py:188} INFO - [2024-03-19T10:44:12.828+0000] {dagbag.py:540} INFO - Filling up the DagBag from /home/airflow/.local/lib/python3.8/site-packages/airflow/example_dags/example_subdag_operator.py
[2024-03-19T10:44:12.848+0000] {processor.py:840} INFO - DAG(s) 'example_subdag_operator.section-1', 'example_subdag_operator.section-2', 'example_subdag_operator' retrieved from /home/airflow/.local/lib/python3.8/site-packages/airflow/example_dags/example_subdag_operator.py
[2024-03-19T10:44:12.858+0000] {logging_mixin.py:188} INFO - [2024-03-19T10:44:12.858+0000] {dag.py:3047} INFO - Sync 3 DAGs
[2024-03-19T10:44:12.873+0000] {logging_mixin.py:188} INFO - [2024-03-19T10:44:12.872+0000] {dag.py:3834} INFO - Setting next_dagrun for example_subdag_operator to 2022-01-01 00:00:00+00:00, run_after=2022-01-01 00:00:00+00:00
[2024-03-19T10:44:12.876+0000] {logging_mixin.py:188} INFO - [2024-03-19T10:44:12.876+0000] {dag.py:3834} INFO - Setting next_dagrun for example_subdag_operator.section-1 to None, run_after=None
[2024-03-19T10:44:12.877+0000] {logging_mixin.py:188} INFO - [2024-03-19T10:44:12.876+0000] {dag.py:3834} INFO - Setting next_dagrun for example_subdag_operator.section-2 to None, run_after=None
[2024-03-19T10:44:12.881+0000] {logging_mixin.py:188} INFO - [2024-03-19T10:44:12.881+0000] {dag.py:3047} INFO - Sync 2 DAGs
[2024-03-19T10:44:12.885+0000] {logging_mixin.py:188} INFO - [2024-03-19T10:44:12.885+0000] {dag.py:3834} INFO - Setting next_dagrun for example_subdag_operator.section-1 to None, run_after=None
[2024-03-19T10:44:12.885+0000] {logging_mixin.py:188} INFO - [2024-03-19T10:44:12.885+0000] {dag.py:3834} INFO - Setting next_dagrun for example_subdag_operator.section-2 to None, run_after=None
[2024-03-19T10:44:12.892+0000] {processor.py:183} INFO - Processing /home/airflow/.local/lib/python3.8/site-packages/airflow/example_dags/example_subdag_operator.py took 0.070 seconds
[2024-03-19T10:44:43.501+0000] {processor.py:161} INFO - Started process (PID=501) to work on /home/airflow/.local/lib/python3.8/site-packages/airflow/example_dags/example_subdag_operator.py
[2024-03-19T10:44:43.502+0000] {processor.py:830} INFO - Processing file /home/airflow/.local/lib/python3.8/site-packages/airflow/example_dags/example_subdag_operator.py for tasks to queue
[2024-03-19T10:44:43.503+0000] {logging_mixin.py:188} INFO - [2024-03-19T10:44:43.503+0000] {dagbag.py:540} INFO - Filling up the DagBag from /home/airflow/.local/lib/python3.8/site-packages/airflow/example_dags/example_subdag_operator.py
[2024-03-19T10:44:43.522+0000] {processor.py:840} INFO - DAG(s) 'example_subdag_operator.section-1', 'example_subdag_operator.section-2', 'example_subdag_operator' retrieved from /home/airflow/.local/lib/python3.8/site-packages/airflow/example_dags/example_subdag_operator.py
[2024-03-19T10:44:43.533+0000] {logging_mixin.py:188} INFO - [2024-03-19T10:44:43.533+0000] {dag.py:3047} INFO - Sync 3 DAGs
[2024-03-19T10:44:43.552+0000] {logging_mixin.py:188} INFO - [2024-03-19T10:44:43.552+0000] {dag.py:3834} INFO - Setting next_dagrun for example_subdag_operator to 2022-01-01 00:00:00+00:00, run_after=2022-01-01 00:00:00+00:00
[2024-03-19T10:44:43.555+0000] {logging_mixin.py:188} INFO - [2024-03-19T10:44:43.554+0000] {dag.py:3834} INFO - Setting next_dagrun for example_subdag_operator.section-1 to None, run_after=None
[2024-03-19T10:44:43.556+0000] {logging_mixin.py:188} INFO - [2024-03-19T10:44:43.556+0000] {dag.py:3834} INFO - Setting next_dagrun for example_subdag_operator.section-2 to None, run_after=None
[2024-03-19T10:44:43.561+0000] {logging_mixin.py:188} INFO - [2024-03-19T10:44:43.561+0000] {dag.py:3047} INFO - Sync 2 DAGs
[2024-03-19T10:44:43.566+0000] {logging_mixin.py:188} INFO - [2024-03-19T10:44:43.565+0000] {dag.py:3834} INFO - Setting next_dagrun for example_subdag_operator.section-1 to None, run_after=None
[2024-03-19T10:44:43.566+0000] {logging_mixin.py:188} INFO - [2024-03-19T10:44:43.566+0000] {dag.py:3834} INFO - Setting next_dagrun for example_subdag_operator.section-2 to None, run_after=None
[2024-03-19T10:44:43.574+0000] {processor.py:183} INFO - Processing /home/airflow/.local/lib/python3.8/site-packages/airflow/example_dags/example_subdag_operator.py took 0.077 seconds
[2024-03-19T10:45:14.175+0000] {processor.py:161} INFO - Started process (PID=557) to work on /home/airflow/.local/lib/python3.8/site-packages/airflow/example_dags/example_subdag_operator.py
[2024-03-19T10:45:14.177+0000] {processor.py:830} INFO - Processing file /home/airflow/.local/lib/python3.8/site-packages/airflow/example_dags/example_subdag_operator.py for tasks to queue
[2024-03-19T10:45:14.179+0000] {logging_mixin.py:188} INFO - [2024-03-19T10:45:14.179+0000] {dagbag.py:540} INFO - Filling up the DagBag from /home/airflow/.local/lib/python3.8/site-packages/airflow/example_dags/example_subdag_operator.py
[2024-03-19T10:45:14.203+0000] {processor.py:840} INFO - DAG(s) 'example_subdag_operator.section-1', 'example_subdag_operator.section-2', 'example_subdag_operator' retrieved from /home/airflow/.local/lib/python3.8/site-packages/airflow/example_dags/example_subdag_operator.py
[2024-03-19T10:45:14.214+0000] {logging_mixin.py:188} INFO - [2024-03-19T10:45:14.214+0000] {dag.py:3047} INFO - Sync 3 DAGs
[2024-03-19T10:45:14.229+0000] {logging_mixin.py:188} INFO - [2024-03-19T10:45:14.229+0000] {dag.py:3834} INFO - Setting next_dagrun for example_subdag_operator to 2022-01-01 00:00:00+00:00, run_after=2022-01-01 00:00:00+00:00
[2024-03-19T10:45:14.231+0000] {logging_mixin.py:188} INFO - [2024-03-19T10:45:14.231+0000] {dag.py:3834} INFO - Setting next_dagrun for example_subdag_operator.section-1 to None, run_after=None
[2024-03-19T10:45:14.232+0000] {logging_mixin.py:188} INFO - [2024-03-19T10:45:14.232+0000] {dag.py:3834} INFO - Setting next_dagrun for example_subdag_operator.section-2 to None, run_after=None
[2024-03-19T10:45:14.238+0000] {logging_mixin.py:188} INFO - [2024-03-19T10:45:14.238+0000] {dag.py:3047} INFO - Sync 2 DAGs
[2024-03-19T10:45:14.242+0000] {logging_mixin.py:188} INFO - [2024-03-19T10:45:14.242+0000] {dag.py:3834} INFO - Setting next_dagrun for example_subdag_operator.section-1 to None, run_after=None
[2024-03-19T10:45:14.243+0000] {logging_mixin.py:188} INFO - [2024-03-19T10:45:14.242+0000] {dag.py:3834} INFO - Setting next_dagrun for example_subdag_operator.section-2 to None, run_after=None
[2024-03-19T10:45:14.250+0000] {processor.py:183} INFO - Processing /home/airflow/.local/lib/python3.8/site-packages/airflow/example_dags/example_subdag_operator.py took 0.080 seconds
[2024-03-19T10:45:45.084+0000] {processor.py:161} INFO - Started process (PID=613) to work on /home/airflow/.local/lib/python3.8/site-packages/airflow/example_dags/example_subdag_operator.py
[2024-03-19T10:45:45.085+0000] {processor.py:830} INFO - Processing file /home/airflow/.local/lib/python3.8/site-packages/airflow/example_dags/example_subdag_operator.py for tasks to queue
[2024-03-19T10:45:45.087+0000] {logging_mixin.py:188} INFO - [2024-03-19T10:45:45.087+0000] {dagbag.py:540} INFO - Filling up the DagBag from /home/airflow/.local/lib/python3.8/site-packages/airflow/example_dags/example_subdag_operator.py
[2024-03-19T10:45:45.111+0000] {processor.py:840} INFO - DAG(s) 'example_subdag_operator.section-1', 'example_subdag_operator.section-2', 'example_subdag_operator' retrieved from /home/airflow/.local/lib/python3.8/site-packages/airflow/example_dags/example_subdag_operator.py
[2024-03-19T10:45:45.123+0000] {logging_mixin.py:188} INFO - [2024-03-19T10:45:45.123+0000] {dag.py:3047} INFO - Sync 3 DAGs
[2024-03-19T10:45:45.142+0000] {logging_mixin.py:188} INFO - [2024-03-19T10:45:45.142+0000] {dag.py:3834} INFO - Setting next_dagrun for example_subdag_operator to 2022-01-01 00:00:00+00:00, run_after=2022-01-01 00:00:00+00:00
[2024-03-19T10:45:45.145+0000] {logging_mixin.py:188} INFO - [2024-03-19T10:45:45.144+0000] {dag.py:3834} INFO - Setting next_dagrun for example_subdag_operator.section-1 to None, run_after=None
[2024-03-19T10:45:45.146+0000] {logging_mixin.py:188} INFO - [2024-03-19T10:45:45.145+0000] {dag.py:3834} INFO - Setting next_dagrun for example_subdag_operator.section-2 to None, run_after=None
[2024-03-19T10:45:45.152+0000] {logging_mixin.py:188} INFO - [2024-03-19T10:45:45.152+0000] {dag.py:3047} INFO - Sync 2 DAGs
[2024-03-19T10:45:45.156+0000] {logging_mixin.py:188} INFO - [2024-03-19T10:45:45.156+0000] {dag.py:3834} INFO - Setting next_dagrun for example_subdag_operator.section-1 to None, run_after=None
[2024-03-19T10:45:45.156+0000] {logging_mixin.py:188} INFO - [2024-03-19T10:45:45.156+0000] {dag.py:3834} INFO - Setting next_dagrun for example_subdag_operator.section-2 to None, run_after=None
[2024-03-19T10:45:45.166+0000] {processor.py:183} INFO - Processing /home/airflow/.local/lib/python3.8/site-packages/airflow/example_dags/example_subdag_operator.py took 0.085 seconds
[2024-03-19T10:46:15.275+0000] {processor.py:161} INFO - Started process (PID=669) to work on /home/airflow/.local/lib/python3.8/site-packages/airflow/example_dags/example_subdag_operator.py
[2024-03-19T10:46:15.277+0000] {processor.py:830} INFO - Processing file /home/airflow/.local/lib/python3.8/site-packages/airflow/example_dags/example_subdag_operator.py for tasks to queue
[2024-03-19T10:46:15.279+0000] {logging_mixin.py:188} INFO - [2024-03-19T10:46:15.279+0000] {dagbag.py:540} INFO - Filling up the DagBag from /home/airflow/.local/lib/python3.8/site-packages/airflow/example_dags/example_subdag_operator.py
[2024-03-19T10:46:15.310+0000] {processor.py:840} INFO - DAG(s) 'example_subdag_operator.section-1', 'example_subdag_operator.section-2', 'example_subdag_operator' retrieved from /home/airflow/.local/lib/python3.8/site-packages/airflow/example_dags/example_subdag_operator.py
[2024-03-19T10:46:15.328+0000] {logging_mixin.py:188} INFO - [2024-03-19T10:46:15.327+0000] {dag.py:3047} INFO - Sync 3 DAGs
[2024-03-19T10:46:15.352+0000] {logging_mixin.py:188} INFO - [2024-03-19T10:46:15.352+0000] {dag.py:3834} INFO - Setting next_dagrun for example_subdag_operator to 2022-01-01 00:00:00+00:00, run_after=2022-01-01 00:00:00+00:00
[2024-03-19T10:46:15.356+0000] {logging_mixin.py:188} INFO - [2024-03-19T10:46:15.356+0000] {dag.py:3834} INFO - Setting next_dagrun for example_subdag_operator.section-1 to None, run_after=None
[2024-03-19T10:46:15.358+0000] {logging_mixin.py:188} INFO - [2024-03-19T10:46:15.357+0000] {dag.py:3834} INFO - Setting next_dagrun for example_subdag_operator.section-2 to None, run_after=None
[2024-03-19T10:46:15.365+0000] {logging_mixin.py:188} INFO - [2024-03-19T10:46:15.365+0000] {dag.py:3047} INFO - Sync 2 DAGs
[2024-03-19T10:46:15.370+0000] {logging_mixin.py:188} INFO - [2024-03-19T10:46:15.370+0000] {dag.py:3834} INFO - Setting next_dagrun for example_subdag_operator.section-1 to None, run_after=None
[2024-03-19T10:46:15.371+0000] {logging_mixin.py:188} INFO - [2024-03-19T10:46:15.371+0000] {dag.py:3834} INFO - Setting next_dagrun for example_subdag_operator.section-2 to None, run_after=None
[2024-03-19T10:46:15.384+0000] {processor.py:183} INFO - Processing /home/airflow/.local/lib/python3.8/site-packages/airflow/example_dags/example_subdag_operator.py took 0.113 seconds
[2024-03-19T10:46:45.478+0000] {processor.py:161} INFO - Started process (PID=725) to work on /home/airflow/.local/lib/python3.8/site-packages/airflow/example_dags/example_subdag_operator.py
[2024-03-19T10:46:45.479+0000] {processor.py:830} INFO - Processing file /home/airflow/.local/lib/python3.8/site-packages/airflow/example_dags/example_subdag_operator.py for tasks to queue
[2024-03-19T10:46:45.481+0000] {logging_mixin.py:188} INFO - [2024-03-19T10:46:45.480+0000] {dagbag.py:540} INFO - Filling up the DagBag from /home/airflow/.local/lib/python3.8/site-packages/airflow/example_dags/example_subdag_operator.py
[2024-03-19T10:46:45.502+0000] {processor.py:840} INFO - DAG(s) 'example_subdag_operator.section-1', 'example_subdag_operator.section-2', 'example_subdag_operator' retrieved from /home/airflow/.local/lib/python3.8/site-packages/airflow/example_dags/example_subdag_operator.py
[2024-03-19T10:46:45.514+0000] {logging_mixin.py:188} INFO - [2024-03-19T10:46:45.514+0000] {dag.py:3047} INFO - Sync 3 DAGs
[2024-03-19T10:46:45.531+0000] {logging_mixin.py:188} INFO - [2024-03-19T10:46:45.530+0000] {dag.py:3834} INFO - Setting next_dagrun for example_subdag_operator to 2022-01-01 00:00:00+00:00, run_after=2022-01-01 00:00:00+00:00
[2024-03-19T10:46:45.533+0000] {logging_mixin.py:188} INFO - [2024-03-19T10:46:45.533+0000] {dag.py:3834} INFO - Setting next_dagrun for example_subdag_operator.section-1 to None, run_after=None
[2024-03-19T10:46:45.534+0000] {logging_mixin.py:188} INFO - [2024-03-19T10:46:45.534+0000] {dag.py:3834} INFO - Setting next_dagrun for example_subdag_operator.section-2 to None, run_after=None
[2024-03-19T10:46:45.539+0000] {logging_mixin.py:188} INFO - [2024-03-19T10:46:45.539+0000] {dag.py:3047} INFO - Sync 2 DAGs
[2024-03-19T10:46:45.543+0000] {logging_mixin.py:188} INFO - [2024-03-19T10:46:45.543+0000] {dag.py:3834} INFO - Setting next_dagrun for example_subdag_operator.section-1 to None, run_after=None
[2024-03-19T10:46:45.543+0000] {logging_mixin.py:188} INFO - [2024-03-19T10:46:45.543+0000] {dag.py:3834} INFO - Setting next_dagrun for example_subdag_operator.section-2 to None, run_after=None
[2024-03-19T10:46:45.551+0000] {processor.py:183} INFO - Processing /home/airflow/.local/lib/python3.8/site-packages/airflow/example_dags/example_subdag_operator.py took 0.077 seconds
[2024-03-19T10:47:15.788+0000] {processor.py:161} INFO - Started process (PID=781) to work on /home/airflow/.local/lib/python3.8/site-packages/airflow/example_dags/example_subdag_operator.py
[2024-03-19T10:47:15.789+0000] {processor.py:830} INFO - Processing file /home/airflow/.local/lib/python3.8/site-packages/airflow/example_dags/example_subdag_operator.py for tasks to queue
[2024-03-19T10:47:15.791+0000] {logging_mixin.py:188} INFO - [2024-03-19T10:47:15.791+0000] {dagbag.py:540} INFO - Filling up the DagBag from /home/airflow/.local/lib/python3.8/site-packages/airflow/example_dags/example_subdag_operator.py
[2024-03-19T10:47:15.809+0000] {processor.py:840} INFO - DAG(s) 'example_subdag_operator.section-1', 'example_subdag_operator.section-2', 'example_subdag_operator' retrieved from /home/airflow/.local/lib/python3.8/site-packages/airflow/example_dags/example_subdag_operator.py
[2024-03-19T10:47:15.819+0000] {logging_mixin.py:188} INFO - [2024-03-19T10:47:15.819+0000] {dag.py:3047} INFO - Sync 3 DAGs
[2024-03-19T10:47:15.834+0000] {logging_mixin.py:188} INFO - [2024-03-19T10:47:15.833+0000] {dag.py:3834} INFO - Setting next_dagrun for example_subdag_operator to 2022-01-01 00:00:00+00:00, run_after=2022-01-01 00:00:00+00:00
[2024-03-19T10:47:15.836+0000] {logging_mixin.py:188} INFO - [2024-03-19T10:47:15.836+0000] {dag.py:3834} INFO - Setting next_dagrun for example_subdag_operator.section-1 to None, run_after=None
[2024-03-19T10:47:15.837+0000] {logging_mixin.py:188} INFO - [2024-03-19T10:47:15.837+0000] {dag.py:3834} INFO - Setting next_dagrun for example_subdag_operator.section-2 to None, run_after=None
[2024-03-19T10:47:15.841+0000] {logging_mixin.py:188} INFO - [2024-03-19T10:47:15.841+0000] {dag.py:3047} INFO - Sync 2 DAGs
[2024-03-19T10:47:15.844+0000] {logging_mixin.py:188} INFO - [2024-03-19T10:47:15.844+0000] {dag.py:3834} INFO - Setting next_dagrun for example_subdag_operator.section-1 to None, run_after=None
[2024-03-19T10:47:15.845+0000] {logging_mixin.py:188} INFO - [2024-03-19T10:47:15.845+0000] {dag.py:3834} INFO - Setting next_dagrun for example_subdag_operator.section-2 to None, run_after=None
[2024-03-19T10:47:15.852+0000] {processor.py:183} INFO - Processing /home/airflow/.local/lib/python3.8/site-packages/airflow/example_dags/example_subdag_operator.py took 0.066 seconds
[2024-03-19T10:47:46.140+0000] {processor.py:161} INFO - Started process (PID=837) to work on /home/airflow/.local/lib/python3.8/site-packages/airflow/example_dags/example_subdag_operator.py
[2024-03-19T10:47:46.141+0000] {processor.py:830} INFO - Processing file /home/airflow/.local/lib/python3.8/site-packages/airflow/example_dags/example_subdag_operator.py for tasks to queue
[2024-03-19T10:47:46.143+0000] {logging_mixin.py:188} INFO - [2024-03-19T10:47:46.143+0000] {dagbag.py:540} INFO - Filling up the DagBag from /home/airflow/.local/lib/python3.8/site-packages/airflow/example_dags/example_subdag_operator.py
[2024-03-19T10:47:46.163+0000] {processor.py:840} INFO - DAG(s) 'example_subdag_operator.section-1', 'example_subdag_operator.section-2', 'example_subdag_operator' retrieved from /home/airflow/.local/lib/python3.8/site-packages/airflow/example_dags/example_subdag_operator.py
[2024-03-19T10:47:46.173+0000] {logging_mixin.py:188} INFO - [2024-03-19T10:47:46.173+0000] {dag.py:3047} INFO - Sync 3 DAGs
[2024-03-19T10:47:46.188+0000] {logging_mixin.py:188} INFO - [2024-03-19T10:47:46.188+0000] {dag.py:3834} INFO - Setting next_dagrun for example_subdag_operator to 2022-01-01 00:00:00+00:00, run_after=2022-01-01 00:00:00+00:00
[2024-03-19T10:47:46.190+0000] {logging_mixin.py:188} INFO - [2024-03-19T10:47:46.190+0000] {dag.py:3834} INFO - Setting next_dagrun for example_subdag_operator.section-1 to None, run_after=None
[2024-03-19T10:47:46.191+0000] {logging_mixin.py:188} INFO - [2024-03-19T10:47:46.191+0000] {dag.py:3834} INFO - Setting next_dagrun for example_subdag_operator.section-2 to None, run_after=None
[2024-03-19T10:47:46.196+0000] {logging_mixin.py:188} INFO - [2024-03-19T10:47:46.196+0000] {dag.py:3047} INFO - Sync 2 DAGs
[2024-03-19T10:47:46.200+0000] {logging_mixin.py:188} INFO - [2024-03-19T10:47:46.199+0000] {dag.py:3834} INFO - Setting next_dagrun for example_subdag_operator.section-1 to None, run_after=None
[2024-03-19T10:47:46.200+0000] {logging_mixin.py:188} INFO - [2024-03-19T10:47:46.200+0000] {dag.py:3834} INFO - Setting next_dagrun for example_subdag_operator.section-2 to None, run_after=None
[2024-03-19T10:47:46.207+0000] {processor.py:183} INFO - Processing /home/airflow/.local/lib/python3.8/site-packages/airflow/example_dags/example_subdag_operator.py took 0.070 seconds
[2024-03-19T10:48:16.347+0000] {processor.py:161} INFO - Started process (PID=893) to work on /home/airflow/.local/lib/python3.8/site-packages/airflow/example_dags/example_subdag_operator.py
[2024-03-19T10:48:16.348+0000] {processor.py:830} INFO - Processing file /home/airflow/.local/lib/python3.8/site-packages/airflow/example_dags/example_subdag_operator.py for tasks to queue
[2024-03-19T10:48:16.350+0000] {logging_mixin.py:188} INFO - [2024-03-19T10:48:16.349+0000] {dagbag.py:540} INFO - Filling up the DagBag from /home/airflow/.local/lib/python3.8/site-packages/airflow/example_dags/example_subdag_operator.py
[2024-03-19T10:48:16.368+0000] {processor.py:840} INFO - DAG(s) 'example_subdag_operator.section-1', 'example_subdag_operator.section-2', 'example_subdag_operator' retrieved from /home/airflow/.local/lib/python3.8/site-packages/airflow/example_dags/example_subdag_operator.py
[2024-03-19T10:48:16.379+0000] {logging_mixin.py:188} INFO - [2024-03-19T10:48:16.378+0000] {dag.py:3047} INFO - Sync 3 DAGs
[2024-03-19T10:48:16.393+0000] {logging_mixin.py:188} INFO - [2024-03-19T10:48:16.393+0000] {dag.py:3834} INFO - Setting next_dagrun for example_subdag_operator to 2022-01-01 00:00:00+00:00, run_after=2022-01-01 00:00:00+00:00
[2024-03-19T10:48:16.396+0000] {logging_mixin.py:188} INFO - [2024-03-19T10:48:16.395+0000] {dag.py:3834} INFO - Setting next_dagrun for example_subdag_operator.section-1 to None, run_after=None
[2024-03-19T10:48:16.396+0000] {logging_mixin.py:188} INFO - [2024-03-19T10:48:16.396+0000] {dag.py:3834} INFO - Setting next_dagrun for example_subdag_operator.section-2 to None, run_after=None
[2024-03-19T10:48:16.401+0000] {logging_mixin.py:188} INFO - [2024-03-19T10:48:16.401+0000] {dag.py:3047} INFO - Sync 2 DAGs
[2024-03-19T10:48:16.405+0000] {logging_mixin.py:188} INFO - [2024-03-19T10:48:16.405+0000] {dag.py:3834} INFO - Setting next_dagrun for example_subdag_operator.section-1 to None, run_after=None
[2024-03-19T10:48:16.405+0000] {logging_mixin.py:188} INFO - [2024-03-19T10:48:16.405+0000] {dag.py:3834} INFO - Setting next_dagrun for example_subdag_operator.section-2 to None, run_after=None
[2024-03-19T10:48:16.413+0000] {processor.py:183} INFO - Processing /home/airflow/.local/lib/python3.8/site-packages/airflow/example_dags/example_subdag_operator.py took 0.069 seconds
[2024-03-19T10:48:46.581+0000] {processor.py:161} INFO - Started process (PID=949) to work on /home/airflow/.local/lib/python3.8/site-packages/airflow/example_dags/example_subdag_operator.py
[2024-03-19T10:48:46.582+0000] {processor.py:830} INFO - Processing file /home/airflow/.local/lib/python3.8/site-packages/airflow/example_dags/example_subdag_operator.py for tasks to queue
[2024-03-19T10:48:46.583+0000] {logging_mixin.py:188} INFO - [2024-03-19T10:48:46.583+0000] {dagbag.py:540} INFO - Filling up the DagBag from /home/airflow/.local/lib/python3.8/site-packages/airflow/example_dags/example_subdag_operator.py
[2024-03-19T10:48:46.602+0000] {processor.py:840} INFO - DAG(s) 'example_subdag_operator.section-1', 'example_subdag_operator.section-2', 'example_subdag_operator' retrieved from /home/airflow/.local/lib/python3.8/site-packages/airflow/example_dags/example_subdag_operator.py
[2024-03-19T10:48:46.613+0000] {logging_mixin.py:188} INFO - [2024-03-19T10:48:46.613+0000] {dag.py:3047} INFO - Sync 3 DAGs
[2024-03-19T10:48:46.634+0000] {logging_mixin.py:188} INFO - [2024-03-19T10:48:46.634+0000] {dag.py:3834} INFO - Setting next_dagrun for example_subdag_operator to 2022-01-01 00:00:00+00:00, run_after=2022-01-01 00:00:00+00:00
[2024-03-19T10:48:46.636+0000] {logging_mixin.py:188} INFO - [2024-03-19T10:48:46.636+0000] {dag.py:3834} INFO - Setting next_dagrun for example_subdag_operator.section-1 to None, run_after=None
[2024-03-19T10:48:46.637+0000] {logging_mixin.py:188} INFO - [2024-03-19T10:48:46.637+0000] {dag.py:3834} INFO - Setting next_dagrun for example_subdag_operator.section-2 to None, run_after=None
[2024-03-19T10:48:46.642+0000] {logging_mixin.py:188} INFO - [2024-03-19T10:48:46.642+0000] {dag.py:3047} INFO - Sync 2 DAGs
[2024-03-19T10:48:46.646+0000] {logging_mixin.py:188} INFO - [2024-03-19T10:48:46.646+0000] {dag.py:3834} INFO - Setting next_dagrun for example_subdag_operator.section-1 to None, run_after=None
[2024-03-19T10:48:46.646+0000] {logging_mixin.py:188} INFO - [2024-03-19T10:48:46.646+0000] {dag.py:3834} INFO - Setting next_dagrun for example_subdag_operator.section-2 to None, run_after=None
[2024-03-19T10:48:46.654+0000] {processor.py:183} INFO - Processing /home/airflow/.local/lib/python3.8/site-packages/airflow/example_dags/example_subdag_operator.py took 0.076 seconds
[2024-03-19T10:49:18.175+0000] {processor.py:161} INFO - Started process (PID=1005) to work on /home/airflow/.local/lib/python3.8/site-packages/airflow/example_dags/example_subdag_operator.py
[2024-03-19T10:49:18.176+0000] {processor.py:830} INFO - Processing file /home/airflow/.local/lib/python3.8/site-packages/airflow/example_dags/example_subdag_operator.py for tasks to queue
[2024-03-19T10:49:18.178+0000] {logging_mixin.py:188} INFO - [2024-03-19T10:49:18.178+0000] {dagbag.py:540} INFO - Filling up the DagBag from /home/airflow/.local/lib/python3.8/site-packages/airflow/example_dags/example_subdag_operator.py
[2024-03-19T10:49:18.203+0000] {processor.py:840} INFO - DAG(s) 'example_subdag_operator.section-1', 'example_subdag_operator.section-2', 'example_subdag_operator' retrieved from /home/airflow/.local/lib/python3.8/site-packages/airflow/example_dags/example_subdag_operator.py
[2024-03-19T10:49:18.217+0000] {logging_mixin.py:188} INFO - [2024-03-19T10:49:18.217+0000] {dag.py:3047} INFO - Sync 3 DAGs
[2024-03-19T10:49:18.234+0000] {logging_mixin.py:188} INFO - [2024-03-19T10:49:18.234+0000] {dag.py:3834} INFO - Setting next_dagrun for example_subdag_operator to 2022-01-01 00:00:00+00:00, run_after=2022-01-01 00:00:00+00:00
[2024-03-19T10:49:18.237+0000] {logging_mixin.py:188} INFO - [2024-03-19T10:49:18.237+0000] {dag.py:3834} INFO - Setting next_dagrun for example_subdag_operator.section-1 to None, run_after=None
[2024-03-19T10:49:18.238+0000] {logging_mixin.py:188} INFO - [2024-03-19T10:49:18.238+0000] {dag.py:3834} INFO - Setting next_dagrun for example_subdag_operator.section-2 to None, run_after=None
[2024-03-19T10:49:18.245+0000] {logging_mixin.py:188} INFO - [2024-03-19T10:49:18.245+0000] {dag.py:3047} INFO - Sync 2 DAGs
[2024-03-19T10:49:18.249+0000] {logging_mixin.py:188} INFO - [2024-03-19T10:49:18.249+0000] {dag.py:3834} INFO - Setting next_dagrun for example_subdag_operator.section-1 to None, run_after=None
[2024-03-19T10:49:18.250+0000] {logging_mixin.py:188} INFO - [2024-03-19T10:49:18.250+0000] {dag.py:3834} INFO - Setting next_dagrun for example_subdag_operator.section-2 to None, run_after=None
[2024-03-19T10:49:18.258+0000] {processor.py:183} INFO - Processing /home/airflow/.local/lib/python3.8/site-packages/airflow/example_dags/example_subdag_operator.py took 0.086 seconds
