[2024-03-19T10:40:37.011+0000] {processor.py:161} INFO - Started process (PID=38) to work on /home/airflow/.local/lib/python3.8/site-packages/airflow/example_dags/example_external_task_marker_dag.py
[2024-03-19T10:40:37.013+0000] {processor.py:830} INFO - Processing file /home/airflow/.local/lib/python3.8/site-packages/airflow/example_dags/example_external_task_marker_dag.py for tasks to queue
[2024-03-19T10:40:37.022+0000] {logging_mixin.py:188} INFO - [2024-03-19T10:40:37.021+0000] {dagbag.py:540} INFO - Filling up the DagBag from /home/airflow/.local/lib/python3.8/site-packages/airflow/example_dags/example_external_task_marker_dag.py
[2024-03-19T10:40:37.039+0000] {processor.py:840} INFO - DAG(s) 'example_external_task_marker_child', 'example_external_task_marker_parent' retrieved from /home/airflow/.local/lib/python3.8/site-packages/airflow/example_dags/example_external_task_marker_dag.py
[2024-03-19T10:40:37.081+0000] {logging_mixin.py:188} INFO - [2024-03-19T10:40:37.080+0000] {dag.py:3047} INFO - Sync 2 DAGs
[2024-03-19T10:40:37.102+0000] {logging_mixin.py:188} INFO - [2024-03-19T10:40:37.101+0000] {dag.py:3834} INFO - Setting next_dagrun for example_external_task_marker_child to None, run_after=None
[2024-03-19T10:40:37.122+0000] {logging_mixin.py:188} INFO - [2024-03-19T10:40:37.122+0000] {dag.py:3834} INFO - Setting next_dagrun for example_external_task_marker_parent to None, run_after=None
[2024-03-19T10:40:37.165+0000] {processor.py:183} INFO - Processing /home/airflow/.local/lib/python3.8/site-packages/airflow/example_dags/example_external_task_marker_dag.py took 0.159 seconds
[2024-03-19T10:41:07.388+0000] {processor.py:161} INFO - Started process (PID=94) to work on /home/airflow/.local/lib/python3.8/site-packages/airflow/example_dags/example_external_task_marker_dag.py
[2024-03-19T10:41:07.389+0000] {processor.py:830} INFO - Processing file /home/airflow/.local/lib/python3.8/site-packages/airflow/example_dags/example_external_task_marker_dag.py for tasks to queue
[2024-03-19T10:41:07.391+0000] {logging_mixin.py:188} INFO - [2024-03-19T10:41:07.391+0000] {dagbag.py:540} INFO - Filling up the DagBag from /home/airflow/.local/lib/python3.8/site-packages/airflow/example_dags/example_external_task_marker_dag.py
[2024-03-19T10:41:07.396+0000] {processor.py:840} INFO - DAG(s) 'example_external_task_marker_parent', 'example_external_task_marker_child' retrieved from /home/airflow/.local/lib/python3.8/site-packages/airflow/example_dags/example_external_task_marker_dag.py
[2024-03-19T10:41:07.473+0000] {logging_mixin.py:188} INFO - [2024-03-19T10:41:07.473+0000] {dag.py:3047} INFO - Sync 2 DAGs
[2024-03-19T10:41:07.481+0000] {logging_mixin.py:188} INFO - [2024-03-19T10:41:07.480+0000] {dag.py:3834} INFO - Setting next_dagrun for example_external_task_marker_child to None, run_after=None
[2024-03-19T10:41:07.484+0000] {logging_mixin.py:188} INFO - [2024-03-19T10:41:07.484+0000] {dag.py:3834} INFO - Setting next_dagrun for example_external_task_marker_parent to None, run_after=None
[2024-03-19T10:41:07.495+0000] {processor.py:183} INFO - Processing /home/airflow/.local/lib/python3.8/site-packages/airflow/example_dags/example_external_task_marker_dag.py took 0.110 seconds
[2024-03-19T10:41:37.972+0000] {processor.py:161} INFO - Started process (PID=150) to work on /home/airflow/.local/lib/python3.8/site-packages/airflow/example_dags/example_external_task_marker_dag.py
[2024-03-19T10:41:37.973+0000] {processor.py:830} INFO - Processing file /home/airflow/.local/lib/python3.8/site-packages/airflow/example_dags/example_external_task_marker_dag.py for tasks to queue
[2024-03-19T10:41:37.975+0000] {logging_mixin.py:188} INFO - [2024-03-19T10:41:37.974+0000] {dagbag.py:540} INFO - Filling up the DagBag from /home/airflow/.local/lib/python3.8/site-packages/airflow/example_dags/example_external_task_marker_dag.py
[2024-03-19T10:41:37.980+0000] {processor.py:840} INFO - DAG(s) 'example_external_task_marker_parent', 'example_external_task_marker_child' retrieved from /home/airflow/.local/lib/python3.8/site-packages/airflow/example_dags/example_external_task_marker_dag.py
[2024-03-19T10:41:38.000+0000] {logging_mixin.py:188} INFO - [2024-03-19T10:41:38.000+0000] {dag.py:3047} INFO - Sync 2 DAGs
[2024-03-19T10:41:38.009+0000] {logging_mixin.py:188} INFO - [2024-03-19T10:41:38.009+0000] {dag.py:3834} INFO - Setting next_dagrun for example_external_task_marker_child to None, run_after=None
[2024-03-19T10:41:38.011+0000] {logging_mixin.py:188} INFO - [2024-03-19T10:41:38.011+0000] {dag.py:3834} INFO - Setting next_dagrun for example_external_task_marker_parent to None, run_after=None
[2024-03-19T10:41:38.022+0000] {processor.py:183} INFO - Processing /home/airflow/.local/lib/python3.8/site-packages/airflow/example_dags/example_external_task_marker_dag.py took 0.053 seconds
[2024-03-19T10:42:08.942+0000] {processor.py:161} INFO - Started process (PID=206) to work on /home/airflow/.local/lib/python3.8/site-packages/airflow/example_dags/example_external_task_marker_dag.py
[2024-03-19T10:42:08.943+0000] {processor.py:830} INFO - Processing file /home/airflow/.local/lib/python3.8/site-packages/airflow/example_dags/example_external_task_marker_dag.py for tasks to queue
[2024-03-19T10:42:08.945+0000] {logging_mixin.py:188} INFO - [2024-03-19T10:42:08.945+0000] {dagbag.py:540} INFO - Filling up the DagBag from /home/airflow/.local/lib/python3.8/site-packages/airflow/example_dags/example_external_task_marker_dag.py
[2024-03-19T10:42:08.950+0000] {processor.py:840} INFO - DAG(s) 'example_external_task_marker_parent', 'example_external_task_marker_child' retrieved from /home/airflow/.local/lib/python3.8/site-packages/airflow/example_dags/example_external_task_marker_dag.py
[2024-03-19T10:42:08.967+0000] {logging_mixin.py:188} INFO - [2024-03-19T10:42:08.967+0000] {dag.py:3047} INFO - Sync 2 DAGs
[2024-03-19T10:42:08.976+0000] {logging_mixin.py:188} INFO - [2024-03-19T10:42:08.976+0000] {dag.py:3834} INFO - Setting next_dagrun for example_external_task_marker_child to None, run_after=None
[2024-03-19T10:42:09.001+0000] {logging_mixin.py:188} INFO - [2024-03-19T10:42:09.000+0000] {dag.py:3834} INFO - Setting next_dagrun for example_external_task_marker_parent to None, run_after=None
[2024-03-19T10:42:09.019+0000] {processor.py:183} INFO - Processing /home/airflow/.local/lib/python3.8/site-packages/airflow/example_dags/example_external_task_marker_dag.py took 0.079 seconds
[2024-03-19T10:42:39.793+0000] {processor.py:161} INFO - Started process (PID=262) to work on /home/airflow/.local/lib/python3.8/site-packages/airflow/example_dags/example_external_task_marker_dag.py
[2024-03-19T10:42:39.794+0000] {processor.py:830} INFO - Processing file /home/airflow/.local/lib/python3.8/site-packages/airflow/example_dags/example_external_task_marker_dag.py for tasks to queue
[2024-03-19T10:42:39.796+0000] {logging_mixin.py:188} INFO - [2024-03-19T10:42:39.795+0000] {dagbag.py:540} INFO - Filling up the DagBag from /home/airflow/.local/lib/python3.8/site-packages/airflow/example_dags/example_external_task_marker_dag.py
[2024-03-19T10:42:39.801+0000] {processor.py:840} INFO - DAG(s) 'example_external_task_marker_parent', 'example_external_task_marker_child' retrieved from /home/airflow/.local/lib/python3.8/site-packages/airflow/example_dags/example_external_task_marker_dag.py
[2024-03-19T10:42:39.818+0000] {logging_mixin.py:188} INFO - [2024-03-19T10:42:39.818+0000] {dag.py:3047} INFO - Sync 2 DAGs
[2024-03-19T10:42:39.828+0000] {logging_mixin.py:188} INFO - [2024-03-19T10:42:39.827+0000] {dag.py:3834} INFO - Setting next_dagrun for example_external_task_marker_child to None, run_after=None
[2024-03-19T10:42:39.830+0000] {logging_mixin.py:188} INFO - [2024-03-19T10:42:39.830+0000] {dag.py:3834} INFO - Setting next_dagrun for example_external_task_marker_parent to None, run_after=None
[2024-03-19T10:42:39.841+0000] {processor.py:183} INFO - Processing /home/airflow/.local/lib/python3.8/site-packages/airflow/example_dags/example_external_task_marker_dag.py took 0.051 seconds
[2024-03-19T10:43:10.239+0000] {processor.py:161} INFO - Started process (PID=318) to work on /home/airflow/.local/lib/python3.8/site-packages/airflow/example_dags/example_external_task_marker_dag.py
[2024-03-19T10:43:10.240+0000] {processor.py:830} INFO - Processing file /home/airflow/.local/lib/python3.8/site-packages/airflow/example_dags/example_external_task_marker_dag.py for tasks to queue
[2024-03-19T10:43:10.242+0000] {logging_mixin.py:188} INFO - [2024-03-19T10:43:10.242+0000] {dagbag.py:540} INFO - Filling up the DagBag from /home/airflow/.local/lib/python3.8/site-packages/airflow/example_dags/example_external_task_marker_dag.py
[2024-03-19T10:43:10.247+0000] {processor.py:840} INFO - DAG(s) 'example_external_task_marker_parent', 'example_external_task_marker_child' retrieved from /home/airflow/.local/lib/python3.8/site-packages/airflow/example_dags/example_external_task_marker_dag.py
[2024-03-19T10:43:10.264+0000] {logging_mixin.py:188} INFO - [2024-03-19T10:43:10.264+0000] {dag.py:3047} INFO - Sync 2 DAGs
[2024-03-19T10:43:10.273+0000] {logging_mixin.py:188} INFO - [2024-03-19T10:43:10.273+0000] {dag.py:3834} INFO - Setting next_dagrun for example_external_task_marker_child to None, run_after=None
[2024-03-19T10:43:10.275+0000] {logging_mixin.py:188} INFO - [2024-03-19T10:43:10.275+0000] {dag.py:3834} INFO - Setting next_dagrun for example_external_task_marker_parent to None, run_after=None
[2024-03-19T10:43:10.287+0000] {processor.py:183} INFO - Processing /home/airflow/.local/lib/python3.8/site-packages/airflow/example_dags/example_external_task_marker_dag.py took 0.052 seconds
[2024-03-19T10:43:40.822+0000] {processor.py:161} INFO - Started process (PID=374) to work on /home/airflow/.local/lib/python3.8/site-packages/airflow/example_dags/example_external_task_marker_dag.py
[2024-03-19T10:43:40.823+0000] {processor.py:830} INFO - Processing file /home/airflow/.local/lib/python3.8/site-packages/airflow/example_dags/example_external_task_marker_dag.py for tasks to queue
[2024-03-19T10:43:40.825+0000] {logging_mixin.py:188} INFO - [2024-03-19T10:43:40.824+0000] {dagbag.py:540} INFO - Filling up the DagBag from /home/airflow/.local/lib/python3.8/site-packages/airflow/example_dags/example_external_task_marker_dag.py
[2024-03-19T10:43:40.829+0000] {processor.py:840} INFO - DAG(s) 'example_external_task_marker_parent', 'example_external_task_marker_child' retrieved from /home/airflow/.local/lib/python3.8/site-packages/airflow/example_dags/example_external_task_marker_dag.py
[2024-03-19T10:43:40.846+0000] {logging_mixin.py:188} INFO - [2024-03-19T10:43:40.846+0000] {dag.py:3047} INFO - Sync 2 DAGs
[2024-03-19T10:43:40.855+0000] {logging_mixin.py:188} INFO - [2024-03-19T10:43:40.855+0000] {dag.py:3834} INFO - Setting next_dagrun for example_external_task_marker_child to None, run_after=None
[2024-03-19T10:43:40.857+0000] {logging_mixin.py:188} INFO - [2024-03-19T10:43:40.857+0000] {dag.py:3834} INFO - Setting next_dagrun for example_external_task_marker_parent to None, run_after=None
[2024-03-19T10:43:40.868+0000] {processor.py:183} INFO - Processing /home/airflow/.local/lib/python3.8/site-packages/airflow/example_dags/example_external_task_marker_dag.py took 0.048 seconds
[2024-03-19T10:44:11.239+0000] {processor.py:161} INFO - Started process (PID=430) to work on /home/airflow/.local/lib/python3.8/site-packages/airflow/example_dags/example_external_task_marker_dag.py
[2024-03-19T10:44:11.240+0000] {processor.py:830} INFO - Processing file /home/airflow/.local/lib/python3.8/site-packages/airflow/example_dags/example_external_task_marker_dag.py for tasks to queue
[2024-03-19T10:44:11.241+0000] {logging_mixin.py:188} INFO - [2024-03-19T10:44:11.241+0000] {dagbag.py:540} INFO - Filling up the DagBag from /home/airflow/.local/lib/python3.8/site-packages/airflow/example_dags/example_external_task_marker_dag.py
[2024-03-19T10:44:11.246+0000] {processor.py:840} INFO - DAG(s) 'example_external_task_marker_parent', 'example_external_task_marker_child' retrieved from /home/airflow/.local/lib/python3.8/site-packages/airflow/example_dags/example_external_task_marker_dag.py
[2024-03-19T10:44:11.263+0000] {logging_mixin.py:188} INFO - [2024-03-19T10:44:11.263+0000] {dag.py:3047} INFO - Sync 2 DAGs
[2024-03-19T10:44:11.272+0000] {logging_mixin.py:188} INFO - [2024-03-19T10:44:11.272+0000] {dag.py:3834} INFO - Setting next_dagrun for example_external_task_marker_child to None, run_after=None
[2024-03-19T10:44:11.274+0000] {logging_mixin.py:188} INFO - [2024-03-19T10:44:11.274+0000] {dag.py:3834} INFO - Setting next_dagrun for example_external_task_marker_parent to None, run_after=None
[2024-03-19T10:44:11.285+0000] {processor.py:183} INFO - Processing /home/airflow/.local/lib/python3.8/site-packages/airflow/example_dags/example_external_task_marker_dag.py took 0.049 seconds
[2024-03-19T10:44:41.765+0000] {processor.py:161} INFO - Started process (PID=486) to work on /home/airflow/.local/lib/python3.8/site-packages/airflow/example_dags/example_external_task_marker_dag.py
[2024-03-19T10:44:41.766+0000] {processor.py:830} INFO - Processing file /home/airflow/.local/lib/python3.8/site-packages/airflow/example_dags/example_external_task_marker_dag.py for tasks to queue
[2024-03-19T10:44:41.767+0000] {logging_mixin.py:188} INFO - [2024-03-19T10:44:41.767+0000] {dagbag.py:540} INFO - Filling up the DagBag from /home/airflow/.local/lib/python3.8/site-packages/airflow/example_dags/example_external_task_marker_dag.py
[2024-03-19T10:44:41.773+0000] {processor.py:840} INFO - DAG(s) 'example_external_task_marker_child', 'example_external_task_marker_parent' retrieved from /home/airflow/.local/lib/python3.8/site-packages/airflow/example_dags/example_external_task_marker_dag.py
[2024-03-19T10:44:41.791+0000] {logging_mixin.py:188} INFO - [2024-03-19T10:44:41.791+0000] {dag.py:3047} INFO - Sync 2 DAGs
[2024-03-19T10:44:41.803+0000] {logging_mixin.py:188} INFO - [2024-03-19T10:44:41.803+0000] {dag.py:3834} INFO - Setting next_dagrun for example_external_task_marker_child to None, run_after=None
[2024-03-19T10:44:41.806+0000] {logging_mixin.py:188} INFO - [2024-03-19T10:44:41.806+0000] {dag.py:3834} INFO - Setting next_dagrun for example_external_task_marker_parent to None, run_after=None
[2024-03-19T10:44:41.820+0000] {processor.py:183} INFO - Processing /home/airflow/.local/lib/python3.8/site-packages/airflow/example_dags/example_external_task_marker_dag.py took 0.059 seconds
[2024-03-19T10:45:12.327+0000] {processor.py:161} INFO - Started process (PID=542) to work on /home/airflow/.local/lib/python3.8/site-packages/airflow/example_dags/example_external_task_marker_dag.py
[2024-03-19T10:45:12.328+0000] {processor.py:830} INFO - Processing file /home/airflow/.local/lib/python3.8/site-packages/airflow/example_dags/example_external_task_marker_dag.py for tasks to queue
[2024-03-19T10:45:12.331+0000] {logging_mixin.py:188} INFO - [2024-03-19T10:45:12.330+0000] {dagbag.py:540} INFO - Filling up the DagBag from /home/airflow/.local/lib/python3.8/site-packages/airflow/example_dags/example_external_task_marker_dag.py
[2024-03-19T10:45:12.337+0000] {processor.py:840} INFO - DAG(s) 'example_external_task_marker_parent', 'example_external_task_marker_child' retrieved from /home/airflow/.local/lib/python3.8/site-packages/airflow/example_dags/example_external_task_marker_dag.py
[2024-03-19T10:45:12.358+0000] {logging_mixin.py:188} INFO - [2024-03-19T10:45:12.358+0000] {dag.py:3047} INFO - Sync 2 DAGs
[2024-03-19T10:45:12.370+0000] {logging_mixin.py:188} INFO - [2024-03-19T10:45:12.369+0000] {dag.py:3834} INFO - Setting next_dagrun for example_external_task_marker_child to None, run_after=None
[2024-03-19T10:45:12.373+0000] {logging_mixin.py:188} INFO - [2024-03-19T10:45:12.373+0000] {dag.py:3834} INFO - Setting next_dagrun for example_external_task_marker_parent to None, run_after=None
[2024-03-19T10:45:12.386+0000] {processor.py:183} INFO - Processing /home/airflow/.local/lib/python3.8/site-packages/airflow/example_dags/example_external_task_marker_dag.py took 0.063 seconds
[2024-03-19T10:45:43.429+0000] {processor.py:161} INFO - Started process (PID=598) to work on /home/airflow/.local/lib/python3.8/site-packages/airflow/example_dags/example_external_task_marker_dag.py
[2024-03-19T10:45:43.430+0000] {processor.py:830} INFO - Processing file /home/airflow/.local/lib/python3.8/site-packages/airflow/example_dags/example_external_task_marker_dag.py for tasks to queue
[2024-03-19T10:45:43.433+0000] {logging_mixin.py:188} INFO - [2024-03-19T10:45:43.433+0000] {dagbag.py:540} INFO - Filling up the DagBag from /home/airflow/.local/lib/python3.8/site-packages/airflow/example_dags/example_external_task_marker_dag.py
[2024-03-19T10:45:43.438+0000] {processor.py:840} INFO - DAG(s) 'example_external_task_marker_parent', 'example_external_task_marker_child' retrieved from /home/airflow/.local/lib/python3.8/site-packages/airflow/example_dags/example_external_task_marker_dag.py
[2024-03-19T10:45:43.479+0000] {logging_mixin.py:188} INFO - [2024-03-19T10:45:43.479+0000] {dag.py:3047} INFO - Sync 2 DAGs
[2024-03-19T10:45:43.507+0000] {logging_mixin.py:188} INFO - [2024-03-19T10:45:43.507+0000] {dag.py:3834} INFO - Setting next_dagrun for example_external_task_marker_child to None, run_after=None
[2024-03-19T10:45:43.511+0000] {logging_mixin.py:188} INFO - [2024-03-19T10:45:43.510+0000] {dag.py:3834} INFO - Setting next_dagrun for example_external_task_marker_parent to None, run_after=None
[2024-03-19T10:45:43.524+0000] {processor.py:183} INFO - Processing /home/airflow/.local/lib/python3.8/site-packages/airflow/example_dags/example_external_task_marker_dag.py took 0.098 seconds
[2024-03-19T10:46:14.071+0000] {processor.py:161} INFO - Started process (PID=654) to work on /home/airflow/.local/lib/python3.8/site-packages/airflow/example_dags/example_external_task_marker_dag.py
[2024-03-19T10:46:14.072+0000] {processor.py:830} INFO - Processing file /home/airflow/.local/lib/python3.8/site-packages/airflow/example_dags/example_external_task_marker_dag.py for tasks to queue
[2024-03-19T10:46:14.075+0000] {logging_mixin.py:188} INFO - [2024-03-19T10:46:14.074+0000] {dagbag.py:540} INFO - Filling up the DagBag from /home/airflow/.local/lib/python3.8/site-packages/airflow/example_dags/example_external_task_marker_dag.py
[2024-03-19T10:46:14.081+0000] {processor.py:840} INFO - DAG(s) 'example_external_task_marker_child', 'example_external_task_marker_parent' retrieved from /home/airflow/.local/lib/python3.8/site-packages/airflow/example_dags/example_external_task_marker_dag.py
[2024-03-19T10:46:14.104+0000] {logging_mixin.py:188} INFO - [2024-03-19T10:46:14.104+0000] {dag.py:3047} INFO - Sync 2 DAGs
[2024-03-19T10:46:14.115+0000] {logging_mixin.py:188} INFO - [2024-03-19T10:46:14.115+0000] {dag.py:3834} INFO - Setting next_dagrun for example_external_task_marker_child to None, run_after=None
[2024-03-19T10:46:14.118+0000] {logging_mixin.py:188} INFO - [2024-03-19T10:46:14.118+0000] {dag.py:3834} INFO - Setting next_dagrun for example_external_task_marker_parent to None, run_after=None
[2024-03-19T10:46:14.131+0000] {processor.py:183} INFO - Processing /home/airflow/.local/lib/python3.8/site-packages/airflow/example_dags/example_external_task_marker_dag.py took 0.064 seconds
[2024-03-19T10:46:44.839+0000] {processor.py:161} INFO - Started process (PID=710) to work on /home/airflow/.local/lib/python3.8/site-packages/airflow/example_dags/example_external_task_marker_dag.py
[2024-03-19T10:46:44.840+0000] {processor.py:830} INFO - Processing file /home/airflow/.local/lib/python3.8/site-packages/airflow/example_dags/example_external_task_marker_dag.py for tasks to queue
[2024-03-19T10:46:44.842+0000] {logging_mixin.py:188} INFO - [2024-03-19T10:46:44.842+0000] {dagbag.py:540} INFO - Filling up the DagBag from /home/airflow/.local/lib/python3.8/site-packages/airflow/example_dags/example_external_task_marker_dag.py
[2024-03-19T10:46:44.847+0000] {processor.py:840} INFO - DAG(s) 'example_external_task_marker_child', 'example_external_task_marker_parent' retrieved from /home/airflow/.local/lib/python3.8/site-packages/airflow/example_dags/example_external_task_marker_dag.py
[2024-03-19T10:46:44.866+0000] {logging_mixin.py:188} INFO - [2024-03-19T10:46:44.866+0000] {dag.py:3047} INFO - Sync 2 DAGs
[2024-03-19T10:46:44.876+0000] {logging_mixin.py:188} INFO - [2024-03-19T10:46:44.876+0000] {dag.py:3834} INFO - Setting next_dagrun for example_external_task_marker_child to None, run_after=None
[2024-03-19T10:46:44.879+0000] {logging_mixin.py:188} INFO - [2024-03-19T10:46:44.878+0000] {dag.py:3834} INFO - Setting next_dagrun for example_external_task_marker_parent to None, run_after=None
[2024-03-19T10:46:44.890+0000] {processor.py:183} INFO - Processing /home/airflow/.local/lib/python3.8/site-packages/airflow/example_dags/example_external_task_marker_dag.py took 0.056 seconds
[2024-03-19T10:47:15.057+0000] {processor.py:161} INFO - Started process (PID=766) to work on /home/airflow/.local/lib/python3.8/site-packages/airflow/example_dags/example_external_task_marker_dag.py
[2024-03-19T10:47:15.058+0000] {processor.py:830} INFO - Processing file /home/airflow/.local/lib/python3.8/site-packages/airflow/example_dags/example_external_task_marker_dag.py for tasks to queue
[2024-03-19T10:47:15.059+0000] {logging_mixin.py:188} INFO - [2024-03-19T10:47:15.059+0000] {dagbag.py:540} INFO - Filling up the DagBag from /home/airflow/.local/lib/python3.8/site-packages/airflow/example_dags/example_external_task_marker_dag.py
[2024-03-19T10:47:15.065+0000] {processor.py:840} INFO - DAG(s) 'example_external_task_marker_parent', 'example_external_task_marker_child' retrieved from /home/airflow/.local/lib/python3.8/site-packages/airflow/example_dags/example_external_task_marker_dag.py
[2024-03-19T10:47:15.082+0000] {logging_mixin.py:188} INFO - [2024-03-19T10:47:15.082+0000] {dag.py:3047} INFO - Sync 2 DAGs
[2024-03-19T10:47:15.091+0000] {logging_mixin.py:188} INFO - [2024-03-19T10:47:15.091+0000] {dag.py:3834} INFO - Setting next_dagrun for example_external_task_marker_child to None, run_after=None
[2024-03-19T10:47:15.093+0000] {logging_mixin.py:188} INFO - [2024-03-19T10:47:15.093+0000] {dag.py:3834} INFO - Setting next_dagrun for example_external_task_marker_parent to None, run_after=None
[2024-03-19T10:47:15.103+0000] {processor.py:183} INFO - Processing /home/airflow/.local/lib/python3.8/site-packages/airflow/example_dags/example_external_task_marker_dag.py took 0.050 seconds
[2024-03-19T10:47:45.448+0000] {processor.py:161} INFO - Started process (PID=822) to work on /home/airflow/.local/lib/python3.8/site-packages/airflow/example_dags/example_external_task_marker_dag.py
[2024-03-19T10:47:45.449+0000] {processor.py:830} INFO - Processing file /home/airflow/.local/lib/python3.8/site-packages/airflow/example_dags/example_external_task_marker_dag.py for tasks to queue
[2024-03-19T10:47:45.451+0000] {logging_mixin.py:188} INFO - [2024-03-19T10:47:45.451+0000] {dagbag.py:540} INFO - Filling up the DagBag from /home/airflow/.local/lib/python3.8/site-packages/airflow/example_dags/example_external_task_marker_dag.py
[2024-03-19T10:47:45.457+0000] {processor.py:840} INFO - DAG(s) 'example_external_task_marker_parent', 'example_external_task_marker_child' retrieved from /home/airflow/.local/lib/python3.8/site-packages/airflow/example_dags/example_external_task_marker_dag.py
[2024-03-19T10:47:45.475+0000] {logging_mixin.py:188} INFO - [2024-03-19T10:47:45.475+0000] {dag.py:3047} INFO - Sync 2 DAGs
[2024-03-19T10:47:45.483+0000] {logging_mixin.py:188} INFO - [2024-03-19T10:47:45.483+0000] {dag.py:3834} INFO - Setting next_dagrun for example_external_task_marker_child to None, run_after=None
[2024-03-19T10:47:45.486+0000] {logging_mixin.py:188} INFO - [2024-03-19T10:47:45.486+0000] {dag.py:3834} INFO - Setting next_dagrun for example_external_task_marker_parent to None, run_after=None
[2024-03-19T10:47:45.497+0000] {processor.py:183} INFO - Processing /home/airflow/.local/lib/python3.8/site-packages/airflow/example_dags/example_external_task_marker_dag.py took 0.052 seconds
[2024-03-19T10:48:15.766+0000] {processor.py:161} INFO - Started process (PID=878) to work on /home/airflow/.local/lib/python3.8/site-packages/airflow/example_dags/example_external_task_marker_dag.py
[2024-03-19T10:48:15.767+0000] {processor.py:830} INFO - Processing file /home/airflow/.local/lib/python3.8/site-packages/airflow/example_dags/example_external_task_marker_dag.py for tasks to queue
[2024-03-19T10:48:15.769+0000] {logging_mixin.py:188} INFO - [2024-03-19T10:48:15.769+0000] {dagbag.py:540} INFO - Filling up the DagBag from /home/airflow/.local/lib/python3.8/site-packages/airflow/example_dags/example_external_task_marker_dag.py
[2024-03-19T10:48:15.774+0000] {processor.py:840} INFO - DAG(s) 'example_external_task_marker_parent', 'example_external_task_marker_child' retrieved from /home/airflow/.local/lib/python3.8/site-packages/airflow/example_dags/example_external_task_marker_dag.py
[2024-03-19T10:48:15.791+0000] {logging_mixin.py:188} INFO - [2024-03-19T10:48:15.791+0000] {dag.py:3047} INFO - Sync 2 DAGs
[2024-03-19T10:48:15.801+0000] {logging_mixin.py:188} INFO - [2024-03-19T10:48:15.801+0000] {dag.py:3834} INFO - Setting next_dagrun for example_external_task_marker_child to None, run_after=None
[2024-03-19T10:48:15.803+0000] {logging_mixin.py:188} INFO - [2024-03-19T10:48:15.803+0000] {dag.py:3834} INFO - Setting next_dagrun for example_external_task_marker_parent to None, run_after=None
[2024-03-19T10:48:15.814+0000] {processor.py:183} INFO - Processing /home/airflow/.local/lib/python3.8/site-packages/airflow/example_dags/example_external_task_marker_dag.py took 0.050 seconds
[2024-03-19T10:48:45.974+0000] {processor.py:161} INFO - Started process (PID=934) to work on /home/airflow/.local/lib/python3.8/site-packages/airflow/example_dags/example_external_task_marker_dag.py
[2024-03-19T10:48:45.975+0000] {processor.py:830} INFO - Processing file /home/airflow/.local/lib/python3.8/site-packages/airflow/example_dags/example_external_task_marker_dag.py for tasks to queue
[2024-03-19T10:48:45.977+0000] {logging_mixin.py:188} INFO - [2024-03-19T10:48:45.977+0000] {dagbag.py:540} INFO - Filling up the DagBag from /home/airflow/.local/lib/python3.8/site-packages/airflow/example_dags/example_external_task_marker_dag.py
[2024-03-19T10:48:45.982+0000] {processor.py:840} INFO - DAG(s) 'example_external_task_marker_parent', 'example_external_task_marker_child' retrieved from /home/airflow/.local/lib/python3.8/site-packages/airflow/example_dags/example_external_task_marker_dag.py
[2024-03-19T10:48:45.999+0000] {logging_mixin.py:188} INFO - [2024-03-19T10:48:45.999+0000] {dag.py:3047} INFO - Sync 2 DAGs
[2024-03-19T10:48:46.008+0000] {logging_mixin.py:188} INFO - [2024-03-19T10:48:46.008+0000] {dag.py:3834} INFO - Setting next_dagrun for example_external_task_marker_child to None, run_after=None
[2024-03-19T10:48:46.010+0000] {logging_mixin.py:188} INFO - [2024-03-19T10:48:46.010+0000] {dag.py:3834} INFO - Setting next_dagrun for example_external_task_marker_parent to None, run_after=None
[2024-03-19T10:48:46.023+0000] {processor.py:183} INFO - Processing /home/airflow/.local/lib/python3.8/site-packages/airflow/example_dags/example_external_task_marker_dag.py took 0.052 seconds
[2024-03-19T10:49:16.326+0000] {processor.py:161} INFO - Started process (PID=990) to work on /home/airflow/.local/lib/python3.8/site-packages/airflow/example_dags/example_external_task_marker_dag.py
[2024-03-19T10:49:16.327+0000] {processor.py:830} INFO - Processing file /home/airflow/.local/lib/python3.8/site-packages/airflow/example_dags/example_external_task_marker_dag.py for tasks to queue
[2024-03-19T10:49:16.328+0000] {logging_mixin.py:188} INFO - [2024-03-19T10:49:16.328+0000] {dagbag.py:540} INFO - Filling up the DagBag from /home/airflow/.local/lib/python3.8/site-packages/airflow/example_dags/example_external_task_marker_dag.py
[2024-03-19T10:49:16.333+0000] {processor.py:840} INFO - DAG(s) 'example_external_task_marker_child', 'example_external_task_marker_parent' retrieved from /home/airflow/.local/lib/python3.8/site-packages/airflow/example_dags/example_external_task_marker_dag.py
[2024-03-19T10:49:16.351+0000] {logging_mixin.py:188} INFO - [2024-03-19T10:49:16.351+0000] {dag.py:3047} INFO - Sync 2 DAGs
[2024-03-19T10:49:16.359+0000] {logging_mixin.py:188} INFO - [2024-03-19T10:49:16.359+0000] {dag.py:3834} INFO - Setting next_dagrun for example_external_task_marker_child to None, run_after=None
[2024-03-19T10:49:16.362+0000] {logging_mixin.py:188} INFO - [2024-03-19T10:49:16.362+0000] {dag.py:3834} INFO - Setting next_dagrun for example_external_task_marker_parent to None, run_after=None
[2024-03-19T10:49:16.373+0000] {processor.py:183} INFO - Processing /home/airflow/.local/lib/python3.8/site-packages/airflow/example_dags/example_external_task_marker_dag.py took 0.050 seconds
