[2024-03-19T10:40:38.654+0000] {processor.py:161} INFO - Started process (PID=54) to work on /home/airflow/.local/lib/python3.8/site-packages/airflow/example_dags/example_sensors.py
[2024-03-19T10:40:38.656+0000] {processor.py:830} INFO - Processing file /home/airflow/.local/lib/python3.8/site-packages/airflow/example_dags/example_sensors.py for tasks to queue
[2024-03-19T10:40:38.661+0000] {logging_mixin.py:188} INFO - [2024-03-19T10:40:38.660+0000] {dagbag.py:540} INFO - Filling up the DagBag from /home/airflow/.local/lib/python3.8/site-packages/airflow/example_dags/example_sensors.py
[2024-03-19T10:40:38.696+0000] {processor.py:840} INFO - DAG(s) 'example_sensors' retrieved from /home/airflow/.local/lib/python3.8/site-packages/airflow/example_dags/example_sensors.py
[2024-03-19T10:40:38.728+0000] {logging_mixin.py:188} INFO - [2024-03-19T10:40:38.728+0000] {dag.py:3047} INFO - Sync 1 DAGs
[2024-03-19T10:40:38.764+0000] {logging_mixin.py:188} INFO - [2024-03-19T10:40:38.763+0000] {dag.py:3834} INFO - Setting next_dagrun for example_sensors to None, run_after=None
[2024-03-19T10:40:38.796+0000] {processor.py:183} INFO - Processing /home/airflow/.local/lib/python3.8/site-packages/airflow/example_dags/example_sensors.py took 0.150 seconds
[2024-03-19T10:41:09.576+0000] {processor.py:161} INFO - Started process (PID=110) to work on /home/airflow/.local/lib/python3.8/site-packages/airflow/example_dags/example_sensors.py
[2024-03-19T10:41:09.577+0000] {processor.py:830} INFO - Processing file /home/airflow/.local/lib/python3.8/site-packages/airflow/example_dags/example_sensors.py for tasks to queue
[2024-03-19T10:41:09.579+0000] {logging_mixin.py:188} INFO - [2024-03-19T10:41:09.578+0000] {dagbag.py:540} INFO - Filling up the DagBag from /home/airflow/.local/lib/python3.8/site-packages/airflow/example_dags/example_sensors.py
[2024-03-19T10:41:09.586+0000] {processor.py:840} INFO - DAG(s) 'example_sensors' retrieved from /home/airflow/.local/lib/python3.8/site-packages/airflow/example_dags/example_sensors.py
[2024-03-19T10:41:09.659+0000] {logging_mixin.py:188} INFO - [2024-03-19T10:41:09.659+0000] {dag.py:3047} INFO - Sync 1 DAGs
[2024-03-19T10:41:09.666+0000] {logging_mixin.py:188} INFO - [2024-03-19T10:41:09.666+0000] {dag.py:3834} INFO - Setting next_dagrun for example_sensors to None, run_after=None
[2024-03-19T10:41:09.679+0000] {processor.py:183} INFO - Processing /home/airflow/.local/lib/python3.8/site-packages/airflow/example_dags/example_sensors.py took 0.106 seconds
[2024-03-19T10:41:39.753+0000] {processor.py:161} INFO - Started process (PID=166) to work on /home/airflow/.local/lib/python3.8/site-packages/airflow/example_dags/example_sensors.py
[2024-03-19T10:41:39.754+0000] {processor.py:830} INFO - Processing file /home/airflow/.local/lib/python3.8/site-packages/airflow/example_dags/example_sensors.py for tasks to queue
[2024-03-19T10:41:39.755+0000] {logging_mixin.py:188} INFO - [2024-03-19T10:41:39.755+0000] {dagbag.py:540} INFO - Filling up the DagBag from /home/airflow/.local/lib/python3.8/site-packages/airflow/example_dags/example_sensors.py
[2024-03-19T10:41:39.763+0000] {processor.py:840} INFO - DAG(s) 'example_sensors' retrieved from /home/airflow/.local/lib/python3.8/site-packages/airflow/example_dags/example_sensors.py
[2024-03-19T10:41:39.785+0000] {logging_mixin.py:188} INFO - [2024-03-19T10:41:39.785+0000] {dag.py:3047} INFO - Sync 1 DAGs
[2024-03-19T10:41:39.794+0000] {logging_mixin.py:188} INFO - [2024-03-19T10:41:39.794+0000] {dag.py:3834} INFO - Setting next_dagrun for example_sensors to None, run_after=None
[2024-03-19T10:41:39.806+0000] {processor.py:183} INFO - Processing /home/airflow/.local/lib/python3.8/site-packages/airflow/example_dags/example_sensors.py took 0.057 seconds
[2024-03-19T10:42:10.821+0000] {processor.py:161} INFO - Started process (PID=222) to work on /home/airflow/.local/lib/python3.8/site-packages/airflow/example_dags/example_sensors.py
[2024-03-19T10:42:10.823+0000] {processor.py:830} INFO - Processing file /home/airflow/.local/lib/python3.8/site-packages/airflow/example_dags/example_sensors.py for tasks to queue
[2024-03-19T10:42:10.825+0000] {logging_mixin.py:188} INFO - [2024-03-19T10:42:10.824+0000] {dagbag.py:540} INFO - Filling up the DagBag from /home/airflow/.local/lib/python3.8/site-packages/airflow/example_dags/example_sensors.py
[2024-03-19T10:42:10.833+0000] {processor.py:840} INFO - DAG(s) 'example_sensors' retrieved from /home/airflow/.local/lib/python3.8/site-packages/airflow/example_dags/example_sensors.py
[2024-03-19T10:42:10.857+0000] {logging_mixin.py:188} INFO - [2024-03-19T10:42:10.857+0000] {dag.py:3047} INFO - Sync 1 DAGs
[2024-03-19T10:42:10.868+0000] {logging_mixin.py:188} INFO - [2024-03-19T10:42:10.867+0000] {dag.py:3834} INFO - Setting next_dagrun for example_sensors to None, run_after=None
[2024-03-19T10:42:10.881+0000] {processor.py:183} INFO - Processing /home/airflow/.local/lib/python3.8/site-packages/airflow/example_dags/example_sensors.py took 0.064 seconds
[2024-03-19T10:42:41.569+0000] {processor.py:161} INFO - Started process (PID=278) to work on /home/airflow/.local/lib/python3.8/site-packages/airflow/example_dags/example_sensors.py
[2024-03-19T10:42:41.570+0000] {processor.py:830} INFO - Processing file /home/airflow/.local/lib/python3.8/site-packages/airflow/example_dags/example_sensors.py for tasks to queue
[2024-03-19T10:42:41.571+0000] {logging_mixin.py:188} INFO - [2024-03-19T10:42:41.571+0000] {dagbag.py:540} INFO - Filling up the DagBag from /home/airflow/.local/lib/python3.8/site-packages/airflow/example_dags/example_sensors.py
[2024-03-19T10:42:41.579+0000] {processor.py:840} INFO - DAG(s) 'example_sensors' retrieved from /home/airflow/.local/lib/python3.8/site-packages/airflow/example_dags/example_sensors.py
[2024-03-19T10:42:41.599+0000] {logging_mixin.py:188} INFO - [2024-03-19T10:42:41.598+0000] {dag.py:3047} INFO - Sync 1 DAGs
[2024-03-19T10:42:41.608+0000] {logging_mixin.py:188} INFO - [2024-03-19T10:42:41.608+0000] {dag.py:3834} INFO - Setting next_dagrun for example_sensors to None, run_after=None
[2024-03-19T10:42:41.620+0000] {processor.py:183} INFO - Processing /home/airflow/.local/lib/python3.8/site-packages/airflow/example_dags/example_sensors.py took 0.055 seconds
[2024-03-19T10:43:12.040+0000] {processor.py:161} INFO - Started process (PID=334) to work on /home/airflow/.local/lib/python3.8/site-packages/airflow/example_dags/example_sensors.py
[2024-03-19T10:43:12.041+0000] {processor.py:830} INFO - Processing file /home/airflow/.local/lib/python3.8/site-packages/airflow/example_dags/example_sensors.py for tasks to queue
[2024-03-19T10:43:12.042+0000] {logging_mixin.py:188} INFO - [2024-03-19T10:43:12.042+0000] {dagbag.py:540} INFO - Filling up the DagBag from /home/airflow/.local/lib/python3.8/site-packages/airflow/example_dags/example_sensors.py
[2024-03-19T10:43:12.049+0000] {processor.py:840} INFO - DAG(s) 'example_sensors' retrieved from /home/airflow/.local/lib/python3.8/site-packages/airflow/example_dags/example_sensors.py
[2024-03-19T10:43:12.068+0000] {logging_mixin.py:188} INFO - [2024-03-19T10:43:12.068+0000] {dag.py:3047} INFO - Sync 1 DAGs
[2024-03-19T10:43:12.076+0000] {logging_mixin.py:188} INFO - [2024-03-19T10:43:12.076+0000] {dag.py:3834} INFO - Setting next_dagrun for example_sensors to None, run_after=None
[2024-03-19T10:43:12.088+0000] {processor.py:183} INFO - Processing /home/airflow/.local/lib/python3.8/site-packages/airflow/example_dags/example_sensors.py took 0.051 seconds
[2024-03-19T10:43:42.492+0000] {processor.py:161} INFO - Started process (PID=390) to work on /home/airflow/.local/lib/python3.8/site-packages/airflow/example_dags/example_sensors.py
[2024-03-19T10:43:42.493+0000] {processor.py:830} INFO - Processing file /home/airflow/.local/lib/python3.8/site-packages/airflow/example_dags/example_sensors.py for tasks to queue
[2024-03-19T10:43:42.494+0000] {logging_mixin.py:188} INFO - [2024-03-19T10:43:42.494+0000] {dagbag.py:540} INFO - Filling up the DagBag from /home/airflow/.local/lib/python3.8/site-packages/airflow/example_dags/example_sensors.py
[2024-03-19T10:43:42.502+0000] {processor.py:840} INFO - DAG(s) 'example_sensors' retrieved from /home/airflow/.local/lib/python3.8/site-packages/airflow/example_dags/example_sensors.py
[2024-03-19T10:43:42.520+0000] {logging_mixin.py:188} INFO - [2024-03-19T10:43:42.520+0000] {dag.py:3047} INFO - Sync 1 DAGs
[2024-03-19T10:43:42.528+0000] {logging_mixin.py:188} INFO - [2024-03-19T10:43:42.528+0000] {dag.py:3834} INFO - Setting next_dagrun for example_sensors to None, run_after=None
[2024-03-19T10:43:42.541+0000] {processor.py:183} INFO - Processing /home/airflow/.local/lib/python3.8/site-packages/airflow/example_dags/example_sensors.py took 0.052 seconds
[2024-03-19T10:44:12.884+0000] {processor.py:161} INFO - Started process (PID=446) to work on /home/airflow/.local/lib/python3.8/site-packages/airflow/example_dags/example_sensors.py
[2024-03-19T10:44:12.885+0000] {processor.py:830} INFO - Processing file /home/airflow/.local/lib/python3.8/site-packages/airflow/example_dags/example_sensors.py for tasks to queue
[2024-03-19T10:44:12.886+0000] {logging_mixin.py:188} INFO - [2024-03-19T10:44:12.886+0000] {dagbag.py:540} INFO - Filling up the DagBag from /home/airflow/.local/lib/python3.8/site-packages/airflow/example_dags/example_sensors.py
[2024-03-19T10:44:12.893+0000] {processor.py:840} INFO - DAG(s) 'example_sensors' retrieved from /home/airflow/.local/lib/python3.8/site-packages/airflow/example_dags/example_sensors.py
[2024-03-19T10:44:12.911+0000] {logging_mixin.py:188} INFO - [2024-03-19T10:44:12.911+0000] {dag.py:3047} INFO - Sync 1 DAGs
[2024-03-19T10:44:12.920+0000] {logging_mixin.py:188} INFO - [2024-03-19T10:44:12.920+0000] {dag.py:3834} INFO - Setting next_dagrun for example_sensors to None, run_after=None
[2024-03-19T10:44:12.931+0000] {processor.py:183} INFO - Processing /home/airflow/.local/lib/python3.8/site-packages/airflow/example_dags/example_sensors.py took 0.051 seconds
[2024-03-19T10:44:43.567+0000] {processor.py:161} INFO - Started process (PID=502) to work on /home/airflow/.local/lib/python3.8/site-packages/airflow/example_dags/example_sensors.py
[2024-03-19T10:44:43.568+0000] {processor.py:830} INFO - Processing file /home/airflow/.local/lib/python3.8/site-packages/airflow/example_dags/example_sensors.py for tasks to queue
[2024-03-19T10:44:43.570+0000] {logging_mixin.py:188} INFO - [2024-03-19T10:44:43.570+0000] {dagbag.py:540} INFO - Filling up the DagBag from /home/airflow/.local/lib/python3.8/site-packages/airflow/example_dags/example_sensors.py
[2024-03-19T10:44:43.578+0000] {processor.py:840} INFO - DAG(s) 'example_sensors' retrieved from /home/airflow/.local/lib/python3.8/site-packages/airflow/example_dags/example_sensors.py
[2024-03-19T10:44:43.597+0000] {logging_mixin.py:188} INFO - [2024-03-19T10:44:43.597+0000] {dag.py:3047} INFO - Sync 1 DAGs
[2024-03-19T10:44:43.606+0000] {logging_mixin.py:188} INFO - [2024-03-19T10:44:43.606+0000] {dag.py:3834} INFO - Setting next_dagrun for example_sensors to None, run_after=None
[2024-03-19T10:44:43.617+0000] {processor.py:183} INFO - Processing /home/airflow/.local/lib/python3.8/site-packages/airflow/example_dags/example_sensors.py took 0.054 seconds
[2024-03-19T10:45:14.245+0000] {processor.py:161} INFO - Started process (PID=558) to work on /home/airflow/.local/lib/python3.8/site-packages/airflow/example_dags/example_sensors.py
[2024-03-19T10:45:14.247+0000] {processor.py:830} INFO - Processing file /home/airflow/.local/lib/python3.8/site-packages/airflow/example_dags/example_sensors.py for tasks to queue
[2024-03-19T10:45:14.248+0000] {logging_mixin.py:188} INFO - [2024-03-19T10:45:14.248+0000] {dagbag.py:540} INFO - Filling up the DagBag from /home/airflow/.local/lib/python3.8/site-packages/airflow/example_dags/example_sensors.py
[2024-03-19T10:45:14.256+0000] {processor.py:840} INFO - DAG(s) 'example_sensors' retrieved from /home/airflow/.local/lib/python3.8/site-packages/airflow/example_dags/example_sensors.py
[2024-03-19T10:45:14.278+0000] {logging_mixin.py:188} INFO - [2024-03-19T10:45:14.278+0000] {dag.py:3047} INFO - Sync 1 DAGs
[2024-03-19T10:45:14.287+0000] {logging_mixin.py:188} INFO - [2024-03-19T10:45:14.287+0000] {dag.py:3834} INFO - Setting next_dagrun for example_sensors to None, run_after=None
[2024-03-19T10:45:14.299+0000] {processor.py:183} INFO - Processing /home/airflow/.local/lib/python3.8/site-packages/airflow/example_dags/example_sensors.py took 0.057 seconds
[2024-03-19T10:45:45.156+0000] {processor.py:161} INFO - Started process (PID=614) to work on /home/airflow/.local/lib/python3.8/site-packages/airflow/example_dags/example_sensors.py
[2024-03-19T10:45:45.157+0000] {processor.py:830} INFO - Processing file /home/airflow/.local/lib/python3.8/site-packages/airflow/example_dags/example_sensors.py for tasks to queue
[2024-03-19T10:45:45.159+0000] {logging_mixin.py:188} INFO - [2024-03-19T10:45:45.159+0000] {dagbag.py:540} INFO - Filling up the DagBag from /home/airflow/.local/lib/python3.8/site-packages/airflow/example_dags/example_sensors.py
[2024-03-19T10:45:45.172+0000] {processor.py:840} INFO - DAG(s) 'example_sensors' retrieved from /home/airflow/.local/lib/python3.8/site-packages/airflow/example_dags/example_sensors.py
[2024-03-19T10:45:45.218+0000] {logging_mixin.py:188} INFO - [2024-03-19T10:45:45.217+0000] {dag.py:3047} INFO - Sync 1 DAGs
[2024-03-19T10:45:45.230+0000] {logging_mixin.py:188} INFO - [2024-03-19T10:45:45.230+0000] {dag.py:3834} INFO - Setting next_dagrun for example_sensors to None, run_after=None
[2024-03-19T10:45:45.245+0000] {processor.py:183} INFO - Processing /home/airflow/.local/lib/python3.8/site-packages/airflow/example_dags/example_sensors.py took 0.092 seconds
[2024-03-19T10:46:15.372+0000] {processor.py:161} INFO - Started process (PID=670) to work on /home/airflow/.local/lib/python3.8/site-packages/airflow/example_dags/example_sensors.py
[2024-03-19T10:46:15.374+0000] {processor.py:830} INFO - Processing file /home/airflow/.local/lib/python3.8/site-packages/airflow/example_dags/example_sensors.py for tasks to queue
[2024-03-19T10:46:15.376+0000] {logging_mixin.py:188} INFO - [2024-03-19T10:46:15.376+0000] {dagbag.py:540} INFO - Filling up the DagBag from /home/airflow/.local/lib/python3.8/site-packages/airflow/example_dags/example_sensors.py
[2024-03-19T10:46:15.393+0000] {processor.py:840} INFO - DAG(s) 'example_sensors' retrieved from /home/airflow/.local/lib/python3.8/site-packages/airflow/example_dags/example_sensors.py
[2024-03-19T10:46:15.451+0000] {logging_mixin.py:188} INFO - [2024-03-19T10:46:15.450+0000] {dag.py:3047} INFO - Sync 1 DAGs
[2024-03-19T10:46:15.469+0000] {logging_mixin.py:188} INFO - [2024-03-19T10:46:15.469+0000] {dag.py:3834} INFO - Setting next_dagrun for example_sensors to None, run_after=None
[2024-03-19T10:46:15.492+0000] {processor.py:183} INFO - Processing /home/airflow/.local/lib/python3.8/site-packages/airflow/example_dags/example_sensors.py took 0.125 seconds
[2024-03-19T10:46:45.570+0000] {processor.py:161} INFO - Started process (PID=726) to work on /home/airflow/.local/lib/python3.8/site-packages/airflow/example_dags/example_sensors.py
[2024-03-19T10:46:45.572+0000] {processor.py:830} INFO - Processing file /home/airflow/.local/lib/python3.8/site-packages/airflow/example_dags/example_sensors.py for tasks to queue
[2024-03-19T10:46:45.573+0000] {logging_mixin.py:188} INFO - [2024-03-19T10:46:45.573+0000] {dagbag.py:540} INFO - Filling up the DagBag from /home/airflow/.local/lib/python3.8/site-packages/airflow/example_dags/example_sensors.py
[2024-03-19T10:46:45.582+0000] {processor.py:840} INFO - DAG(s) 'example_sensors' retrieved from /home/airflow/.local/lib/python3.8/site-packages/airflow/example_dags/example_sensors.py
[2024-03-19T10:46:45.603+0000] {logging_mixin.py:188} INFO - [2024-03-19T10:46:45.603+0000] {dag.py:3047} INFO - Sync 1 DAGs
[2024-03-19T10:46:45.612+0000] {logging_mixin.py:188} INFO - [2024-03-19T10:46:45.612+0000] {dag.py:3834} INFO - Setting next_dagrun for example_sensors to None, run_after=None
[2024-03-19T10:46:45.624+0000] {processor.py:183} INFO - Processing /home/airflow/.local/lib/python3.8/site-packages/airflow/example_dags/example_sensors.py took 0.057 seconds
[2024-03-19T10:47:15.874+0000] {processor.py:161} INFO - Started process (PID=782) to work on /home/airflow/.local/lib/python3.8/site-packages/airflow/example_dags/example_sensors.py
[2024-03-19T10:47:15.876+0000] {processor.py:830} INFO - Processing file /home/airflow/.local/lib/python3.8/site-packages/airflow/example_dags/example_sensors.py for tasks to queue
[2024-03-19T10:47:15.878+0000] {logging_mixin.py:188} INFO - [2024-03-19T10:47:15.878+0000] {dagbag.py:540} INFO - Filling up the DagBag from /home/airflow/.local/lib/python3.8/site-packages/airflow/example_dags/example_sensors.py
[2024-03-19T10:47:15.887+0000] {processor.py:840} INFO - DAG(s) 'example_sensors' retrieved from /home/airflow/.local/lib/python3.8/site-packages/airflow/example_dags/example_sensors.py
[2024-03-19T10:47:15.908+0000] {logging_mixin.py:188} INFO - [2024-03-19T10:47:15.908+0000] {dag.py:3047} INFO - Sync 1 DAGs
[2024-03-19T10:47:15.917+0000] {logging_mixin.py:188} INFO - [2024-03-19T10:47:15.917+0000] {dag.py:3834} INFO - Setting next_dagrun for example_sensors to None, run_after=None
[2024-03-19T10:47:15.930+0000] {processor.py:183} INFO - Processing /home/airflow/.local/lib/python3.8/site-packages/airflow/example_dags/example_sensors.py took 0.059 seconds
[2024-03-19T10:47:46.200+0000] {processor.py:161} INFO - Started process (PID=838) to work on /home/airflow/.local/lib/python3.8/site-packages/airflow/example_dags/example_sensors.py
[2024-03-19T10:47:46.201+0000] {processor.py:830} INFO - Processing file /home/airflow/.local/lib/python3.8/site-packages/airflow/example_dags/example_sensors.py for tasks to queue
[2024-03-19T10:47:46.202+0000] {logging_mixin.py:188} INFO - [2024-03-19T10:47:46.202+0000] {dagbag.py:540} INFO - Filling up the DagBag from /home/airflow/.local/lib/python3.8/site-packages/airflow/example_dags/example_sensors.py
[2024-03-19T10:47:46.209+0000] {processor.py:840} INFO - DAG(s) 'example_sensors' retrieved from /home/airflow/.local/lib/python3.8/site-packages/airflow/example_dags/example_sensors.py
[2024-03-19T10:47:46.228+0000] {logging_mixin.py:188} INFO - [2024-03-19T10:47:46.228+0000] {dag.py:3047} INFO - Sync 1 DAGs
[2024-03-19T10:47:46.236+0000] {logging_mixin.py:188} INFO - [2024-03-19T10:47:46.236+0000] {dag.py:3834} INFO - Setting next_dagrun for example_sensors to None, run_after=None
[2024-03-19T10:47:46.248+0000] {processor.py:183} INFO - Processing /home/airflow/.local/lib/python3.8/site-packages/airflow/example_dags/example_sensors.py took 0.051 seconds
[2024-03-19T10:48:16.371+0000] {processor.py:161} INFO - Started process (PID=894) to work on /home/airflow/.local/lib/python3.8/site-packages/airflow/example_dags/example_sensors.py
[2024-03-19T10:48:16.372+0000] {processor.py:830} INFO - Processing file /home/airflow/.local/lib/python3.8/site-packages/airflow/example_dags/example_sensors.py for tasks to queue
[2024-03-19T10:48:16.374+0000] {logging_mixin.py:188} INFO - [2024-03-19T10:48:16.374+0000] {dagbag.py:540} INFO - Filling up the DagBag from /home/airflow/.local/lib/python3.8/site-packages/airflow/example_dags/example_sensors.py
[2024-03-19T10:48:16.381+0000] {processor.py:840} INFO - DAG(s) 'example_sensors' retrieved from /home/airflow/.local/lib/python3.8/site-packages/airflow/example_dags/example_sensors.py
[2024-03-19T10:48:16.399+0000] {logging_mixin.py:188} INFO - [2024-03-19T10:48:16.399+0000] {dag.py:3047} INFO - Sync 1 DAGs
[2024-03-19T10:48:16.413+0000] {logging_mixin.py:188} INFO - [2024-03-19T10:48:16.412+0000] {dag.py:3834} INFO - Setting next_dagrun for example_sensors to None, run_after=None
[2024-03-19T10:48:16.424+0000] {processor.py:183} INFO - Processing /home/airflow/.local/lib/python3.8/site-packages/airflow/example_dags/example_sensors.py took 0.056 seconds
[2024-03-19T10:48:46.605+0000] {processor.py:161} INFO - Started process (PID=950) to work on /home/airflow/.local/lib/python3.8/site-packages/airflow/example_dags/example_sensors.py
[2024-03-19T10:48:46.606+0000] {processor.py:830} INFO - Processing file /home/airflow/.local/lib/python3.8/site-packages/airflow/example_dags/example_sensors.py for tasks to queue
[2024-03-19T10:48:46.608+0000] {logging_mixin.py:188} INFO - [2024-03-19T10:48:46.608+0000] {dagbag.py:540} INFO - Filling up the DagBag from /home/airflow/.local/lib/python3.8/site-packages/airflow/example_dags/example_sensors.py
[2024-03-19T10:48:46.617+0000] {processor.py:840} INFO - DAG(s) 'example_sensors' retrieved from /home/airflow/.local/lib/python3.8/site-packages/airflow/example_dags/example_sensors.py
[2024-03-19T10:48:46.640+0000] {logging_mixin.py:188} INFO - [2024-03-19T10:48:46.640+0000] {dag.py:3047} INFO - Sync 1 DAGs
[2024-03-19T10:48:46.650+0000] {logging_mixin.py:188} INFO - [2024-03-19T10:48:46.649+0000] {dag.py:3834} INFO - Setting next_dagrun for example_sensors to None, run_after=None
[2024-03-19T10:48:46.666+0000] {processor.py:183} INFO - Processing /home/airflow/.local/lib/python3.8/site-packages/airflow/example_dags/example_sensors.py took 0.063 seconds
[2024-03-19T10:49:18.251+0000] {processor.py:161} INFO - Started process (PID=1006) to work on /home/airflow/.local/lib/python3.8/site-packages/airflow/example_dags/example_sensors.py
[2024-03-19T10:49:18.252+0000] {processor.py:830} INFO - Processing file /home/airflow/.local/lib/python3.8/site-packages/airflow/example_dags/example_sensors.py for tasks to queue
[2024-03-19T10:49:18.254+0000] {logging_mixin.py:188} INFO - [2024-03-19T10:49:18.253+0000] {dagbag.py:540} INFO - Filling up the DagBag from /home/airflow/.local/lib/python3.8/site-packages/airflow/example_dags/example_sensors.py
[2024-03-19T10:49:18.265+0000] {processor.py:840} INFO - DAG(s) 'example_sensors' retrieved from /home/airflow/.local/lib/python3.8/site-packages/airflow/example_dags/example_sensors.py
[2024-03-19T10:49:18.288+0000] {logging_mixin.py:188} INFO - [2024-03-19T10:49:18.288+0000] {dag.py:3047} INFO - Sync 1 DAGs
[2024-03-19T10:49:18.300+0000] {logging_mixin.py:188} INFO - [2024-03-19T10:49:18.299+0000] {dag.py:3834} INFO - Setting next_dagrun for example_sensors to None, run_after=None
[2024-03-19T10:49:18.314+0000] {processor.py:183} INFO - Processing /home/airflow/.local/lib/python3.8/site-packages/airflow/example_dags/example_sensors.py took 0.067 seconds
