[2024-03-19T10:40:39.884+0000] {processor.py:161} INFO - Started process (PID=68) to work on /home/airflow/.local/lib/python3.8/site-packages/airflow/example_dags/example_latest_only.py
[2024-03-19T10:40:39.889+0000] {processor.py:830} INFO - Processing file /home/airflow/.local/lib/python3.8/site-packages/airflow/example_dags/example_latest_only.py for tasks to queue
[2024-03-19T10:40:39.898+0000] {logging_mixin.py:188} INFO - [2024-03-19T10:40:39.896+0000] {dagbag.py:540} INFO - Filling up the DagBag from /home/airflow/.local/lib/python3.8/site-packages/airflow/example_dags/example_latest_only.py
[2024-03-19T10:40:39.956+0000] {processor.py:840} INFO - DAG(s) 'latest_only' retrieved from /home/airflow/.local/lib/python3.8/site-packages/airflow/example_dags/example_latest_only.py
[2024-03-19T10:40:40.091+0000] {logging_mixin.py:188} INFO - [2024-03-19T10:40:40.090+0000] {dag.py:3047} INFO - Sync 1 DAGs
[2024-03-19T10:40:40.176+0000] {logging_mixin.py:188} INFO - [2024-03-19T10:40:40.172+0000] {dag.py:3834} INFO - Setting next_dagrun for latest_only to 2024-03-19 04:00:00+00:00, run_after=2024-03-19 08:00:00+00:00
[2024-03-19T10:40:40.246+0000] {processor.py:183} INFO - Processing /home/airflow/.local/lib/python3.8/site-packages/airflow/example_dags/example_latest_only.py took 0.380 seconds
[2024-03-19T10:41:10.510+0000] {processor.py:161} INFO - Started process (PID=124) to work on /home/airflow/.local/lib/python3.8/site-packages/airflow/example_dags/example_latest_only.py
[2024-03-19T10:41:10.511+0000] {processor.py:830} INFO - Processing file /home/airflow/.local/lib/python3.8/site-packages/airflow/example_dags/example_latest_only.py for tasks to queue
[2024-03-19T10:41:10.513+0000] {logging_mixin.py:188} INFO - [2024-03-19T10:41:10.513+0000] {dagbag.py:540} INFO - Filling up the DagBag from /home/airflow/.local/lib/python3.8/site-packages/airflow/example_dags/example_latest_only.py
[2024-03-19T10:41:10.517+0000] {processor.py:840} INFO - DAG(s) 'latest_only' retrieved from /home/airflow/.local/lib/python3.8/site-packages/airflow/example_dags/example_latest_only.py
[2024-03-19T10:41:10.589+0000] {logging_mixin.py:188} INFO - [2024-03-19T10:41:10.589+0000] {dag.py:3047} INFO - Sync 1 DAGs
[2024-03-19T10:41:10.602+0000] {logging_mixin.py:188} INFO - [2024-03-19T10:41:10.602+0000] {dag.py:3834} INFO - Setting next_dagrun for latest_only to 2024-03-19 04:00:00+00:00, run_after=2024-03-19 08:00:00+00:00
[2024-03-19T10:41:10.613+0000] {processor.py:183} INFO - Processing /home/airflow/.local/lib/python3.8/site-packages/airflow/example_dags/example_latest_only.py took 0.106 seconds
[2024-03-19T10:41:41.399+0000] {processor.py:161} INFO - Started process (PID=180) to work on /home/airflow/.local/lib/python3.8/site-packages/airflow/example_dags/example_latest_only.py
[2024-03-19T10:41:41.401+0000] {processor.py:830} INFO - Processing file /home/airflow/.local/lib/python3.8/site-packages/airflow/example_dags/example_latest_only.py for tasks to queue
[2024-03-19T10:41:41.402+0000] {logging_mixin.py:188} INFO - [2024-03-19T10:41:41.402+0000] {dagbag.py:540} INFO - Filling up the DagBag from /home/airflow/.local/lib/python3.8/site-packages/airflow/example_dags/example_latest_only.py
[2024-03-19T10:41:41.406+0000] {processor.py:840} INFO - DAG(s) 'latest_only' retrieved from /home/airflow/.local/lib/python3.8/site-packages/airflow/example_dags/example_latest_only.py
[2024-03-19T10:41:41.421+0000] {logging_mixin.py:188} INFO - [2024-03-19T10:41:41.421+0000] {dag.py:3047} INFO - Sync 1 DAGs
[2024-03-19T10:41:41.436+0000] {logging_mixin.py:188} INFO - [2024-03-19T10:41:41.436+0000] {dag.py:3834} INFO - Setting next_dagrun for latest_only to 2024-03-19 04:00:00+00:00, run_after=2024-03-19 08:00:00+00:00
[2024-03-19T10:41:41.447+0000] {processor.py:183} INFO - Processing /home/airflow/.local/lib/python3.8/site-packages/airflow/example_dags/example_latest_only.py took 0.051 seconds
[2024-03-19T10:42:12.479+0000] {processor.py:161} INFO - Started process (PID=236) to work on /home/airflow/.local/lib/python3.8/site-packages/airflow/example_dags/example_latest_only.py
[2024-03-19T10:42:12.480+0000] {processor.py:830} INFO - Processing file /home/airflow/.local/lib/python3.8/site-packages/airflow/example_dags/example_latest_only.py for tasks to queue
[2024-03-19T10:42:12.481+0000] {logging_mixin.py:188} INFO - [2024-03-19T10:42:12.481+0000] {dagbag.py:540} INFO - Filling up the DagBag from /home/airflow/.local/lib/python3.8/site-packages/airflow/example_dags/example_latest_only.py
[2024-03-19T10:42:12.486+0000] {processor.py:840} INFO - DAG(s) 'latest_only' retrieved from /home/airflow/.local/lib/python3.8/site-packages/airflow/example_dags/example_latest_only.py
[2024-03-19T10:42:12.500+0000] {logging_mixin.py:188} INFO - [2024-03-19T10:42:12.500+0000] {dag.py:3047} INFO - Sync 1 DAGs
[2024-03-19T10:42:12.515+0000] {logging_mixin.py:188} INFO - [2024-03-19T10:42:12.515+0000] {dag.py:3834} INFO - Setting next_dagrun for latest_only to 2024-03-19 04:00:00+00:00, run_after=2024-03-19 08:00:00+00:00
[2024-03-19T10:42:12.527+0000] {processor.py:183} INFO - Processing /home/airflow/.local/lib/python3.8/site-packages/airflow/example_dags/example_latest_only.py took 0.051 seconds
[2024-03-19T10:42:43.162+0000] {processor.py:161} INFO - Started process (PID=292) to work on /home/airflow/.local/lib/python3.8/site-packages/airflow/example_dags/example_latest_only.py
[2024-03-19T10:42:43.163+0000] {processor.py:830} INFO - Processing file /home/airflow/.local/lib/python3.8/site-packages/airflow/example_dags/example_latest_only.py for tasks to queue
[2024-03-19T10:42:43.165+0000] {logging_mixin.py:188} INFO - [2024-03-19T10:42:43.165+0000] {dagbag.py:540} INFO - Filling up the DagBag from /home/airflow/.local/lib/python3.8/site-packages/airflow/example_dags/example_latest_only.py
[2024-03-19T10:42:43.169+0000] {processor.py:840} INFO - DAG(s) 'latest_only' retrieved from /home/airflow/.local/lib/python3.8/site-packages/airflow/example_dags/example_latest_only.py
[2024-03-19T10:42:43.185+0000] {logging_mixin.py:188} INFO - [2024-03-19T10:42:43.185+0000] {dag.py:3047} INFO - Sync 1 DAGs
[2024-03-19T10:42:43.199+0000] {logging_mixin.py:188} INFO - [2024-03-19T10:42:43.199+0000] {dag.py:3834} INFO - Setting next_dagrun for latest_only to 2024-03-19 04:00:00+00:00, run_after=2024-03-19 08:00:00+00:00
[2024-03-19T10:42:43.211+0000] {processor.py:183} INFO - Processing /home/airflow/.local/lib/python3.8/site-packages/airflow/example_dags/example_latest_only.py took 0.052 seconds
[2024-03-19T10:43:13.563+0000] {processor.py:161} INFO - Started process (PID=348) to work on /home/airflow/.local/lib/python3.8/site-packages/airflow/example_dags/example_latest_only.py
[2024-03-19T10:43:13.564+0000] {processor.py:830} INFO - Processing file /home/airflow/.local/lib/python3.8/site-packages/airflow/example_dags/example_latest_only.py for tasks to queue
[2024-03-19T10:43:13.565+0000] {logging_mixin.py:188} INFO - [2024-03-19T10:43:13.565+0000] {dagbag.py:540} INFO - Filling up the DagBag from /home/airflow/.local/lib/python3.8/site-packages/airflow/example_dags/example_latest_only.py
[2024-03-19T10:43:13.569+0000] {processor.py:840} INFO - DAG(s) 'latest_only' retrieved from /home/airflow/.local/lib/python3.8/site-packages/airflow/example_dags/example_latest_only.py
[2024-03-19T10:43:13.584+0000] {logging_mixin.py:188} INFO - [2024-03-19T10:43:13.584+0000] {dag.py:3047} INFO - Sync 1 DAGs
[2024-03-19T10:43:13.599+0000] {logging_mixin.py:188} INFO - [2024-03-19T10:43:13.599+0000] {dag.py:3834} INFO - Setting next_dagrun for latest_only to 2024-03-19 04:00:00+00:00, run_after=2024-03-19 08:00:00+00:00
[2024-03-19T10:43:13.610+0000] {processor.py:183} INFO - Processing /home/airflow/.local/lib/python3.8/site-packages/airflow/example_dags/example_latest_only.py took 0.051 seconds
[2024-03-19T10:43:44.007+0000] {processor.py:161} INFO - Started process (PID=404) to work on /home/airflow/.local/lib/python3.8/site-packages/airflow/example_dags/example_latest_only.py
[2024-03-19T10:43:44.008+0000] {processor.py:830} INFO - Processing file /home/airflow/.local/lib/python3.8/site-packages/airflow/example_dags/example_latest_only.py for tasks to queue
[2024-03-19T10:43:44.010+0000] {logging_mixin.py:188} INFO - [2024-03-19T10:43:44.010+0000] {dagbag.py:540} INFO - Filling up the DagBag from /home/airflow/.local/lib/python3.8/site-packages/airflow/example_dags/example_latest_only.py
[2024-03-19T10:43:44.014+0000] {processor.py:840} INFO - DAG(s) 'latest_only' retrieved from /home/airflow/.local/lib/python3.8/site-packages/airflow/example_dags/example_latest_only.py
[2024-03-19T10:43:44.028+0000] {logging_mixin.py:188} INFO - [2024-03-19T10:43:44.028+0000] {dag.py:3047} INFO - Sync 1 DAGs
[2024-03-19T10:43:44.043+0000] {logging_mixin.py:188} INFO - [2024-03-19T10:43:44.043+0000] {dag.py:3834} INFO - Setting next_dagrun for latest_only to 2024-03-19 04:00:00+00:00, run_after=2024-03-19 08:00:00+00:00
[2024-03-19T10:43:44.054+0000] {processor.py:183} INFO - Processing /home/airflow/.local/lib/python3.8/site-packages/airflow/example_dags/example_latest_only.py took 0.050 seconds
[2024-03-19T10:44:14.406+0000] {processor.py:161} INFO - Started process (PID=460) to work on /home/airflow/.local/lib/python3.8/site-packages/airflow/example_dags/example_latest_only.py
[2024-03-19T10:44:14.407+0000] {processor.py:830} INFO - Processing file /home/airflow/.local/lib/python3.8/site-packages/airflow/example_dags/example_latest_only.py for tasks to queue
[2024-03-19T10:44:14.408+0000] {logging_mixin.py:188} INFO - [2024-03-19T10:44:14.408+0000] {dagbag.py:540} INFO - Filling up the DagBag from /home/airflow/.local/lib/python3.8/site-packages/airflow/example_dags/example_latest_only.py
[2024-03-19T10:44:14.412+0000] {processor.py:840} INFO - DAG(s) 'latest_only' retrieved from /home/airflow/.local/lib/python3.8/site-packages/airflow/example_dags/example_latest_only.py
[2024-03-19T10:44:14.427+0000] {logging_mixin.py:188} INFO - [2024-03-19T10:44:14.426+0000] {dag.py:3047} INFO - Sync 1 DAGs
[2024-03-19T10:44:14.441+0000] {logging_mixin.py:188} INFO - [2024-03-19T10:44:14.441+0000] {dag.py:3834} INFO - Setting next_dagrun for latest_only to 2024-03-19 04:00:00+00:00, run_after=2024-03-19 08:00:00+00:00
[2024-03-19T10:44:14.453+0000] {processor.py:183} INFO - Processing /home/airflow/.local/lib/python3.8/site-packages/airflow/example_dags/example_latest_only.py took 0.050 seconds
[2024-03-19T10:44:45.236+0000] {processor.py:161} INFO - Started process (PID=516) to work on /home/airflow/.local/lib/python3.8/site-packages/airflow/example_dags/example_latest_only.py
[2024-03-19T10:44:45.237+0000] {processor.py:830} INFO - Processing file /home/airflow/.local/lib/python3.8/site-packages/airflow/example_dags/example_latest_only.py for tasks to queue
[2024-03-19T10:44:45.239+0000] {logging_mixin.py:188} INFO - [2024-03-19T10:44:45.239+0000] {dagbag.py:540} INFO - Filling up the DagBag from /home/airflow/.local/lib/python3.8/site-packages/airflow/example_dags/example_latest_only.py
[2024-03-19T10:44:45.243+0000] {processor.py:840} INFO - DAG(s) 'latest_only' retrieved from /home/airflow/.local/lib/python3.8/site-packages/airflow/example_dags/example_latest_only.py
[2024-03-19T10:44:45.260+0000] {logging_mixin.py:188} INFO - [2024-03-19T10:44:45.260+0000] {dag.py:3047} INFO - Sync 1 DAGs
[2024-03-19T10:44:45.275+0000] {logging_mixin.py:188} INFO - [2024-03-19T10:44:45.275+0000] {dag.py:3834} INFO - Setting next_dagrun for latest_only to 2024-03-19 04:00:00+00:00, run_after=2024-03-19 08:00:00+00:00
[2024-03-19T10:44:45.288+0000] {processor.py:183} INFO - Processing /home/airflow/.local/lib/python3.8/site-packages/airflow/example_dags/example_latest_only.py took 0.055 seconds
[2024-03-19T10:45:15.869+0000] {processor.py:161} INFO - Started process (PID=572) to work on /home/airflow/.local/lib/python3.8/site-packages/airflow/example_dags/example_latest_only.py
[2024-03-19T10:45:15.870+0000] {processor.py:830} INFO - Processing file /home/airflow/.local/lib/python3.8/site-packages/airflow/example_dags/example_latest_only.py for tasks to queue
[2024-03-19T10:45:15.872+0000] {logging_mixin.py:188} INFO - [2024-03-19T10:45:15.871+0000] {dagbag.py:540} INFO - Filling up the DagBag from /home/airflow/.local/lib/python3.8/site-packages/airflow/example_dags/example_latest_only.py
[2024-03-19T10:45:15.876+0000] {processor.py:840} INFO - DAG(s) 'latest_only' retrieved from /home/airflow/.local/lib/python3.8/site-packages/airflow/example_dags/example_latest_only.py
[2024-03-19T10:45:15.891+0000] {logging_mixin.py:188} INFO - [2024-03-19T10:45:15.891+0000] {dag.py:3047} INFO - Sync 1 DAGs
[2024-03-19T10:45:15.905+0000] {logging_mixin.py:188} INFO - [2024-03-19T10:45:15.905+0000] {dag.py:3834} INFO - Setting next_dagrun for latest_only to 2024-03-19 04:00:00+00:00, run_after=2024-03-19 08:00:00+00:00
[2024-03-19T10:45:15.916+0000] {processor.py:183} INFO - Processing /home/airflow/.local/lib/python3.8/site-packages/airflow/example_dags/example_latest_only.py took 0.050 seconds
[2024-03-19T10:45:46.749+0000] {processor.py:161} INFO - Started process (PID=628) to work on /home/airflow/.local/lib/python3.8/site-packages/airflow/example_dags/example_latest_only.py
[2024-03-19T10:45:46.750+0000] {processor.py:830} INFO - Processing file /home/airflow/.local/lib/python3.8/site-packages/airflow/example_dags/example_latest_only.py for tasks to queue
[2024-03-19T10:45:46.752+0000] {logging_mixin.py:188} INFO - [2024-03-19T10:45:46.752+0000] {dagbag.py:540} INFO - Filling up the DagBag from /home/airflow/.local/lib/python3.8/site-packages/airflow/example_dags/example_latest_only.py
[2024-03-19T10:45:46.756+0000] {processor.py:840} INFO - DAG(s) 'latest_only' retrieved from /home/airflow/.local/lib/python3.8/site-packages/airflow/example_dags/example_latest_only.py
[2024-03-19T10:45:46.775+0000] {logging_mixin.py:188} INFO - [2024-03-19T10:45:46.775+0000] {dag.py:3047} INFO - Sync 1 DAGs
[2024-03-19T10:45:46.796+0000] {logging_mixin.py:188} INFO - [2024-03-19T10:45:46.796+0000] {dag.py:3834} INFO - Setting next_dagrun for latest_only to 2024-03-19 04:00:00+00:00, run_after=2024-03-19 08:00:00+00:00
[2024-03-19T10:45:46.813+0000] {processor.py:183} INFO - Processing /home/airflow/.local/lib/python3.8/site-packages/airflow/example_dags/example_latest_only.py took 0.066 seconds
[2024-03-19T10:46:17.464+0000] {processor.py:161} INFO - Started process (PID=684) to work on /home/airflow/.local/lib/python3.8/site-packages/airflow/example_dags/example_latest_only.py
[2024-03-19T10:46:17.465+0000] {processor.py:830} INFO - Processing file /home/airflow/.local/lib/python3.8/site-packages/airflow/example_dags/example_latest_only.py for tasks to queue
[2024-03-19T10:46:17.467+0000] {logging_mixin.py:188} INFO - [2024-03-19T10:46:17.467+0000] {dagbag.py:540} INFO - Filling up the DagBag from /home/airflow/.local/lib/python3.8/site-packages/airflow/example_dags/example_latest_only.py
[2024-03-19T10:46:17.474+0000] {processor.py:840} INFO - DAG(s) 'latest_only' retrieved from /home/airflow/.local/lib/python3.8/site-packages/airflow/example_dags/example_latest_only.py
[2024-03-19T10:46:17.491+0000] {logging_mixin.py:188} INFO - [2024-03-19T10:46:17.491+0000] {dag.py:3047} INFO - Sync 1 DAGs
[2024-03-19T10:46:17.508+0000] {logging_mixin.py:188} INFO - [2024-03-19T10:46:17.508+0000] {dag.py:3834} INFO - Setting next_dagrun for latest_only to 2024-03-19 04:00:00+00:00, run_after=2024-03-19 08:00:00+00:00
[2024-03-19T10:46:17.520+0000] {processor.py:183} INFO - Processing /home/airflow/.local/lib/python3.8/site-packages/airflow/example_dags/example_latest_only.py took 0.060 seconds
[2024-03-19T10:46:48.349+0000] {processor.py:161} INFO - Started process (PID=740) to work on /home/airflow/.local/lib/python3.8/site-packages/airflow/example_dags/example_latest_only.py
[2024-03-19T10:46:48.350+0000] {processor.py:830} INFO - Processing file /home/airflow/.local/lib/python3.8/site-packages/airflow/example_dags/example_latest_only.py for tasks to queue
[2024-03-19T10:46:48.352+0000] {logging_mixin.py:188} INFO - [2024-03-19T10:46:48.351+0000] {dagbag.py:540} INFO - Filling up the DagBag from /home/airflow/.local/lib/python3.8/site-packages/airflow/example_dags/example_latest_only.py
[2024-03-19T10:46:48.356+0000] {processor.py:840} INFO - DAG(s) 'latest_only' retrieved from /home/airflow/.local/lib/python3.8/site-packages/airflow/example_dags/example_latest_only.py
[2024-03-19T10:46:48.371+0000] {logging_mixin.py:188} INFO - [2024-03-19T10:46:48.371+0000] {dag.py:3047} INFO - Sync 1 DAGs
[2024-03-19T10:46:48.386+0000] {logging_mixin.py:188} INFO - [2024-03-19T10:46:48.386+0000] {dag.py:3834} INFO - Setting next_dagrun for latest_only to 2024-03-19 04:00:00+00:00, run_after=2024-03-19 08:00:00+00:00
[2024-03-19T10:46:48.398+0000] {processor.py:183} INFO - Processing /home/airflow/.local/lib/python3.8/site-packages/airflow/example_dags/example_latest_only.py took 0.052 seconds
[2024-03-19T10:47:18.681+0000] {processor.py:161} INFO - Started process (PID=796) to work on /home/airflow/.local/lib/python3.8/site-packages/airflow/example_dags/example_latest_only.py
[2024-03-19T10:47:18.682+0000] {processor.py:830} INFO - Processing file /home/airflow/.local/lib/python3.8/site-packages/airflow/example_dags/example_latest_only.py for tasks to queue
[2024-03-19T10:47:18.684+0000] {logging_mixin.py:188} INFO - [2024-03-19T10:47:18.684+0000] {dagbag.py:540} INFO - Filling up the DagBag from /home/airflow/.local/lib/python3.8/site-packages/airflow/example_dags/example_latest_only.py
[2024-03-19T10:47:18.690+0000] {processor.py:840} INFO - DAG(s) 'latest_only' retrieved from /home/airflow/.local/lib/python3.8/site-packages/airflow/example_dags/example_latest_only.py
[2024-03-19T10:47:18.718+0000] {logging_mixin.py:188} INFO - [2024-03-19T10:47:18.718+0000] {dag.py:3047} INFO - Sync 1 DAGs
[2024-03-19T10:47:18.738+0000] {logging_mixin.py:188} INFO - [2024-03-19T10:47:18.738+0000] {dag.py:3834} INFO - Setting next_dagrun for latest_only to 2024-03-19 04:00:00+00:00, run_after=2024-03-19 08:00:00+00:00
[2024-03-19T10:47:18.753+0000] {processor.py:183} INFO - Processing /home/airflow/.local/lib/python3.8/site-packages/airflow/example_dags/example_latest_only.py took 0.075 seconds
[2024-03-19T10:47:48.898+0000] {processor.py:161} INFO - Started process (PID=852) to work on /home/airflow/.local/lib/python3.8/site-packages/airflow/example_dags/example_latest_only.py
[2024-03-19T10:47:48.900+0000] {processor.py:830} INFO - Processing file /home/airflow/.local/lib/python3.8/site-packages/airflow/example_dags/example_latest_only.py for tasks to queue
[2024-03-19T10:47:48.902+0000] {logging_mixin.py:188} INFO - [2024-03-19T10:47:48.902+0000] {dagbag.py:540} INFO - Filling up the DagBag from /home/airflow/.local/lib/python3.8/site-packages/airflow/example_dags/example_latest_only.py
[2024-03-19T10:47:48.906+0000] {processor.py:840} INFO - DAG(s) 'latest_only' retrieved from /home/airflow/.local/lib/python3.8/site-packages/airflow/example_dags/example_latest_only.py
[2024-03-19T10:47:48.922+0000] {logging_mixin.py:188} INFO - [2024-03-19T10:47:48.922+0000] {dag.py:3047} INFO - Sync 1 DAGs
[2024-03-19T10:47:48.938+0000] {logging_mixin.py:188} INFO - [2024-03-19T10:47:48.938+0000] {dag.py:3834} INFO - Setting next_dagrun for latest_only to 2024-03-19 04:00:00+00:00, run_after=2024-03-19 08:00:00+00:00
[2024-03-19T10:47:48.954+0000] {processor.py:183} INFO - Processing /home/airflow/.local/lib/python3.8/site-packages/airflow/example_dags/example_latest_only.py took 0.060 seconds
[2024-03-19T10:48:19.125+0000] {processor.py:161} INFO - Started process (PID=908) to work on /home/airflow/.local/lib/python3.8/site-packages/airflow/example_dags/example_latest_only.py
[2024-03-19T10:48:19.126+0000] {processor.py:830} INFO - Processing file /home/airflow/.local/lib/python3.8/site-packages/airflow/example_dags/example_latest_only.py for tasks to queue
[2024-03-19T10:48:19.128+0000] {logging_mixin.py:188} INFO - [2024-03-19T10:48:19.128+0000] {dagbag.py:540} INFO - Filling up the DagBag from /home/airflow/.local/lib/python3.8/site-packages/airflow/example_dags/example_latest_only.py
[2024-03-19T10:48:19.133+0000] {processor.py:840} INFO - DAG(s) 'latest_only' retrieved from /home/airflow/.local/lib/python3.8/site-packages/airflow/example_dags/example_latest_only.py
[2024-03-19T10:48:19.149+0000] {logging_mixin.py:188} INFO - [2024-03-19T10:48:19.148+0000] {dag.py:3047} INFO - Sync 1 DAGs
[2024-03-19T10:48:19.164+0000] {logging_mixin.py:188} INFO - [2024-03-19T10:48:19.164+0000] {dag.py:3834} INFO - Setting next_dagrun for latest_only to 2024-03-19 04:00:00+00:00, run_after=2024-03-19 08:00:00+00:00
[2024-03-19T10:48:19.176+0000] {processor.py:183} INFO - Processing /home/airflow/.local/lib/python3.8/site-packages/airflow/example_dags/example_latest_only.py took 0.054 seconds
[2024-03-19T10:48:49.444+0000] {processor.py:161} INFO - Started process (PID=964) to work on /home/airflow/.local/lib/python3.8/site-packages/airflow/example_dags/example_latest_only.py
[2024-03-19T10:48:49.445+0000] {processor.py:830} INFO - Processing file /home/airflow/.local/lib/python3.8/site-packages/airflow/example_dags/example_latest_only.py for tasks to queue
[2024-03-19T10:48:49.448+0000] {logging_mixin.py:188} INFO - [2024-03-19T10:48:49.447+0000] {dagbag.py:540} INFO - Filling up the DagBag from /home/airflow/.local/lib/python3.8/site-packages/airflow/example_dags/example_latest_only.py
[2024-03-19T10:48:49.454+0000] {processor.py:840} INFO - DAG(s) 'latest_only' retrieved from /home/airflow/.local/lib/python3.8/site-packages/airflow/example_dags/example_latest_only.py
[2024-03-19T10:48:49.480+0000] {logging_mixin.py:188} INFO - [2024-03-19T10:48:49.479+0000] {dag.py:3047} INFO - Sync 1 DAGs
[2024-03-19T10:48:49.505+0000] {logging_mixin.py:188} INFO - [2024-03-19T10:48:49.505+0000] {dag.py:3834} INFO - Setting next_dagrun for latest_only to 2024-03-19 04:00:00+00:00, run_after=2024-03-19 08:00:00+00:00
[2024-03-19T10:48:49.523+0000] {processor.py:183} INFO - Processing /home/airflow/.local/lib/python3.8/site-packages/airflow/example_dags/example_latest_only.py took 0.083 seconds
[2024-03-19T10:49:19.957+0000] {processor.py:161} INFO - Started process (PID=1020) to work on /home/airflow/.local/lib/python3.8/site-packages/airflow/example_dags/example_latest_only.py
[2024-03-19T10:49:19.959+0000] {processor.py:830} INFO - Processing file /home/airflow/.local/lib/python3.8/site-packages/airflow/example_dags/example_latest_only.py for tasks to queue
[2024-03-19T10:49:19.960+0000] {logging_mixin.py:188} INFO - [2024-03-19T10:49:19.960+0000] {dagbag.py:540} INFO - Filling up the DagBag from /home/airflow/.local/lib/python3.8/site-packages/airflow/example_dags/example_latest_only.py
[2024-03-19T10:49:19.965+0000] {processor.py:840} INFO - DAG(s) 'latest_only' retrieved from /home/airflow/.local/lib/python3.8/site-packages/airflow/example_dags/example_latest_only.py
[2024-03-19T10:49:19.984+0000] {logging_mixin.py:188} INFO - [2024-03-19T10:49:19.984+0000] {dag.py:3047} INFO - Sync 1 DAGs
[2024-03-19T10:49:20.003+0000] {logging_mixin.py:188} INFO - [2024-03-19T10:49:20.003+0000] {dag.py:3834} INFO - Setting next_dagrun for latest_only to 2024-03-19 04:00:00+00:00, run_after=2024-03-19 08:00:00+00:00
[2024-03-19T10:49:20.017+0000] {processor.py:183} INFO - Processing /home/airflow/.local/lib/python3.8/site-packages/airflow/example_dags/example_latest_only.py took 0.063 seconds
