[2024-03-19T10:40:37.573+0000] {processor.py:161} INFO - Started process (PID=46) to work on /home/airflow/.local/lib/python3.8/site-packages/airflow/example_dags/example_skip_dag.py
[2024-03-19T10:40:37.574+0000] {processor.py:830} INFO - Processing file /home/airflow/.local/lib/python3.8/site-packages/airflow/example_dags/example_skip_dag.py for tasks to queue
[2024-03-19T10:40:37.576+0000] {logging_mixin.py:188} INFO - [2024-03-19T10:40:37.576+0000] {dagbag.py:540} INFO - Filling up the DagBag from /home/airflow/.local/lib/python3.8/site-packages/airflow/example_dags/example_skip_dag.py
[2024-03-19T10:40:37.589+0000] {processor.py:840} INFO - DAG(s) 'example_skip_dag' retrieved from /home/airflow/.local/lib/python3.8/site-packages/airflow/example_dags/example_skip_dag.py
[2024-03-19T10:40:37.609+0000] {logging_mixin.py:188} INFO - [2024-03-19T10:40:37.609+0000] {dag.py:3047} INFO - Sync 1 DAGs
[2024-03-19T10:40:37.642+0000] {logging_mixin.py:188} INFO - [2024-03-19T10:40:37.642+0000] {dag.py:3834} INFO - Setting next_dagrun for example_skip_dag to 2024-03-18 00:00:00+00:00, run_after=2024-03-19 00:00:00+00:00
[2024-03-19T10:40:37.666+0000] {processor.py:183} INFO - Processing /home/airflow/.local/lib/python3.8/site-packages/airflow/example_dags/example_skip_dag.py took 0.097 seconds
[2024-03-19T10:41:08.053+0000] {processor.py:161} INFO - Started process (PID=102) to work on /home/airflow/.local/lib/python3.8/site-packages/airflow/example_dags/example_skip_dag.py
[2024-03-19T10:41:08.054+0000] {processor.py:830} INFO - Processing file /home/airflow/.local/lib/python3.8/site-packages/airflow/example_dags/example_skip_dag.py for tasks to queue
[2024-03-19T10:41:08.056+0000] {logging_mixin.py:188} INFO - [2024-03-19T10:41:08.056+0000] {dagbag.py:540} INFO - Filling up the DagBag from /home/airflow/.local/lib/python3.8/site-packages/airflow/example_dags/example_skip_dag.py
[2024-03-19T10:41:08.062+0000] {processor.py:840} INFO - DAG(s) 'example_skip_dag' retrieved from /home/airflow/.local/lib/python3.8/site-packages/airflow/example_dags/example_skip_dag.py
[2024-03-19T10:41:08.133+0000] {logging_mixin.py:188} INFO - [2024-03-19T10:41:08.133+0000] {dag.py:3047} INFO - Sync 1 DAGs
[2024-03-19T10:41:08.147+0000] {logging_mixin.py:188} INFO - [2024-03-19T10:41:08.147+0000] {dag.py:3834} INFO - Setting next_dagrun for example_skip_dag to 2024-03-18 00:00:00+00:00, run_after=2024-03-19 00:00:00+00:00
[2024-03-19T10:41:08.159+0000] {processor.py:183} INFO - Processing /home/airflow/.local/lib/python3.8/site-packages/airflow/example_dags/example_skip_dag.py took 0.109 seconds
[2024-03-19T10:41:38.446+0000] {processor.py:161} INFO - Started process (PID=158) to work on /home/airflow/.local/lib/python3.8/site-packages/airflow/example_dags/example_skip_dag.py
[2024-03-19T10:41:38.447+0000] {processor.py:830} INFO - Processing file /home/airflow/.local/lib/python3.8/site-packages/airflow/example_dags/example_skip_dag.py for tasks to queue
[2024-03-19T10:41:38.448+0000] {logging_mixin.py:188} INFO - [2024-03-19T10:41:38.448+0000] {dagbag.py:540} INFO - Filling up the DagBag from /home/airflow/.local/lib/python3.8/site-packages/airflow/example_dags/example_skip_dag.py
[2024-03-19T10:41:38.454+0000] {processor.py:840} INFO - DAG(s) 'example_skip_dag' retrieved from /home/airflow/.local/lib/python3.8/site-packages/airflow/example_dags/example_skip_dag.py
[2024-03-19T10:41:38.470+0000] {logging_mixin.py:188} INFO - [2024-03-19T10:41:38.470+0000] {dag.py:3047} INFO - Sync 1 DAGs
[2024-03-19T10:41:38.485+0000] {logging_mixin.py:188} INFO - [2024-03-19T10:41:38.485+0000] {dag.py:3834} INFO - Setting next_dagrun for example_skip_dag to 2024-03-18 00:00:00+00:00, run_after=2024-03-19 00:00:00+00:00
[2024-03-19T10:41:38.497+0000] {processor.py:183} INFO - Processing /home/airflow/.local/lib/python3.8/site-packages/airflow/example_dags/example_skip_dag.py took 0.054 seconds
[2024-03-19T10:42:09.386+0000] {processor.py:161} INFO - Started process (PID=214) to work on /home/airflow/.local/lib/python3.8/site-packages/airflow/example_dags/example_skip_dag.py
[2024-03-19T10:42:09.388+0000] {processor.py:830} INFO - Processing file /home/airflow/.local/lib/python3.8/site-packages/airflow/example_dags/example_skip_dag.py for tasks to queue
[2024-03-19T10:42:09.390+0000] {logging_mixin.py:188} INFO - [2024-03-19T10:42:09.389+0000] {dagbag.py:540} INFO - Filling up the DagBag from /home/airflow/.local/lib/python3.8/site-packages/airflow/example_dags/example_skip_dag.py
[2024-03-19T10:42:09.398+0000] {processor.py:840} INFO - DAG(s) 'example_skip_dag' retrieved from /home/airflow/.local/lib/python3.8/site-packages/airflow/example_dags/example_skip_dag.py
[2024-03-19T10:42:09.419+0000] {logging_mixin.py:188} INFO - [2024-03-19T10:42:09.419+0000] {dag.py:3047} INFO - Sync 1 DAGs
[2024-03-19T10:42:09.451+0000] {logging_mixin.py:188} INFO - [2024-03-19T10:42:09.451+0000] {dag.py:3834} INFO - Setting next_dagrun for example_skip_dag to 2024-03-18 00:00:00+00:00, run_after=2024-03-19 00:00:00+00:00
[2024-03-19T10:42:09.466+0000] {processor.py:183} INFO - Processing /home/airflow/.local/lib/python3.8/site-packages/airflow/example_dags/example_skip_dag.py took 0.083 seconds
[2024-03-19T10:42:40.192+0000] {processor.py:161} INFO - Started process (PID=270) to work on /home/airflow/.local/lib/python3.8/site-packages/airflow/example_dags/example_skip_dag.py
[2024-03-19T10:42:40.193+0000] {processor.py:830} INFO - Processing file /home/airflow/.local/lib/python3.8/site-packages/airflow/example_dags/example_skip_dag.py for tasks to queue
[2024-03-19T10:42:40.195+0000] {logging_mixin.py:188} INFO - [2024-03-19T10:42:40.195+0000] {dagbag.py:540} INFO - Filling up the DagBag from /home/airflow/.local/lib/python3.8/site-packages/airflow/example_dags/example_skip_dag.py
[2024-03-19T10:42:40.200+0000] {processor.py:840} INFO - DAG(s) 'example_skip_dag' retrieved from /home/airflow/.local/lib/python3.8/site-packages/airflow/example_dags/example_skip_dag.py
[2024-03-19T10:42:40.215+0000] {logging_mixin.py:188} INFO - [2024-03-19T10:42:40.215+0000] {dag.py:3047} INFO - Sync 1 DAGs
[2024-03-19T10:42:40.230+0000] {logging_mixin.py:188} INFO - [2024-03-19T10:42:40.229+0000] {dag.py:3834} INFO - Setting next_dagrun for example_skip_dag to 2024-03-18 00:00:00+00:00, run_after=2024-03-19 00:00:00+00:00
[2024-03-19T10:42:40.241+0000] {processor.py:183} INFO - Processing /home/airflow/.local/lib/python3.8/site-packages/airflow/example_dags/example_skip_dag.py took 0.052 seconds
[2024-03-19T10:43:10.679+0000] {processor.py:161} INFO - Started process (PID=326) to work on /home/airflow/.local/lib/python3.8/site-packages/airflow/example_dags/example_skip_dag.py
[2024-03-19T10:43:10.680+0000] {processor.py:830} INFO - Processing file /home/airflow/.local/lib/python3.8/site-packages/airflow/example_dags/example_skip_dag.py for tasks to queue
[2024-03-19T10:43:10.682+0000] {logging_mixin.py:188} INFO - [2024-03-19T10:43:10.682+0000] {dagbag.py:540} INFO - Filling up the DagBag from /home/airflow/.local/lib/python3.8/site-packages/airflow/example_dags/example_skip_dag.py
[2024-03-19T10:43:10.688+0000] {processor.py:840} INFO - DAG(s) 'example_skip_dag' retrieved from /home/airflow/.local/lib/python3.8/site-packages/airflow/example_dags/example_skip_dag.py
[2024-03-19T10:43:10.704+0000] {logging_mixin.py:188} INFO - [2024-03-19T10:43:10.704+0000] {dag.py:3047} INFO - Sync 1 DAGs
[2024-03-19T10:43:10.719+0000] {logging_mixin.py:188} INFO - [2024-03-19T10:43:10.719+0000] {dag.py:3834} INFO - Setting next_dagrun for example_skip_dag to 2024-03-18 00:00:00+00:00, run_after=2024-03-19 00:00:00+00:00
[2024-03-19T10:43:10.731+0000] {processor.py:183} INFO - Processing /home/airflow/.local/lib/python3.8/site-packages/airflow/example_dags/example_skip_dag.py took 0.055 seconds
[2024-03-19T10:43:41.159+0000] {processor.py:161} INFO - Started process (PID=382) to work on /home/airflow/.local/lib/python3.8/site-packages/airflow/example_dags/example_skip_dag.py
[2024-03-19T10:43:41.160+0000] {processor.py:830} INFO - Processing file /home/airflow/.local/lib/python3.8/site-packages/airflow/example_dags/example_skip_dag.py for tasks to queue
[2024-03-19T10:43:41.161+0000] {logging_mixin.py:188} INFO - [2024-03-19T10:43:41.161+0000] {dagbag.py:540} INFO - Filling up the DagBag from /home/airflow/.local/lib/python3.8/site-packages/airflow/example_dags/example_skip_dag.py
[2024-03-19T10:43:41.166+0000] {processor.py:840} INFO - DAG(s) 'example_skip_dag' retrieved from /home/airflow/.local/lib/python3.8/site-packages/airflow/example_dags/example_skip_dag.py
[2024-03-19T10:43:41.182+0000] {logging_mixin.py:188} INFO - [2024-03-19T10:43:41.182+0000] {dag.py:3047} INFO - Sync 1 DAGs
[2024-03-19T10:43:41.197+0000] {logging_mixin.py:188} INFO - [2024-03-19T10:43:41.197+0000] {dag.py:3834} INFO - Setting next_dagrun for example_skip_dag to 2024-03-18 00:00:00+00:00, run_after=2024-03-19 00:00:00+00:00
[2024-03-19T10:43:41.211+0000] {processor.py:183} INFO - Processing /home/airflow/.local/lib/python3.8/site-packages/airflow/example_dags/example_skip_dag.py took 0.055 seconds
[2024-03-19T10:44:11.578+0000] {processor.py:161} INFO - Started process (PID=438) to work on /home/airflow/.local/lib/python3.8/site-packages/airflow/example_dags/example_skip_dag.py
[2024-03-19T10:44:11.579+0000] {processor.py:830} INFO - Processing file /home/airflow/.local/lib/python3.8/site-packages/airflow/example_dags/example_skip_dag.py for tasks to queue
[2024-03-19T10:44:11.581+0000] {logging_mixin.py:188} INFO - [2024-03-19T10:44:11.581+0000] {dagbag.py:540} INFO - Filling up the DagBag from /home/airflow/.local/lib/python3.8/site-packages/airflow/example_dags/example_skip_dag.py
[2024-03-19T10:44:11.586+0000] {processor.py:840} INFO - DAG(s) 'example_skip_dag' retrieved from /home/airflow/.local/lib/python3.8/site-packages/airflow/example_dags/example_skip_dag.py
[2024-03-19T10:44:11.602+0000] {logging_mixin.py:188} INFO - [2024-03-19T10:44:11.602+0000] {dag.py:3047} INFO - Sync 1 DAGs
[2024-03-19T10:44:11.617+0000] {logging_mixin.py:188} INFO - [2024-03-19T10:44:11.617+0000] {dag.py:3834} INFO - Setting next_dagrun for example_skip_dag to 2024-03-18 00:00:00+00:00, run_after=2024-03-19 00:00:00+00:00
[2024-03-19T10:44:11.628+0000] {processor.py:183} INFO - Processing /home/airflow/.local/lib/python3.8/site-packages/airflow/example_dags/example_skip_dag.py took 0.053 seconds
[2024-03-19T10:44:42.142+0000] {processor.py:161} INFO - Started process (PID=494) to work on /home/airflow/.local/lib/python3.8/site-packages/airflow/example_dags/example_skip_dag.py
[2024-03-19T10:44:42.143+0000] {processor.py:830} INFO - Processing file /home/airflow/.local/lib/python3.8/site-packages/airflow/example_dags/example_skip_dag.py for tasks to queue
[2024-03-19T10:44:42.144+0000] {logging_mixin.py:188} INFO - [2024-03-19T10:44:42.144+0000] {dagbag.py:540} INFO - Filling up the DagBag from /home/airflow/.local/lib/python3.8/site-packages/airflow/example_dags/example_skip_dag.py
[2024-03-19T10:44:42.158+0000] {processor.py:840} INFO - DAG(s) 'example_skip_dag' retrieved from /home/airflow/.local/lib/python3.8/site-packages/airflow/example_dags/example_skip_dag.py
[2024-03-19T10:44:42.244+0000] {logging_mixin.py:188} INFO - [2024-03-19T10:44:42.243+0000] {dag.py:3047} INFO - Sync 1 DAGs
[2024-03-19T10:44:42.264+0000] {logging_mixin.py:188} INFO - [2024-03-19T10:44:42.264+0000] {dag.py:3834} INFO - Setting next_dagrun for example_skip_dag to 2024-03-18 00:00:00+00:00, run_after=2024-03-19 00:00:00+00:00
[2024-03-19T10:44:42.278+0000] {processor.py:183} INFO - Processing /home/airflow/.local/lib/python3.8/site-packages/airflow/example_dags/example_skip_dag.py took 0.139 seconds
[2024-03-19T10:45:12.855+0000] {processor.py:161} INFO - Started process (PID=550) to work on /home/airflow/.local/lib/python3.8/site-packages/airflow/example_dags/example_skip_dag.py
[2024-03-19T10:45:12.856+0000] {processor.py:830} INFO - Processing file /home/airflow/.local/lib/python3.8/site-packages/airflow/example_dags/example_skip_dag.py for tasks to queue
[2024-03-19T10:45:12.858+0000] {logging_mixin.py:188} INFO - [2024-03-19T10:45:12.858+0000] {dagbag.py:540} INFO - Filling up the DagBag from /home/airflow/.local/lib/python3.8/site-packages/airflow/example_dags/example_skip_dag.py
[2024-03-19T10:45:12.863+0000] {processor.py:840} INFO - DAG(s) 'example_skip_dag' retrieved from /home/airflow/.local/lib/python3.8/site-packages/airflow/example_dags/example_skip_dag.py
[2024-03-19T10:45:12.881+0000] {logging_mixin.py:188} INFO - [2024-03-19T10:45:12.881+0000] {dag.py:3047} INFO - Sync 1 DAGs
[2024-03-19T10:45:12.896+0000] {logging_mixin.py:188} INFO - [2024-03-19T10:45:12.896+0000] {dag.py:3834} INFO - Setting next_dagrun for example_skip_dag to 2024-03-18 00:00:00+00:00, run_after=2024-03-19 00:00:00+00:00
[2024-03-19T10:45:12.908+0000] {processor.py:183} INFO - Processing /home/airflow/.local/lib/python3.8/site-packages/airflow/example_dags/example_skip_dag.py took 0.056 seconds
[2024-03-19T10:45:43.840+0000] {processor.py:161} INFO - Started process (PID=606) to work on /home/airflow/.local/lib/python3.8/site-packages/airflow/example_dags/example_skip_dag.py
[2024-03-19T10:45:43.841+0000] {processor.py:830} INFO - Processing file /home/airflow/.local/lib/python3.8/site-packages/airflow/example_dags/example_skip_dag.py for tasks to queue
[2024-03-19T10:45:43.842+0000] {logging_mixin.py:188} INFO - [2024-03-19T10:45:43.842+0000] {dagbag.py:540} INFO - Filling up the DagBag from /home/airflow/.local/lib/python3.8/site-packages/airflow/example_dags/example_skip_dag.py
[2024-03-19T10:45:43.848+0000] {processor.py:840} INFO - DAG(s) 'example_skip_dag' retrieved from /home/airflow/.local/lib/python3.8/site-packages/airflow/example_dags/example_skip_dag.py
[2024-03-19T10:45:43.863+0000] {logging_mixin.py:188} INFO - [2024-03-19T10:45:43.863+0000] {dag.py:3047} INFO - Sync 1 DAGs
[2024-03-19T10:45:43.878+0000] {logging_mixin.py:188} INFO - [2024-03-19T10:45:43.878+0000] {dag.py:3834} INFO - Setting next_dagrun for example_skip_dag to 2024-03-18 00:00:00+00:00, run_after=2024-03-19 00:00:00+00:00
[2024-03-19T10:45:43.890+0000] {processor.py:183} INFO - Processing /home/airflow/.local/lib/python3.8/site-packages/airflow/example_dags/example_skip_dag.py took 0.054 seconds
[2024-03-19T10:46:14.652+0000] {processor.py:161} INFO - Started process (PID=662) to work on /home/airflow/.local/lib/python3.8/site-packages/airflow/example_dags/example_skip_dag.py
[2024-03-19T10:46:14.655+0000] {processor.py:830} INFO - Processing file /home/airflow/.local/lib/python3.8/site-packages/airflow/example_dags/example_skip_dag.py for tasks to queue
[2024-03-19T10:46:14.659+0000] {logging_mixin.py:188} INFO - [2024-03-19T10:46:14.658+0000] {dagbag.py:540} INFO - Filling up the DagBag from /home/airflow/.local/lib/python3.8/site-packages/airflow/example_dags/example_skip_dag.py
[2024-03-19T10:46:14.668+0000] {processor.py:840} INFO - DAG(s) 'example_skip_dag' retrieved from /home/airflow/.local/lib/python3.8/site-packages/airflow/example_dags/example_skip_dag.py
[2024-03-19T10:46:14.697+0000] {logging_mixin.py:188} INFO - [2024-03-19T10:46:14.697+0000] {dag.py:3047} INFO - Sync 1 DAGs
[2024-03-19T10:46:14.731+0000] {logging_mixin.py:188} INFO - [2024-03-19T10:46:14.731+0000] {dag.py:3834} INFO - Setting next_dagrun for example_skip_dag to 2024-03-18 00:00:00+00:00, run_after=2024-03-19 00:00:00+00:00
[2024-03-19T10:46:14.760+0000] {processor.py:183} INFO - Processing /home/airflow/.local/lib/python3.8/site-packages/airflow/example_dags/example_skip_dag.py took 0.113 seconds
[2024-03-19T10:46:45.205+0000] {processor.py:161} INFO - Started process (PID=718) to work on /home/airflow/.local/lib/python3.8/site-packages/airflow/example_dags/example_skip_dag.py
[2024-03-19T10:46:45.206+0000] {processor.py:830} INFO - Processing file /home/airflow/.local/lib/python3.8/site-packages/airflow/example_dags/example_skip_dag.py for tasks to queue
[2024-03-19T10:46:45.207+0000] {logging_mixin.py:188} INFO - [2024-03-19T10:46:45.207+0000] {dagbag.py:540} INFO - Filling up the DagBag from /home/airflow/.local/lib/python3.8/site-packages/airflow/example_dags/example_skip_dag.py
[2024-03-19T10:46:45.213+0000] {processor.py:840} INFO - DAG(s) 'example_skip_dag' retrieved from /home/airflow/.local/lib/python3.8/site-packages/airflow/example_dags/example_skip_dag.py
[2024-03-19T10:46:45.229+0000] {logging_mixin.py:188} INFO - [2024-03-19T10:46:45.229+0000] {dag.py:3047} INFO - Sync 1 DAGs
[2024-03-19T10:46:45.244+0000] {logging_mixin.py:188} INFO - [2024-03-19T10:46:45.244+0000] {dag.py:3834} INFO - Setting next_dagrun for example_skip_dag to 2024-03-18 00:00:00+00:00, run_after=2024-03-19 00:00:00+00:00
[2024-03-19T10:46:45.256+0000] {processor.py:183} INFO - Processing /home/airflow/.local/lib/python3.8/site-packages/airflow/example_dags/example_skip_dag.py took 0.055 seconds
[2024-03-19T10:47:15.443+0000] {processor.py:161} INFO - Started process (PID=774) to work on /home/airflow/.local/lib/python3.8/site-packages/airflow/example_dags/example_skip_dag.py
[2024-03-19T10:47:15.444+0000] {processor.py:830} INFO - Processing file /home/airflow/.local/lib/python3.8/site-packages/airflow/example_dags/example_skip_dag.py for tasks to queue
[2024-03-19T10:47:15.446+0000] {logging_mixin.py:188} INFO - [2024-03-19T10:47:15.446+0000] {dagbag.py:540} INFO - Filling up the DagBag from /home/airflow/.local/lib/python3.8/site-packages/airflow/example_dags/example_skip_dag.py
[2024-03-19T10:47:15.451+0000] {processor.py:840} INFO - DAG(s) 'example_skip_dag' retrieved from /home/airflow/.local/lib/python3.8/site-packages/airflow/example_dags/example_skip_dag.py
[2024-03-19T10:47:15.467+0000] {logging_mixin.py:188} INFO - [2024-03-19T10:47:15.467+0000] {dag.py:3047} INFO - Sync 1 DAGs
[2024-03-19T10:47:15.481+0000] {logging_mixin.py:188} INFO - [2024-03-19T10:47:15.481+0000] {dag.py:3834} INFO - Setting next_dagrun for example_skip_dag to 2024-03-18 00:00:00+00:00, run_after=2024-03-19 00:00:00+00:00
[2024-03-19T10:47:15.493+0000] {processor.py:183} INFO - Processing /home/airflow/.local/lib/python3.8/site-packages/airflow/example_dags/example_skip_dag.py took 0.053 seconds
[2024-03-19T10:47:45.878+0000] {processor.py:161} INFO - Started process (PID=830) to work on /home/airflow/.local/lib/python3.8/site-packages/airflow/example_dags/example_skip_dag.py
[2024-03-19T10:47:45.880+0000] {processor.py:830} INFO - Processing file /home/airflow/.local/lib/python3.8/site-packages/airflow/example_dags/example_skip_dag.py for tasks to queue
[2024-03-19T10:47:45.881+0000] {logging_mixin.py:188} INFO - [2024-03-19T10:47:45.881+0000] {dagbag.py:540} INFO - Filling up the DagBag from /home/airflow/.local/lib/python3.8/site-packages/airflow/example_dags/example_skip_dag.py
[2024-03-19T10:47:45.887+0000] {processor.py:840} INFO - DAG(s) 'example_skip_dag' retrieved from /home/airflow/.local/lib/python3.8/site-packages/airflow/example_dags/example_skip_dag.py
[2024-03-19T10:47:45.903+0000] {logging_mixin.py:188} INFO - [2024-03-19T10:47:45.903+0000] {dag.py:3047} INFO - Sync 1 DAGs
[2024-03-19T10:47:45.918+0000] {logging_mixin.py:188} INFO - [2024-03-19T10:47:45.918+0000] {dag.py:3834} INFO - Setting next_dagrun for example_skip_dag to 2024-03-18 00:00:00+00:00, run_after=2024-03-19 00:00:00+00:00
[2024-03-19T10:47:45.929+0000] {processor.py:183} INFO - Processing /home/airflow/.local/lib/python3.8/site-packages/airflow/example_dags/example_skip_dag.py took 0.054 seconds
[2024-03-19T10:48:16.105+0000] {processor.py:161} INFO - Started process (PID=886) to work on /home/airflow/.local/lib/python3.8/site-packages/airflow/example_dags/example_skip_dag.py
[2024-03-19T10:48:16.106+0000] {processor.py:830} INFO - Processing file /home/airflow/.local/lib/python3.8/site-packages/airflow/example_dags/example_skip_dag.py for tasks to queue
[2024-03-19T10:48:16.107+0000] {logging_mixin.py:188} INFO - [2024-03-19T10:48:16.107+0000] {dagbag.py:540} INFO - Filling up the DagBag from /home/airflow/.local/lib/python3.8/site-packages/airflow/example_dags/example_skip_dag.py
[2024-03-19T10:48:16.113+0000] {processor.py:840} INFO - DAG(s) 'example_skip_dag' retrieved from /home/airflow/.local/lib/python3.8/site-packages/airflow/example_dags/example_skip_dag.py
[2024-03-19T10:48:16.128+0000] {logging_mixin.py:188} INFO - [2024-03-19T10:48:16.128+0000] {dag.py:3047} INFO - Sync 1 DAGs
[2024-03-19T10:48:16.143+0000] {logging_mixin.py:188} INFO - [2024-03-19T10:48:16.143+0000] {dag.py:3834} INFO - Setting next_dagrun for example_skip_dag to 2024-03-18 00:00:00+00:00, run_after=2024-03-19 00:00:00+00:00
[2024-03-19T10:48:16.155+0000] {processor.py:183} INFO - Processing /home/airflow/.local/lib/python3.8/site-packages/airflow/example_dags/example_skip_dag.py took 0.053 seconds
[2024-03-19T10:48:46.333+0000] {processor.py:161} INFO - Started process (PID=942) to work on /home/airflow/.local/lib/python3.8/site-packages/airflow/example_dags/example_skip_dag.py
[2024-03-19T10:48:46.334+0000] {processor.py:830} INFO - Processing file /home/airflow/.local/lib/python3.8/site-packages/airflow/example_dags/example_skip_dag.py for tasks to queue
[2024-03-19T10:48:46.335+0000] {logging_mixin.py:188} INFO - [2024-03-19T10:48:46.335+0000] {dagbag.py:540} INFO - Filling up the DagBag from /home/airflow/.local/lib/python3.8/site-packages/airflow/example_dags/example_skip_dag.py
[2024-03-19T10:48:46.341+0000] {processor.py:840} INFO - DAG(s) 'example_skip_dag' retrieved from /home/airflow/.local/lib/python3.8/site-packages/airflow/example_dags/example_skip_dag.py
[2024-03-19T10:48:46.357+0000] {logging_mixin.py:188} INFO - [2024-03-19T10:48:46.357+0000] {dag.py:3047} INFO - Sync 1 DAGs
[2024-03-19T10:48:46.373+0000] {logging_mixin.py:188} INFO - [2024-03-19T10:48:46.373+0000] {dag.py:3834} INFO - Setting next_dagrun for example_skip_dag to 2024-03-18 00:00:00+00:00, run_after=2024-03-19 00:00:00+00:00
[2024-03-19T10:48:46.385+0000] {processor.py:183} INFO - Processing /home/airflow/.local/lib/python3.8/site-packages/airflow/example_dags/example_skip_dag.py took 0.055 seconds
[2024-03-19T10:49:16.787+0000] {processor.py:161} INFO - Started process (PID=998) to work on /home/airflow/.local/lib/python3.8/site-packages/airflow/example_dags/example_skip_dag.py
[2024-03-19T10:49:16.802+0000] {processor.py:830} INFO - Processing file /home/airflow/.local/lib/python3.8/site-packages/airflow/example_dags/example_skip_dag.py for tasks to queue
[2024-03-19T10:49:16.814+0000] {logging_mixin.py:188} INFO - [2024-03-19T10:49:16.813+0000] {dagbag.py:540} INFO - Filling up the DagBag from /home/airflow/.local/lib/python3.8/site-packages/airflow/example_dags/example_skip_dag.py
[2024-03-19T10:49:16.829+0000] {processor.py:840} INFO - DAG(s) 'example_skip_dag' retrieved from /home/airflow/.local/lib/python3.8/site-packages/airflow/example_dags/example_skip_dag.py
[2024-03-19T10:49:16.896+0000] {logging_mixin.py:188} INFO - [2024-03-19T10:49:16.896+0000] {dag.py:3047} INFO - Sync 1 DAGs
[2024-03-19T10:49:16.956+0000] {logging_mixin.py:188} INFO - [2024-03-19T10:49:16.955+0000] {dag.py:3834} INFO - Setting next_dagrun for example_skip_dag to 2024-03-18 00:00:00+00:00, run_after=2024-03-19 00:00:00+00:00
[2024-03-19T10:49:17.250+0000] {processor.py:183} INFO - Processing /home/airflow/.local/lib/python3.8/site-packages/airflow/example_dags/example_skip_dag.py took 0.519 seconds
