[2024-03-19T10:40:39.685+0000] {processor.py:161} INFO - Started process (PID=66) to work on /home/airflow/.local/lib/python3.8/site-packages/airflow/example_dags/example_python_operator.py
[2024-03-19T10:40:39.686+0000] {processor.py:830} INFO - Processing file /home/airflow/.local/lib/python3.8/site-packages/airflow/example_dags/example_python_operator.py for tasks to queue
[2024-03-19T10:40:39.691+0000] {logging_mixin.py:188} INFO - [2024-03-19T10:40:39.690+0000] {dagbag.py:540} INFO - Filling up the DagBag from /home/airflow/.local/lib/python3.8/site-packages/airflow/example_dags/example_python_operator.py
[2024-03-19T10:40:39.729+0000] {processor.py:840} INFO - DAG(s) 'example_python_operator' retrieved from /home/airflow/.local/lib/python3.8/site-packages/airflow/example_dags/example_python_operator.py
[2024-03-19T10:40:39.755+0000] {logging_mixin.py:188} INFO - [2024-03-19T10:40:39.754+0000] {dag.py:3047} INFO - Sync 1 DAGs
[2024-03-19T10:40:39.785+0000] {logging_mixin.py:188} INFO - [2024-03-19T10:40:39.785+0000] {dag.py:3834} INFO - Setting next_dagrun for example_python_operator to None, run_after=None
[2024-03-19T10:40:39.822+0000] {processor.py:183} INFO - Processing /home/airflow/.local/lib/python3.8/site-packages/airflow/example_dags/example_python_operator.py took 0.143 seconds
[2024-03-19T10:41:10.391+0000] {processor.py:161} INFO - Started process (PID=122) to work on /home/airflow/.local/lib/python3.8/site-packages/airflow/example_dags/example_python_operator.py
[2024-03-19T10:41:10.392+0000] {processor.py:830} INFO - Processing file /home/airflow/.local/lib/python3.8/site-packages/airflow/example_dags/example_python_operator.py for tasks to queue
[2024-03-19T10:41:10.394+0000] {logging_mixin.py:188} INFO - [2024-03-19T10:41:10.393+0000] {dagbag.py:540} INFO - Filling up the DagBag from /home/airflow/.local/lib/python3.8/site-packages/airflow/example_dags/example_python_operator.py
[2024-03-19T10:41:10.402+0000] {processor.py:840} INFO - DAG(s) 'example_python_operator' retrieved from /home/airflow/.local/lib/python3.8/site-packages/airflow/example_dags/example_python_operator.py
[2024-03-19T10:41:10.473+0000] {logging_mixin.py:188} INFO - [2024-03-19T10:41:10.473+0000] {dag.py:3047} INFO - Sync 1 DAGs
[2024-03-19T10:41:10.480+0000] {logging_mixin.py:188} INFO - [2024-03-19T10:41:10.480+0000] {dag.py:3834} INFO - Setting next_dagrun for example_python_operator to None, run_after=None
[2024-03-19T10:41:10.492+0000] {processor.py:183} INFO - Processing /home/airflow/.local/lib/python3.8/site-packages/airflow/example_dags/example_python_operator.py took 0.104 seconds
[2024-03-19T10:41:41.334+0000] {processor.py:161} INFO - Started process (PID=178) to work on /home/airflow/.local/lib/python3.8/site-packages/airflow/example_dags/example_python_operator.py
[2024-03-19T10:41:41.335+0000] {processor.py:830} INFO - Processing file /home/airflow/.local/lib/python3.8/site-packages/airflow/example_dags/example_python_operator.py for tasks to queue
[2024-03-19T10:41:41.336+0000] {logging_mixin.py:188} INFO - [2024-03-19T10:41:41.336+0000] {dagbag.py:540} INFO - Filling up the DagBag from /home/airflow/.local/lib/python3.8/site-packages/airflow/example_dags/example_python_operator.py
[2024-03-19T10:41:41.345+0000] {processor.py:840} INFO - DAG(s) 'example_python_operator' retrieved from /home/airflow/.local/lib/python3.8/site-packages/airflow/example_dags/example_python_operator.py
[2024-03-19T10:41:41.362+0000] {logging_mixin.py:188} INFO - [2024-03-19T10:41:41.361+0000] {dag.py:3047} INFO - Sync 1 DAGs
[2024-03-19T10:41:41.370+0000] {logging_mixin.py:188} INFO - [2024-03-19T10:41:41.370+0000] {dag.py:3834} INFO - Setting next_dagrun for example_python_operator to None, run_after=None
[2024-03-19T10:41:41.382+0000] {processor.py:183} INFO - Processing /home/airflow/.local/lib/python3.8/site-packages/airflow/example_dags/example_python_operator.py took 0.051 seconds
[2024-03-19T10:42:12.414+0000] {processor.py:161} INFO - Started process (PID=234) to work on /home/airflow/.local/lib/python3.8/site-packages/airflow/example_dags/example_python_operator.py
[2024-03-19T10:42:12.415+0000] {processor.py:830} INFO - Processing file /home/airflow/.local/lib/python3.8/site-packages/airflow/example_dags/example_python_operator.py for tasks to queue
[2024-03-19T10:42:12.417+0000] {logging_mixin.py:188} INFO - [2024-03-19T10:42:12.417+0000] {dagbag.py:540} INFO - Filling up the DagBag from /home/airflow/.local/lib/python3.8/site-packages/airflow/example_dags/example_python_operator.py
[2024-03-19T10:42:12.426+0000] {processor.py:840} INFO - DAG(s) 'example_python_operator' retrieved from /home/airflow/.local/lib/python3.8/site-packages/airflow/example_dags/example_python_operator.py
[2024-03-19T10:42:12.442+0000] {logging_mixin.py:188} INFO - [2024-03-19T10:42:12.442+0000] {dag.py:3047} INFO - Sync 1 DAGs
[2024-03-19T10:42:12.450+0000] {logging_mixin.py:188} INFO - [2024-03-19T10:42:12.450+0000] {dag.py:3834} INFO - Setting next_dagrun for example_python_operator to None, run_after=None
[2024-03-19T10:42:12.462+0000] {processor.py:183} INFO - Processing /home/airflow/.local/lib/python3.8/site-packages/airflow/example_dags/example_python_operator.py took 0.050 seconds
[2024-03-19T10:42:43.094+0000] {processor.py:161} INFO - Started process (PID=290) to work on /home/airflow/.local/lib/python3.8/site-packages/airflow/example_dags/example_python_operator.py
[2024-03-19T10:42:43.096+0000] {processor.py:830} INFO - Processing file /home/airflow/.local/lib/python3.8/site-packages/airflow/example_dags/example_python_operator.py for tasks to queue
[2024-03-19T10:42:43.097+0000] {logging_mixin.py:188} INFO - [2024-03-19T10:42:43.097+0000] {dagbag.py:540} INFO - Filling up the DagBag from /home/airflow/.local/lib/python3.8/site-packages/airflow/example_dags/example_python_operator.py
[2024-03-19T10:42:43.107+0000] {processor.py:840} INFO - DAG(s) 'example_python_operator' retrieved from /home/airflow/.local/lib/python3.8/site-packages/airflow/example_dags/example_python_operator.py
[2024-03-19T10:42:43.124+0000] {logging_mixin.py:188} INFO - [2024-03-19T10:42:43.124+0000] {dag.py:3047} INFO - Sync 1 DAGs
[2024-03-19T10:42:43.132+0000] {logging_mixin.py:188} INFO - [2024-03-19T10:42:43.132+0000] {dag.py:3834} INFO - Setting next_dagrun for example_python_operator to None, run_after=None
[2024-03-19T10:42:43.144+0000] {processor.py:183} INFO - Processing /home/airflow/.local/lib/python3.8/site-packages/airflow/example_dags/example_python_operator.py took 0.053 seconds
[2024-03-19T10:43:13.494+0000] {processor.py:161} INFO - Started process (PID=346) to work on /home/airflow/.local/lib/python3.8/site-packages/airflow/example_dags/example_python_operator.py
[2024-03-19T10:43:13.495+0000] {processor.py:830} INFO - Processing file /home/airflow/.local/lib/python3.8/site-packages/airflow/example_dags/example_python_operator.py for tasks to queue
[2024-03-19T10:43:13.496+0000] {logging_mixin.py:188} INFO - [2024-03-19T10:43:13.496+0000] {dagbag.py:540} INFO - Filling up the DagBag from /home/airflow/.local/lib/python3.8/site-packages/airflow/example_dags/example_python_operator.py
[2024-03-19T10:43:13.505+0000] {processor.py:840} INFO - DAG(s) 'example_python_operator' retrieved from /home/airflow/.local/lib/python3.8/site-packages/airflow/example_dags/example_python_operator.py
[2024-03-19T10:43:13.526+0000] {logging_mixin.py:188} INFO - [2024-03-19T10:43:13.526+0000] {dag.py:3047} INFO - Sync 1 DAGs
[2024-03-19T10:43:13.534+0000] {logging_mixin.py:188} INFO - [2024-03-19T10:43:13.534+0000] {dag.py:3834} INFO - Setting next_dagrun for example_python_operator to None, run_after=None
[2024-03-19T10:43:13.545+0000] {processor.py:183} INFO - Processing /home/airflow/.local/lib/python3.8/site-packages/airflow/example_dags/example_python_operator.py took 0.054 seconds
[2024-03-19T10:43:43.944+0000] {processor.py:161} INFO - Started process (PID=402) to work on /home/airflow/.local/lib/python3.8/site-packages/airflow/example_dags/example_python_operator.py
[2024-03-19T10:43:43.945+0000] {processor.py:830} INFO - Processing file /home/airflow/.local/lib/python3.8/site-packages/airflow/example_dags/example_python_operator.py for tasks to queue
[2024-03-19T10:43:43.946+0000] {logging_mixin.py:188} INFO - [2024-03-19T10:43:43.946+0000] {dagbag.py:540} INFO - Filling up the DagBag from /home/airflow/.local/lib/python3.8/site-packages/airflow/example_dags/example_python_operator.py
[2024-03-19T10:43:43.954+0000] {processor.py:840} INFO - DAG(s) 'example_python_operator' retrieved from /home/airflow/.local/lib/python3.8/site-packages/airflow/example_dags/example_python_operator.py
[2024-03-19T10:43:43.970+0000] {logging_mixin.py:188} INFO - [2024-03-19T10:43:43.970+0000] {dag.py:3047} INFO - Sync 1 DAGs
[2024-03-19T10:43:43.979+0000] {logging_mixin.py:188} INFO - [2024-03-19T10:43:43.979+0000] {dag.py:3834} INFO - Setting next_dagrun for example_python_operator to None, run_after=None
[2024-03-19T10:43:43.990+0000] {processor.py:183} INFO - Processing /home/airflow/.local/lib/python3.8/site-packages/airflow/example_dags/example_python_operator.py took 0.049 seconds
[2024-03-19T10:44:14.340+0000] {processor.py:161} INFO - Started process (PID=458) to work on /home/airflow/.local/lib/python3.8/site-packages/airflow/example_dags/example_python_operator.py
[2024-03-19T10:44:14.341+0000] {processor.py:830} INFO - Processing file /home/airflow/.local/lib/python3.8/site-packages/airflow/example_dags/example_python_operator.py for tasks to queue
[2024-03-19T10:44:14.342+0000] {logging_mixin.py:188} INFO - [2024-03-19T10:44:14.342+0000] {dagbag.py:540} INFO - Filling up the DagBag from /home/airflow/.local/lib/python3.8/site-packages/airflow/example_dags/example_python_operator.py
[2024-03-19T10:44:14.354+0000] {processor.py:840} INFO - DAG(s) 'example_python_operator' retrieved from /home/airflow/.local/lib/python3.8/site-packages/airflow/example_dags/example_python_operator.py
[2024-03-19T10:44:14.369+0000] {logging_mixin.py:188} INFO - [2024-03-19T10:44:14.369+0000] {dag.py:3047} INFO - Sync 1 DAGs
[2024-03-19T10:44:14.378+0000] {logging_mixin.py:188} INFO - [2024-03-19T10:44:14.377+0000] {dag.py:3834} INFO - Setting next_dagrun for example_python_operator to None, run_after=None
[2024-03-19T10:44:14.389+0000] {processor.py:183} INFO - Processing /home/airflow/.local/lib/python3.8/site-packages/airflow/example_dags/example_python_operator.py took 0.052 seconds
[2024-03-19T10:44:45.089+0000] {processor.py:161} INFO - Started process (PID=514) to work on /home/airflow/.local/lib/python3.8/site-packages/airflow/example_dags/example_python_operator.py
[2024-03-19T10:44:45.091+0000] {processor.py:830} INFO - Processing file /home/airflow/.local/lib/python3.8/site-packages/airflow/example_dags/example_python_operator.py for tasks to queue
[2024-03-19T10:44:45.094+0000] {logging_mixin.py:188} INFO - [2024-03-19T10:44:45.093+0000] {dagbag.py:540} INFO - Filling up the DagBag from /home/airflow/.local/lib/python3.8/site-packages/airflow/example_dags/example_python_operator.py
[2024-03-19T10:44:45.109+0000] {processor.py:840} INFO - DAG(s) 'example_python_operator' retrieved from /home/airflow/.local/lib/python3.8/site-packages/airflow/example_dags/example_python_operator.py
[2024-03-19T10:44:45.127+0000] {logging_mixin.py:188} INFO - [2024-03-19T10:44:45.127+0000] {dag.py:3047} INFO - Sync 1 DAGs
[2024-03-19T10:44:45.136+0000] {logging_mixin.py:188} INFO - [2024-03-19T10:44:45.136+0000] {dag.py:3834} INFO - Setting next_dagrun for example_python_operator to None, run_after=None
[2024-03-19T10:44:45.148+0000] {processor.py:183} INFO - Processing /home/airflow/.local/lib/python3.8/site-packages/airflow/example_dags/example_python_operator.py took 0.063 seconds
[2024-03-19T10:45:15.802+0000] {processor.py:161} INFO - Started process (PID=570) to work on /home/airflow/.local/lib/python3.8/site-packages/airflow/example_dags/example_python_operator.py
[2024-03-19T10:45:15.804+0000] {processor.py:830} INFO - Processing file /home/airflow/.local/lib/python3.8/site-packages/airflow/example_dags/example_python_operator.py for tasks to queue
[2024-03-19T10:45:15.805+0000] {logging_mixin.py:188} INFO - [2024-03-19T10:45:15.805+0000] {dagbag.py:540} INFO - Filling up the DagBag from /home/airflow/.local/lib/python3.8/site-packages/airflow/example_dags/example_python_operator.py
[2024-03-19T10:45:15.816+0000] {processor.py:840} INFO - DAG(s) 'example_python_operator' retrieved from /home/airflow/.local/lib/python3.8/site-packages/airflow/example_dags/example_python_operator.py
[2024-03-19T10:45:15.832+0000] {logging_mixin.py:188} INFO - [2024-03-19T10:45:15.832+0000] {dag.py:3047} INFO - Sync 1 DAGs
[2024-03-19T10:45:15.840+0000] {logging_mixin.py:188} INFO - [2024-03-19T10:45:15.840+0000] {dag.py:3834} INFO - Setting next_dagrun for example_python_operator to None, run_after=None
[2024-03-19T10:45:15.852+0000] {processor.py:183} INFO - Processing /home/airflow/.local/lib/python3.8/site-packages/airflow/example_dags/example_python_operator.py took 0.053 seconds
[2024-03-19T10:45:46.682+0000] {processor.py:161} INFO - Started process (PID=626) to work on /home/airflow/.local/lib/python3.8/site-packages/airflow/example_dags/example_python_operator.py
[2024-03-19T10:45:46.683+0000] {processor.py:830} INFO - Processing file /home/airflow/.local/lib/python3.8/site-packages/airflow/example_dags/example_python_operator.py for tasks to queue
[2024-03-19T10:45:46.685+0000] {logging_mixin.py:188} INFO - [2024-03-19T10:45:46.685+0000] {dagbag.py:540} INFO - Filling up the DagBag from /home/airflow/.local/lib/python3.8/site-packages/airflow/example_dags/example_python_operator.py
[2024-03-19T10:45:46.695+0000] {processor.py:840} INFO - DAG(s) 'example_python_operator' retrieved from /home/airflow/.local/lib/python3.8/site-packages/airflow/example_dags/example_python_operator.py
[2024-03-19T10:45:46.711+0000] {logging_mixin.py:188} INFO - [2024-03-19T10:45:46.711+0000] {dag.py:3047} INFO - Sync 1 DAGs
[2024-03-19T10:45:46.719+0000] {logging_mixin.py:188} INFO - [2024-03-19T10:45:46.719+0000] {dag.py:3834} INFO - Setting next_dagrun for example_python_operator to None, run_after=None
[2024-03-19T10:45:46.731+0000] {processor.py:183} INFO - Processing /home/airflow/.local/lib/python3.8/site-packages/airflow/example_dags/example_python_operator.py took 0.052 seconds
[2024-03-19T10:46:17.395+0000] {processor.py:161} INFO - Started process (PID=682) to work on /home/airflow/.local/lib/python3.8/site-packages/airflow/example_dags/example_python_operator.py
[2024-03-19T10:46:17.396+0000] {processor.py:830} INFO - Processing file /home/airflow/.local/lib/python3.8/site-packages/airflow/example_dags/example_python_operator.py for tasks to queue
[2024-03-19T10:46:17.398+0000] {logging_mixin.py:188} INFO - [2024-03-19T10:46:17.398+0000] {dagbag.py:540} INFO - Filling up the DagBag from /home/airflow/.local/lib/python3.8/site-packages/airflow/example_dags/example_python_operator.py
[2024-03-19T10:46:17.408+0000] {processor.py:840} INFO - DAG(s) 'example_python_operator' retrieved from /home/airflow/.local/lib/python3.8/site-packages/airflow/example_dags/example_python_operator.py
[2024-03-19T10:46:17.424+0000] {logging_mixin.py:188} INFO - [2024-03-19T10:46:17.424+0000] {dag.py:3047} INFO - Sync 1 DAGs
[2024-03-19T10:46:17.433+0000] {logging_mixin.py:188} INFO - [2024-03-19T10:46:17.433+0000] {dag.py:3834} INFO - Setting next_dagrun for example_python_operator to None, run_after=None
[2024-03-19T10:46:17.446+0000] {processor.py:183} INFO - Processing /home/airflow/.local/lib/python3.8/site-packages/airflow/example_dags/example_python_operator.py took 0.054 seconds
[2024-03-19T10:46:48.280+0000] {processor.py:161} INFO - Started process (PID=738) to work on /home/airflow/.local/lib/python3.8/site-packages/airflow/example_dags/example_python_operator.py
[2024-03-19T10:46:48.282+0000] {processor.py:830} INFO - Processing file /home/airflow/.local/lib/python3.8/site-packages/airflow/example_dags/example_python_operator.py for tasks to queue
[2024-03-19T10:46:48.283+0000] {logging_mixin.py:188} INFO - [2024-03-19T10:46:48.283+0000] {dagbag.py:540} INFO - Filling up the DagBag from /home/airflow/.local/lib/python3.8/site-packages/airflow/example_dags/example_python_operator.py
[2024-03-19T10:46:48.294+0000] {processor.py:840} INFO - DAG(s) 'example_python_operator' retrieved from /home/airflow/.local/lib/python3.8/site-packages/airflow/example_dags/example_python_operator.py
[2024-03-19T10:46:48.311+0000] {logging_mixin.py:188} INFO - [2024-03-19T10:46:48.311+0000] {dag.py:3047} INFO - Sync 1 DAGs
[2024-03-19T10:46:48.319+0000] {logging_mixin.py:188} INFO - [2024-03-19T10:46:48.319+0000] {dag.py:3834} INFO - Setting next_dagrun for example_python_operator to None, run_after=None
[2024-03-19T10:46:48.331+0000] {processor.py:183} INFO - Processing /home/airflow/.local/lib/python3.8/site-packages/airflow/example_dags/example_python_operator.py took 0.055 seconds
[2024-03-19T10:47:18.606+0000] {processor.py:161} INFO - Started process (PID=794) to work on /home/airflow/.local/lib/python3.8/site-packages/airflow/example_dags/example_python_operator.py
[2024-03-19T10:47:18.607+0000] {processor.py:830} INFO - Processing file /home/airflow/.local/lib/python3.8/site-packages/airflow/example_dags/example_python_operator.py for tasks to queue
[2024-03-19T10:47:18.608+0000] {logging_mixin.py:188} INFO - [2024-03-19T10:47:18.608+0000] {dagbag.py:540} INFO - Filling up the DagBag from /home/airflow/.local/lib/python3.8/site-packages/airflow/example_dags/example_python_operator.py
[2024-03-19T10:47:18.619+0000] {processor.py:840} INFO - DAG(s) 'example_python_operator' retrieved from /home/airflow/.local/lib/python3.8/site-packages/airflow/example_dags/example_python_operator.py
[2024-03-19T10:47:18.637+0000] {logging_mixin.py:188} INFO - [2024-03-19T10:47:18.636+0000] {dag.py:3047} INFO - Sync 1 DAGs
[2024-03-19T10:47:18.646+0000] {logging_mixin.py:188} INFO - [2024-03-19T10:47:18.646+0000] {dag.py:3834} INFO - Setting next_dagrun for example_python_operator to None, run_after=None
[2024-03-19T10:47:18.658+0000] {processor.py:183} INFO - Processing /home/airflow/.local/lib/python3.8/site-packages/airflow/example_dags/example_python_operator.py took 0.056 seconds
[2024-03-19T10:47:48.829+0000] {processor.py:161} INFO - Started process (PID=850) to work on /home/airflow/.local/lib/python3.8/site-packages/airflow/example_dags/example_python_operator.py
[2024-03-19T10:47:48.830+0000] {processor.py:830} INFO - Processing file /home/airflow/.local/lib/python3.8/site-packages/airflow/example_dags/example_python_operator.py for tasks to queue
[2024-03-19T10:47:48.832+0000] {logging_mixin.py:188} INFO - [2024-03-19T10:47:48.832+0000] {dagbag.py:540} INFO - Filling up the DagBag from /home/airflow/.local/lib/python3.8/site-packages/airflow/example_dags/example_python_operator.py
[2024-03-19T10:47:48.842+0000] {processor.py:840} INFO - DAG(s) 'example_python_operator' retrieved from /home/airflow/.local/lib/python3.8/site-packages/airflow/example_dags/example_python_operator.py
[2024-03-19T10:47:48.859+0000] {logging_mixin.py:188} INFO - [2024-03-19T10:47:48.859+0000] {dag.py:3047} INFO - Sync 1 DAGs
[2024-03-19T10:47:48.867+0000] {logging_mixin.py:188} INFO - [2024-03-19T10:47:48.867+0000] {dag.py:3834} INFO - Setting next_dagrun for example_python_operator to None, run_after=None
[2024-03-19T10:47:48.879+0000] {processor.py:183} INFO - Processing /home/airflow/.local/lib/python3.8/site-packages/airflow/example_dags/example_python_operator.py took 0.053 seconds
[2024-03-19T10:48:19.059+0000] {processor.py:161} INFO - Started process (PID=906) to work on /home/airflow/.local/lib/python3.8/site-packages/airflow/example_dags/example_python_operator.py
[2024-03-19T10:48:19.060+0000] {processor.py:830} INFO - Processing file /home/airflow/.local/lib/python3.8/site-packages/airflow/example_dags/example_python_operator.py for tasks to queue
[2024-03-19T10:48:19.061+0000] {logging_mixin.py:188} INFO - [2024-03-19T10:48:19.061+0000] {dagbag.py:540} INFO - Filling up the DagBag from /home/airflow/.local/lib/python3.8/site-packages/airflow/example_dags/example_python_operator.py
[2024-03-19T10:48:19.069+0000] {processor.py:840} INFO - DAG(s) 'example_python_operator' retrieved from /home/airflow/.local/lib/python3.8/site-packages/airflow/example_dags/example_python_operator.py
[2024-03-19T10:48:19.085+0000] {logging_mixin.py:188} INFO - [2024-03-19T10:48:19.085+0000] {dag.py:3047} INFO - Sync 1 DAGs
[2024-03-19T10:48:19.093+0000] {logging_mixin.py:188} INFO - [2024-03-19T10:48:19.093+0000] {dag.py:3834} INFO - Setting next_dagrun for example_python_operator to None, run_after=None
[2024-03-19T10:48:19.104+0000] {processor.py:183} INFO - Processing /home/airflow/.local/lib/python3.8/site-packages/airflow/example_dags/example_python_operator.py took 0.048 seconds
[2024-03-19T10:48:49.280+0000] {processor.py:161} INFO - Started process (PID=962) to work on /home/airflow/.local/lib/python3.8/site-packages/airflow/example_dags/example_python_operator.py
[2024-03-19T10:48:49.281+0000] {processor.py:830} INFO - Processing file /home/airflow/.local/lib/python3.8/site-packages/airflow/example_dags/example_python_operator.py for tasks to queue
[2024-03-19T10:48:49.284+0000] {logging_mixin.py:188} INFO - [2024-03-19T10:48:49.284+0000] {dagbag.py:540} INFO - Filling up the DagBag from /home/airflow/.local/lib/python3.8/site-packages/airflow/example_dags/example_python_operator.py
[2024-03-19T10:48:49.298+0000] {processor.py:840} INFO - DAG(s) 'example_python_operator' retrieved from /home/airflow/.local/lib/python3.8/site-packages/airflow/example_dags/example_python_operator.py
[2024-03-19T10:48:49.320+0000] {logging_mixin.py:188} INFO - [2024-03-19T10:48:49.320+0000] {dag.py:3047} INFO - Sync 1 DAGs
[2024-03-19T10:48:49.332+0000] {logging_mixin.py:188} INFO - [2024-03-19T10:48:49.331+0000] {dag.py:3834} INFO - Setting next_dagrun for example_python_operator to None, run_after=None
[2024-03-19T10:48:49.354+0000] {processor.py:183} INFO - Processing /home/airflow/.local/lib/python3.8/site-packages/airflow/example_dags/example_python_operator.py took 0.080 seconds
[2024-03-19T10:49:19.792+0000] {processor.py:161} INFO - Started process (PID=1018) to work on /home/airflow/.local/lib/python3.8/site-packages/airflow/example_dags/example_python_operator.py
[2024-03-19T10:49:19.793+0000] {processor.py:830} INFO - Processing file /home/airflow/.local/lib/python3.8/site-packages/airflow/example_dags/example_python_operator.py for tasks to queue
[2024-03-19T10:49:19.795+0000] {logging_mixin.py:188} INFO - [2024-03-19T10:49:19.795+0000] {dagbag.py:540} INFO - Filling up the DagBag from /home/airflow/.local/lib/python3.8/site-packages/airflow/example_dags/example_python_operator.py
[2024-03-19T10:49:19.803+0000] {processor.py:840} INFO - DAG(s) 'example_python_operator' retrieved from /home/airflow/.local/lib/python3.8/site-packages/airflow/example_dags/example_python_operator.py
[2024-03-19T10:49:19.820+0000] {logging_mixin.py:188} INFO - [2024-03-19T10:49:19.820+0000] {dag.py:3047} INFO - Sync 1 DAGs
[2024-03-19T10:49:19.832+0000] {logging_mixin.py:188} INFO - [2024-03-19T10:49:19.832+0000] {dag.py:3834} INFO - Setting next_dagrun for example_python_operator to None, run_after=None
[2024-03-19T10:49:19.845+0000] {processor.py:183} INFO - Processing /home/airflow/.local/lib/python3.8/site-packages/airflow/example_dags/example_python_operator.py took 0.056 seconds
