[2024-03-19T10:40:39.168+0000] {processor.py:161} INFO - Started process (PID=59) to work on /home/airflow/.local/lib/python3.8/site-packages/airflow/example_dags/tutorial.py
[2024-03-19T10:40:39.170+0000] {processor.py:830} INFO - Processing file /home/airflow/.local/lib/python3.8/site-packages/airflow/example_dags/tutorial.py for tasks to queue
[2024-03-19T10:40:39.173+0000] {logging_mixin.py:188} INFO - [2024-03-19T10:40:39.173+0000] {dagbag.py:540} INFO - Filling up the DagBag from /home/airflow/.local/lib/python3.8/site-packages/airflow/example_dags/tutorial.py
[2024-03-19T10:40:39.190+0000] {processor.py:840} INFO - DAG(s) 'tutorial' retrieved from /home/airflow/.local/lib/python3.8/site-packages/airflow/example_dags/tutorial.py
[2024-03-19T10:40:39.212+0000] {logging_mixin.py:188} INFO - [2024-03-19T10:40:39.211+0000] {dag.py:3047} INFO - Sync 1 DAGs
[2024-03-19T10:40:39.252+0000] {logging_mixin.py:188} INFO - [2024-03-19T10:40:39.251+0000] {dag.py:3834} INFO - Setting next_dagrun for tutorial to 2024-03-18 00:00:00+00:00, run_after=2024-03-19 00:00:00+00:00
[2024-03-19T10:40:39.276+0000] {processor.py:183} INFO - Processing /home/airflow/.local/lib/python3.8/site-packages/airflow/example_dags/tutorial.py took 0.115 seconds
[2024-03-19T10:41:09.871+0000] {processor.py:161} INFO - Started process (PID=115) to work on /home/airflow/.local/lib/python3.8/site-packages/airflow/example_dags/tutorial.py
[2024-03-19T10:41:09.872+0000] {processor.py:830} INFO - Processing file /home/airflow/.local/lib/python3.8/site-packages/airflow/example_dags/tutorial.py for tasks to queue
[2024-03-19T10:41:09.874+0000] {logging_mixin.py:188} INFO - [2024-03-19T10:41:09.873+0000] {dagbag.py:540} INFO - Filling up the DagBag from /home/airflow/.local/lib/python3.8/site-packages/airflow/example_dags/tutorial.py
[2024-03-19T10:41:09.878+0000] {processor.py:840} INFO - DAG(s) 'tutorial' retrieved from /home/airflow/.local/lib/python3.8/site-packages/airflow/example_dags/tutorial.py
[2024-03-19T10:41:09.949+0000] {logging_mixin.py:188} INFO - [2024-03-19T10:41:09.949+0000] {dag.py:3047} INFO - Sync 1 DAGs
[2024-03-19T10:41:09.963+0000] {logging_mixin.py:188} INFO - [2024-03-19T10:41:09.963+0000] {dag.py:3834} INFO - Setting next_dagrun for tutorial to 2024-03-18 00:00:00+00:00, run_after=2024-03-19 00:00:00+00:00
[2024-03-19T10:41:09.978+0000] {processor.py:183} INFO - Processing /home/airflow/.local/lib/python3.8/site-packages/airflow/example_dags/tutorial.py took 0.111 seconds
[2024-03-19T10:41:40.037+0000] {processor.py:161} INFO - Started process (PID=171) to work on /home/airflow/.local/lib/python3.8/site-packages/airflow/example_dags/tutorial.py
[2024-03-19T10:41:40.038+0000] {processor.py:830} INFO - Processing file /home/airflow/.local/lib/python3.8/site-packages/airflow/example_dags/tutorial.py for tasks to queue
[2024-03-19T10:41:40.039+0000] {logging_mixin.py:188} INFO - [2024-03-19T10:41:40.039+0000] {dagbag.py:540} INFO - Filling up the DagBag from /home/airflow/.local/lib/python3.8/site-packages/airflow/example_dags/tutorial.py
[2024-03-19T10:41:40.044+0000] {processor.py:840} INFO - DAG(s) 'tutorial' retrieved from /home/airflow/.local/lib/python3.8/site-packages/airflow/example_dags/tutorial.py
[2024-03-19T10:41:40.058+0000] {logging_mixin.py:188} INFO - [2024-03-19T10:41:40.058+0000] {dag.py:3047} INFO - Sync 1 DAGs
[2024-03-19T10:41:40.073+0000] {logging_mixin.py:188} INFO - [2024-03-19T10:41:40.073+0000] {dag.py:3834} INFO - Setting next_dagrun for tutorial to 2024-03-18 00:00:00+00:00, run_after=2024-03-19 00:00:00+00:00
[2024-03-19T10:41:40.085+0000] {processor.py:183} INFO - Processing /home/airflow/.local/lib/python3.8/site-packages/airflow/example_dags/tutorial.py took 0.051 seconds
[2024-03-19T10:42:11.026+0000] {processor.py:161} INFO - Started process (PID=227) to work on /home/airflow/.local/lib/python3.8/site-packages/airflow/example_dags/tutorial.py
[2024-03-19T10:42:11.027+0000] {processor.py:830} INFO - Processing file /home/airflow/.local/lib/python3.8/site-packages/airflow/example_dags/tutorial.py for tasks to queue
[2024-03-19T10:42:11.028+0000] {logging_mixin.py:188} INFO - [2024-03-19T10:42:11.028+0000] {dagbag.py:540} INFO - Filling up the DagBag from /home/airflow/.local/lib/python3.8/site-packages/airflow/example_dags/tutorial.py
[2024-03-19T10:42:11.034+0000] {processor.py:840} INFO - DAG(s) 'tutorial' retrieved from /home/airflow/.local/lib/python3.8/site-packages/airflow/example_dags/tutorial.py
[2024-03-19T10:42:11.049+0000] {logging_mixin.py:188} INFO - [2024-03-19T10:42:11.049+0000] {dag.py:3047} INFO - Sync 1 DAGs
[2024-03-19T10:42:11.064+0000] {logging_mixin.py:188} INFO - [2024-03-19T10:42:11.064+0000] {dag.py:3834} INFO - Setting next_dagrun for tutorial to 2024-03-18 00:00:00+00:00, run_after=2024-03-19 00:00:00+00:00
[2024-03-19T10:42:11.076+0000] {processor.py:183} INFO - Processing /home/airflow/.local/lib/python3.8/site-packages/airflow/example_dags/tutorial.py took 0.053 seconds
[2024-03-19T10:42:41.783+0000] {processor.py:161} INFO - Started process (PID=283) to work on /home/airflow/.local/lib/python3.8/site-packages/airflow/example_dags/tutorial.py
[2024-03-19T10:42:41.784+0000] {processor.py:830} INFO - Processing file /home/airflow/.local/lib/python3.8/site-packages/airflow/example_dags/tutorial.py for tasks to queue
[2024-03-19T10:42:41.786+0000] {logging_mixin.py:188} INFO - [2024-03-19T10:42:41.785+0000] {dagbag.py:540} INFO - Filling up the DagBag from /home/airflow/.local/lib/python3.8/site-packages/airflow/example_dags/tutorial.py
[2024-03-19T10:42:41.791+0000] {processor.py:840} INFO - DAG(s) 'tutorial' retrieved from /home/airflow/.local/lib/python3.8/site-packages/airflow/example_dags/tutorial.py
[2024-03-19T10:42:41.807+0000] {logging_mixin.py:188} INFO - [2024-03-19T10:42:41.807+0000] {dag.py:3047} INFO - Sync 1 DAGs
[2024-03-19T10:42:41.822+0000] {logging_mixin.py:188} INFO - [2024-03-19T10:42:41.822+0000] {dag.py:3834} INFO - Setting next_dagrun for tutorial to 2024-03-18 00:00:00+00:00, run_after=2024-03-19 00:00:00+00:00
[2024-03-19T10:42:41.835+0000] {processor.py:183} INFO - Processing /home/airflow/.local/lib/python3.8/site-packages/airflow/example_dags/tutorial.py took 0.056 seconds
[2024-03-19T10:43:12.233+0000] {processor.py:161} INFO - Started process (PID=339) to work on /home/airflow/.local/lib/python3.8/site-packages/airflow/example_dags/tutorial.py
[2024-03-19T10:43:12.234+0000] {processor.py:830} INFO - Processing file /home/airflow/.local/lib/python3.8/site-packages/airflow/example_dags/tutorial.py for tasks to queue
[2024-03-19T10:43:12.235+0000] {logging_mixin.py:188} INFO - [2024-03-19T10:43:12.235+0000] {dagbag.py:540} INFO - Filling up the DagBag from /home/airflow/.local/lib/python3.8/site-packages/airflow/example_dags/tutorial.py
[2024-03-19T10:43:12.240+0000] {processor.py:840} INFO - DAG(s) 'tutorial' retrieved from /home/airflow/.local/lib/python3.8/site-packages/airflow/example_dags/tutorial.py
[2024-03-19T10:43:12.256+0000] {logging_mixin.py:188} INFO - [2024-03-19T10:43:12.256+0000] {dag.py:3047} INFO - Sync 1 DAGs
[2024-03-19T10:43:12.271+0000] {logging_mixin.py:188} INFO - [2024-03-19T10:43:12.270+0000] {dag.py:3834} INFO - Setting next_dagrun for tutorial to 2024-03-18 00:00:00+00:00, run_after=2024-03-19 00:00:00+00:00
[2024-03-19T10:43:12.282+0000] {processor.py:183} INFO - Processing /home/airflow/.local/lib/python3.8/site-packages/airflow/example_dags/tutorial.py took 0.052 seconds
[2024-03-19T10:43:42.686+0000] {processor.py:161} INFO - Started process (PID=395) to work on /home/airflow/.local/lib/python3.8/site-packages/airflow/example_dags/tutorial.py
[2024-03-19T10:43:42.687+0000] {processor.py:830} INFO - Processing file /home/airflow/.local/lib/python3.8/site-packages/airflow/example_dags/tutorial.py for tasks to queue
[2024-03-19T10:43:42.689+0000] {logging_mixin.py:188} INFO - [2024-03-19T10:43:42.688+0000] {dagbag.py:540} INFO - Filling up the DagBag from /home/airflow/.local/lib/python3.8/site-packages/airflow/example_dags/tutorial.py
[2024-03-19T10:43:42.693+0000] {processor.py:840} INFO - DAG(s) 'tutorial' retrieved from /home/airflow/.local/lib/python3.8/site-packages/airflow/example_dags/tutorial.py
[2024-03-19T10:43:42.709+0000] {logging_mixin.py:188} INFO - [2024-03-19T10:43:42.709+0000] {dag.py:3047} INFO - Sync 1 DAGs
[2024-03-19T10:43:42.724+0000] {logging_mixin.py:188} INFO - [2024-03-19T10:43:42.724+0000] {dag.py:3834} INFO - Setting next_dagrun for tutorial to 2024-03-18 00:00:00+00:00, run_after=2024-03-19 00:00:00+00:00
[2024-03-19T10:43:42.735+0000] {processor.py:183} INFO - Processing /home/airflow/.local/lib/python3.8/site-packages/airflow/example_dags/tutorial.py took 0.053 seconds
[2024-03-19T10:44:13.084+0000] {processor.py:161} INFO - Started process (PID=451) to work on /home/airflow/.local/lib/python3.8/site-packages/airflow/example_dags/tutorial.py
[2024-03-19T10:44:13.085+0000] {processor.py:830} INFO - Processing file /home/airflow/.local/lib/python3.8/site-packages/airflow/example_dags/tutorial.py for tasks to queue
[2024-03-19T10:44:13.086+0000] {logging_mixin.py:188} INFO - [2024-03-19T10:44:13.086+0000] {dagbag.py:540} INFO - Filling up the DagBag from /home/airflow/.local/lib/python3.8/site-packages/airflow/example_dags/tutorial.py
[2024-03-19T10:44:13.091+0000] {processor.py:840} INFO - DAG(s) 'tutorial' retrieved from /home/airflow/.local/lib/python3.8/site-packages/airflow/example_dags/tutorial.py
[2024-03-19T10:44:13.106+0000] {logging_mixin.py:188} INFO - [2024-03-19T10:44:13.105+0000] {dag.py:3047} INFO - Sync 1 DAGs
[2024-03-19T10:44:13.120+0000] {logging_mixin.py:188} INFO - [2024-03-19T10:44:13.120+0000] {dag.py:3834} INFO - Setting next_dagrun for tutorial to 2024-03-18 00:00:00+00:00, run_after=2024-03-19 00:00:00+00:00
[2024-03-19T10:44:13.131+0000] {processor.py:183} INFO - Processing /home/airflow/.local/lib/python3.8/site-packages/airflow/example_dags/tutorial.py took 0.050 seconds
[2024-03-19T10:44:43.784+0000] {processor.py:161} INFO - Started process (PID=507) to work on /home/airflow/.local/lib/python3.8/site-packages/airflow/example_dags/tutorial.py
[2024-03-19T10:44:43.785+0000] {processor.py:830} INFO - Processing file /home/airflow/.local/lib/python3.8/site-packages/airflow/example_dags/tutorial.py for tasks to queue
[2024-03-19T10:44:43.787+0000] {logging_mixin.py:188} INFO - [2024-03-19T10:44:43.786+0000] {dagbag.py:540} INFO - Filling up the DagBag from /home/airflow/.local/lib/python3.8/site-packages/airflow/example_dags/tutorial.py
[2024-03-19T10:44:43.792+0000] {processor.py:840} INFO - DAG(s) 'tutorial' retrieved from /home/airflow/.local/lib/python3.8/site-packages/airflow/example_dags/tutorial.py
[2024-03-19T10:44:43.807+0000] {logging_mixin.py:188} INFO - [2024-03-19T10:44:43.807+0000] {dag.py:3047} INFO - Sync 1 DAGs
[2024-03-19T10:44:43.822+0000] {logging_mixin.py:188} INFO - [2024-03-19T10:44:43.822+0000] {dag.py:3834} INFO - Setting next_dagrun for tutorial to 2024-03-18 00:00:00+00:00, run_after=2024-03-19 00:00:00+00:00
[2024-03-19T10:44:43.835+0000] {processor.py:183} INFO - Processing /home/airflow/.local/lib/python3.8/site-packages/airflow/example_dags/tutorial.py took 0.055 seconds
[2024-03-19T10:45:14.437+0000] {processor.py:161} INFO - Started process (PID=563) to work on /home/airflow/.local/lib/python3.8/site-packages/airflow/example_dags/tutorial.py
[2024-03-19T10:45:14.438+0000] {processor.py:830} INFO - Processing file /home/airflow/.local/lib/python3.8/site-packages/airflow/example_dags/tutorial.py for tasks to queue
[2024-03-19T10:45:14.440+0000] {logging_mixin.py:188} INFO - [2024-03-19T10:45:14.440+0000] {dagbag.py:540} INFO - Filling up the DagBag from /home/airflow/.local/lib/python3.8/site-packages/airflow/example_dags/tutorial.py
[2024-03-19T10:45:14.445+0000] {processor.py:840} INFO - DAG(s) 'tutorial' retrieved from /home/airflow/.local/lib/python3.8/site-packages/airflow/example_dags/tutorial.py
[2024-03-19T10:45:14.460+0000] {logging_mixin.py:188} INFO - [2024-03-19T10:45:14.460+0000] {dag.py:3047} INFO - Sync 1 DAGs
[2024-03-19T10:45:14.474+0000] {logging_mixin.py:188} INFO - [2024-03-19T10:45:14.474+0000] {dag.py:3834} INFO - Setting next_dagrun for tutorial to 2024-03-18 00:00:00+00:00, run_after=2024-03-19 00:00:00+00:00
[2024-03-19T10:45:14.485+0000] {processor.py:183} INFO - Processing /home/airflow/.local/lib/python3.8/site-packages/airflow/example_dags/tutorial.py took 0.051 seconds
[2024-03-19T10:45:45.386+0000] {processor.py:161} INFO - Started process (PID=619) to work on /home/airflow/.local/lib/python3.8/site-packages/airflow/example_dags/tutorial.py
[2024-03-19T10:45:45.387+0000] {processor.py:830} INFO - Processing file /home/airflow/.local/lib/python3.8/site-packages/airflow/example_dags/tutorial.py for tasks to queue
[2024-03-19T10:45:45.389+0000] {logging_mixin.py:188} INFO - [2024-03-19T10:45:45.388+0000] {dagbag.py:540} INFO - Filling up the DagBag from /home/airflow/.local/lib/python3.8/site-packages/airflow/example_dags/tutorial.py
[2024-03-19T10:45:45.394+0000] {processor.py:840} INFO - DAG(s) 'tutorial' retrieved from /home/airflow/.local/lib/python3.8/site-packages/airflow/example_dags/tutorial.py
[2024-03-19T10:45:45.413+0000] {logging_mixin.py:188} INFO - [2024-03-19T10:45:45.413+0000] {dag.py:3047} INFO - Sync 1 DAGs
[2024-03-19T10:45:45.431+0000] {logging_mixin.py:188} INFO - [2024-03-19T10:45:45.431+0000] {dag.py:3834} INFO - Setting next_dagrun for tutorial to 2024-03-18 00:00:00+00:00, run_after=2024-03-19 00:00:00+00:00
[2024-03-19T10:45:45.444+0000] {processor.py:183} INFO - Processing /home/airflow/.local/lib/python3.8/site-packages/airflow/example_dags/tutorial.py took 0.060 seconds
[2024-03-19T10:46:15.725+0000] {processor.py:161} INFO - Started process (PID=675) to work on /home/airflow/.local/lib/python3.8/site-packages/airflow/example_dags/tutorial.py
[2024-03-19T10:46:15.727+0000] {processor.py:830} INFO - Processing file /home/airflow/.local/lib/python3.8/site-packages/airflow/example_dags/tutorial.py for tasks to queue
[2024-03-19T10:46:15.730+0000] {logging_mixin.py:188} INFO - [2024-03-19T10:46:15.729+0000] {dagbag.py:540} INFO - Filling up the DagBag from /home/airflow/.local/lib/python3.8/site-packages/airflow/example_dags/tutorial.py
[2024-03-19T10:46:15.738+0000] {processor.py:840} INFO - DAG(s) 'tutorial' retrieved from /home/airflow/.local/lib/python3.8/site-packages/airflow/example_dags/tutorial.py
[2024-03-19T10:46:15.766+0000] {logging_mixin.py:188} INFO - [2024-03-19T10:46:15.766+0000] {dag.py:3047} INFO - Sync 1 DAGs
[2024-03-19T10:46:15.795+0000] {logging_mixin.py:188} INFO - [2024-03-19T10:46:15.795+0000] {dag.py:3834} INFO - Setting next_dagrun for tutorial to 2024-03-18 00:00:00+00:00, run_after=2024-03-19 00:00:00+00:00
[2024-03-19T10:46:15.816+0000] {processor.py:183} INFO - Processing /home/airflow/.local/lib/python3.8/site-packages/airflow/example_dags/tutorial.py took 0.098 seconds
[2024-03-19T10:46:46.885+0000] {processor.py:161} INFO - Started process (PID=731) to work on /home/airflow/.local/lib/python3.8/site-packages/airflow/example_dags/tutorial.py
[2024-03-19T10:46:46.886+0000] {processor.py:830} INFO - Processing file /home/airflow/.local/lib/python3.8/site-packages/airflow/example_dags/tutorial.py for tasks to queue
[2024-03-19T10:46:46.889+0000] {logging_mixin.py:188} INFO - [2024-03-19T10:46:46.888+0000] {dagbag.py:540} INFO - Filling up the DagBag from /home/airflow/.local/lib/python3.8/site-packages/airflow/example_dags/tutorial.py
[2024-03-19T10:46:46.897+0000] {processor.py:840} INFO - DAG(s) 'tutorial' retrieved from /home/airflow/.local/lib/python3.8/site-packages/airflow/example_dags/tutorial.py
[2024-03-19T10:46:46.926+0000] {logging_mixin.py:188} INFO - [2024-03-19T10:46:46.925+0000] {dag.py:3047} INFO - Sync 1 DAGs
[2024-03-19T10:46:46.947+0000] {logging_mixin.py:188} INFO - [2024-03-19T10:46:46.947+0000] {dag.py:3834} INFO - Setting next_dagrun for tutorial to 2024-03-18 00:00:00+00:00, run_after=2024-03-19 00:00:00+00:00
[2024-03-19T10:46:46.961+0000] {processor.py:183} INFO - Processing /home/airflow/.local/lib/python3.8/site-packages/airflow/example_dags/tutorial.py took 0.078 seconds
[2024-03-19T10:47:17.226+0000] {processor.py:161} INFO - Started process (PID=787) to work on /home/airflow/.local/lib/python3.8/site-packages/airflow/example_dags/tutorial.py
[2024-03-19T10:47:17.228+0000] {processor.py:830} INFO - Processing file /home/airflow/.local/lib/python3.8/site-packages/airflow/example_dags/tutorial.py for tasks to queue
[2024-03-19T10:47:17.230+0000] {logging_mixin.py:188} INFO - [2024-03-19T10:47:17.230+0000] {dagbag.py:540} INFO - Filling up the DagBag from /home/airflow/.local/lib/python3.8/site-packages/airflow/example_dags/tutorial.py
[2024-03-19T10:47:17.238+0000] {processor.py:840} INFO - DAG(s) 'tutorial' retrieved from /home/airflow/.local/lib/python3.8/site-packages/airflow/example_dags/tutorial.py
[2024-03-19T10:47:17.258+0000] {logging_mixin.py:188} INFO - [2024-03-19T10:47:17.258+0000] {dag.py:3047} INFO - Sync 1 DAGs
[2024-03-19T10:47:17.277+0000] {logging_mixin.py:188} INFO - [2024-03-19T10:47:17.277+0000] {dag.py:3834} INFO - Setting next_dagrun for tutorial to 2024-03-18 00:00:00+00:00, run_after=2024-03-19 00:00:00+00:00
[2024-03-19T10:47:17.289+0000] {processor.py:183} INFO - Processing /home/airflow/.local/lib/python3.8/site-packages/airflow/example_dags/tutorial.py took 0.067 seconds
[2024-03-19T10:47:47.443+0000] {processor.py:161} INFO - Started process (PID=843) to work on /home/airflow/.local/lib/python3.8/site-packages/airflow/example_dags/tutorial.py
[2024-03-19T10:47:47.444+0000] {processor.py:830} INFO - Processing file /home/airflow/.local/lib/python3.8/site-packages/airflow/example_dags/tutorial.py for tasks to queue
[2024-03-19T10:47:47.446+0000] {logging_mixin.py:188} INFO - [2024-03-19T10:47:47.446+0000] {dagbag.py:540} INFO - Filling up the DagBag from /home/airflow/.local/lib/python3.8/site-packages/airflow/example_dags/tutorial.py
[2024-03-19T10:47:47.451+0000] {processor.py:840} INFO - DAG(s) 'tutorial' retrieved from /home/airflow/.local/lib/python3.8/site-packages/airflow/example_dags/tutorial.py
[2024-03-19T10:47:47.475+0000] {logging_mixin.py:188} INFO - [2024-03-19T10:47:47.474+0000] {dag.py:3047} INFO - Sync 1 DAGs
[2024-03-19T10:47:47.492+0000] {logging_mixin.py:188} INFO - [2024-03-19T10:47:47.491+0000] {dag.py:3834} INFO - Setting next_dagrun for tutorial to 2024-03-18 00:00:00+00:00, run_after=2024-03-19 00:00:00+00:00
[2024-03-19T10:47:47.506+0000] {processor.py:183} INFO - Processing /home/airflow/.local/lib/python3.8/site-packages/airflow/example_dags/tutorial.py took 0.066 seconds
[2024-03-19T10:48:17.746+0000] {processor.py:161} INFO - Started process (PID=899) to work on /home/airflow/.local/lib/python3.8/site-packages/airflow/example_dags/tutorial.py
[2024-03-19T10:48:17.747+0000] {processor.py:830} INFO - Processing file /home/airflow/.local/lib/python3.8/site-packages/airflow/example_dags/tutorial.py for tasks to queue
[2024-03-19T10:48:17.748+0000] {logging_mixin.py:188} INFO - [2024-03-19T10:48:17.748+0000] {dagbag.py:540} INFO - Filling up the DagBag from /home/airflow/.local/lib/python3.8/site-packages/airflow/example_dags/tutorial.py
[2024-03-19T10:48:17.753+0000] {processor.py:840} INFO - DAG(s) 'tutorial' retrieved from /home/airflow/.local/lib/python3.8/site-packages/airflow/example_dags/tutorial.py
[2024-03-19T10:48:17.768+0000] {logging_mixin.py:188} INFO - [2024-03-19T10:48:17.768+0000] {dag.py:3047} INFO - Sync 1 DAGs
[2024-03-19T10:48:17.783+0000] {logging_mixin.py:188} INFO - [2024-03-19T10:48:17.783+0000] {dag.py:3834} INFO - Setting next_dagrun for tutorial to 2024-03-18 00:00:00+00:00, run_after=2024-03-19 00:00:00+00:00
[2024-03-19T10:48:17.794+0000] {processor.py:183} INFO - Processing /home/airflow/.local/lib/python3.8/site-packages/airflow/example_dags/tutorial.py took 0.051 seconds
[2024-03-19T10:48:47.974+0000] {processor.py:161} INFO - Started process (PID=955) to work on /home/airflow/.local/lib/python3.8/site-packages/airflow/example_dags/tutorial.py
[2024-03-19T10:48:47.975+0000] {processor.py:830} INFO - Processing file /home/airflow/.local/lib/python3.8/site-packages/airflow/example_dags/tutorial.py for tasks to queue
[2024-03-19T10:48:47.976+0000] {logging_mixin.py:188} INFO - [2024-03-19T10:48:47.976+0000] {dagbag.py:540} INFO - Filling up the DagBag from /home/airflow/.local/lib/python3.8/site-packages/airflow/example_dags/tutorial.py
[2024-03-19T10:48:47.982+0000] {processor.py:840} INFO - DAG(s) 'tutorial' retrieved from /home/airflow/.local/lib/python3.8/site-packages/airflow/example_dags/tutorial.py
[2024-03-19T10:48:48.000+0000] {logging_mixin.py:188} INFO - [2024-03-19T10:48:48.000+0000] {dag.py:3047} INFO - Sync 1 DAGs
[2024-03-19T10:48:48.021+0000] {logging_mixin.py:188} INFO - [2024-03-19T10:48:48.020+0000] {dag.py:3834} INFO - Setting next_dagrun for tutorial to 2024-03-18 00:00:00+00:00, run_after=2024-03-19 00:00:00+00:00
[2024-03-19T10:48:48.034+0000] {processor.py:183} INFO - Processing /home/airflow/.local/lib/python3.8/site-packages/airflow/example_dags/tutorial.py took 0.064 seconds
[2024-03-19T10:49:18.484+0000] {processor.py:161} INFO - Started process (PID=1011) to work on /home/airflow/.local/lib/python3.8/site-packages/airflow/example_dags/tutorial.py
[2024-03-19T10:49:18.485+0000] {processor.py:830} INFO - Processing file /home/airflow/.local/lib/python3.8/site-packages/airflow/example_dags/tutorial.py for tasks to queue
[2024-03-19T10:49:18.487+0000] {logging_mixin.py:188} INFO - [2024-03-19T10:49:18.487+0000] {dagbag.py:540} INFO - Filling up the DagBag from /home/airflow/.local/lib/python3.8/site-packages/airflow/example_dags/tutorial.py
[2024-03-19T10:49:18.492+0000] {processor.py:840} INFO - DAG(s) 'tutorial' retrieved from /home/airflow/.local/lib/python3.8/site-packages/airflow/example_dags/tutorial.py
[2024-03-19T10:49:18.513+0000] {logging_mixin.py:188} INFO - [2024-03-19T10:49:18.512+0000] {dag.py:3047} INFO - Sync 1 DAGs
[2024-03-19T10:49:18.529+0000] {logging_mixin.py:188} INFO - [2024-03-19T10:49:18.529+0000] {dag.py:3834} INFO - Setting next_dagrun for tutorial to 2024-03-18 00:00:00+00:00, run_after=2024-03-19 00:00:00+00:00
[2024-03-19T10:49:18.541+0000] {processor.py:183} INFO - Processing /home/airflow/.local/lib/python3.8/site-packages/airflow/example_dags/tutorial.py took 0.060 seconds
